B<< HollowNoGo-Demo: /mnt/nfs/work/TaiLin/TCG/tcg2021/hw4/pj-4-judge-v1/../pj-4-code-v1/nogo --shell --black=mcts T=1000 c=1 TMT=lr 
B<< 
B<< N | 100
B<< T | 1000
B<< TMT | lr
B<< c | 1
B<< name | mcts
B<< role | black
B<< simenemy | mctsn
B<< N | 100
B<< T | 10005
B<< TMT | normal
B<< c | 0
B<< name | 
B<< role | white
B<< simenemy | mctsn
B>> protocol_version
B<< = 2
B<< 
B>> name
B<< = TCG-HollowNoGo-Demo
B<< 
B>> version
B<< = 2021
B<< 
B>> list_commands
B<< = play
B<< genmove
B<< clear_board
B<< showboard
B<< boardsize
B<< name
B<< version
B<< protocol_version
B<< list_commands
B<< quit
B<< 
B<< 
W>> protocol_version
W<< HollowNoGo-Demo: /mnt/nfs/work/TaiLin/TCG/tcg2021/hw4/pj-4-judge-v1/../pj-4-code-v1/nogo --shell --white=mcts T=1000 c=1 TMT=er 
W<< 
W<< N | 100
W<< T | 10005
W<< TMT | normal
W<< c | 0
W<< name | 
W<< role | black
W<< simenemy | mctsn
W<< N | 100
W<< T | 1000
W<< TMT | er
W<< c | 1
W<< name | mcts
W<< role | white
W<< simenemy | mctsn
W<< = 2
W<< 
W>> name
W<< = TCG-HollowNoGo-Demo
W<< 
W>> version
W<< = 2021
W<< 
W>> list_commands
W<< = play
W<< genmove
W<< clear_board
W<< showboard
W<< boardsize
W<< name
W<< version
W<< protocol_version
W<< list_commands
W<< quit
W<< 
W<< 
B>> boardsize 9
B<< = 
B<< 
B>> clear_board
B<< = 
B<< 
W>> boardsize 9
W<< = 
W<< 
W>> clear_board
W<< = 
W<< 
============================================
Game 0
============================================
B>> boardsize 9
B<< = 
B<< 
B>> clear_board
B<< = 
B<< 
W>> boardsize 9
W<< = 
W<< 
W>> clear_board
W<< = 
W<< 
B>> genmove b
B<< = G4
B<< 
W>> play B G4
W<< = 
W<< 
W>> genmove w
W<< = C9
W<< 
B>> play W C9
B<< = 
B<< 
B>> genmove b
B<< = A1
B<< 
W>> play B A1
W<< = 
W<< 
W>> genmove w
W<< = A4
W<< 
B>> play W A4
B<< = 
B<< 
B>> genmove b
B<< = J9
B<< 
W>> play B J9
W<< = 
W<< 
W>> genmove w
W<< = B6
W<< 
B>> play W B6
B<< = 
B<< 
B>> genmove b
B<< = H3
B<< 
W>> play B H3
W<< = 
W<< 
W>> genmove w
W<< = G3
W<< 
B>> play W G3
B<< = 
B<< 
B>> genmove b
B<< = C3
B<< 
W>> play B C3
W<< = 
W<< 
W>> genmove w
W<< = E7
W<< 
B>> play W E7
B<< = 
B<< 
B>> genmove b
B<< = C4
B<< 
W>> play B C4
W<< = 
W<< 
W>> genmove w
W<< = C1
W<< 
B>> play W C1
B<< = 
B<< 
B>> genmove b
B<< = E1
B<< 
W>> play B E1
W<< = 
W<< 
W>> genmove w
W<< = A8
W<< 
B>> play W A8
B<< = 
B<< 
B>> genmove b
B<< = A9
B<< 
W>> play B A9
W<< = 
W<< 
W>> genmove w
W<< = D8
W<< 
B>> play W D8
B<< = 
B<< 
B>> genmove b
B<< = E2
B<< 
W>> play B E2
W<< = 
W<< 
W>> genmove w
W<< = D2
W<< 
B>> play W D2
B<< = 
B<< 
B>> genmove b
B<< = D7
B<< 
W>> play B D7
W<< = 
W<< 
W>> genmove w
W<< = J8
W<< 
B>> play W J8
B<< = 
B<< 
B>> genmove b
B<< = J2
B<< 
W>> play B J2
W<< = 
W<< 
W>> genmove w
W<< = E9
W<< 
B>> play W E9
B<< = 
B<< 
B>> genmove b
B<< = J4
B<< 
W>> play B J4
W<< = 
W<< 
W>> genmove w
W<< = J1
W<< 
B>> play W J1
B<< = 
B<< 
B>> genmove b
B<< = G1
B<< 
W>> play B G1
W<< = 
W<< 
W>> genmove w
W<< = F8
W<< 
B>> play W F8
B<< = 
B<< 
B>> genmove b
B<< = F7
B<< 
W>> play B F7
W<< = 
W<< 
W>> genmove w
W<< = G9
W<< 
B>> play W G9
B<< = 
B<< 
B>> genmove b
B<< = F2
B<< 
W>> play B F2
W<< = 
W<< 
W>> genmove w
W<< = B8
W<< 
B>> play W B8
B<< = 
B<< 
B>> genmove b
B<< = H2
B<< 
W>> play B H2
W<< = 
W<< 
W>> genmove w
W<< = H8
W<< 
B>> play W H8
B<< = 
B<< 
B>> genmove b
B<< = A6
B<< 
W>> play B A6
W<< = 
W<< 
W>> genmove w
W<< = C5
W<< 
B>> play W C5
B<< = 
B<< 
B>> genmove b
B<< = H5
B<< 
W>> play B H5
W<< = 
W<< 
W>> genmove w
W<< = G5
W<< 
B>> play W G5
B<< = 
B<< 
B>> genmove b
B<< = J6
B<< 
W>> play B J6
W<< = 
W<< 
W>> genmove w
W<< = B7
W<< 
B>> play W B7
B<< = 
B<< 
B>> genmove b
B<< = B5
B<< 
W>> play B B5
W<< = 
W<< 
W>> genmove w
W<< = C8
W<< 
B>> play W C8
B<< = 
B<< 
B>> genmove b
B<< = F3
B<< 
W>> play B F3
W<< = 
W<< 
W>> genmove w
W<< = E3
W<< 
B>> play W E3
B<< = 
B<< 
B>> genmove b
B<< = B2
B<< 
W>> play B B2
W<< = 
W<< 
W>> genmove w
W<< = A7
W<< 
B>> play W A7
B<< = 
B<< 
B>> genmove b
B<< = A3
B<< 
W>> play B A3
W<< = 
W<< 
W>> genmove w
W<< = B3
W<< 
B>> play W B3
B<< = 
B<< 
B>> genmove b
B<< = D1
B<< 
W>> play B D1
W<< = 
W<< 
W>> genmove w
W<< = B1
W<< 
B>> play W B1
B<< = 
B<< 
B>> genmove b
B<< = J7
B<< 
W>> play B J7
W<< = 
W<< 
W>> genmove w
W<< = H6
W<< 
B>> play W H6
B<< = 
B<< 
B>> genmove b
B<< = A5
B<< 
W>> play B A5
W<< = 
W<< 
W>> genmove w
W<< = C6
W<< 
B>> play W C6
B<< = 
B<< 
B>> genmove b
B<< = G8
B<< 
W>> play B G8
W<< = 
W<< 
W>> genmove w
W<< = H7
W<< 
B>> play W H7
B<< = 
B<< 
B>> genmove b
B<< = G7
B<< 
W>> play B G7
W<< = 
W<< 
W>> genmove w
W<< = C2
W<< 
B>> play W C2
B<< = 
B<< 
B>> genmove b
B<< = J3
B<< 
W>> play B J3
W<< = 
W<< 
W>> genmove w
W<< = E8
W<< 
B>> play W E8
B<< = 
B<< 
B>> genmove b
B<< = F1
B<< 
W>> play B F1
W<< = 
W<< 
W>> genmove w
W<< = D9
W<< 
B>> play W D9
B<< = 
B<< 
B>> genmove b
B<< = H4
B<< 
W>> play B H4
W<< = 
W<< 
W>> genmove w
W<< = F9
W<< 
B>> play W F9
B<< = 
B<< 
B>> genmove b
B<< = J5
B<< 
W>> play B J5
W<< = 
W<< 
W>> genmove w
W<< = resign
W<< 
============================================
Game 1
============================================
B>> boardsize 9
B<< = 
B<< 
B>> clear_board
B<< = 
B<< 
W>> boardsize 9
W<< = 
W<< 
W>> clear_board
W<< = 
W<< 
B>> genmove b
B<< = E7
B<< 
W>> play B E7
W<< = 
W<< 
W>> genmove w
W<< = C9
W<< 
B>> play W C9
B<< = 
B<< 
B>> genmove b
B<< = J8
B<< 
W>> play B J8
W<< = 
W<< 
W>> genmove w
W<< = F8
W<< 
B>> play W F8
B<< = 
B<< 
B>> genmove b
B<< = H8
B<< 
W>> play B H8
W<< = 
W<< 
W>> genmove w
W<< = B6
W<< 
B>> play W B6
B<< = 
B<< 
B>> genmove b
B<< = H1
B<< 
W>> play B H1
W<< = 
W<< 
W>> genmove w
W<< = H2
W<< 
B>> play W H2
B<< = 
B<< 
B>> genmove b
B<< = G7
B<< 
W>> play B G7
W<< = 
W<< 
W>> genmove w
W<< = C7
W<< 
B>> play W C7
B<< = 
B<< 
B>> genmove b
B<< = resign
B<< 
============================================
Game 2
============================================
B>> boardsize 9
B<< = 
B<< 
B>> clear_board
B<< = 
B<< 
W>> boardsize 9
W<< = 
W<< 
W>> clear_board
W<< = 
W<< 
B>> genmove b
B<< = resign
B<< 
============================================
Game 3
============================================
B>> boardsize 9
B<< = 
B<< 
B>> clear_board
B<< = 
B<< 
W>> boardsize 9
W<< = 
W<< 
W>> clear_board
W<< = 
W<< 
B>> genmove b
B<< = resign
B<< 
============================================
Game 4
============================================
B>> boardsize 9
B<< = 
B<< 
B>> clear_board
B<< = 
B<< 
W>> boardsize 9
W<< = 
W<< 
W>> clear_board
W<< = 
W<< 
B>> genmove b
B<< = resign
B<< 
B>> quit
W>> quit
