B<< HollowNoGo-Demo: /mnt/nfs/work/TaiLin/TCG/tcg2021/hw4/pj-4-judge-v1/../pj-4-code-v1/nogo --shell --black=mcts T=500 c=0.5 simenemy=a 
B<< 
B<< N | 100
B<< T | 500
B<< TMT | normal
B<< c | 0.5
B<< name | mcts
B<< role | black
B<< simenemy | a
B<< N | 100
B<< T | 10005
B<< TMT | normal
B<< c | 0
B<< name | 
B<< role | white
B<< simenemy | mctsn
B>> protocol_version
B<< = 2
B<< 
B>> name
B<< = TCG-HollowNoGo-Demo
B<< 
B>> version
B<< = 2021
B<< 
B>> list_commands
B<< = play
B<< genmove
B<< clear_board
B<< showboard
B<< boardsize
B<< name
B<< version
B<< protocol_version
B<< list_commands
B<< quit
B<< 
B<< 
W>> protocol_version
W<< HollowNoGo-Demo: /mnt/nfs/work/TaiLin/TCG/tcg2021/hw4/pj-4-judge-v1/../pj-4-code-v1/nogo --shell --white=mcts T=500 c=1 simenemy=a 
W<< 
W<< N | 100
W<< T | 10005
W<< TMT | normal
W<< c | 0
W<< name | 
W<< role | black
W<< simenemy | mctsn
W<< N | 100
W<< T | 500
W<< TMT | normal
W<< c | 1
W<< name | mcts
W<< role | white
W<< simenemy | a
W<< = 2
W<< 
W>> name
W<< = TCG-HollowNoGo-Demo
W<< 
W>> version
W<< = 2021
W<< 
W>> list_commands
W<< = play
W<< genmove
W<< clear_board
W<< showboard
W<< boardsize
W<< name
W<< version
W<< protocol_version
W<< list_commands
W<< quit
W<< 
W<< 
B>> boardsize 9
B<< = 
B<< 
B>> clear_board
B<< = 
B<< 
W>> boardsize 9
W<< = 
W<< 
W>> clear_board
W<< = 
W<< 
============================================
Game 0
============================================
B>> boardsize 9
B<< = 
B<< 
B>> clear_board
B<< = 
B<< 
W>> boardsize 9
W<< = 
W<< 
W>> clear_board
W<< = 
W<< 
B>> genmove b
B<< 61881-
B<< = B2
B<< 
W>> play B B2
W<< = 
W<< 
W>> genmove w
W<< 57953-
W<< = H5
W<< 
B>> play W H5
B<< = 
B<< 
B>> genmove b
B<< 63175-
B<< = J8
B<< 
W>> play B J8
W<< = 
W<< 
W>> genmove w
W<< 63298-
W<< = D8
W<< 
B>> play W D8
B<< = 
B<< 
B>> genmove b
B<< 63148-
B<< = J5
B<< 
W>> play B J5
W<< = 
W<< 
W>> genmove w
W<< 60995-
W<< = E2
W<< 
B>> play W E2
B<< = 
B<< 
B>> genmove b
B<< 62415-
B<< = E9
B<< 
W>> play B E9
W<< = 
W<< 
W>> genmove w
W<< 62778-
W<< = H3
W<< 
B>> play W H3
B<< = 
B<< 
B>> genmove b
B<< 63626-
B<< = A9
B<< 
W>> play B A9
W<< = 
W<< 
W>> genmove w
W<< 62746-
W<< = H1
W<< 
B>> play W H1
B<< = 
B<< 
B>> genmove b
B<< 63919-
B<< = F1
B<< 
W>> play B F1
W<< = 
W<< 
W>> genmove w
W<< 64959-
W<< = B9
W<< 
B>> play W B9
B<< = 
B<< 
B>> genmove b
B<< 62044-
B<< = A3
B<< 
W>> play B A3
W<< = 
W<< 
W>> genmove w
W<< 64924-
W<< = A2
W<< 
B>> play W A2
B<< = 
B<< 
B>> genmove b
B<< 59064-
B<< = J2
B<< 
W>> play B J2
W<< = 
W<< 
W>> genmove w
W<< 67000-
W<< = J1
W<< 
B>> play W J1
B<< = 
B<< 
B>> genmove b
B<< 57190-
B<< = A7
B<< 
W>> play B A7
W<< = 
W<< 
W>> genmove w
W<< 66670-
W<< = H2
W<< 
B>> play W H2
B<< = 
B<< 
B>> genmove b
B<< 57666-
B<< = J7
B<< 
W>> play B J7
W<< = 
W<< 
W>> genmove w
W<< 61018-
W<< = J6
W<< 
B>> play W J6
B<< = 
B<< 
B>> genmove b
B<< 57768-
B<< = D7
B<< 
W>> play B D7
W<< = 
W<< 
W>> genmove w
W<< 58112-
W<< = B3
W<< 
B>> play W B3
B<< = 
B<< 
B>> genmove b
B<< 58205-
B<< = B4
B<< 
W>> play B B4
W<< = 
W<< 
W>> genmove w
W<< 61046-
W<< = G8
W<< 
B>> play W G8
B<< = 
B<< 
B>> genmove b
B<< 55496-
B<< = B7
B<< 
W>> play B B7
W<< = 
W<< 
W>> genmove w
W<< 58804-
W<< = C3
W<< 
B>> play W C3
B<< = 
B<< 
B>> genmove b
B<< 53920-
B<< = G1
B<< 
W>> play B G1
W<< = 
W<< 
W>> genmove w
W<< 57414-
W<< = G9
W<< 
B>> play W G9
B<< = 
B<< 
B>> genmove b
B<< 54194-
B<< = F9
B<< 
W>> play B F9
W<< = 
W<< 
W>> genmove w
W<< 54027-
W<< = C5
W<< 
B>> play W C5
B<< = 
B<< 
B>> genmove b
B<< 52591-
B<< = J4
B<< 
W>> play B J4
W<< = 
W<< 
W>> genmove w
W<< 52565-
W<< = D2
W<< 
B>> play W D2
B<< = 
B<< 
B>> genmove b
B<< 55398-
B<< = G2
B<< 
W>> play B G2
W<< = 
W<< 
W>> genmove w
W<< 49608-
W<< = C2
W<< 
B>> play W C2
B<< = 
B<< 
B>> genmove b
B<< 54424-
B<< = F3
B<< 
W>> play B F3
W<< = 
W<< 
W>> genmove w
W<< 47309-
W<< = C4
W<< 
B>> play W C4
B<< = 
B<< 
B>> genmove b
B<< 55476-
B<< = B1
B<< 
W>> play B B1
W<< = 
W<< 
W>> genmove w
W<< 48488-
W<< = C8
W<< 
B>> play W C8
B<< = 
B<< 
B>> genmove b
B<< 52942-
B<< = B8
B<< 
W>> play B B8
W<< = 
W<< 
W>> genmove w
W<< 51912-
W<< = H6
W<< 
B>> play W H6
B<< = 
B<< 
B>> genmove b
B<< 53415-
B<< = B6
B<< 
W>> play B B6
W<< = 
W<< 
W>> genmove w
W<< 51501-
W<< = A5
W<< 
B>> play W A5
B<< = 
B<< 
B>> genmove b
B<< 51871-
B<< = G7
B<< 
W>> play B G7
W<< = 
W<< 
W>> genmove w
W<< 52840-
W<< = F8
W<< 
B>> play W F8
B<< = 
B<< 
B>> genmove b
B<< 51512-
B<< = E7
B<< 
W>> play B E7
W<< = 
W<< 
W>> genmove w
W<< 54118-
W<< = F7
W<< 
B>> play W F7
B<< = 
B<< 
B>> genmove b
B<< 50187-
B<< = J9
B<< 
W>> play B J9
W<< = 
W<< 
W>> genmove w
W<< 52848-
W<< = C9
W<< 
B>> play W C9
B<< = 
B<< 
B>> genmove b
B<< 48709-
B<< = B5
B<< 
W>> play B B5
W<< = 
W<< 
W>> genmove w
W<< 51705-
W<< = F2
W<< 
B>> play W F2
B<< = 
B<< 
B>> genmove b
B<< 46689-
B<< = D1
B<< 
W>> play B D1
W<< = 
W<< 
W>> genmove w
W<< 51102-
W<< = H8
W<< 
B>> play W H8
B<< = 
B<< 
B>> genmove b
B<< 45258-
B<< = E1
B<< 
W>> play B E1
W<< = 
W<< 
W>> genmove w
W<< 47984-
W<< = G6
W<< 
B>> play W G6
B<< = 
B<< 
B>> genmove b
B<< 42164-
B<< = A4
B<< 
W>> play B A4
W<< = 
W<< 
W>> genmove w
W<< 42195-
W<< = H4
W<< 
B>> play W H4
B<< = 
B<< 
B>> genmove b
B<< 56748-
B<< = G5
B<< 
W>> play B G5
W<< = 
W<< 
W>> genmove w
W<< 44638-
W<< = C6
W<< 
B>> play W C6
B<< = 
B<< 
B>> genmove b
B<< 84723-
B<< = E8
B<< 
W>> play B E8
W<< = 
W<< 
W>> genmove w
W<< 102796-
W<< = D3
W<< 
B>> play W D3
B<< = 
B<< 
B>> genmove b
B<< 110777-
B<< = C1
B<< 
W>> play B C1
W<< = 
W<< 
W>> genmove w
W<< 134026-
W<< = H9
W<< 
B>> play W H9
B<< = 
B<< 
B>> genmove b
B<< 167564-
B<< = D9
B<< 
W>> play B D9
W<< = 
W<< 
W>> genmove w
W<< 305603-
W<< = G3
W<< 
B>> play W G3
B<< = 
B<< 
B>> genmove b
B<< 611174-
B<< = A8
B<< 
W>> play B A8
W<< = 
W<< 
W>> genmove w
W<< 2463376-
W<< = resign
W<< 
B>> quit
W>> quit
