B<< HollowNoGo-Demo: /mnt/nfs/work/TaiLin/TCG/tcg2021/hw4/pj-4-judge-v1/../pj-4-code-v1/nogo2 --shell --black=mcts T=100 c=0.3 simenemy=a 
B<< 
B<< N | 100
B<< T | 100
B<< TMT | normal
B<< c | 0.3
B<< name | mcts
B<< role | black
B<< simenemy | a
B<< N | 100
B<< T | 10005
B<< TMT | normal
B<< c | 0
B<< name | 
B<< role | white
B<< simenemy | mctsn
B>> protocol_version
B<< = 2
B<< 
B>> name
B<< = TCG-HollowNoGo-Demo
B<< 
B>> version
B<< = 2021
B<< 
B>> list_commands
B<< = play
B<< genmove
B<< clear_board
B<< showboard
B<< boardsize
B<< name
B<< version
B<< protocol_version
B<< list_commands
B<< quit
B<< 
B<< 
W>> protocol_version
W<< HollowNoGo-Demo: /mnt/nfs/work/TaiLin/TCG/tcg2021/hw4/pj-4-judge-v1/../pj-4-code-v1/nogo1 --shell --white=mcts T=100 c=0.3 simenemy=a 
W<< 
W<< N | 100
W<< T | 10005
W<< TMT | normal
W<< c | 0
W<< name | 
W<< role | black
W<< simenemy | mctsn
W<< N | 100
W<< T | 100
W<< TMT | normal
W<< c | 0.3
W<< name | mcts
W<< role | white
W<< simenemy | a
W<< = 2
W<< 
W>> name
W<< = TCG-HollowNoGo-Demo
W<< 
W>> version
W<< = 2021
W<< 
W>> list_commands
W<< = play
W<< genmove
W<< clear_board
W<< showboard
W<< boardsize
W<< name
W<< version
W<< protocol_version
W<< list_commands
W<< quit
W<< 
W<< 
B>> boardsize 9
B<< = 
B<< 
B>> clear_board
B<< = 
B<< 
W>> boardsize 9
W<< = 
W<< 
W>> clear_board
W<< = 
W<< 
============================================
Game 0
============================================
B>> boardsize 9
B<< = 
B<< 
B>> clear_board
B<< = 
B<< 
W>> boardsize 9
W<< = 
W<< 
W>> clear_board
W<< = 
W<< 
B>> genmove b
B<< 1561-
B<< = D9
B<< 
W>> play B D9
W<< = 
W<< 
W>> genmove w
W<< 1223-
W<< = J2
W<< 
B>> play W J2
B<< = 
B<< 
B>> genmove b
B<< 1631-
B<< = B9
B<< 
W>> play B B9
W<< = 
W<< 
W>> genmove w
W<< 1273-
W<< = J9
W<< 
B>> play W J9
B<< = 
B<< 
B>> genmove b
B<< 1639-
B<< = G7
B<< 
W>> play B G7
W<< = 
W<< 
W>> genmove w
W<< 1274-
W<< = A6
W<< 
B>> play W A6
B<< = 
B<< 
B>> genmove b
B<< 1636-
B<< = J1
B<< 
W>> play B J1
W<< = 
W<< 
W>> genmove w
W<< 1315-
W<< = A8
W<< 
B>> play W A8
B<< = 
B<< 
B>> genmove b
B<< 1627-
B<< = H8
B<< 
W>> play B H8
W<< = 
W<< 
W>> genmove w
W<< 1312-
W<< = G8
W<< 
B>> play W G8
B<< = 
B<< 
B>> genmove b
B<< 1742-
B<< = F3
B<< 
W>> play B F3
W<< = 
W<< 
W>> genmove w
W<< 1390-
W<< = F2
W<< 
B>> play W F2
B<< = 
B<< 
B>> genmove b
B<< 1781-
B<< = B8
B<< 
W>> play B B8
W<< = 
W<< 
W>> genmove w
W<< 1420-
W<< = D3
W<< 
B>> play W D3
B<< = 
B<< 
B>> genmove b
B<< 1827-
B<< = C2
B<< 
W>> play B C2
W<< = 
W<< 
W>> genmove w
W<< 1457-
W<< = D8
W<< 
B>> play W D8
B<< = 
B<< 
B>> genmove b
B<< 1832-
B<< = C5
B<< 
W>> play B C5
W<< = 
W<< 
W>> genmove w
W<< 1437-
W<< = A1
W<< 
B>> play W A1
B<< = 
B<< 
B>> genmove b
B<< 1823-
B<< = E9
B<< 
W>> play B E9
W<< = 
W<< 
W>> genmove w
W<< 1516-
W<< = C1
W<< 
B>> play W C1
B<< = 
B<< 
B>> genmove b
B<< 1941-
B<< = G5
B<< 
W>> play B G5
W<< = 
W<< 
W>> genmove w
W<< 1582-
W<< = H2
W<< 
B>> play W H2
B<< = 
B<< 
B>> genmove b
B<< 1959-
B<< = J4
B<< 
W>> play B J4
W<< = 
W<< 
W>> genmove w
W<< 1644-
W<< = E1
W<< 
B>> play W E1
B<< = 
B<< 
B>> genmove b
B<< 1975-
B<< = B6
B<< 
W>> play B B6
W<< = 
W<< 
W>> genmove w
W<< 1636-
W<< = G1
W<< 
B>> play W G1
B<< = 
B<< 
B>> genmove b
B<< 1938-
B<< = A4
B<< 
W>> play B A4
W<< = 
W<< 
W>> genmove w
W<< 1693-
W<< = C6
W<< 
B>> play W C6
B<< = 
B<< 
B>> genmove b
B<< 1940-
B<< = A2
B<< 
W>> play B A2
W<< = 
W<< 
W>> genmove w
W<< 1672-
W<< = D2
W<< 
B>> play W D2
B<< = 
B<< 
B>> genmove b
B<< 2035-
B<< = G2
B<< 
W>> play B G2
W<< = 
W<< 
W>> genmove w
W<< 1862-
W<< = G4
W<< 
B>> play W G4
B<< = 
B<< 
B>> genmove b
B<< 2187-
B<< = H6
B<< 
W>> play B H6
W<< = 
W<< 
W>> genmove w
W<< 1941-
W<< = E3
W<< 
B>> play W E3
B<< = 
B<< 
B>> genmove b
B<< 2008-
B<< = F7
B<< 
W>> play B F7
W<< = 
W<< 
W>> genmove w
W<< 1818-
W<< = H7
W<< 
B>> play W H7
B<< = 
B<< 
B>> genmove b
B<< 2124-
B<< = B3
B<< 
W>> play B B3
W<< = 
W<< 
W>> genmove w
W<< 1900-
W<< = C4
W<< 
B>> play W C4
B<< = 
B<< 
B>> genmove b
B<< 2106-
B<< = B4
B<< 
W>> play B B4
W<< = 
W<< 
W>> genmove w
W<< 2067-
W<< = J5
W<< 
B>> play W J5
B<< = 
B<< 
B>> genmove b
B<< 2254-
B<< = C8
B<< 
W>> play B C8
W<< = 
W<< 
W>> genmove w
W<< 2265-
W<< = F9
W<< 
B>> play W F9
B<< = 
B<< 
B>> genmove b
B<< 2474-
B<< = A7
B<< 
W>> play B A7
W<< = 
W<< 
W>> genmove w
W<< 2391-
W<< = B2
W<< 
B>> play W B2
B<< = 
B<< 
B>> genmove b
B<< 2622-
B<< = J8
B<< 
W>> play B J8
W<< = 
W<< 
W>> genmove w
W<< 2668-
W<< = F8
W<< 
B>> play W F8
B<< = 
B<< 
B>> genmove b
B<< 2836-
B<< = J6
B<< 
W>> play B J6
W<< = 
W<< 
W>> genmove w
W<< 2836-
W<< = H5
W<< 
B>> play W H5
B<< = 
B<< 
B>> genmove b
B<< 2919-
B<< = E7
B<< 
W>> play B E7
W<< = 
W<< 
W>> genmove w
W<< 3185-
W<< = A5
W<< 
B>> play W A5
B<< = 
B<< 
B>> genmove b
B<< 3397-
B<< = G3
B<< 
W>> play B G3
W<< = 
W<< 
W>> genmove w
W<< 3369-
W<< = H4
W<< 
B>> play W H4
B<< = 
B<< 
B>> genmove b
B<< 3498-
B<< = G6
B<< 
W>> play B G6
W<< = 
W<< 
W>> genmove w
W<< 4101-
W<< = G9
W<< 
B>> play W G9
B<< = 
B<< 
B>> genmove b
B<< 3859-
B<< = J3
B<< 
W>> play B J3
W<< = 
W<< 
W>> genmove w
W<< 4555-
W<< = B1
W<< 
B>> play W B1
B<< = 
B<< 
B>> genmove b
B<< 4598-
B<< = D7
B<< 
W>> play B D7
W<< = 
W<< 
W>> genmove w
W<< 20308-
W<< = E2
W<< 
B>> play W E2
B<< = 
B<< 
B>> genmove b
B<< 26017-
B<< = B7
B<< 
W>> play B B7
W<< = 
W<< 
W>> genmove w
W<< 29485-
W<< = E8
W<< 
B>> play W E8
B<< = 
B<< 
B>> genmove b
B<< 39627-
B<< = C9
B<< 
W>> play B C9
W<< = 
W<< 
W>> genmove w
W<< 51458-
W<< = F1
W<< 
B>> play W F1
B<< = 
B<< 
B>> genmove b
B<< 77350-
B<< = A3
B<< 
W>> play B A3
W<< = 
W<< 
W>> genmove w
W<< 111134-
W<< = D1
W<< 
B>> play W D1
B<< = 
B<< 
B>> genmove b
B<< 494676-
B<< = resign
B<< 
============================================
Game 1
============================================
B>> boardsize 9
B<< = 
B<< 
B>> clear_board
B<< = 
B<< 
W>> boardsize 9
W<< = 
W<< 
W>> clear_board
W<< = 
W<< 
B>> genmove b
B<< 1486-
B<< = D7
B<< 
W>> play B D7
W<< = 
W<< 
W>> genmove w
W<< 1165-
W<< = J6
W<< 
B>> play W J6
B<< = 
B<< 
B>> genmove b
B<< 1577-
B<< = B2
B<< 
W>> play B B2
W<< = 
W<< 
W>> genmove w
W<< 1237-
W<< = D1
W<< 
B>> play W D1
B<< = 
B<< 
B>> genmove b
B<< 1627-
B<< = C3
B<< 
W>> play B C3
W<< = 
W<< 
W>> genmove w
W<< 1281-
W<< = J4
W<< 
B>> play W J4
B<< = 
B<< 
B>> genmove b
B<< 1679-
B<< = A9
B<< 
W>> play B A9
W<< = 
W<< 
W>> genmove w
W<< 1310-
W<< = E9
W<< 
B>> play W E9
B<< = 
B<< 
B>> genmove b
B<< 1692-
B<< = A5
B<< 
W>> play B A5
W<< = 
W<< 
W>> genmove w
W<< 1326-
W<< = H3
W<< 
B>> play W H3
B<< = 
B<< 
B>> genmove b
B<< 1656-
B<< = F7
B<< 
W>> play B F7
W<< = 
W<< 
W>> genmove w
W<< 1336-
W<< = A8
W<< 
B>> play W A8
B<< = 
B<< 
B>> genmove b
B<< 1661-
B<< = D3
B<< 
W>> play B D3
W<< = 
W<< 
W>> genmove w
W<< 1327-
W<< = G5
W<< 
B>> play W G5
B<< = 
B<< 
B>> genmove b
B<< 1575-
B<< = F1
B<< 
W>> play B F1
W<< = 
W<< 
W>> genmove w
W<< 1358-
W<< = F9
W<< 
B>> play W F9
B<< = 
B<< 
B>> genmove b
B<< 1729-
B<< = J9
B<< 
W>> play B J9
W<< = 
W<< 
W>> genmove w
W<< 1423-
W<< = C4
W<< 
B>> play W C4
B<< = 
B<< 
B>> genmove b
B<< 1788-
B<< = A3
B<< 
W>> play B A3
W<< = 
W<< 
W>> genmove w
W<< 1475-
W<< = H4
W<< 
B>> play W H4
B<< = 
B<< 
B>> genmove b
B<< 1737-
B<< = A4
B<< 
W>> play B A4
W<< = 
W<< 
W>> genmove w
W<< 1444-
W<< = J2
W<< 
B>> play W J2
B<< = 
B<< 
B>> genmove b
B<< 1609-
B<< = E2
B<< 
W>> play B E2
W<< = 
W<< 
W>> genmove w
W<< 1420-
W<< = H8
W<< 
B>> play W H8
B<< = 
B<< 
B>> genmove b
B<< 1709-
B<< = H6
B<< 
W>> play B H6
W<< = 
W<< 
W>> genmove w
W<< 1500-
W<< = H1
W<< 
B>> play W H1
B<< = 
B<< 
B>> genmove b
B<< 1764-
B<< = J5
B<< 
W>> play B J5
W<< = 
W<< 
W>> genmove w
W<< 1604-
W<< = C1
W<< 
B>> play W C1
B<< = 
B<< 
B>> genmove b
B<< 1891-
B<< = A1
B<< 
W>> play B A1
W<< = 
W<< 
W>> genmove w
W<< 1642-
W<< = E3
W<< 
B>> play W E3
B<< = 
B<< 
B>> genmove b
B<< 1985-
B<< = H2
B<< 
W>> play B H2
W<< = 
W<< 
W>> genmove w
W<< 1777-
W<< = B6
W<< 
B>> play W B6
B<< = 
B<< 
B>> genmove b
B<< 2061-
B<< = H5
B<< 
W>> play B H5
W<< = 
W<< 
W>> genmove w
W<< 1839-
W<< = C9
W<< 
B>> play W C9
B<< = 
B<< 
B>> genmove b
B<< 2107-
B<< = E8
B<< 
W>> play B E8
W<< = 
W<< 
W>> genmove w
W<< 1820-
W<< = D8
W<< 
B>> play W D8
B<< = 
B<< 
B>> genmove b
B<< 2299-
B<< = C8
B<< 
W>> play B C8
W<< = 
W<< 
W>> genmove w
W<< 2108-
W<< = C7
W<< 
B>> play W C7
B<< = 
B<< 
B>> genmove b
B<< 2549-
B<< = G9
B<< 
W>> play B G9
W<< = 
W<< 
W>> genmove w
W<< 2238-
W<< = G7
W<< 
B>> play W G7
B<< = 
B<< 
B>> genmove b
B<< 2692-
B<< = A7
B<< 
W>> play B A7
W<< = 
W<< 
W>> genmove w
W<< 2364-
W<< = G3
W<< 
B>> play W G3
B<< = 
B<< 
B>> genmove b
B<< 2665-
B<< = G1
B<< 
W>> play B G1
W<< = 
W<< 
W>> genmove w
W<< 2400-
W<< = H7
W<< 
B>> play W H7
B<< = 
B<< 
B>> genmove b
B<< 2734-
B<< = B4
B<< 
W>> play B B4
W<< = 
W<< 
W>> genmove w
W<< 2456-
W<< = G8
W<< 
B>> play W G8
B<< = 
B<< 
B>> genmove b
B<< 2673-
B<< = D2
B<< 
W>> play B D2
W<< = 
W<< 
W>> genmove w
W<< 2530-
W<< = J8
W<< 
B>> play W J8
B<< = 
B<< 
B>> genmove b
B<< 2785-
B<< = F8
B<< 
W>> play B F8
W<< = 
W<< 
W>> genmove w
W<< 2844-
W<< = B1
W<< 
B>> play W B1
B<< = 
B<< 
B>> genmove b
B<< 3179-
B<< = C2
B<< 
W>> play B C2
W<< = 
W<< 
W>> genmove w
W<< 3219-
W<< = A6
W<< 
B>> play W A6
B<< = 
B<< 
B>> genmove b
B<< 3469-
B<< = A2
B<< 
W>> play B A2
W<< = 
W<< 
W>> genmove w
W<< 4106-
W<< = D9
W<< 
B>> play W D9
B<< = 
B<< 
B>> genmove b
B<< 3717-
B<< = F2
B<< 
W>> play B F2
W<< = 
W<< 
W>> genmove w
W<< 3874-
W<< = B5
W<< 
B>> play W B5
B<< = 
B<< 
B>> genmove b
B<< 11252-
B<< = B7
B<< 
W>> play B B7
W<< = 
W<< 
W>> genmove w
W<< 20141-
W<< = C6
W<< 
B>> play W C6
B<< = 
B<< 
B>> genmove b
B<< 25848-
B<< = G2
B<< 
W>> play B G2
W<< = 
W<< 
W>> genmove w
W<< 36583-
W<< = J3
W<< 
B>> play W J3
B<< = 
B<< 
B>> genmove b
B<< 44947-
B<< = B3
B<< 
W>> play B B3
W<< = 
W<< 
W>> genmove w
W<< 100699-
W<< = J1
W<< 
B>> play W J1
B<< = 
B<< 
B>> genmove b
B<< 490635-
B<< = resign
B<< 
============================================
Game 2
============================================
B>> boardsize 9
B<< = 
B<< 
B>> clear_board
B<< = 
B<< 
W>> boardsize 9
W<< = 
W<< 
W>> clear_board
W<< = 
W<< 
B>> genmove b
B<< 1597-
B<< = J1
B<< 
W>> play B J1
W<< = 
W<< 
W>> genmove w
W<< 1182-
W<< = G5
W<< 
B>> play W G5
B<< = 
B<< 
B>> genmove b
B<< 1554-
B<< = G4
B<< 
W>> play B G4
W<< = 
W<< 
W>> genmove w
W<< 1275-
W<< = C9
W<< 
B>> play W C9
B<< = 
B<< 
B>> genmove b
B<< 1547-
B<< = H4
B<< 
W>> play B H4
W<< = 
W<< 
W>> genmove w
W<< 1189-
W<< = B6
W<< 
B>> play W B6
B<< = 
B<< 
B>> genmove b
B<< 1546-
B<< = C5
B<< 
W>> play B C5
W<< = 
W<< 
W>> genmove w
W<< 1302-
W<< = C7
W<< 
B>> play W C7
B<< = 
B<< 
B>> genmove b
B<< 1682-
B<< = H8
B<< 
W>> play B H8
W<< = 
W<< 
W>> genmove w
W<< 1332-
W<< = E1
W<< 
B>> play W E1
B<< = 
B<< 
B>> genmove b
B<< 1694-
B<< = D2
B<< 
W>> play B D2
W<< = 
W<< 
W>> genmove w
W<< 1369-
W<< = A2
W<< 
B>> play W A2
B<< = 
B<< 
B>> genmove b
B<< 1724-
B<< = A3
B<< 
W>> play B A3
W<< = 
W<< 
W>> genmove w
W<< 1294-
W<< = A9
W<< 
B>> play W A9
B<< = 
B<< 
B>> genmove b
B<< 1752-
B<< = J6
B<< 
W>> play B J6
W<< = 
W<< 
W>> genmove w
W<< 1443-
W<< = A6
W<< 
B>> play W A6
B<< = 
B<< 
B>> genmove b
B<< 1784-
B<< = H2
B<< 
W>> play B H2
W<< = 
W<< 
W>> genmove w
W<< 1466-
W<< = F9
W<< 
B>> play W F9
B<< = 
B<< 
B>> genmove b
B<< 1780-
B<< = B2
B<< 
W>> play B B2
W<< = 
W<< 
W>> genmove w
W<< 1469-
W<< = B8
W<< 
B>> play W B8
B<< = 
B<< 
B>> genmove b
B<< 1794-
B<< = C8
B<< 
W>> play B C8
W<< = 
W<< 
W>> genmove w
W<< 1567-
W<< = C2
W<< 
B>> play W C2
B<< = 
B<< 
B>> genmove b
B<< 1944-
B<< = J3
B<< 
W>> play B J3
W<< = 
W<< 
W>> genmove w
W<< 1601-
W<< = H5
W<< 
B>> play W H5
B<< = 
B<< 
B>> genmove b
B<< 1986-
B<< = G3
B<< 
W>> play B G3
W<< = 
W<< 
W>> genmove w
W<< 1669-
W<< = H1
W<< 
B>> play W H1
B<< = 
B<< 
B>> genmove b
B<< 2012-
B<< = F2
B<< 
W>> play B F2
W<< = 
W<< 
W>> genmove w
W<< 1707-
W<< = A7
W<< 
B>> play W A7
B<< = 
B<< 
B>> genmove b
B<< 1886-
B<< = E3
B<< 
W>> play B E3
W<< = 
W<< 
W>> genmove w
W<< 1624-
W<< = J4
W<< 
B>> play W J4
B<< = 
B<< 
B>> genmove b
B<< 1978-
B<< = B1
B<< 
W>> play B B1
W<< = 
W<< 
W>> genmove w
W<< 1776-
W<< = C3
W<< 
B>> play W C3
B<< = 
B<< 
B>> genmove b
B<< 2099-
B<< = G7
B<< 
W>> play B G7
W<< = 
W<< 
W>> genmove w
W<< 1786-
W<< = J7
W<< 
B>> play W J7
B<< = 
B<< 
B>> genmove b
B<< 2081-
B<< = H9
B<< 
W>> play B H9
W<< = 
W<< 
W>> genmove w
W<< 1920-
W<< = E8
W<< 
B>> play W E8
B<< = 
B<< 
B>> genmove b
B<< 2266-
B<< = D7
B<< 
W>> play B D7
W<< = 
W<< 
W>> genmove w
W<< 2017-
W<< = D9
W<< 
B>> play W D9
B<< = 
B<< 
B>> genmove b
B<< 2221-
B<< = F1
B<< 
W>> play B F1
W<< = 
W<< 
W>> genmove w
W<< 2051-
W<< = G6
W<< 
B>> play W G6
B<< = 
B<< 
B>> genmove b
B<< 2325-
B<< = H6
B<< 
W>> play B H6
W<< = 
W<< 
W>> genmove w
W<< 2153-
W<< = F7
W<< 
B>> play W F7
B<< = 
B<< 
B>> genmove b
B<< 2480-
B<< = F8
B<< 
W>> play B F8
W<< = 
W<< 
W>> genmove w
W<< 2341-
W<< = C4
W<< 
B>> play W C4
B<< = 
B<< 
B>> genmove b
B<< 2550-
B<< = C1
B<< 
W>> play B C1
W<< = 
W<< 
W>> genmove w
W<< 2451-
W<< = B5
W<< 
B>> play W B5
B<< = 
B<< 
B>> genmove b
B<< 2578-
B<< = B3
B<< 
W>> play B B3
W<< = 
W<< 
W>> genmove w
W<< 2597-
W<< = A4
W<< 
B>> play W A4
B<< = 
B<< 
B>> genmove b
B<< 2770-
B<< = J8
B<< 
W>> play B J8
W<< = 
W<< 
W>> genmove w
W<< 2730-
W<< = E7
W<< 
B>> play W E7
B<< = 
B<< 
B>> genmove b
B<< 2963-
B<< = G9
B<< 
W>> play B G9
W<< = 
W<< 
W>> genmove w
W<< 3005-
W<< = D3
W<< 
B>> play W D3
B<< = 
B<< 
B>> genmove b
B<< 3283-
B<< = J9
B<< 
W>> play B J9
W<< = 
W<< 
W>> genmove w
W<< 3868-
W<< = E2
W<< 
B>> play W E2
B<< = 
B<< 
B>> genmove b
B<< 3871-
B<< = G8
B<< 
W>> play B G8
W<< = 
W<< 
W>> genmove w
W<< 4380-
W<< = B7
W<< 
B>> play W B7
B<< = 
B<< 
B>> genmove b
B<< 5055-
B<< = G2
B<< 
W>> play B G2
W<< = 
W<< 
W>> genmove w
W<< 10842-
W<< = B4
W<< 
B>> play W B4
B<< = 
B<< 
B>> genmove b
B<< 16563-
B<< = F3
B<< 
W>> play B F3
W<< = 
W<< 
W>> genmove w
W<< 19484-
W<< = A5
W<< 
B>> play W A5
B<< = 
B<< 
B>> genmove b
B<< 26141-
B<< = H3
B<< 
W>> play B H3
W<< = 
W<< 
W>> genmove w
W<< 31375-
W<< = A8
W<< 
B>> play W A8
B<< = 
B<< 
B>> genmove b
B<< 51670-
B<< = J2
B<< 
W>> play B J2
W<< = 
W<< 
W>> genmove w
W<< 102602-
W<< = E9
W<< 
B>> play W E9
B<< = 
B<< 
B>> genmove b
B<< 495532-
B<< = resign
B<< 
============================================
Game 3
============================================
B>> boardsize 9
B<< = 
B<< 
B>> clear_board
B<< = 
B<< 
W>> boardsize 9
W<< = 
W<< 
W>> clear_board
W<< = 
W<< 
B>> genmove b
B<< 1521-
B<< = F1
B<< 
W>> play B F1
W<< = 
W<< 
W>> genmove w
W<< 1168-
W<< = F7
W<< 
B>> play W F7
B<< = 
B<< 
B>> genmove b
B<< 1566-
B<< = C8
B<< 
W>> play B C8
W<< = 
W<< 
W>> genmove w
W<< 1178-
W<< = F8
W<< 
B>> play W F8
B<< = 
B<< 
B>> genmove b
B<< 1480-
B<< = B4
B<< 
W>> play B B4
W<< = 
W<< 
W>> genmove w
W<< 1185-
W<< = J3
W<< 
B>> play W J3
B<< = 
B<< 
B>> genmove b
B<< 1441-
B<< = J6
B<< 
W>> play B J6
W<< = 
W<< 
W>> genmove w
W<< 1153-
W<< = A5
W<< 
B>> play W A5
B<< = 
B<< 
B>> genmove b
B<< 1490-
B<< = D3
B<< 
W>> play B D3
W<< = 
W<< 
W>> genmove w
W<< 1205-
W<< = F2
W<< 
B>> play W F2
B<< = 
B<< 
B>> genmove b
B<< 1547-
B<< = D9
B<< 
W>> play B D9
W<< = 
W<< 
W>> genmove w
W<< 1197-
W<< = J7
W<< 
B>> play W J7
B<< = 
B<< 
B>> genmove b
B<< 1554-
B<< = E8
B<< 
W>> play B E8
W<< = 
W<< 
W>> genmove w
W<< 1273-
W<< = H9
W<< 
B>> play W H9
B<< = 
B<< 
B>> genmove b
B<< 1588-
B<< = J2
B<< 
W>> play B J2
W<< = 
W<< 
W>> genmove w
W<< 1265-
W<< = A3
W<< 
B>> play W A3
B<< = 
B<< 
B>> genmove b
B<< 1648-
B<< = A7
B<< 
W>> play B A7
W<< = 
W<< 
W>> genmove w
W<< 1315-
W<< = B1
W<< 
B>> play W B1
B<< = 
B<< 
B>> genmove b
B<< 1658-
B<< = E7
B<< 
W>> play B E7
W<< = 
W<< 
W>> genmove w
W<< 1383-
W<< = E9
W<< 
B>> play W E9
B<< = 
B<< 
B>> genmove b
B<< 1734-
B<< = B9
B<< 
W>> play B B9
W<< = 
W<< 
W>> genmove w
W<< 1414-
W<< = A1
W<< 
B>> play W A1
B<< = 
B<< 
B>> genmove b
B<< 1777-
B<< = B6
B<< 
W>> play B B6
W<< = 
W<< 
W>> genmove w
W<< 1430-
W<< = C4
W<< 
B>> play W C4
B<< = 
B<< 
B>> genmove b
B<< 1800-
B<< = G4
B<< 
W>> play B G4
W<< = 
W<< 
W>> genmove w
W<< 1506-
W<< = A9
W<< 
B>> play W A9
B<< = 
B<< 
B>> genmove b
B<< 1865-
B<< = G7
B<< 
W>> play B G7
W<< = 
W<< 
W>> genmove w
W<< 1805-
W<< = B8
W<< 
B>> play W B8
B<< = 
B<< 
B>> genmove b
B<< 2137-
B<< = C7
B<< 
W>> play B C7
W<< = 
W<< 
W>> genmove w
W<< 1774-
W<< = G5
W<< 
B>> play W G5
B<< = 
B<< 
B>> genmove b
B<< 2100-
B<< = D8
B<< 
W>> play B D8
W<< = 
W<< 
W>> genmove w
W<< 1680-
W<< = D1
W<< 
B>> play W D1
B<< = 
B<< 
B>> genmove b
B<< 1992-
B<< = C5
B<< 
W>> play B C5
W<< = 
W<< 
W>> genmove w
W<< 1697-
W<< = A8
W<< 
B>> play W A8
B<< = 
B<< 
B>> genmove b
B<< 2063-
B<< = A2
B<< 
W>> play B A2
W<< = 
W<< 
W>> genmove w
W<< 1826-
W<< = J1
W<< 
B>> play W J1
B<< = 
B<< 
B>> genmove b
B<< 2100-
B<< = H7
B<< 
W>> play B H7
W<< = 
W<< 
W>> genmove w
W<< 1921-
W<< = C2
W<< 
B>> play W C2
B<< = 
B<< 
B>> genmove b
B<< 2146-
B<< = G9
B<< 
W>> play B G9
W<< = 
W<< 
W>> genmove w
W<< 1996-
W<< = E2
W<< 
B>> play W E2
B<< = 
B<< 
B>> genmove b
B<< 2148-
B<< = G8
B<< 
W>> play B G8
W<< = 
W<< 
W>> genmove w
W<< 2055-
W<< = G1
W<< 
B>> play W G1
B<< = 
B<< 
B>> genmove b
B<< 2233-
B<< = H5
B<< 
W>> play B H5
W<< = 
W<< 
W>> genmove w
W<< 2177-
W<< = G3
W<< 
B>> play W G3
B<< = 
B<< 
B>> genmove b
B<< 2429-
B<< = A4
B<< 
W>> play B A4
W<< = 
W<< 
W>> genmove w
W<< 2295-
W<< = E3
W<< 
B>> play W E3
B<< = 
B<< 
B>> genmove b
B<< 2439-
B<< = B2
B<< 
W>> play B B2
W<< = 
W<< 
W>> genmove w
W<< 2550-
W<< = J5
W<< 
B>> play W J5
B<< = 
B<< 
B>> genmove b
B<< 3237-
B<< = D2
B<< 
W>> play B D2
W<< = 
W<< 
W>> genmove w
W<< 3130-
W<< = B5
W<< 
B>> play W B5
B<< = 
B<< 
B>> genmove b
B<< 3585-
B<< = H6
B<< 
W>> play B H6
W<< = 
W<< 
W>> genmove w
W<< 3051-
W<< = G2
W<< 
B>> play W G2
B<< = 
B<< 
B>> genmove b
B<< 3732-
B<< = H3
B<< 
W>> play B H3
W<< = 
W<< 
W>> genmove w
W<< 3703-
W<< = C1
W<< 
B>> play W C1
B<< = 
B<< 
B>> genmove b
B<< 4302-
B<< = J9
B<< 
W>> play B J9
W<< = 
W<< 
W>> genmove w
W<< 10219-
W<< = J4
W<< 
B>> play W J4
B<< = 
B<< 
B>> genmove b
B<< 18806-
B<< = C9
B<< 
W>> play B C9
W<< = 
W<< 
W>> genmove w
W<< 23092-
W<< = H1
W<< 
B>> play W H1
B<< = 
B<< 
B>> genmove b
B<< 26793-
B<< = H2
B<< 
W>> play B H2
W<< = 
W<< 
W>> genmove w
W<< 35255-
W<< = F3
W<< 
B>> play W F3
B<< = 
B<< 
B>> genmove b
B<< 45946-
B<< = C6
B<< 
W>> play B C6
W<< = 
W<< 
W>> genmove w
W<< 65136-
W<< = H8
W<< 
B>> play W H8
B<< = 
B<< 
B>> genmove b
B<< 109948-
B<< = D7
B<< 
W>> play B D7
W<< = 
W<< 
W>> genmove w
W<< 481265-
W<< = resign
W<< 
============================================
Game 4
============================================
B>> boardsize 9
B<< = 
B<< 
B>> clear_board
B<< = 
B<< 
W>> boardsize 9
W<< = 
W<< 
W>> clear_board
W<< = 
W<< 
B>> genmove b
B<< 1569-
B<< = J7
B<< 
W>> play B J7
W<< = 
W<< 
W>> genmove w
W<< 1109-
W<< = B2
W<< 
B>> play W B2
B<< = 
B<< 
B>> genmove b
B<< 1615-
B<< = E9
B<< 
W>> play B E9
W<< = 
W<< 
W>> genmove w
W<< 1242-
W<< = H9
W<< 
B>> play W H9
B<< = 
B<< 
B>> genmove b
B<< 1635-
B<< = G2
B<< 
W>> play B G2
W<< = 
W<< 
W>> genmove w
W<< 1298-
W<< = B4
W<< 
B>> play W B4
B<< = 
B<< 
B>> genmove b
B<< 1649-
B<< = D3
B<< 
W>> play B D3
W<< = 
W<< 
W>> genmove w
W<< 1290-
W<< = C4
W<< 
B>> play W C4
B<< = 
B<< 
B>> genmove b
B<< 1528-
B<< = C5
B<< 
W>> play B C5
W<< = 
W<< 
W>> genmove w
W<< 1287-
W<< = A1
W<< 
B>> play W A1
B<< = 
B<< 
B>> genmove b
B<< 1706-
B<< = H6
B<< 
W>> play B H6
W<< = 
W<< 
W>> genmove w
W<< 1363-
W<< = A3
W<< 
B>> play W A3
B<< = 
B<< 
B>> genmove b
B<< 1709-
B<< = G8
B<< 
W>> play B G8
W<< = 
W<< 
W>> genmove w
W<< 1373-
W<< = C1
W<< 
B>> play W C1
B<< = 
B<< 
B>> genmove b
B<< 1705-
B<< = B3
B<< 
W>> play B B3
W<< = 
W<< 
W>> genmove w
W<< 1447-
W<< = D8
W<< 
B>> play W D8
B<< = 
B<< 
B>> genmove b
B<< 1773-
B<< = B9
B<< 
W>> play B B9
W<< = 
W<< 
W>> genmove w
W<< 1481-
W<< = J8
W<< 
B>> play W J8
B<< = 
B<< 
B>> genmove b
B<< 1757-
B<< = G1
B<< 
W>> play B G1
W<< = 
W<< 
W>> genmove w
W<< 1444-
W<< = E7
W<< 
B>> play W E7
B<< = 
B<< 
B>> genmove b
B<< 1790-
B<< = H7
B<< 
W>> play B H7
W<< = 
W<< 
W>> genmove w
W<< 1525-
W<< = F8
W<< 
B>> play W F8
B<< = 
B<< 
B>> genmove b
B<< 1875-
B<< = G7
B<< 
W>> play B G7
W<< = 
W<< 
W>> genmove w
W<< 1567-
W<< = A8
W<< 
B>> play W A8
B<< = 
B<< 
B>> genmove b
B<< 1875-
B<< = E3
B<< 
W>> play B E3
W<< = 
W<< 
W>> genmove w
W<< 1595-
W<< = G3
W<< 
B>> play W G3
B<< = 
B<< 
B>> genmove b
B<< 1978-
B<< = D2
B<< 
W>> play B D2
W<< = 
W<< 
W>> genmove w
W<< 1644-
W<< = G6
W<< 
B>> play W G6
B<< = 
B<< 
B>> genmove b
B<< 2015-
B<< = D7
B<< 
W>> play B D7
W<< = 
W<< 
W>> genmove w
W<< 1639-
W<< = F2
W<< 
B>> play W F2
B<< = 
B<< 
B>> genmove b
B<< 2156-
B<< = J4
B<< 
W>> play B J4
W<< = 
W<< 
W>> genmove w
W<< 1876-
W<< = J6
W<< 
B>> play W J6
B<< = 
B<< 
B>> genmove b
B<< 2304-
B<< = A4
B<< 
W>> play B A4
W<< = 
W<< 
W>> genmove w
W<< 2045-
W<< = H8
W<< 
B>> play W H8
B<< = 
B<< 
B>> genmove b
B<< 2483-
B<< = J1
B<< 
W>> play B J1
W<< = 
W<< 
W>> genmove w
W<< 2177-
W<< = E1
W<< 
B>> play W E1
B<< = 
B<< 
B>> genmove b
B<< 2569-
B<< = A7
B<< 
W>> play B A7
W<< = 
W<< 
W>> genmove w
W<< 2278-
W<< = H2
W<< 
B>> play W H2
B<< = 
B<< 
B>> genmove b
B<< 2664-
B<< = C2
B<< 
W>> play B C2
W<< = 
W<< 
W>> genmove w
W<< 2311-
W<< = F3
W<< 
B>> play W F3
B<< = 
B<< 
B>> genmove b
B<< 2838-
B<< = G4
B<< 
W>> play B G4
W<< = 
W<< 
W>> genmove w
W<< 2564-
W<< = D1
W<< 
B>> play W D1
B<< = 
B<< 
B>> genmove b
B<< 3020-
B<< = F9
B<< 
W>> play B F9
W<< = 
W<< 
W>> genmove w
W<< 2695-
W<< = C9
W<< 
B>> play W C9
B<< = 
B<< 
B>> genmove b
B<< 3224-
B<< = C8
B<< 
W>> play B C8
W<< = 
W<< 
W>> genmove w
W<< 3007-
W<< = B8
W<< 
B>> play W B8
B<< = 
B<< 
B>> genmove b
B<< 3535-
B<< = B6
B<< 
W>> play B B6
W<< = 
W<< 
W>> genmove w
W<< 3281-
W<< = J3
W<< 
B>> play W J3
B<< = 
B<< 
B>> genmove b
B<< 3840-
B<< = H3
B<< 
W>> play B H3
W<< = 
W<< 
W>> genmove w
W<< 3520-
W<< = J5
W<< 
B>> play W J5
B<< = 
B<< 
B>> genmove b
B<< 4123-
B<< = E8
B<< 
W>> play B E8
W<< = 
W<< 
W>> genmove w
W<< 4667-
W<< = C6
W<< 
B>> play W C6
B<< = 
B<< 
B>> genmove b
B<< 4993-
B<< = A6
B<< 
W>> play B A6
W<< = 
W<< 
W>> genmove w
W<< 6438-
W<< = B7
W<< 
B>> play W B7
B<< = 
B<< 
B>> genmove b
B<< 6936-
B<< = H1
B<< 
W>> play B H1
W<< = 
W<< 
W>> genmove w
W<< 18626-
W<< = E2
W<< 
B>> play W E2
B<< = 
B<< 
B>> genmove b
B<< 21938-
B<< = H4
B<< 
W>> play B H4
W<< = 
W<< 
W>> genmove w
W<< 32085-
W<< = J9
W<< 
B>> play W J9
B<< = 
B<< 
B>> genmove b
B<< 45037-
B<< = A5
B<< 
W>> play B A5
W<< = 
W<< 
W>> genmove w
W<< 58853-
W<< = H5
W<< 
B>> play W H5
B<< = 
B<< 
B>> genmove b
B<< 75924-
B<< = F1
B<< 
W>> play B F1
W<< = 
W<< 
W>> genmove w
W<< 161652-
W<< = B1
W<< 
B>> play W B1
B<< = 
B<< 
B>> genmove b
B<< 493801-
B<< = resign
B<< 
B>> quit
W>> quit
