B<< HollowNoGo-Demo: /mnt/nfs/work/TaiLin/TCG/tcg2021/hw4/pj-4-judge-v1/../pj-4-code-v1/nogo1 --shell --black=mcts T=100 c=0.3 simenemy=a 
B<< 
B<< N | 100
B<< T | 100
B<< TMT | normal
B<< c | 0.3
B<< name | mcts
B<< role | black
B<< simenemy | a
B<< N | 100
B<< T | 10005
B<< TMT | normal
B<< c | 0
B<< name | 
B<< role | white
B<< simenemy | mctsn
B>> protocol_version
B<< = 2
B<< 
B>> name
B<< = TCG-HollowNoGo-Demo
B<< 
B>> version
B<< = 2021
B<< 
B>> list_commands
B<< = play
B<< genmove
B<< clear_board
B<< showboard
B<< boardsize
B<< name
B<< version
B<< protocol_version
B<< list_commands
B<< quit
B<< 
B<< 
W>> protocol_version
W<< HollowNoGo-Demo: /mnt/nfs/work/TaiLin/TCG/tcg2021/hw4/pj-4-judge-v1/../pj-4-code-v1/nogo2 --shell --white=mcts T=100 c=0.3 simenemy=a 
W<< 
W<< N | 100
W<< T | 10005
W<< TMT | normal
W<< c | 0
W<< name | 
W<< role | black
W<< simenemy | mctsn
W<< N | 100
W<< T | 100
W<< TMT | normal
W<< c | 0.3
W<< name | mcts
W<< role | white
W<< simenemy | a
W<< = 2
W<< 
W>> name
W<< = TCG-HollowNoGo-Demo
W<< 
W>> version
W<< = 2021
W<< 
W>> list_commands
W<< = play
W<< genmove
W<< clear_board
W<< showboard
W<< boardsize
W<< name
W<< version
W<< protocol_version
W<< list_commands
W<< quit
W<< 
W<< 
B>> boardsize 9
B<< = 
B<< 
B>> clear_board
B<< = 
B<< 
W>> boardsize 9
W<< = 
W<< 
W>> clear_board
W<< = 
W<< 
============================================
Game 0
============================================
B>> boardsize 9
B<< = 
B<< 
B>> clear_board
B<< = 
B<< 
W>> boardsize 9
W<< = 
W<< 
W>> clear_board
W<< = 
W<< 
B>> genmove b
B<< 1183-
B<< = C1
B<< 
W>> play B C1
W<< = 
W<< 
W>> genmove w
W<< 1616-
W<< = G6
W<< 
B>> play W G6
B<< = 
B<< 
B>> genmove b
B<< 1228-
B<< = D2
B<< 
W>> play B D2
W<< = 
W<< 
W>> genmove w
W<< 1522-
W<< = E3
W<< 
B>> play W E3
B<< = 
B<< 
B>> genmove b
B<< 1238-
B<< = F1
B<< 
W>> play B F1
W<< = 
W<< 
W>> genmove w
W<< 1631-
W<< = J3
W<< 
B>> play W J3
B<< = 
B<< 
B>> genmove b
B<< 1284-
B<< = C7
B<< 
W>> play B C7
W<< = 
W<< 
W>> genmove w
W<< 1670-
W<< = C4
W<< 
B>> play W C4
B<< = 
B<< 
B>> genmove b
B<< 1301-
B<< = D3
B<< 
W>> play B D3
W<< = 
W<< 
W>> genmove w
W<< 1675-
W<< = J8
W<< 
B>> play W J8
B<< = 
B<< 
B>> genmove b
B<< 1319-
B<< = B9
B<< 
W>> play B B9
W<< = 
W<< 
W>> genmove w
W<< 1721-
W<< = B2
W<< 
B>> play W B2
B<< = 
B<< 
B>> genmove b
B<< 1409-
B<< = A8
B<< 
W>> play B A8
W<< = 
W<< 
W>> genmove w
W<< 1743-
W<< = J4
W<< 
B>> play W J4
B<< = 
B<< 
B>> genmove b
B<< 1416-
B<< = F2
B<< 
W>> play B F2
W<< = 
W<< 
W>> genmove w
W<< 1750-
W<< = A5
W<< 
B>> play W A5
B<< = 
B<< 
B>> genmove b
B<< 1408-
B<< = J9
B<< 
W>> play B J9
W<< = 
W<< 
W>> genmove w
W<< 1771-
W<< = J6
W<< 
B>> play W J6
B<< = 
B<< 
B>> genmove b
B<< 1402-
B<< = E8
B<< 
W>> play B E8
W<< = 
W<< 
W>> genmove w
W<< 1773-
W<< = G2
W<< 
B>> play W G2
B<< = 
B<< 
B>> genmove b
B<< 1498-
B<< = E2
B<< 
W>> play B E2
W<< = 
W<< 
W>> genmove w
W<< 1732-
W<< = D1
W<< 
B>> play W D1
B<< = 
B<< 
B>> genmove b
B<< 1443-
B<< = F8
B<< 
W>> play B F8
W<< = 
W<< 
W>> genmove w
W<< 1667-
W<< = G1
W<< 
B>> play W G1
B<< = 
B<< 
B>> genmove b
B<< 1433-
B<< = B3
B<< 
W>> play B B3
W<< = 
W<< 
W>> genmove w
W<< 1818-
W<< = J1
W<< 
B>> play W J1
B<< = 
B<< 
B>> genmove b
B<< 1595-
B<< = H6
B<< 
W>> play B H6
W<< = 
W<< 
W>> genmove w
W<< 1992-
W<< = A2
W<< 
B>> play W A2
B<< = 
B<< 
B>> genmove b
B<< 1682-
B<< = B7
B<< 
W>> play B B7
W<< = 
W<< 
W>> genmove w
W<< 1930-
W<< = C8
W<< 
B>> play W C8
B<< = 
B<< 
B>> genmove b
B<< 1784-
B<< = G3
B<< 
W>> play B G3
W<< = 
W<< 
W>> genmove w
W<< 2187-
W<< = E9
W<< 
B>> play W E9
B<< = 
B<< 
B>> genmove b
B<< 1923-
B<< = A6
B<< 
W>> play B A6
W<< = 
W<< 
W>> genmove w
W<< 2254-
W<< = G8
W<< 
B>> play W G8
B<< = 
B<< 
B>> genmove b
B<< 1991-
B<< = B1
B<< 
W>> play B B1
W<< = 
W<< 
W>> genmove w
W<< 2335-
W<< = A1
W<< 
B>> play W A1
B<< = 
B<< 
B>> genmove b
B<< 2064-
B<< = G9
B<< 
W>> play B G9
W<< = 
W<< 
W>> genmove w
W<< 2474-
W<< = H2
W<< 
B>> play W H2
B<< = 
B<< 
B>> genmove b
B<< 2126-
B<< = C5
B<< 
W>> play B C5
W<< = 
W<< 
W>> genmove w
W<< 2515-
W<< = C6
W<< 
B>> play W C6
B<< = 
B<< 
B>> genmove b
B<< 2346-
B<< = D9
B<< 
W>> play B D9
W<< = 
W<< 
W>> genmove w
W<< 2707-
W<< = E7
W<< 
B>> play W E7
B<< = 
B<< 
B>> genmove b
B<< 2544-
B<< = G5
B<< 
W>> play B G5
W<< = 
W<< 
W>> genmove w
W<< 2883-
W<< = G4
W<< 
B>> play W G4
B<< = 
B<< 
B>> genmove b
B<< 2560-
B<< = J5
B<< 
W>> play B J5
W<< = 
W<< 
W>> genmove w
W<< 3067-
W<< = H3
W<< 
B>> play W H3
B<< = 
B<< 
B>> genmove b
B<< 2991-
B<< = H7
B<< 
W>> play B H7
W<< = 
W<< 
W>> genmove w
W<< 3418-
W<< = H8
W<< 
B>> play W H8
B<< = 
B<< 
B>> genmove b
B<< 3264-
B<< = B5
B<< 
W>> play B B5
W<< = 
W<< 
W>> genmove w
W<< 3637-
W<< = A3
W<< 
B>> play W A3
B<< = 
B<< 
B>> genmove b
B<< 3483-
B<< = F7
B<< 
W>> play B F7
W<< = 
W<< 
W>> genmove w
W<< 4068-
W<< = D8
W<< 
B>> play W D8
B<< = 
B<< 
B>> genmove b
B<< 4216-
B<< = B8
B<< 
W>> play B B8
W<< = 
W<< 
W>> genmove w
W<< 4429-
W<< = D7
W<< 
B>> play W D7
B<< = 
B<< 
B>> genmove b
B<< 8644-
B<< = C3
B<< 
W>> play B C3
W<< = 
W<< 
W>> genmove w
W<< 9417-
W<< = H1
W<< 
B>> play W H1
B<< = 
B<< 
B>> genmove b
B<< 19763-
B<< = H5
B<< 
W>> play B H5
W<< = 
W<< 
W>> genmove w
W<< 21982-
W<< = J7
W<< 
B>> play W J7
B<< = 
B<< 
B>> genmove b
B<< 29554-
B<< = H9
B<< 
W>> play B H9
W<< = 
W<< 
W>> genmove w
W<< 34802-
W<< = B4
W<< 
B>> play W B4
B<< = 
B<< 
B>> genmove b
B<< 45766-
B<< = C2
B<< 
W>> play B C2
W<< = 
W<< 
W>> genmove w
W<< 68001-
W<< = H4
W<< 
B>> play W H4
B<< = 
B<< 
B>> genmove b
B<< 137113-
B<< = A7
B<< 
W>> play B A7
W<< = 
W<< 
W>> genmove w
W<< 435782-
W<< = resign
W<< 
============================================
Game 1
============================================
B>> boardsize 9
B<< = 
B<< 
B>> clear_board
B<< = 
B<< 
W>> boardsize 9
W<< = 
W<< 
W>> clear_board
W<< = 
W<< 
B>> genmove b
B<< 1092-
B<< = E8
B<< 
W>> play B E8
W<< = 
W<< 
W>> genmove w
W<< 1368-
W<< = E3
W<< 
B>> play W E3
B<< = 
B<< 
B>> genmove b
B<< 1083-
B<< = G9
B<< 
W>> play B G9
W<< = 
W<< 
W>> genmove w
W<< 1370-
W<< = H9
W<< 
B>> play W H9
B<< = 
B<< 
B>> genmove b
B<< 1134-
B<< = A4
B<< 
W>> play B A4
W<< = 
W<< 
W>> genmove w
W<< 1406-
W<< = F7
W<< 
B>> play W F7
B<< = 
B<< 
B>> genmove b
B<< 1102-
B<< = E9
B<< 
W>> play B E9
W<< = 
W<< 
W>> genmove w
W<< 1499-
W<< = D9
W<< 
B>> play W D9
B<< = 
B<< 
B>> genmove b
B<< 1197-
B<< = J4
B<< 
W>> play B J4
W<< = 
W<< 
W>> genmove w
W<< 1478-
W<< = A9
W<< 
B>> play W A9
B<< = 
B<< 
B>> genmove b
B<< 1187-
B<< = G2
B<< 
W>> play B G2
W<< = 
W<< 
W>> genmove w
W<< 1530-
W<< = H2
W<< 
B>> play W H2
B<< = 
B<< 
B>> genmove b
B<< 1246-
B<< = E1
B<< 
W>> play B E1
W<< = 
W<< 
W>> genmove w
W<< 1525-
W<< = C2
W<< 
B>> play W C2
B<< = 
B<< 
B>> genmove b
B<< 1335-
B<< = A6
B<< 
W>> play B A6
W<< = 
W<< 
W>> genmove w
W<< 1825-
W<< = B7
W<< 
B>> play W B7
B<< = 
B<< 
B>> genmove b
B<< 1475-
B<< = D7
B<< 
W>> play B D7
W<< = 
W<< 
W>> genmove w
W<< 1879-
W<< = C8
W<< 
B>> play W C8
B<< = 
B<< 
B>> genmove b
B<< 1452-
B<< = C1
B<< 
W>> play B C1
W<< = 
W<< 
W>> genmove w
W<< 1686-
W<< = D1
W<< 
B>> play W D1
B<< = 
B<< 
B>> genmove b
B<< 1358-
B<< = C7
B<< 
W>> play B C7
W<< = 
W<< 
W>> genmove w
W<< 1713-
W<< = H1
W<< 
B>> play W H1
B<< = 
B<< 
B>> genmove b
B<< 1407-
B<< = J7
B<< 
W>> play B J7
W<< = 
W<< 
W>> genmove w
W<< 1720-
W<< = B3
W<< 
B>> play W B3
B<< = 
B<< 
B>> genmove b
B<< 1478-
B<< = B5
B<< 
W>> play B B5
W<< = 
W<< 
W>> genmove w
W<< 1768-
W<< = A2
W<< 
B>> play W A2
B<< = 
B<< 
B>> genmove b
B<< 1547-
B<< = F8
B<< 
W>> play B F8
W<< = 
W<< 
W>> genmove w
W<< 1781-
W<< = J2
W<< 
B>> play W J2
B<< = 
B<< 
B>> genmove b
B<< 1534-
B<< = G1
B<< 
W>> play B G1
W<< = 
W<< 
W>> genmove w
W<< 1792-
W<< = B2
W<< 
B>> play W B2
B<< = 
B<< 
B>> genmove b
B<< 1562-
B<< = D3
B<< 
W>> play B D3
W<< = 
W<< 
W>> genmove w
W<< 1837-
W<< = H8
W<< 
B>> play W H8
B<< = 
B<< 
B>> genmove b
B<< 1672-
B<< = G7
B<< 
W>> play B G7
W<< = 
W<< 
W>> genmove w
W<< 1909-
W<< = J8
W<< 
B>> play W J8
B<< = 
B<< 
B>> genmove b
B<< 1788-
B<< = H7
B<< 
W>> play B H7
W<< = 
W<< 
W>> genmove w
W<< 2015-
W<< = C6
W<< 
B>> play W C6
B<< = 
B<< 
B>> genmove b
B<< 1857-
B<< = B9
B<< 
W>> play B B9
W<< = 
W<< 
W>> genmove w
W<< 2191-
W<< = G5
W<< 
B>> play W G5
B<< = 
B<< 
B>> genmove b
B<< 1951-
B<< = G3
B<< 
W>> play B G3
W<< = 
W<< 
W>> genmove w
W<< 2310-
W<< = F2
W<< 
B>> play W F2
B<< = 
B<< 
B>> genmove b
B<< 2083-
B<< = B8
B<< 
W>> play B B8
W<< = 
W<< 
W>> genmove w
W<< 2497-
W<< = J6
W<< 
B>> play W J6
B<< = 
B<< 
B>> genmove b
B<< 2315-
B<< = G4
B<< 
W>> play B G4
W<< = 
W<< 
W>> genmove w
W<< 2891-
W<< = C4
W<< 
B>> play W C4
B<< = 
B<< 
B>> genmove b
B<< 2562-
B<< = D8
B<< 
W>> play B D8
W<< = 
W<< 
W>> genmove w
W<< 3071-
W<< = A7
W<< 
B>> play W A7
B<< = 
B<< 
B>> genmove b
B<< 2932-
B<< = H3
B<< 
W>> play B H3
W<< = 
W<< 
W>> genmove w
W<< 3434-
W<< = H4
W<< 
B>> play W H4
B<< = 
B<< 
B>> genmove b
B<< 3259-
B<< = J3
B<< 
W>> play B J3
W<< = 
W<< 
W>> genmove w
W<< 3776-
W<< = J9
W<< 
B>> play W J9
B<< = 
B<< 
B>> genmove b
B<< 3660-
B<< = C3
B<< 
W>> play B C3
W<< = 
W<< 
W>> genmove w
W<< 4316-
W<< = F3
W<< 
B>> play W F3
B<< = 
B<< 
B>> genmove b
B<< 4475-
B<< = E2
B<< 
W>> play B E2
W<< = 
W<< 
W>> genmove w
W<< 4750-
W<< = G6
W<< 
B>> play W G6
B<< = 
B<< 
B>> genmove b
B<< 9263-
B<< = B4
B<< 
W>> play B B4
W<< = 
W<< 
W>> genmove w
W<< 12362-
W<< = B6
W<< 
B>> play W B6
B<< = 
B<< 
B>> genmove b
B<< 26899-
B<< = B1
B<< 
W>> play B B1
W<< = 
W<< 
W>> genmove w
W<< 32063-
W<< = H5
W<< 
B>> play W H5
B<< = 
B<< 
B>> genmove b
B<< 41173-
B<< = H6
B<< 
W>> play B H6
W<< = 
W<< 
W>> genmove w
W<< 60255-
W<< = C5
W<< 
B>> play W C5
B<< = 
B<< 
B>> genmove b
B<< 148604-
B<< = A5
B<< 
W>> play B A5
W<< = 
W<< 
W>> genmove w
W<< 492212-
W<< = resign
W<< 
============================================
Game 2
============================================
B>> boardsize 9
B<< = 
B<< 
B>> clear_board
B<< = 
B<< 
W>> boardsize 9
W<< = 
W<< 
W>> clear_board
W<< = 
W<< 
B>> genmove b
B<< 1131-
B<< = B1
B<< 
W>> play B B1
W<< = 
W<< 
W>> genmove w
W<< 1483-
W<< = C2
W<< 
B>> play W C2
B<< = 
B<< 
B>> genmove b
B<< 1239-
B<< = A5
B<< 
W>> play B A5
W<< = 
W<< 
W>> genmove w
W<< 1645-
W<< = E9
W<< 
B>> play W E9
B<< = 
B<< 
B>> genmove b
B<< 1243-
B<< = H8
B<< 
W>> play B H8
W<< = 
W<< 
W>> genmove w
W<< 1599-
W<< = G3
W<< 
B>> play W G3
B<< = 
B<< 
B>> genmove b
B<< 1303-
B<< = G6
B<< 
W>> play B G6
W<< = 
W<< 
W>> genmove w
W<< 1662-
W<< = F1
W<< 
B>> play W F1
B<< = 
B<< 
B>> genmove b
B<< 1320-
B<< = J9
B<< 
W>> play B J9
W<< = 
W<< 
W>> genmove w
W<< 1708-
W<< = J7
W<< 
B>> play W J7
B<< = 
B<< 
B>> genmove b
B<< 1328-
B<< = F7
B<< 
W>> play B F7
W<< = 
W<< 
W>> genmove w
W<< 1685-
W<< = G2
W<< 
B>> play W G2
B<< = 
B<< 
B>> genmove b
B<< 1350-
B<< = B9
B<< 
W>> play B B9
W<< = 
W<< 
W>> genmove w
W<< 1710-
W<< = A6
W<< 
B>> play W A6
B<< = 
B<< 
B>> genmove b
B<< 1402-
B<< = A8
B<< 
W>> play B A8
W<< = 
W<< 
W>> genmove w
W<< 1741-
W<< = J5
W<< 
B>> play W J5
B<< = 
B<< 
B>> genmove b
B<< 1429-
B<< = E3
B<< 
W>> play B E3
W<< = 
W<< 
W>> genmove w
W<< 1782-
W<< = H2
W<< 
B>> play W H2
B<< = 
B<< 
B>> genmove b
B<< 1437-
B<< = J4
B<< 
W>> play B J4
W<< = 
W<< 
W>> genmove w
W<< 1817-
W<< = B3
W<< 
B>> play W B3
B<< = 
B<< 
B>> genmove b
B<< 1459-
B<< = A1
B<< 
W>> play B A1
W<< = 
W<< 
W>> genmove w
W<< 1721-
W<< = H3
W<< 
B>> play W H3
B<< = 
B<< 
B>> genmove b
B<< 1409-
B<< = C3
B<< 
W>> play B C3
W<< = 
W<< 
W>> genmove w
W<< 1847-
W<< = H1
W<< 
B>> play W H1
B<< = 
B<< 
B>> genmove b
B<< 1538-
B<< = C5
B<< 
W>> play B C5
W<< = 
W<< 
W>> genmove w
W<< 1801-
W<< = C1
W<< 
B>> play W C1
B<< = 
B<< 
B>> genmove b
B<< 1581-
B<< = D9
B<< 
W>> play B D9
W<< = 
W<< 
W>> genmove w
W<< 1855-
W<< = E2
W<< 
B>> play W E2
B<< = 
B<< 
B>> genmove b
B<< 1608-
B<< = E1
B<< 
W>> play B E1
W<< = 
W<< 
W>> genmove w
W<< 1975-
W<< = H6
W<< 
B>> play W H6
B<< = 
B<< 
B>> genmove b
B<< 1710-
B<< = J1
B<< 
W>> play B J1
W<< = 
W<< 
W>> genmove w
W<< 1988-
W<< = C6
W<< 
B>> play W C6
B<< = 
B<< 
B>> genmove b
B<< 1852-
B<< = C8
B<< 
W>> play B C8
W<< = 
W<< 
W>> genmove w
W<< 2116-
W<< = B8
W<< 
B>> play W B8
B<< = 
B<< 
B>> genmove b
B<< 1926-
B<< = F9
B<< 
W>> play B F9
W<< = 
W<< 
W>> genmove w
W<< 2166-
W<< = D8
W<< 
B>> play W D8
B<< = 
B<< 
B>> genmove b
B<< 2091-
B<< = F2
B<< 
W>> play B F2
W<< = 
W<< 
W>> genmove w
W<< 2434-
W<< = C7
W<< 
B>> play W C7
B<< = 
B<< 
B>> genmove b
B<< 2141-
B<< = G4
B<< 
W>> play B G4
W<< = 
W<< 
W>> genmove w
W<< 2542-
W<< = E7
W<< 
B>> play W E7
B<< = 
B<< 
B>> genmove b
B<< 2361-
B<< = H5
B<< 
W>> play B H5
W<< = 
W<< 
W>> genmove w
W<< 2767-
W<< = G7
W<< 
B>> play W G7
B<< = 
B<< 
B>> genmove b
B<< 2490-
B<< = F3
B<< 
W>> play B F3
W<< = 
W<< 
W>> genmove w
W<< 2910-
W<< = C4
W<< 
B>> play W C4
B<< = 
B<< 
B>> genmove b
B<< 2856-
B<< = G8
B<< 
W>> play B G8
W<< = 
W<< 
W>> genmove w
W<< 3332-
W<< = D2
W<< 
B>> play W D2
B<< = 
B<< 
B>> genmove b
B<< 3077-
B<< = G9
B<< 
W>> play B G9
W<< = 
W<< 
W>> genmove w
W<< 3488-
W<< = H4
W<< 
B>> play W H4
B<< = 
B<< 
B>> genmove b
B<< 3388-
B<< = J8
B<< 
W>> play B J8
W<< = 
W<< 
W>> genmove w
W<< 3984-
W<< = A4
W<< 
B>> play W A4
B<< = 
B<< 
B>> genmove b
B<< 3810-
B<< = B2
B<< 
W>> play B B2
W<< = 
W<< 
W>> genmove w
W<< 4391-
W<< = B4
W<< 
B>> play W B4
B<< = 
B<< 
B>> genmove b
B<< 4206-
B<< = A9
B<< 
W>> play B A9
W<< = 
W<< 
W>> genmove w
W<< 4953-
W<< = A3
W<< 
B>> play W A3
B<< = 
B<< 
B>> genmove b
B<< 5006-
B<< = J3
B<< 
W>> play B J3
W<< = 
W<< 
W>> genmove w
W<< 9534-
W<< = A7
W<< 
B>> play W A7
B<< = 
B<< 
B>> genmove b
B<< 18005-
B<< = F8
B<< 
W>> play B F8
W<< = 
W<< 
W>> genmove w
W<< 29351-
W<< = E8
W<< 
B>> play W E8
B<< = 
B<< 
B>> genmove b
B<< 35783-
B<< = H9
B<< 
W>> play B H9
W<< = 
W<< 
W>> genmove w
W<< 51651-
W<< = D7
W<< 
B>> play W D7
B<< = 
B<< 
B>> genmove b
B<< 48207-
B<< = B6
B<< 
W>> play B B6
W<< = 
W<< 
W>> genmove w
W<< 62610-
W<< = J6
W<< 
B>> play W J6
B<< = 
B<< 
B>> genmove b
B<< 78901-
B<< = B5
B<< 
W>> play B B5
W<< = 
W<< 
W>> genmove w
W<< 130245-
W<< = G1
W<< 
B>> play W G1
B<< = 
B<< 
B>> genmove b
B<< 482365-
B<< = resign
B<< 
============================================
Game 3
============================================
B>> boardsize 9
B<< = 
B<< 
B>> clear_board
B<< = 
B<< 
W>> boardsize 9
W<< = 
W<< 
W>> clear_board
W<< = 
W<< 
B>> genmove b
B<< 1138-
B<< = B5
B<< 
W>> play B B5
W<< = 
W<< 
W>> genmove w
W<< 1534-
W<< = A4
W<< 
B>> play W A4
B<< = 
B<< 
B>> genmove b
B<< 1232-
B<< = A5
B<< 
W>> play B A5
W<< = 
W<< 
W>> genmove w
W<< 1634-
W<< = E1
W<< 
B>> play W E1
B<< = 
B<< 
B>> genmove b
B<< 1213-
B<< = F1
B<< 
W>> play B F1
W<< = 
W<< 
W>> genmove w
W<< 1496-
W<< = G7
W<< 
B>> play W G7
B<< = 
B<< 
B>> genmove b
B<< 1253-
B<< = A1
B<< 
W>> play B A1
W<< = 
W<< 
W>> genmove w
W<< 1667-
W<< = B8
W<< 
B>> play W B8
B<< = 
B<< 
B>> genmove b
B<< 1295-
B<< = J9
B<< 
W>> play B J9
W<< = 
W<< 
W>> genmove w
W<< 1713-
W<< = H4
W<< 
B>> play W H4
B<< = 
B<< 
B>> genmove b
B<< 1355-
B<< = J2
B<< 
W>> play B J2
W<< = 
W<< 
W>> genmove w
W<< 1680-
W<< = J4
W<< 
B>> play W J4
B<< = 
B<< 
B>> genmove b
B<< 1376-
B<< = J8
B<< 
W>> play B J8
W<< = 
W<< 
W>> genmove w
W<< 1773-
W<< = F8
W<< 
B>> play W F8
B<< = 
B<< 
B>> genmove b
B<< 1413-
B<< = G5
B<< 
W>> play B G5
W<< = 
W<< 
W>> genmove w
W<< 1780-
W<< = C9
W<< 
B>> play W C9
B<< = 
B<< 
B>> genmove b
B<< 1441-
B<< = G9
B<< 
W>> play B G9
W<< = 
W<< 
W>> genmove w
W<< 1821-
W<< = A9
W<< 
B>> play W A9
B<< = 
B<< 
B>> genmove b
B<< 1385-
B<< = D8
B<< 
W>> play B D8
W<< = 
W<< 
W>> genmove w
W<< 1816-
W<< = G3
W<< 
B>> play W G3
B<< = 
B<< 
B>> genmove b
B<< 1458-
B<< = C3
B<< 
W>> play B C3
W<< = 
W<< 
W>> genmove w
W<< 1892-
W<< = A6
W<< 
B>> play W A6
B<< = 
B<< 
B>> genmove b
B<< 1574-
B<< = A3
B<< 
W>> play B A3
W<< = 
W<< 
W>> genmove w
W<< 1940-
W<< = D3
W<< 
B>> play W D3
B<< = 
B<< 
B>> genmove b
B<< 1640-
B<< = D1
B<< 
W>> play B D1
W<< = 
W<< 
W>> genmove w
W<< 1974-
W<< = G8
W<< 
B>> play W G8
B<< = 
B<< 
B>> genmove b
B<< 1696-
B<< = F7
B<< 
W>> play B F7
W<< = 
W<< 
W>> genmove w
W<< 2094-
W<< = C6
W<< 
B>> play W C6
B<< = 
B<< 
B>> genmove b
B<< 1792-
B<< = H6
B<< 
W>> play B H6
W<< = 
W<< 
W>> genmove w
W<< 2182-
W<< = J1
W<< 
B>> play W J1
B<< = 
B<< 
B>> genmove b
B<< 1856-
B<< = E3
B<< 
W>> play B E3
W<< = 
W<< 
W>> genmove w
W<< 2228-
W<< = C1
W<< 
B>> play W C1
B<< = 
B<< 
B>> genmove b
B<< 1973-
B<< = H5
B<< 
W>> play B H5
W<< = 
W<< 
W>> genmove w
W<< 2336-
W<< = D7
W<< 
B>> play W D7
B<< = 
B<< 
B>> genmove b
B<< 2040-
B<< = A8
B<< 
W>> play B A8
W<< = 
W<< 
W>> genmove w
W<< 2411-
W<< = G6
W<< 
B>> play W G6
B<< = 
B<< 
B>> genmove b
B<< 2237-
B<< = C7
B<< 
W>> play B C7
W<< = 
W<< 
W>> genmove w
W<< 2653-
W<< = A2
W<< 
B>> play W A2
B<< = 
B<< 
B>> genmove b
B<< 2376-
B<< = G4
B<< 
W>> play B G4
W<< = 
W<< 
W>> genmove w
W<< 2698-
W<< = C5
W<< 
B>> play W C5
B<< = 
B<< 
B>> genmove b
B<< 2429-
B<< = D9
B<< 
W>> play B D9
W<< = 
W<< 
W>> genmove w
W<< 2947-
W<< = F9
W<< 
B>> play W F9
B<< = 
B<< 
B>> genmove b
B<< 2733-
B<< = B7
B<< 
W>> play B B7
W<< = 
W<< 
W>> genmove w
W<< 3173-
W<< = C8
W<< 
B>> play W C8
B<< = 
B<< 
B>> genmove b
B<< 3014-
B<< = E9
B<< 
W>> play B E9
W<< = 
W<< 
W>> genmove w
W<< 3432-
W<< = H7
W<< 
B>> play W H7
B<< = 
B<< 
B>> genmove b
B<< 3316-
B<< = J5
B<< 
W>> play B J5
W<< = 
W<< 
W>> genmove w
W<< 3941-
W<< = J7
W<< 
B>> play W J7
B<< = 
B<< 
B>> genmove b
B<< 3809-
B<< = H3
B<< 
W>> play B H3
W<< = 
W<< 
W>> genmove w
W<< 4323-
W<< = G2
W<< 
B>> play W G2
B<< = 
B<< 
B>> genmove b
B<< 4337-
B<< = H2
B<< 
W>> play B H2
W<< = 
W<< 
W>> genmove w
W<< 4773-
W<< = G1
W<< 
B>> play W G1
B<< = 
B<< 
B>> genmove b
B<< 5590-
B<< = H9
B<< 
W>> play B H9
W<< = 
W<< 
W>> genmove w
W<< 6164-
W<< = C2
W<< 
B>> play W C2
B<< = 
B<< 
B>> genmove b
B<< 21630-
B<< = B1
B<< 
W>> play B B1
W<< = 
W<< 
W>> genmove w
W<< 23916-
W<< = C4
W<< 
B>> play W C4
B<< = 
B<< 
B>> genmove b
B<< 31017-
B<< = A7
B<< 
W>> play B A7
W<< = 
W<< 
W>> genmove w
W<< 35948-
W<< = B4
W<< 
B>> play W B4
B<< = 
B<< 
B>> genmove b
B<< 44091-
B<< = F3
B<< 
W>> play B F3
W<< = 
W<< 
W>> genmove w
W<< 49538-
W<< = E2
W<< 
B>> play W E2
B<< = 
B<< 
B>> genmove b
B<< 59165-
B<< = E8
B<< 
W>> play B E8
W<< = 
W<< 
W>> genmove w
W<< 94507-
W<< = H1
W<< 
B>> play W H1
B<< = 
B<< 
B>> genmove b
B<< 157138-
B<< = B3
B<< 
W>> play B B3
W<< = 
W<< 
W>> genmove w
W<< 493712-
W<< = resign
W<< 
============================================
Game 4
============================================
B>> boardsize 9
B<< = 
B<< 
B>> clear_board
B<< = 
B<< 
W>> boardsize 9
W<< = 
W<< 
W>> clear_board
W<< = 
W<< 
B>> genmove b
B<< 1139-
B<< = E9
B<< 
W>> play B E9
W<< = 
W<< 
W>> genmove w
W<< 1521-
W<< = J5
W<< 
B>> play W J5
B<< = 
B<< 
B>> genmove b
B<< 1246-
B<< = J8
B<< 
W>> play B J8
W<< = 
W<< 
W>> genmove w
W<< 1545-
W<< = D2
W<< 
B>> play W D2
B<< = 
B<< 
B>> genmove b
B<< 1264-
B<< = B3
B<< 
W>> play B B3
W<< = 
W<< 
W>> genmove w
W<< 1629-
W<< = A2
W<< 
B>> play W A2
B<< = 
B<< 
B>> genmove b
B<< 1195-
B<< = B8
B<< 
W>> play B B8
W<< = 
W<< 
W>> genmove w
W<< 1589-
W<< = B1
W<< 
B>> play W B1
B<< = 
B<< 
B>> genmove b
B<< 1232-
B<< = E3
B<< 
W>> play B E3
W<< = 
W<< 
W>> genmove w
W<< 1667-
W<< = D8
W<< 
B>> play W D8
B<< = 
B<< 
B>> genmove b
B<< 1312-
B<< = G4
B<< 
W>> play B G4
W<< = 
W<< 
W>> genmove w
W<< 1675-
W<< = H1
W<< 
B>> play W H1
B<< = 
B<< 
B>> genmove b
B<< 1380-
B<< = A5
B<< 
W>> play B A5
W<< = 
W<< 
W>> genmove w
W<< 1750-
W<< = J3
W<< 
B>> play W J3
B<< = 
B<< 
B>> genmove b
B<< 1406-
B<< = J4
B<< 
W>> play B J4
W<< = 
W<< 
W>> genmove w
W<< 1808-
W<< = G2
W<< 
B>> play W G2
B<< = 
B<< 
B>> genmove b
B<< 1391-
B<< = D1
B<< 
W>> play B D1
W<< = 
W<< 
W>> genmove w
W<< 1756-
W<< = F3
W<< 
B>> play W F3
B<< = 
B<< 
B>> genmove b
B<< 1525-
B<< = J6
B<< 
W>> play B J6
W<< = 
W<< 
W>> genmove w
W<< 1872-
W<< = C8
W<< 
B>> play W C8
B<< = 
B<< 
B>> genmove b
B<< 1563-
B<< = G6
B<< 
W>> play B G6
W<< = 
W<< 
W>> genmove w
W<< 1900-
W<< = J2
W<< 
B>> play W J2
B<< = 
B<< 
B>> genmove b
B<< 1585-
B<< = F9
B<< 
W>> play B F9
W<< = 
W<< 
W>> genmove w
W<< 1920-
W<< = H2
W<< 
B>> play W H2
B<< = 
B<< 
B>> genmove b
B<< 1602-
B<< = C1
B<< 
W>> play B C1
W<< = 
W<< 
W>> genmove w
W<< 1959-
W<< = J9
W<< 
B>> play W J9
B<< = 
B<< 
B>> genmove b
B<< 1659-
B<< = A7
B<< 
W>> play B A7
W<< = 
W<< 
W>> genmove w
W<< 1935-
W<< = A4
W<< 
B>> play W A4
B<< = 
B<< 
B>> genmove b
B<< 1759-
B<< = C9
B<< 
W>> play B C9
W<< = 
W<< 
W>> genmove w
W<< 2061-
W<< = F1
W<< 
B>> play W F1
B<< = 
B<< 
B>> genmove b
B<< 1704-
B<< = H7
B<< 
W>> play B H7
W<< = 
W<< 
W>> genmove w
W<< 2078-
W<< = F7
W<< 
B>> play W F7
B<< = 
B<< 
B>> genmove b
B<< 1851-
B<< = A9
B<< 
W>> play B A9
W<< = 
W<< 
W>> genmove w
W<< 2114-
W<< = G8
W<< 
B>> play W G8
B<< = 
B<< 
B>> genmove b
B<< 1886-
B<< = B6
B<< 
W>> play B B6
W<< = 
W<< 
W>> genmove w
W<< 2170-
W<< = B7
W<< 
B>> play W B7
B<< = 
B<< 
B>> genmove b
B<< 1971-
B<< = E8
B<< 
W>> play B E8
W<< = 
W<< 
W>> genmove w
W<< 2212-
W<< = D9
W<< 
B>> play W D9
B<< = 
B<< 
B>> genmove b
B<< 2047-
B<< = D7
B<< 
W>> play B D7
W<< = 
W<< 
W>> genmove w
W<< 2350-
W<< = C6
W<< 
B>> play W C6
B<< = 
B<< 
B>> genmove b
B<< 2115-
B<< = C5
B<< 
W>> play B C5
W<< = 
W<< 
W>> genmove w
W<< 2532-
W<< = B4
W<< 
B>> play W B4
B<< = 
B<< 
B>> genmove b
B<< 2393-
B<< = A3
B<< 
W>> play B A3
W<< = 
W<< 
W>> genmove w
W<< 2880-
W<< = B5
W<< 
B>> play W B5
B<< = 
B<< 
B>> genmove b
B<< 2717-
B<< = B2
B<< 
W>> play B B2
W<< = 
W<< 
W>> genmove w
W<< 3170-
W<< = C3
W<< 
B>> play W C3
B<< = 
B<< 
B>> genmove b
B<< 3022-
B<< = E2
B<< 
W>> play B E2
W<< = 
W<< 
W>> genmove w
W<< 3472-
W<< = H3
W<< 
B>> play W H3
B<< = 
B<< 
B>> genmove b
B<< 3233-
B<< = H4
B<< 
W>> play B H4
W<< = 
W<< 
W>> genmove w
W<< 3770-
W<< = D3
W<< 
B>> play W D3
B<< = 
B<< 
B>> genmove b
B<< 3433-
B<< = G9
B<< 
W>> play B G9
W<< = 
W<< 
W>> genmove w
W<< 3896-
W<< = H9
W<< 
B>> play W H9
B<< = 
B<< 
B>> genmove b
B<< 3811-
B<< = F8
B<< 
W>> play B F8
W<< = 
W<< 
W>> genmove w
W<< 4082-
W<< = H8
W<< 
B>> play W H8
B<< = 
B<< 
B>> genmove b
B<< 4426-
B<< = F2
B<< 
W>> play B F2
W<< = 
W<< 
W>> genmove w
W<< 4785-
W<< = G1
W<< 
B>> play W G1
B<< = 
B<< 
B>> genmove b
B<< 5059-
B<< = E7
B<< 
W>> play B E7
W<< = 
W<< 
W>> genmove w
W<< 5972-
W<< = G5
W<< 
B>> play W G5
B<< = 
B<< 
B>> genmove b
B<< 17795-
B<< = J7
B<< 
W>> play B J7
W<< = 
W<< 
W>> genmove w
W<< 26832-
W<< = G3
W<< 
B>> play W G3
B<< = 
B<< 
B>> genmove b
B<< 37900-
B<< = E1
B<< 
W>> play B E1
W<< = 
W<< 
W>> genmove w
W<< 92695-
W<< = H6
W<< 
B>> play W H6
B<< = 
B<< 
B>> genmove b
B<< 173031-
B<< = A8
B<< 
W>> play B A8
W<< = 
W<< 
W>> genmove w
W<< 488794-
W<< = resign
W<< 
B>> quit
W>> quit
