B<< HollowNoGo-Demo: /mnt/nfs/work/TaiLin/TCG/tcg2021/hw4/pj-4-judge-v1/../pj-4-code-v1/nogo1 --shell --black=mcts T=10 c=0.3 simenemy=a 
B<< 
B<< N | 100
B<< T | 10
B<< TMT | normal
B<< c | 0.3
B<< name | mcts
B<< role | black
B<< simenemy | a
B<< N | 100
B<< T | 10005
B<< TMT | normal
B<< c | 0
B<< name | 
B<< role | white
B<< simenemy | mctsn
B>> protocol_version
B<< = 2
B<< 
B>> name
B<< = TCG-HollowNoGo-Demo
B<< 
B>> version
B<< = 2021
B<< 
B>> list_commands
B<< = play
B<< genmove
B<< clear_board
B<< showboard
B<< boardsize
B<< name
B<< version
B<< protocol_version
B<< list_commands
B<< quit
B<< 
B<< 
W>> protocol_version
W<< HollowNoGo-Demo: /mnt/nfs/work/TaiLin/TCG/tcg2021/hw4/pj-4-judge-v1/../pj-4-code-v1/nogo2 --shell --white=mcts T=10 c=0.3 simenemy=a 
W<< 
W<< N | 100
W<< T | 10005
W<< TMT | normal
W<< c | 0
W<< name | 
W<< role | black
W<< simenemy | mctsn
W<< N | 100
W<< T | 10
W<< TMT | normal
W<< c | 0.3
W<< name | mcts
W<< role | white
W<< simenemy | a
W<< = 2
W<< 
W>> name
W<< = TCG-HollowNoGo-Demo
W<< 
W>> version
W<< = 2021
W<< 
W>> list_commands
W<< = play
W<< genmove
W<< clear_board
W<< showboard
W<< boardsize
W<< name
W<< version
W<< protocol_version
W<< list_commands
W<< quit
W<< 
W<< 
B>> boardsize 9
B<< = 
B<< 
B>> clear_board
B<< = 
B<< 
W>> boardsize 9
W<< = 
W<< 
W>> clear_board
W<< = 
W<< 
============================================
Game 0
============================================
B>> boardsize 9
B<< = 
B<< 
B>> clear_board
B<< = 
B<< 
W>> boardsize 9
W<< = 
W<< 
W>> clear_board
W<< = 
W<< 
B>> genmove b
B<< 106-
B<< = A1
B<< 
W>> play B A1
W<< = 
W<< 
W>> genmove w
W<< 151-
W<< = A5
W<< 
B>> play W A5
B<< = 
B<< 
B>> genmove b
B<< 113-
B<< = C7
B<< 
W>> play B C7
W<< = 
W<< 
W>> genmove w
W<< 142-
W<< = F7
W<< 
B>> play W F7
B<< = 
B<< 
B>> genmove b
B<< 118-
B<< = J1
B<< 
W>> play B J1
W<< = 
W<< 
W>> genmove w
W<< 150-
W<< = C9
W<< 
B>> play W C9
B<< = 
B<< 
B>> genmove b
B<< 114-
B<< = J5
B<< 
W>> play B J5
W<< = 
W<< 
W>> genmove w
W<< 150-
W<< = H6
W<< 
B>> play W H6
B<< = 
B<< 
B>> genmove b
B<< 126-
B<< = C8
B<< 
W>> play B C8
W<< = 
W<< 
W>> genmove w
W<< 156-
W<< = A9
W<< 
B>> play W A9
B<< = 
B<< 
B>> genmove b
B<< 124-
B<< = C5
B<< 
W>> play B C5
W<< = 
W<< 
W>> genmove w
W<< 144-
W<< = G4
W<< 
B>> play W G4
B<< = 
B<< 
B>> genmove b
B<< 127-
B<< = G5
B<< 
W>> play B G5
W<< = 
W<< 
W>> genmove w
W<< 155-
W<< = C6
W<< 
B>> play W C6
B<< = 
B<< 
B>> genmove b
B<< 133-
B<< = G3
B<< 
W>> play B G3
W<< = 
W<< 
W>> genmove w
W<< 172-
W<< = C1
W<< 
B>> play W C1
B<< = 
B<< 
B>> genmove b
B<< 146-
B<< = F1
B<< 
W>> play B F1
W<< = 
W<< 
W>> genmove w
W<< 189-
W<< = G2
W<< 
B>> play W G2
B<< = 
B<< 
B>> genmove b
B<< 150-
B<< = B2
B<< 
W>> play B B2
W<< = 
W<< 
W>> genmove w
W<< 191-
W<< = A6
W<< 
B>> play W A6
B<< = 
B<< 
B>> genmove b
B<< 160-
B<< = E9
B<< 
W>> play B E9
W<< = 
W<< 
W>> genmove w
W<< 194-
W<< = E3
W<< 
B>> play W E3
B<< = 
B<< 
B>> genmove b
B<< 159-
B<< = J2
B<< 
W>> play B J2
W<< = 
W<< 
W>> genmove w
W<< 205-
W<< = D2
W<< 
B>> play W D2
B<< = 
B<< 
B>> genmove b
B<< 168-
B<< = A2
B<< 
W>> play B A2
W<< = 
W<< 
W>> genmove w
W<< 207-
W<< = F2
W<< 
B>> play W F2
B<< = 
B<< 
B>> genmove b
B<< 173-
B<< = D8
B<< 
W>> play B D8
W<< = 
W<< 
W>> genmove w
W<< 206-
W<< = E1
W<< 
B>> play W E1
B<< = 
B<< 
B>> genmove b
B<< 173-
B<< = B4
B<< 
W>> play B B4
W<< = 
W<< 
W>> genmove w
W<< 203-
W<< = C3
W<< 
B>> play W C3
B<< = 
B<< 
B>> genmove b
B<< 170-
B<< = E7
B<< 
W>> play B E7
W<< = 
W<< 
W>> genmove w
W<< 208-
W<< = G9
W<< 
B>> play W G9
B<< = 
B<< 
B>> genmove b
B<< 175-
B<< = G1
B<< 
W>> play B G1
W<< = 
W<< 
W>> genmove w
W<< 214-
W<< = A3
W<< 
B>> play W A3
B<< = 
B<< 
B>> genmove b
B<< 189-
B<< = A7
B<< 
W>> play B A7
W<< = 
W<< 
W>> genmove w
W<< 212-
W<< = H7
W<< 
B>> play W H7
B<< = 
B<< 
B>> genmove b
B<< 192-
B<< = F3
B<< 
W>> play B F3
W<< = 
W<< 
W>> genmove w
W<< 218-
W<< = J8
W<< 
B>> play W J8
B<< = 
B<< 
B>> genmove b
B<< 197-
B<< = G8
B<< 
W>> play B G8
W<< = 
W<< 
W>> genmove w
W<< 245-
W<< = F9
W<< 
B>> play W F9
B<< = 
B<< 
B>> genmove b
B<< 219-
B<< = J3
B<< 
W>> play B J3
W<< = 
W<< 
W>> genmove w
W<< 249-
W<< = B8
W<< 
B>> play W B8
B<< = 
B<< 
B>> genmove b
B<< 229-
B<< = G6
B<< 
W>> play B G6
W<< = 
W<< 
W>> genmove w
W<< 269-
W<< = B7
W<< 
B>> play W B7
B<< = 
B<< 
B>> genmove b
B<< 240-
B<< = J9
B<< 
W>> play B J9
W<< = 
W<< 
W>> genmove w
W<< 286-
W<< = D1
W<< 
B>> play W D1
B<< = 
B<< 
B>> genmove b
B<< 244-
B<< = J7
B<< 
W>> play B J7
W<< = 
W<< 
W>> genmove w
W<< 281-
W<< = B3
W<< 
B>> play W B3
B<< = 
B<< 
B>> genmove b
B<< 262-
B<< = B1
B<< 
W>> play B B1
W<< = 
W<< 
W>> genmove w
W<< 306-
W<< = H2
W<< 
B>> play W H2
B<< = 
B<< 
B>> genmove b
B<< 288-
B<< = A4
B<< 
W>> play B A4
W<< = 
W<< 
W>> genmove w
W<< 340-
W<< = J4
W<< 
B>> play W J4
B<< = 
B<< 
B>> genmove b
B<< 337-
B<< = C4
B<< 
W>> play B C4
W<< = 
W<< 
W>> genmove w
W<< 402-
W<< = E8
W<< 
B>> play W E8
B<< = 
B<< 
B>> genmove b
B<< 400-
B<< = H5
B<< 
W>> play B H5
W<< = 
W<< 
W>> genmove w
W<< 445-
W<< = B6
W<< 
B>> play W B6
B<< = 
B<< 
B>> genmove b
B<< 392-
B<< = G7
B<< 
W>> play B G7
W<< = 
W<< 
W>> genmove w
W<< 451-
W<< = H8
W<< 
B>> play W H8
B<< = 
B<< 
B>> genmove b
B<< 500-
B<< = D7
B<< 
W>> play B D7
W<< = 
W<< 
W>> genmove w
W<< 673-
W<< = B9
W<< 
B>> play W B9
B<< = 
B<< 
B>> genmove b
B<< 2143-
B<< = H1
B<< 
W>> play B H1
W<< = 
W<< 
W>> genmove w
W<< 3239-
W<< = F8
W<< 
B>> play W F8
B<< = 
B<< 
B>> genmove b
B<< 3607-
B<< = J6
B<< 
W>> play B J6
W<< = 
W<< 
W>> genmove w
W<< 4664-
W<< = D3
W<< 
B>> play W D3
B<< = 
B<< 
B>> genmove b
B<< 6881-
B<< = H3
B<< 
W>> play B H3
W<< = 
W<< 
W>> genmove w
W<< 10642-
W<< = E2
W<< 
B>> play W E2
B<< = 
B<< 
B>> genmove b
B<< 48786-
B<< = resign
B<< 
B>> quit
W>> quit
