B<< HollowNoGo-Demo: /mnt/nfs/work/TaiLin/TCG/tcg2021/hw4/pj-4-judge-v1/../pj-4-code-v1/nogo1 --shell --black=mcts T=1000 c=0.3 simenemy=a TMT=lr 
B<< 
B<< N | 100
B<< T | 1000
B<< TMT | lr
B<< c | 0.3
B<< name | mcts
B<< role | black
B<< simenemy | a
B<< N | 100
B<< T | 10005
B<< TMT | normal
B<< c | 0
B<< name | 
B<< role | white
B<< simenemy | mctsn
B>> protocol_version
B<< = 2
B<< 
B>> name
B<< = TCG-HollowNoGo-Demo
B<< 
B>> version
B<< = 2021
B<< 
B>> list_commands
B<< = play
B<< genmove
B<< clear_board
B<< showboard
B<< boardsize
B<< name
B<< version
B<< protocol_version
B<< list_commands
B<< quit
B<< 
B<< 
W>> protocol_version
W<< HollowNoGo-Demo: /mnt/nfs/work/TaiLin/TCG/tcg2021/hw4/pj-4-judge-v1/../pj-4-code-v1/nogo --shell --white=mcts T=1000 c=0.3 simenemy=a TMT=lr 
W<< 
W<< N | 100
W<< T | 10005
W<< TMT | normal
W<< c | 0
W<< name | 
W<< role | black
W<< simenemy | mctsn
W<< N | 100
W<< T | 1000
W<< TMT | lr
W<< c | 0.3
W<< name | mcts
W<< role | white
W<< simenemy | a
W<< = 2
W<< 
W>> name
W<< = TCG-HollowNoGo-Demo
W<< 
W>> version
W<< = 2021
W<< 
W>> list_commands
W<< = play
W<< genmove
W<< clear_board
W<< showboard
W<< boardsize
W<< name
W<< version
W<< protocol_version
W<< list_commands
W<< quit
W<< 
W<< 
B>> boardsize 9
B<< = 
B<< 
B>> clear_board
B<< = 
B<< 
W>> boardsize 9
W<< = 
W<< 
W>> clear_board
W<< = 
W<< 
============================================
Game 0
============================================
B>> boardsize 9
B<< = 
B<< 
B>> clear_board
B<< = 
B<< 
W>> boardsize 9
W<< = 
W<< 
W>> clear_board
W<< = 
W<< 
B>> genmove b
B<< 22774-
B<< = G6
B<< 
W>> play B G6
W<< = 
W<< 
W>> genmove w
W<< 44384
W<< = J1
W<< 
B>> play W J1
B<< = 
B<< 
B>> genmove b
B<< 22333-
B<< = B8
B<< 
W>> play B B8
W<< = 
W<< 
W>> genmove w
W<< 42934
W<< = A9
W<< 
B>> play W A9
B<< = 
B<< 
B>> genmove b
B<< 22218-
B<< = J9
B<< 
W>> play B J9
W<< = 
W<< 
W>> genmove w
W<< 43122
W<< = H3
W<< 
B>> play W H3
B<< = 
B<< 
B>> genmove b
B<< 21773-
B<< = A3
B<< 
W>> play B A3
W<< = 
W<< 
W>> genmove w
W<< 41254
W<< = G5
W<< 
B>> play W G5
B<< = 
B<< 
B>> genmove b
B<< 21955-
B<< = A1
B<< 
W>> play B A1
W<< = 
W<< 
W>> genmove w
W<< 40548
W<< = J4
W<< 
B>> play W J4
B<< = 
B<< 
B>> genmove b
B<< 21695-
B<< = G4
B<< 
W>> play B G4
W<< = 
W<< 
W>> genmove w
W<< 41277
W<< = C3
W<< 
B>> play W C3
B<< = 
B<< 
B>> genmove b
B<< 21249-
B<< = E9
B<< 
W>> play B E9
W<< = 
W<< 
W>> genmove w
W<< 39113
W<< = J2
W<< 
B>> play W J2
B<< = 
B<< 
B>> genmove b
B<< 21182-
B<< = A5
B<< 
W>> play B A5
W<< = 
W<< 
W>> genmove w
W<< 37450
W<< = C5
W<< 
B>> play W C5
B<< = 
B<< 
B>> genmove b
B<< 20836-
B<< = H2
B<< 
W>> play B H2
W<< = 
W<< 
W>> genmove w
W<< 38184
W<< = B4
W<< 
B>> play W B4
B<< = 
B<< 
B>> genmove b
B<< 20321-
B<< = J5
B<< 
W>> play B J5
W<< = 
W<< 
W>> genmove w
W<< 37541
W<< = E1
W<< 
B>> play W E1
B<< = 
B<< 
B>> genmove b
B<< 20775-
B<< = C6
B<< 
W>> play B C6
W<< = 
W<< 
W>> genmove w
W<< 36514
W<< = F7
W<< 
B>> play W F7
B<< = 
B<< 
B>> genmove b
B<< 20916-
B<< = C9
B<< 
W>> play B C9
W<< = 
W<< 
W>> genmove w
W<< 36552
W<< = F2
W<< 
B>> play W F2
B<< = 
B<< 
B>> genmove b
B<< 20671-
B<< = G9
B<< 
W>> play B G9
W<< = 
W<< 
W>> genmove w
W<< 33880
W<< = G1
W<< 
B>> play W G1
B<< = 
B<< 
B>> genmove b
B<< 19959-
B<< = D3
B<< 
W>> play B D3
W<< = 
W<< 
W>> genmove w
W<< 34385
W<< = D9
W<< 
B>> play W D9
B<< = 
B<< 
B>> genmove b
B<< 20244-
B<< = A7
B<< 
W>> play B A7
W<< = 
W<< 
W>> genmove w
W<< 32451
W<< = C1
W<< 
B>> play W C1
B<< = 
B<< 
B>> genmove b
B<< 19628-
B<< = B6
B<< 
W>> play B B6
W<< = 
W<< 
W>> genmove w
W<< 33048
W<< = C7
W<< 
B>> play W C7
B<< = 
B<< 
B>> genmove b
B<< 19769-
B<< = H8
B<< 
W>> play B H8
W<< = 
W<< 
W>> genmove w
W<< 31882
W<< = J8
W<< 
B>> play W J8
B<< = 
B<< 
B>> genmove b
B<< 19753-
B<< = F8
B<< 
W>> play B F8
W<< = 
W<< 
W>> genmove w
W<< 32515
W<< = G8
W<< 
B>> play W G8
B<< = 
B<< 
B>> genmove b
B<< 20062-
B<< = F3
B<< 
W>> play B F3
W<< = 
W<< 
W>> genmove w
W<< 32933
W<< = D2
W<< 
B>> play W D2
B<< = 
B<< 
B>> genmove b
B<< 18284-
B<< = H1
B<< 
W>> play B H1
W<< = 
W<< 
W>> genmove w
W<< 30007
W<< = B2
W<< 
B>> play W B2
B<< = 
B<< 
B>> genmove b
B<< 19795-
B<< = D7
B<< 
W>> play B D7
W<< = 
W<< 
W>> genmove w
W<< 30605
W<< = G3
W<< 
B>> play W G3
B<< = 
B<< 
B>> genmove b
B<< 20186-
B<< = C8
B<< 
W>> play B C8
W<< = 
W<< 
W>> genmove w
W<< 29985
W<< = A4
W<< 
B>> play W A4
B<< = 
B<< 
B>> genmove b
B<< 20537-
B<< = B1
B<< 
W>> play B B1
W<< = 
W<< 
W>> genmove w
W<< 31815
W<< = H7
W<< 
B>> play W H7
B<< = 
B<< 
B>> genmove b
B<< 21103-
B<< = E8
B<< 
W>> play B E8
W<< = 
W<< 
W>> genmove w
W<< 28720
W<< = E2
W<< 
B>> play W E2
B<< = 
B<< 
B>> genmove b
B<< 20417-
B<< = A8
B<< 
W>> play B A8
W<< = 
W<< 
W>> genmove w
W<< 26793
W<< = B3
W<< 
B>> play W B3
B<< = 
B<< 
B>> genmove b
B<< 18124-
B<< = J6
B<< 
W>> play B J6
W<< = 
W<< 
W>> genmove w
W<< 24469
W<< = B5
W<< 
B>> play W B5
B<< = 
B<< 
B>> genmove b
B<< 20573-
B<< = H4
B<< 
W>> play B H4
W<< = 
W<< 
W>> genmove w
W<< 23867
W<< = D1
W<< 
B>> play W D1
B<< = 
B<< 
B>> genmove b
B<< 22122-
B<< = H6
B<< 
W>> play B H6
W<< = 
W<< 
W>> genmove w
W<< 27907
W<< = F1
W<< 
B>> play W F1
B<< = 
B<< 
B>> genmove b
B<< 75556-
B<< = A6
B<< 
W>> play B A6
W<< = 
W<< 
W>> genmove w
W<< 98346
W<< = J3
W<< 
B>> play W J3
B<< = 
B<< 
B>> genmove b
B<< 104591-
B<< = E7
B<< 
W>> play B E7
W<< = 
W<< 
W>> genmove w
W<< 88439
W<< = C2
W<< 
B>> play W C2
B<< = 
B<< 
B>> genmove b
B<< 133780-
B<< = F9
B<< 
W>> play B F9
W<< = 
W<< 
W>> genmove w
W<< 161603
W<< = J7
W<< 
B>> play W J7
B<< = 
B<< 
B>> genmove b
B<< 176290-
B<< = H9
B<< 
W>> play B H9
W<< = 
W<< 
W>> genmove w
W<< 253933
W<< = C4
W<< 
B>> play W C4
B<< = 
B<< 
B>> genmove b
B<< 1196208-
B<< = resign
B<< 
============================================
Game 1
============================================
B>> boardsize 9
B<< = 
B<< 
B>> clear_board
B<< = 
B<< 
W>> boardsize 9
W<< = 
W<< 
W>> clear_board
W<< = 
W<< 
B>> genmove b
B<< 22494-
B<< = B8
B<< 
W>> play B B8
W<< = 
W<< 
W>> genmove w
W<< 43619
W<< = J3
W<< 
B>> play W J3
B<< = 
B<< 
B>> genmove b
B<< 21844-
B<< = J5
B<< 
W>> play B J5
W<< = 
W<< 
W>> genmove w
W<< 42870
W<< = G4
W<< 
B>> play W G4
B<< = 
B<< 
B>> genmove b
B<< 21742-
B<< = C9
B<< 
W>> play B C9
W<< = 
W<< 
W>> genmove w
W<< 41958
W<< = A8
W<< 
B>> play W A8
B<< = 
B<< 
B>> genmove b
B<< 21639-
B<< = J9
B<< 
W>> play B J9
W<< = 
W<< 
W>> genmove w
W<< 42021
W<< = E9
W<< 
B>> play W E9
B<< = 
B<< 
B>> genmove b
B<< 21595-
B<< = A7
B<< 
W>> play B A7
W<< = 
W<< 
W>> genmove w
W<< 40504
W<< = G1
W<< 
B>> play W G1
B<< = 
B<< 
B>> genmove b
B<< 21756-
B<< = C8
B<< 
W>> play B C8
W<< = 
W<< 
W>> genmove w
W<< 39488
W<< = G6
W<< 
B>> play W G6
B<< = 
B<< 
B>> genmove b
B<< 20973-
B<< = C1
B<< 
W>> play B C1
W<< = 
W<< 
W>> genmove w
W<< 38540
W<< = J6
W<< 
B>> play W J6
B<< = 
B<< 
B>> genmove b
B<< 20579-
B<< = A3
B<< 
W>> play B A3
W<< = 
W<< 
W>> genmove w
W<< 36613
W<< = H5
W<< 
B>> play W H5
B<< = 
B<< 
B>> genmove b
B<< 20883-
B<< = D7
B<< 
W>> play B D7
W<< = 
W<< 
W>> genmove w
W<< 36007
W<< = H7
W<< 
B>> play W H7
B<< = 
B<< 
B>> genmove b
B<< 19556-
B<< = G7
B<< 
W>> play B G7
W<< = 
W<< 
W>> genmove w
W<< 36304
W<< = F8
W<< 
B>> play W F8
B<< = 
B<< 
B>> genmove b
B<< 20382-
B<< = J1
B<< 
W>> play B J1
W<< = 
W<< 
W>> genmove w
W<< 33631
W<< = H4
W<< 
B>> play W H4
B<< = 
B<< 
B>> genmove b
B<< 19829-
B<< = A1
B<< 
W>> play B A1
W<< = 
W<< 
W>> genmove w
W<< 33299
W<< = G9
W<< 
B>> play W G9
B<< = 
B<< 
B>> genmove b
B<< 19088-
B<< = B2
B<< 
W>> play B B2
W<< = 
W<< 
W>> genmove w
W<< 30171
W<< = J8
W<< 
B>> play W J8
B<< = 
B<< 
B>> genmove b
B<< 18658-
B<< = E8
B<< 
W>> play B E8
W<< = 
W<< 
W>> genmove w
W<< 31629
W<< = C7
W<< 
B>> play W C7
B<< = 
B<< 
B>> genmove b
B<< 19105-
B<< = D9
B<< 
W>> play B D9
W<< = 
W<< 
W>> genmove w
W<< 30045
W<< = E7
W<< 
B>> play W E7
B<< = 
B<< 
B>> genmove b
B<< 19097-
B<< = E3
B<< 
W>> play B E3
W<< = 
W<< 
W>> genmove w
W<< 31996
W<< = G8
W<< 
B>> play W G8
B<< = 
B<< 
B>> genmove b
B<< 18913-
B<< = C3
B<< 
W>> play B C3
W<< = 
W<< 
W>> genmove w
W<< 28926
W<< = C2
W<< 
B>> play W C2
B<< = 
B<< 
B>> genmove b
B<< 18367-
B<< = B4
B<< 
W>> play B B4
W<< = 
W<< 
W>> genmove w
W<< 29491
W<< = A5
W<< 
B>> play W A5
B<< = 
B<< 
B>> genmove b
B<< 18413-
B<< = C5
B<< 
W>> play B C5
W<< = 
W<< 
W>> genmove w
W<< 29174
W<< = B9
W<< 
B>> play W B9
B<< = 
B<< 
B>> genmove b
B<< 17146-
B<< = B6
B<< 
W>> play B B6
W<< = 
W<< 
W>> genmove w
W<< 27711
W<< = A4
W<< 
B>> play W A4
B<< = 
B<< 
B>> genmove b
B<< 18612-
B<< = H3
B<< 
W>> play B H3
W<< = 
W<< 
W>> genmove w
W<< 29835
W<< = F3
W<< 
B>> play W F3
B<< = 
B<< 
B>> genmove b
B<< 19618-
B<< = F1
B<< 
W>> play B F1
W<< = 
W<< 
W>> genmove w
W<< 27710
W<< = B7
W<< 
B>> play W B7
B<< = 
B<< 
B>> genmove b
B<< 19601-
B<< = J2
B<< 
W>> play B J2
W<< = 
W<< 
W>> genmove w
W<< 28885
W<< = H2
W<< 
B>> play W H2
B<< = 
B<< 
B>> genmove b
B<< 20383-
B<< = G2
B<< 
W>> play B G2
W<< = 
W<< 
W>> genmove w
W<< 28030
W<< = B5
W<< 
B>> play W B5
B<< = 
B<< 
B>> genmove b
B<< 21663-
B<< = D3
B<< 
W>> play B D3
W<< = 
W<< 
W>> genmove w
W<< 24029
W<< = H8
W<< 
B>> play W H8
B<< = 
B<< 
B>> genmove b
B<< 19147-
B<< = E1
B<< 
W>> play B E1
W<< = 
W<< 
W>> genmove w
W<< 22224
W<< = F2
W<< 
B>> play W F2
B<< = 
B<< 
B>> genmove b
B<< 18353-
B<< = C4
B<< 
W>> play B C4
W<< = 
W<< 
W>> genmove w
W<< 31635
W<< = D1
W<< 
B>> play W D1
B<< = 
B<< 
B>> genmove b
B<< 73419-
B<< = B3
B<< 
W>> play B B3
W<< = 
W<< 
W>> genmove w
W<< 89432
W<< = F9
W<< 
B>> play W F9
B<< = 
B<< 
B>> genmove b
B<< 91460-
B<< = E2
B<< 
W>> play B E2
W<< = 
W<< 
W>> genmove w
W<< 95720
W<< = J7
W<< 
B>> play W J7
B<< = 
B<< 
B>> genmove b
B<< 110199-
B<< = A2
B<< 
W>> play B A2
W<< = 
W<< 
W>> genmove w
W<< 135035
W<< = H6
W<< 
B>> play W H6
B<< = 
B<< 
B>> genmove b
B<< 158111-
B<< = B1
B<< 
W>> play B B1
W<< = 
W<< 
W>> genmove w
W<< 217924
W<< = G5
W<< 
B>> play W G5
B<< = 
B<< 
B>> genmove b
B<< 1448110-
B<< = resign
B<< 
============================================
Game 2
============================================
B>> boardsize 9
B<< = 
B<< 
B>> clear_board
B<< = 
B<< 
W>> boardsize 9
W<< = 
W<< 
W>> clear_board
W<< = 
W<< 
B>> genmove b
B<< 22456-
B<< = D3
B<< 
W>> play B D3
W<< = 
W<< 
W>> genmove w
W<< 43935
W<< = J2
W<< 
B>> play W J2
B<< = 
B<< 
B>> genmove b
B<< 22046-
B<< = C4
B<< 
W>> play B C4
W<< = 
W<< 
W>> genmove w
W<< 42290
W<< = G4
W<< 
B>> play W G4
B<< = 
B<< 
B>> genmove b
B<< 21515-
B<< = B2
B<< 
W>> play B B2
W<< = 
W<< 
W>> genmove w
W<< 41209
W<< = G6
W<< 
B>> play W G6
B<< = 
B<< 
B>> genmove b
B<< 21528-
B<< = C6
B<< 
W>> play B C6
W<< = 
W<< 
W>> genmove w
W<< 38901
W<< = H1
W<< 
B>> play W H1
B<< = 
B<< 
B>> genmove b
B<< 20745-
B<< = H3
B<< 
W>> play B H3
W<< = 
W<< 
W>> genmove w
W<< 38576
W<< = H5
W<< 
B>> play W H5
B<< = 
B<< 
B>> genmove b
B<< 20384-
B<< = F9
B<< 
W>> play B F9
W<< = 
W<< 
W>> genmove w
W<< 37472
W<< = F1
W<< 
B>> play W F1
B<< = 
B<< 
B>> genmove b
B<< 20338-
B<< = B5
B<< 
W>> play B B5
W<< = 
W<< 
W>> genmove w
W<< 35067
W<< = J9
W<< 
B>> play W J9
B<< = 
B<< 
B>> genmove b
B<< 19778-
B<< = G1
B<< 
W>> play B G1
W<< = 
W<< 
W>> genmove w
W<< 34878
W<< = A1
W<< 
B>> play W A1
B<< = 
B<< 
B>> genmove b
B<< 19961-
B<< = A4
B<< 
W>> play B A4
W<< = 
W<< 
W>> genmove w
W<< 34850
W<< = B3
W<< 
B>> play W B3
B<< = 
B<< 
B>> genmove b
B<< 20164-
B<< = A6
B<< 
W>> play B A6
W<< = 
W<< 
W>> genmove w
W<< 34661
W<< = B6
W<< 
B>> play W B6
B<< = 
B<< 
B>> genmove b
B<< 20274-
B<< = B9
B<< 
W>> play B B9
W<< = 
W<< 
W>> genmove w
W<< 35420
W<< = A9
W<< 
B>> play W A9
B<< = 
B<< 
B>> genmove b
B<< 19694-
B<< = G8
B<< 
W>> play B G8
W<< = 
W<< 
W>> genmove w
W<< 35113
W<< = J4
W<< 
B>> play W J4
B<< = 
B<< 
B>> genmove b
B<< 20205-
B<< = J5
B<< 
W>> play B J5
W<< = 
W<< 
W>> genmove w
W<< 35433
W<< = J7
W<< 
B>> play W J7
B<< = 
B<< 
B>> genmove b
B<< 19500-
B<< = H7
B<< 
W>> play B H7
W<< = 
W<< 
W>> genmove w
W<< 34751
W<< = H6
W<< 
B>> play W H6
B<< = 
B<< 
B>> genmove b
B<< 20139-
B<< = C1
B<< 
W>> play B C1
W<< = 
W<< 
W>> genmove w
W<< 34379
W<< = C9
W<< 
B>> play W C9
B<< = 
B<< 
B>> genmove b
B<< 19039-
B<< = C2
B<< 
W>> play B C2
W<< = 
W<< 
W>> genmove w
W<< 32484
W<< = D1
W<< 
B>> play W D1
B<< = 
B<< 
B>> genmove b
B<< 19615-
B<< = D7
B<< 
W>> play B D7
W<< = 
W<< 
W>> genmove w
W<< 31827
W<< = G9
W<< 
B>> play W G9
B<< = 
B<< 
B>> genmove b
B<< 18927-
B<< = J8
B<< 
W>> play B J8
W<< = 
W<< 
W>> genmove w
W<< 31860
W<< = E3
W<< 
B>> play W E3
B<< = 
B<< 
B>> genmove b
B<< 19577-
B<< = F7
B<< 
W>> play B F7
W<< = 
W<< 
W>> genmove w
W<< 32495
W<< = E7
W<< 
B>> play W E7
B<< = 
B<< 
B>> genmove b
B<< 19934-
B<< = H4
B<< 
W>> play B H4
W<< = 
W<< 
W>> genmove w
W<< 30646
W<< = B4
W<< 
B>> play W B4
B<< = 
B<< 
B>> genmove b
B<< 19878-
B<< = H2
B<< 
W>> play B H2
W<< = 
W<< 
W>> genmove w
W<< 33851
W<< = G7
W<< 
B>> play W G7
B<< = 
B<< 
B>> genmove b
B<< 21917-
B<< = F3
B<< 
W>> play B F3
W<< = 
W<< 
W>> genmove w
W<< 32830
W<< = B1
W<< 
B>> play W B1
B<< = 
B<< 
B>> genmove b
B<< 21465-
B<< = H8
B<< 
W>> play B H8
W<< = 
W<< 
W>> genmove w
W<< 31697
W<< = C3
W<< 
B>> play W C3
B<< = 
B<< 
B>> genmove b
B<< 22400-
B<< = A7
B<< 
W>> play B A7
W<< = 
W<< 
W>> genmove w
W<< 32727
W<< = E9
W<< 
B>> play W E9
B<< = 
B<< 
B>> genmove b
B<< 22731-
B<< = D8
B<< 
W>> play B D8
W<< = 
W<< 
W>> genmove w
W<< 30407
W<< = E2
W<< 
B>> play W E2
B<< = 
B<< 
B>> genmove b
B<< 22602-
B<< = F2
B<< 
W>> play B F2
W<< = 
W<< 
W>> genmove w
W<< 29142
W<< = A2
W<< 
B>> play W A2
B<< = 
B<< 
B>> genmove b
B<< 21964-
B<< = G3
B<< 
W>> play B G3
W<< = 
W<< 
W>> genmove w
W<< 29259
W<< = A8
W<< 
B>> play W A8
B<< = 
B<< 
B>> genmove b
B<< 24577-
B<< = A5
B<< 
W>> play B A5
W<< = 
W<< 
W>> genmove w
W<< 38633
W<< = J3
W<< 
B>> play W J3
B<< = 
B<< 
B>> genmove b
B<< 71011-
B<< = F8
B<< 
W>> play B F8
W<< = 
W<< 
W>> genmove w
W<< 113694
W<< = C8
W<< 
B>> play W C8
B<< = 
B<< 
B>> genmove b
B<< 138362-
B<< = C7
B<< 
W>> play B C7
W<< = 
W<< 
W>> genmove w
W<< 165113
W<< = B7
W<< 
B>> play W B7
B<< = 
B<< 
B>> genmove b
B<< 185278-
B<< = D9
B<< 
W>> play B D9
W<< = 
W<< 
W>> genmove w
W<< 222207
W<< = E1
W<< 
B>> play W E1
B<< = 
B<< 
B>> genmove b
B<< 251879-
B<< = C5
B<< 
W>> play B C5
W<< = 
W<< 
W>> genmove w
W<< 477880
W<< = G5
W<< 
B>> play W G5
B<< = 
B<< 
B>> genmove b
B<< 1164102-
B<< = resign
B<< 
============================================
Game 3
============================================
B>> boardsize 9
B<< = 
B<< 
B>> clear_board
B<< = 
B<< 
W>> boardsize 9
W<< = 
W<< 
W>> clear_board
W<< = 
W<< 
B>> genmove b
B<< 22434-
B<< = F3
B<< 
W>> play B F3
W<< = 
W<< 
W>> genmove w
W<< 44286
W<< = J5
W<< 
B>> play W J5
B<< = 
B<< 
B>> genmove b
B<< 21688-
B<< = H2
B<< 
W>> play B H2
W<< = 
W<< 
W>> genmove w
W<< 42156
W<< = F7
W<< 
B>> play W F7
B<< = 
B<< 
B>> genmove b
B<< 21827-
B<< = E7
B<< 
W>> play B E7
W<< = 
W<< 
W>> genmove w
W<< 42290
W<< = J8
W<< 
B>> play W J8
B<< = 
B<< 
B>> genmove b
B<< 21951-
B<< = J1
B<< 
W>> play B J1
W<< = 
W<< 
W>> genmove w
W<< 40722
W<< = A9
W<< 
B>> play W A9
B<< = 
B<< 
B>> genmove b
B<< 21584-
B<< = G1
B<< 
W>> play B G1
W<< = 
W<< 
W>> genmove w
W<< 39983
W<< = J2
W<< 
B>> play W J2
B<< = 
B<< 
B>> genmove b
B<< 21044-
B<< = B1
B<< 
W>> play B B1
W<< = 
W<< 
W>> genmove w
W<< 40048
W<< = H9
W<< 
B>> play W H9
B<< = 
B<< 
B>> genmove b
B<< 21267-
B<< = A3
B<< 
W>> play B A3
W<< = 
W<< 
W>> genmove w
W<< 37609
W<< = G6
W<< 
B>> play W G6
B<< = 
B<< 
B>> genmove b
B<< 20803-
B<< = G9
B<< 
W>> play B G9
W<< = 
W<< 
W>> genmove w
W<< 37605
W<< = D3
W<< 
B>> play W D3
B<< = 
B<< 
B>> genmove b
B<< 20362-
B<< = J7
B<< 
W>> play B J7
W<< = 
W<< 
W>> genmove w
W<< 39244
W<< = A2
W<< 
B>> play W A2
B<< = 
B<< 
B>> genmove b
B<< 21514-
B<< = H8
B<< 
W>> play B H8
W<< = 
W<< 
W>> genmove w
W<< 38141
W<< = F1
W<< 
B>> play W F1
B<< = 
B<< 
B>> genmove b
B<< 21894-
B<< = C6
B<< 
W>> play B C6
W<< = 
W<< 
W>> genmove w
W<< 38644
W<< = E9
W<< 
B>> play W E9
B<< = 
B<< 
B>> genmove b
B<< 21032-
B<< = J4
B<< 
W>> play B J4
W<< = 
W<< 
W>> genmove w
W<< 38649
W<< = G2
W<< 
B>> play W G2
B<< = 
B<< 
B>> genmove b
B<< 21961-
B<< = D9
B<< 
W>> play B D9
W<< = 
W<< 
W>> genmove w
W<< 39030
W<< = H3
W<< 
B>> play W H3
B<< = 
B<< 
B>> genmove b
B<< 21721-
B<< = G5
B<< 
W>> play B G5
W<< = 
W<< 
W>> genmove w
W<< 38214
W<< = A6
W<< 
B>> play W A6
B<< = 
B<< 
B>> genmove b
B<< 22825-
B<< = E1
B<< 
W>> play B E1
W<< = 
W<< 
W>> genmove w
W<< 38497
W<< = C1
W<< 
B>> play W C1
B<< = 
B<< 
B>> genmove b
B<< 21896-
B<< = A5
B<< 
W>> play B A5
W<< = 
W<< 
W>> genmove w
W<< 37481
W<< = A4
W<< 
B>> play W A4
B<< = 
B<< 
B>> genmove b
B<< 23319-
B<< = C4
B<< 
W>> play B C4
W<< = 
W<< 
W>> genmove w
W<< 38258
W<< = D7
W<< 
B>> play W D7
B<< = 
B<< 
B>> genmove b
B<< 22972-
B<< = C8
B<< 
W>> play B C8
W<< = 
W<< 
W>> genmove w
W<< 36945
W<< = C9
W<< 
B>> play W C9
B<< = 
B<< 
B>> genmove b
B<< 23347-
B<< = A8
B<< 
W>> play B A8
W<< = 
W<< 
W>> genmove w
W<< 37266
W<< = A1
W<< 
B>> play W A1
B<< = 
B<< 
B>> genmove b
B<< 23811-
B<< = B7
B<< 
W>> play B B7
W<< = 
W<< 
W>> genmove w
W<< 35590
W<< = C5
W<< 
B>> play W C5
B<< = 
B<< 
B>> genmove b
B<< 22853-
B<< = B6
B<< 
W>> play B B6
W<< = 
W<< 
W>> genmove w
W<< 36650
W<< = B9
W<< 
B>> play W B9
B<< = 
B<< 
B>> genmove b
B<< 24805-
B<< = G3
B<< 
W>> play B G3
W<< = 
W<< 
W>> genmove w
W<< 36394
W<< = G4
W<< 
B>> play W G4
B<< = 
B<< 
B>> genmove b
B<< 26397-
B<< = D8
B<< 
W>> play B D8
W<< = 
W<< 
W>> genmove w
W<< 34368
W<< = D1
W<< 
B>> play W D1
B<< = 
B<< 
B>> genmove b
B<< 25939-
B<< = F9
B<< 
W>> play B F9
W<< = 
W<< 
W>> genmove w
W<< 33867
W<< = J6
W<< 
B>> play W J6
B<< = 
B<< 
B>> genmove b
B<< 28746-
B<< = C2
B<< 
W>> play B C2
W<< = 
W<< 
W>> genmove w
W<< 45995
W<< = G7
W<< 
B>> play W G7
B<< = 
B<< 
B>> genmove b
B<< 44741-
B<< = E3
B<< 
W>> play B E3
W<< = 
W<< 
W>> genmove w
W<< 102848
W<< = F2
W<< 
B>> play W F2
B<< = 
B<< 
B>> genmove b
B<< 104292-
B<< = C3
B<< 
W>> play B C3
W<< = 
W<< 
W>> genmove w
W<< 133528
W<< = H6
W<< 
B>> play W H6
B<< = 
B<< 
B>> genmove b
B<< 143667-
B<< = B3
B<< 
W>> play B B3
W<< = 
W<< 
W>> genmove w
W<< 165164
W<< = F8
W<< 
B>> play W F8
B<< = 
B<< 
B>> genmove b
B<< 191954-
B<< = H7
B<< 
W>> play B H7
W<< = 
W<< 
W>> genmove w
W<< 301233
W<< = J3
W<< 
B>> play W J3
B<< = 
B<< 
B>> genmove b
B<< 305495-
B<< = H5
B<< 
W>> play B H5
W<< = 
W<< 
W>> genmove w
W<< 546816
W<< = D2
W<< 
B>> play W D2
B<< = 
B<< 
B>> genmove b
B<< 1688638-
B<< = resign
B<< 
============================================
Game 4
============================================
B>> boardsize 9
B<< = 
B<< 
B>> clear_board
B<< = 
B<< 
W>> boardsize 9
W<< = 
W<< 
W>> clear_board
W<< = 
W<< 
B>> genmove b
B<< 21678-
B<< = C9
B<< 
W>> play B C9
W<< = 
W<< 
W>> genmove w
W<< 43265
W<< = J6
W<< 
B>> play W J6
B<< = 
B<< 
B>> genmove b
B<< 21774-
B<< = B4
B<< 
W>> play B B4
W<< = 
W<< 
W>> genmove w
W<< 40877
W<< = A9
W<< 
B>> play W A9
B<< = 
B<< 
B>> genmove b
B<< 21258-
B<< = F7
B<< 
W>> play B F7
W<< = 
W<< 
W>> genmove w
W<< 40119
W<< = A1
W<< 
B>> play W A1
B<< = 
B<< 
B>> genmove b
B<< 21336-
B<< = J9
B<< 
W>> play B J9
W<< = 
W<< 
W>> genmove w
W<< 40019
W<< = D1
W<< 
B>> play W D1
B<< = 
B<< 
B>> genmove b
B<< 20778-
B<< = C3
B<< 
W>> play B C3
W<< = 
W<< 
W>> genmove w
W<< 39015
W<< = C4
W<< 
B>> play W C4
B<< = 
B<< 
B>> genmove b
B<< 20668-
B<< = A7
B<< 
W>> play B A7
W<< = 
W<< 
W>> genmove w
W<< 38311
W<< = J1
W<< 
B>> play W J1
B<< = 
B<< 
B>> genmove b
B<< 21110-
B<< = A5
B<< 
W>> play B A5
W<< = 
W<< 
W>> genmove w
W<< 38175
W<< = A4
W<< 
B>> play W A4
B<< = 
B<< 
B>> genmove b
B<< 20124-
B<< = B8
B<< 
W>> play B B8
W<< = 
W<< 
W>> genmove w
W<< 38366
W<< = B6
W<< 
B>> play W B6
B<< = 
B<< 
B>> genmove b
B<< 20423-
B<< = C6
B<< 
W>> play B C6
W<< = 
W<< 
W>> genmove w
W<< 36693
W<< = D9
W<< 
B>> play W D9
B<< = 
B<< 
B>> genmove b
B<< 20998-
B<< = E3
B<< 
W>> play B E3
W<< = 
W<< 
W>> genmove w
W<< 37820
W<< = D3
W<< 
B>> play W D3
B<< = 
B<< 
B>> genmove b
B<< 20779-
B<< = G9
B<< 
W>> play B G9
W<< = 
W<< 
W>> genmove w
W<< 36233
W<< = G1
W<< 
B>> play W G1
B<< = 
B<< 
B>> genmove b
B<< 20949-
B<< = J5
B<< 
W>> play B J5
W<< = 
W<< 
W>> genmove w
W<< 36090
W<< = H9
W<< 
B>> play W H9
B<< = 
B<< 
B>> genmove b
B<< 20193-
B<< = D7
B<< 
W>> play B D7
W<< = 
W<< 
W>> genmove w
W<< 36623
W<< = J4
W<< 
B>> play W J4
B<< = 
B<< 
B>> genmove b
B<< 20639-
B<< = C1
B<< 
W>> play B C1
W<< = 
W<< 
W>> genmove w
W<< 36370
W<< = H2
W<< 
B>> play W H2
B<< = 
B<< 
B>> genmove b
B<< 20149-
B<< = E8
B<< 
W>> play B E8
W<< = 
W<< 
W>> genmove w
W<< 33962
W<< = H3
W<< 
B>> play W H3
B<< = 
B<< 
B>> genmove b
B<< 19954-
B<< = J2
B<< 
W>> play B J2
W<< = 
W<< 
W>> genmove w
W<< 33358
W<< = G3
W<< 
B>> play W G3
B<< = 
B<< 
B>> genmove b
B<< 19250-
B<< = G2
B<< 
W>> play B G2
W<< = 
W<< 
W>> genmove w
W<< 35014
W<< = D8
W<< 
B>> play W D8
B<< = 
B<< 
B>> genmove b
B<< 21231-
B<< = E1
B<< 
W>> play B E1
W<< = 
W<< 
W>> genmove w
W<< 35817
W<< = F8
W<< 
B>> play W F8
B<< = 
B<< 
B>> genmove b
B<< 20835-
B<< = B2
B<< 
W>> play B B2
W<< = 
W<< 
W>> genmove w
W<< 34621
W<< = G7
W<< 
B>> play W G7
B<< = 
B<< 
B>> genmove b
B<< 21832-
B<< = G4
B<< 
W>> play B G4
W<< = 
W<< 
W>> genmove w
W<< 35653
W<< = G5
W<< 
B>> play W G5
B<< = 
B<< 
B>> genmove b
B<< 22666-
B<< = G6
B<< 
W>> play B G6
W<< = 
W<< 
W>> genmove w
W<< 34363
W<< = B1
W<< 
B>> play W B1
B<< = 
B<< 
B>> genmove b
B<< 21406-
B<< = J7
B<< 
W>> play B J7
W<< = 
W<< 
W>> genmove w
W<< 35044
W<< = C7
W<< 
B>> play W C7
B<< = 
B<< 
B>> genmove b
B<< 23700-
B<< = E7
B<< 
W>> play B E7
W<< = 
W<< 
W>> genmove w
W<< 34146
W<< = A8
W<< 
B>> play W A8
B<< = 
B<< 
B>> genmove b
B<< 23965-
B<< = H7
B<< 
W>> play B H7
W<< = 
W<< 
W>> genmove w
W<< 32252
W<< = B7
W<< 
B>> play W B7
B<< = 
B<< 
B>> genmove b
B<< 22104-
B<< = A6
B<< 
W>> play B A6
W<< = 
W<< 
W>> genmove w
W<< 32100
W<< = G8
W<< 
B>> play W G8
B<< = 
B<< 
B>> genmove b
B<< 23836-
B<< = C2
B<< 
W>> play B C2
W<< = 
W<< 
W>> genmove w
W<< 29526
W<< = F3
W<< 
B>> play W F3
B<< = 
B<< 
B>> genmove b
B<< 25148-
B<< = F1
B<< 
W>> play B F1
W<< = 
W<< 
W>> genmove w
W<< 28642
W<< = H1
W<< 
B>> play W H1
B<< = 
B<< 
B>> genmove b
B<< 33811-
B<< = E2
B<< 
W>> play B E2
W<< = 
W<< 
W>> genmove w
W<< 51537
W<< = H8
W<< 
B>> play W H8
B<< = 
B<< 
B>> genmove b
B<< 105217-
B<< = H4
B<< 
W>> play B H4
W<< = 
W<< 
W>> genmove w
W<< 142541
W<< = C8
W<< 
B>> play W C8
B<< = 
B<< 
B>> genmove b
B<< 158072-
B<< = J8
B<< 
W>> play B J8
W<< = 
W<< 
W>> genmove w
W<< 186705
W<< = A3
W<< 
B>> play W A3
B<< = 
B<< 
B>> genmove b
B<< 212441-
B<< = E9
B<< 
W>> play B E9
W<< = 
W<< 
W>> genmove w
W<< 268235
W<< = B3
W<< 
B>> play W B3
B<< = 
B<< 
B>> genmove b
B<< 378542-
B<< = F2
B<< 
W>> play B F2
W<< = 
W<< 
W>> genmove w
W<< 1465387
W<< = resign
W<< 
============================================
Game 5
============================================
B>> boardsize 9
B<< = 
B<< 
B>> clear_board
B<< = 
B<< 
W>> boardsize 9
W<< = 
W<< 
W>> clear_board
W<< = 
W<< 
B>> genmove b
B<< 21870-
B<< = C6
B<< 
W>> play B C6
W<< = 
W<< 
W>> genmove w
W<< 42842
W<< = D1
W<< 
B>> play W D1
B<< = 
B<< 
B>> genmove b
B<< 21849-
B<< = J3
B<< 
W>> play B J3
W<< = 
W<< 
W>> genmove w
W<< 40356
W<< = G5
W<< 
B>> play W G5
B<< = 
B<< 
B>> genmove b
B<< 21226-
B<< = E9
B<< 
W>> play B E9
W<< = 
W<< 
W>> genmove w
W<< 40221
W<< = F9
W<< 
B>> play W F9
B<< = 
B<< 
B>> genmove b
B<< 21123-
B<< = A4
B<< 
W>> play B A4
W<< = 
W<< 
W>> genmove w
W<< 40485
W<< = H2
W<< 
B>> play W H2
B<< = 
B<< 
B>> genmove b
B<< 21070-
B<< = G7
B<< 
W>> play B G7
W<< = 
W<< 
W>> genmove w
W<< 39012
W<< = G1
W<< 
B>> play W G1
B<< = 
B<< 
B>> genmove b
B<< 20855-
B<< = A2
B<< 
W>> play B A2
W<< = 
W<< 
W>> genmove w
W<< 36971
W<< = J5
W<< 
B>> play W J5
B<< = 
B<< 
B>> genmove b
B<< 20694-
B<< = J7
B<< 
W>> play B J7
W<< = 
W<< 
W>> genmove w
W<< 37770
W<< = J8
W<< 
B>> play W J8
B<< = 
B<< 
B>> genmove b
B<< 20206-
B<< = H9
B<< 
W>> play B H9
W<< = 
W<< 
W>> genmove w
W<< 37101
W<< = F7
W<< 
B>> play W F7
B<< = 
B<< 
B>> genmove b
B<< 20753-
B<< = A9
B<< 
W>> play B A9
W<< = 
W<< 
W>> genmove w
W<< 36630
W<< = G3
W<< 
B>> play W G3
B<< = 
B<< 
B>> genmove b
B<< 20066-
B<< = B1
B<< 
W>> play B B1
W<< = 
W<< 
W>> genmove w
W<< 34182
W<< = F2
W<< 
B>> play W F2
B<< = 
B<< 
B>> genmove b
B<< 19330-
B<< = G4
B<< 
W>> play B G4
W<< = 
W<< 
W>> genmove w
W<< 34118
W<< = D3
W<< 
B>> play W D3
B<< = 
B<< 
B>> genmove b
B<< 19919-
B<< = B5
B<< 
W>> play B B5
W<< = 
W<< 
W>> genmove w
W<< 34181
W<< = E2
W<< 
B>> play W E2
B<< = 
B<< 
B>> genmove b
B<< 18085-
B<< = A6
B<< 
W>> play B A6
W<< = 
W<< 
W>> genmove w
W<< 30086
W<< = C2
W<< 
B>> play W C2
B<< = 
B<< 
B>> genmove b
B<< 17632-
B<< = B3
B<< 
W>> play B B3
W<< = 
W<< 
W>> genmove w
W<< 29342
W<< = C4
W<< 
B>> play W C4
B<< = 
B<< 
B>> genmove b
B<< 16674-
B<< = H1
B<< 
W>> play B H1
W<< = 
W<< 
W>> genmove w
W<< 29335
W<< = B6
W<< 
B>> play W B6
B<< = 
B<< 
B>> genmove b
B<< 18916-
B<< = C3
B<< 
W>> play B C3
W<< = 
W<< 
W>> genmove w
W<< 32420
W<< = J2
W<< 
B>> play W J2
B<< = 
B<< 
B>> genmove b
B<< 19028-
B<< = E3
B<< 
W>> play B E3
W<< = 
W<< 
W>> genmove w
W<< 30594
W<< = F1
W<< 
B>> play W F1
B<< = 
B<< 
B>> genmove b
B<< 18974-
B<< = H6
B<< 
W>> play B H6
W<< = 
W<< 
W>> genmove w
W<< 30801
W<< = C9
W<< 
B>> play W C9
B<< = 
B<< 
B>> genmove b
B<< 18649-
B<< = D7
B<< 
W>> play B D7
W<< = 
W<< 
W>> genmove w
W<< 29541
W<< = J9
W<< 
B>> play W J9
B<< = 
B<< 
B>> genmove b
B<< 18517-
B<< = G8
B<< 
W>> play B G8
W<< = 
W<< 
W>> genmove w
W<< 29399
W<< = B4
W<< 
B>> play W B4
B<< = 
B<< 
B>> genmove b
B<< 18656-
B<< = A8
B<< 
W>> play B A8
W<< = 
W<< 
W>> genmove w
W<< 29158
W<< = C1
W<< 
B>> play W C1
B<< = 
B<< 
B>> genmove b
B<< 17573-
B<< = G6
B<< 
W>> play B G6
W<< = 
W<< 
W>> genmove w
W<< 27573
W<< = B2
W<< 
B>> play W B2
B<< = 
B<< 
B>> genmove b
B<< 18120-
B<< = E7
B<< 
W>> play B E7
W<< = 
W<< 
W>> genmove w
W<< 27100
W<< = D8
W<< 
B>> play W D8
B<< = 
B<< 
B>> genmove b
B<< 18157-
B<< = G9
B<< 
W>> play B G9
W<< = 
W<< 
W>> genmove w
W<< 26409
W<< = H8
W<< 
B>> play W H8
B<< = 
B<< 
B>> genmove b
B<< 18138-
B<< = J6
B<< 
W>> play B J6
W<< = 
W<< 
W>> genmove w
W<< 24999
W<< = B9
W<< 
B>> play W B9
B<< = 
B<< 
B>> genmove b
B<< 19307-
B<< = D9
B<< 
W>> play B D9
W<< = 
W<< 
W>> genmove w
W<< 26005
W<< = H5
W<< 
B>> play W H5
B<< = 
B<< 
B>> genmove b
B<< 20053-
B<< = A7
B<< 
W>> play B A7
W<< = 
W<< 
W>> genmove w
W<< 26186
W<< = C7
W<< 
B>> play W C7
B<< = 
B<< 
B>> genmove b
B<< 21763-
B<< = A5
B<< 
W>> play B A5
W<< = 
W<< 
W>> genmove w
W<< 27881
W<< = F8
W<< 
B>> play W F8
B<< = 
B<< 
B>> genmove b
B<< 23751-
B<< = A1
B<< 
W>> play B A1
W<< = 
W<< 
W>> genmove w
W<< 47824
W<< = J4
W<< 
B>> play W J4
B<< = 
B<< 
B>> genmove b
B<< 83617-
B<< = A3
B<< 
W>> play B A3
W<< = 
W<< 
W>> genmove w
W<< 111441
W<< = C8
W<< 
B>> play W C8
B<< = 
B<< 
B>> genmove b
B<< 121757-
B<< = B8
B<< 
W>> play B B8
W<< = 
W<< 
W>> genmove w
W<< 148274
W<< = G2
W<< 
B>> play W G2
B<< = 
B<< 
B>> genmove b
B<< 150986-
B<< = H3
B<< 
W>> play B H3
W<< = 
W<< 
W>> genmove w
W<< 264177
W<< = D2
W<< 
B>> play W D2
B<< = 
B<< 
B>> genmove b
B<< 1218406-
B<< = resign
B<< 
============================================
Game 6
============================================
B>> boardsize 9
B<< = 
B<< 
B>> clear_board
B<< = 
B<< 
W>> boardsize 9
W<< = 
W<< 
W>> clear_board
W<< = 
W<< 
B>> genmove b
B<< 21700-
B<< = A4
B<< 
W>> play B A4
W<< = 
W<< 
W>> genmove w
W<< 43672
W<< = G1
W<< 
B>> play W G1
B<< = 
B<< 
B>> genmove b
B<< 21809-
B<< = J4
B<< 
W>> play B J4
W<< = 
W<< 
W>> genmove w
W<< 40092
W<< = E1
W<< 
B>> play W E1
B<< = 
B<< 
B>> genmove b
B<< 21235-
B<< = F9
B<< 
W>> play B F9
W<< = 
W<< 
W>> genmove w
W<< 39560
W<< = C1
W<< 
B>> play W C1
B<< = 
B<< 
B>> genmove b
B<< 20857-
B<< = C5
B<< 
W>> play B C5
W<< = 
W<< 
W>> genmove w
W<< 38711
W<< = A1
W<< 
B>> play W A1
B<< = 
B<< 
B>> genmove b
B<< 20233-
B<< = D1
B<< 
W>> play B D1
W<< = 
W<< 
W>> genmove w
W<< 38851
W<< = A6
W<< 
B>> play W A6
B<< = 
B<< 
B>> genmove b
B<< 20907-
B<< = C7
B<< 
W>> play B C7
W<< = 
W<< 
W>> genmove w
W<< 37884
W<< = G5
W<< 
B>> play W G5
B<< = 
B<< 
B>> genmove b
B<< 20509-
B<< = F1
B<< 
W>> play B F1
W<< = 
W<< 
W>> genmove w
W<< 39376
W<< = D7
W<< 
B>> play W D7
B<< = 
B<< 
B>> genmove b
B<< 21059-
B<< = J2
B<< 
W>> play B J2
W<< = 
W<< 
W>> genmove w
W<< 38747
W<< = J3
W<< 
B>> play W J3
B<< = 
B<< 
B>> genmove b
B<< 21292-
B<< = B9
B<< 
W>> play B B9
W<< = 
W<< 
W>> genmove w
W<< 38244
W<< = A9
W<< 
B>> play W A9
B<< = 
B<< 
B>> genmove b
B<< 20791-
B<< = B6
B<< 
W>> play B B6
W<< = 
W<< 
W>> genmove w
W<< 38539
W<< = C4
W<< 
B>> play W C4
B<< = 
B<< 
B>> genmove b
B<< 21403-
B<< = F7
B<< 
W>> play B F7
W<< = 
W<< 
W>> genmove w
W<< 37284
W<< = C8
W<< 
B>> play W C8
B<< = 
B<< 
B>> genmove b
B<< 21345-
B<< = A7
B<< 
W>> play B A7
W<< = 
W<< 
W>> genmove w
W<< 38808
W<< = B7
W<< 
B>> play W B7
B<< = 
B<< 
B>> genmove b
B<< 21112-
B<< = B5
B<< 
W>> play B B5
W<< = 
W<< 
W>> genmove w
W<< 37205
W<< = J9
W<< 
B>> play W J9
B<< = 
B<< 
B>> genmove b
B<< 21767-
B<< = A2
B<< 
W>> play B A2
W<< = 
W<< 
W>> genmove w
W<< 37767
W<< = A3
W<< 
B>> play W A3
B<< = 
B<< 
B>> genmove b
B<< 21291-
B<< = H1
B<< 
W>> play B H1
W<< = 
W<< 
W>> genmove w
W<< 36603
W<< = H2
W<< 
B>> play W H2
B<< = 
B<< 
B>> genmove b
B<< 21715-
B<< = G8
B<< 
W>> play B G8
W<< = 
W<< 
W>> genmove w
W<< 35687
W<< = E9
W<< 
B>> play W E9
B<< = 
B<< 
B>> genmove b
B<< 21194-
B<< = H9
B<< 
W>> play B H9
W<< = 
W<< 
W>> genmove w
W<< 36090
W<< = F8
W<< 
B>> play W F8
B<< = 
B<< 
B>> genmove b
B<< 22117-
B<< = D9
B<< 
W>> play B D9
W<< = 
W<< 
W>> genmove w
W<< 37886
W<< = H8
W<< 
B>> play W H8
B<< = 
B<< 
B>> genmove b
B<< 22694-
B<< = B2
B<< 
W>> play B B2
W<< = 
W<< 
W>> genmove w
W<< 37041
W<< = G7
W<< 
B>> play W G7
B<< = 
B<< 
B>> genmove b
B<< 22942-
B<< = C2
B<< 
W>> play B C2
W<< = 
W<< 
W>> genmove w
W<< 36803
W<< = D3
W<< 
B>> play W D3
B<< = 
B<< 
B>> genmove b
B<< 23642-
B<< = J7
B<< 
W>> play B J7
W<< = 
W<< 
W>> genmove w
W<< 36349
W<< = J6
W<< 
B>> play W J6
B<< = 
B<< 
B>> genmove b
B<< 23755-
B<< = E3
B<< 
W>> play B E3
W<< = 
W<< 
W>> genmove w
W<< 34814
W<< = F3
W<< 
B>> play W F3
B<< = 
B<< 
B>> genmove b
B<< 24597-
B<< = G6
B<< 
W>> play B G6
W<< = 
W<< 
W>> genmove w
W<< 35451
W<< = D8
W<< 
B>> play W D8
B<< = 
B<< 
B>> genmove b
B<< 27627-
B<< = E7
B<< 
W>> play B E7
W<< = 
W<< 
W>> genmove w
W<< 33989
W<< = B8
W<< 
B>> play W B8
B<< = 
B<< 
B>> genmove b
B<< 27468-
B<< = B4
B<< 
W>> play B B4
W<< = 
W<< 
W>> genmove w
W<< 34083
W<< = G3
W<< 
B>> play W G3
B<< = 
B<< 
B>> genmove b
B<< 30252-
B<< = G4
B<< 
W>> play B G4
W<< = 
W<< 
W>> genmove w
W<< 101360
W<< = H5
W<< 
B>> play W H5
B<< = 
B<< 
B>> genmove b
B<< 98737-
B<< = H6
B<< 
W>> play B H6
W<< = 
W<< 
W>> genmove w
W<< 135220
W<< = J5
W<< 
B>> play W J5
B<< = 
B<< 
B>> genmove b
B<< 155009-
B<< = C6
B<< 
W>> play B C6
W<< = 
W<< 
W>> genmove w
W<< 196067
W<< = C3
W<< 
B>> play W C3
B<< = 
B<< 
B>> genmove b
B<< 248668-
B<< = F2
B<< 
W>> play B F2
W<< = 
W<< 
W>> genmove w
W<< 315108
W<< = B3
W<< 
B>> play W B3
B<< = 
B<< 
B>> genmove b
B<< 1815938-
B<< = resign
B<< 
============================================
Game 7
============================================
B>> boardsize 9
B<< = 
B<< 
B>> clear_board
B<< = 
B<< 
W>> boardsize 9
W<< = 
W<< 
W>> clear_board
W<< = 
W<< 
B>> genmove b
B<< 21462-
B<< = F7
B<< 
W>> play B F7
W<< = 
W<< 
W>> genmove w
W<< 43742
W<< = B1
W<< 
B>> play W B1
B<< = 
B<< 
B>> genmove b
B<< 21182-
B<< = E8
B<< 
W>> play B E8
W<< = 
W<< 
W>> genmove w
W<< 42536
W<< = H1
W<< 
B>> play W H1
B<< = 
B<< 
B>> genmove b
B<< 21563-
B<< = D7
B<< 
W>> play B D7
W<< = 
W<< 
W>> genmove w
W<< 40164
W<< = A9
W<< 
B>> play W A9
B<< = 
B<< 
B>> genmove b
B<< 20810-
B<< = J9
B<< 
W>> play B J9
W<< = 
W<< 
W>> genmove w
W<< 39034
W<< = F8
W<< 
B>> play W F8
B<< = 
B<< 
B>> genmove b
B<< 21528-
B<< = D3
B<< 
W>> play B D3
W<< = 
W<< 
W>> genmove w
W<< 40030
W<< = J2
W<< 
B>> play W J2
B<< = 
B<< 
B>> genmove b
B<< 20514-
B<< = J4
B<< 
W>> play B J4
W<< = 
W<< 
W>> genmove w
W<< 38728
W<< = F3
W<< 
B>> play W F3
B<< = 
B<< 
B>> genmove b
B<< 20867-
B<< = D9
B<< 
W>> play B D9
W<< = 
W<< 
W>> genmove w
W<< 37478
W<< = D8
W<< 
B>> play W D8
B<< = 
B<< 
B>> genmove b
B<< 21291-
B<< = H2
B<< 
W>> play B H2
W<< = 
W<< 
W>> genmove w
W<< 39901
W<< = A2
W<< 
B>> play W A2
B<< = 
B<< 
B>> genmove b
B<< 20959-
B<< = G1
B<< 
W>> play B G1
W<< = 
W<< 
W>> genmove w
W<< 39180
W<< = A7
W<< 
B>> play W A7
B<< = 
B<< 
B>> genmove b
B<< 21008-
B<< = C6
B<< 
W>> play B C6
W<< = 
W<< 
W>> genmove w
W<< 36494
W<< = A4
W<< 
B>> play W A4
B<< = 
B<< 
B>> genmove b
B<< 20279-
B<< = H4
B<< 
W>> play B H4
W<< = 
W<< 
W>> genmove w
W<< 36005
W<< = G4
W<< 
B>> play W G4
B<< = 
B<< 
B>> genmove b
B<< 20597-
B<< = A3
B<< 
W>> play B A3
W<< = 
W<< 
W>> genmove w
W<< 36827
W<< = B8
W<< 
B>> play W B8
B<< = 
B<< 
B>> genmove b
B<< 20497-
B<< = J3
B<< 
W>> play B J3
W<< = 
W<< 
W>> genmove w
W<< 36086
W<< = E9
W<< 
B>> play W E9
B<< = 
B<< 
B>> genmove b
B<< 19777-
B<< = G8
B<< 
W>> play B G8
W<< = 
W<< 
W>> genmove w
W<< 35556
W<< = G7
W<< 
B>> play W G7
B<< = 
B<< 
B>> genmove b
B<< 21379-
B<< = C1
B<< 
W>> play B C1
W<< = 
W<< 
W>> genmove w
W<< 36982
W<< = C7
W<< 
B>> play W C7
B<< = 
B<< 
B>> genmove b
B<< 21404-
B<< = B7
B<< 
W>> play B B7
W<< = 
W<< 
W>> genmove w
W<< 37388
W<< = B2
W<< 
B>> play W B2
B<< = 
B<< 
B>> genmove b
B<< 22046-
B<< = C4
B<< 
W>> play B C4
W<< = 
W<< 
W>> genmove w
W<< 36814
W<< = C5
W<< 
B>> play W C5
B<< = 
B<< 
B>> genmove b
B<< 21712-
B<< = J7
B<< 
W>> play B J7
W<< = 
W<< 
W>> genmove w
W<< 35701
W<< = J6
W<< 
B>> play W J6
B<< = 
B<< 
B>> genmove b
B<< 22215-
B<< = E1
B<< 
W>> play B E1
W<< = 
W<< 
W>> genmove w
W<< 36180
W<< = H9
W<< 
B>> play W H9
B<< = 
B<< 
B>> genmove b
B<< 21652-
B<< = F2
B<< 
W>> play B F2
W<< = 
W<< 
W>> genmove w
W<< 34321
W<< = G2
W<< 
B>> play W G2
B<< = 
B<< 
B>> genmove b
B<< 21975-
B<< = A6
B<< 
W>> play B A6
W<< = 
W<< 
W>> genmove w
W<< 36536
W<< = E2
W<< 
B>> play W E2
B<< = 
B<< 
B>> genmove b
B<< 23684-
B<< = D2
B<< 
W>> play B D2
W<< = 
W<< 
W>> genmove w
W<< 35371
W<< = J5
W<< 
B>> play W J5
B<< = 
B<< 
B>> genmove b
B<< 24292-
B<< = G5
B<< 
W>> play B G5
W<< = 
W<< 
W>> genmove w
W<< 34100
W<< = H5
W<< 
B>> play W H5
B<< = 
B<< 
B>> genmove b
B<< 24120-
B<< = B9
B<< 
W>> play B B9
W<< = 
W<< 
W>> genmove w
W<< 35309
W<< = C3
W<< 
B>> play W C3
B<< = 
B<< 
B>> genmove b
B<< 26329-
B<< = C9
B<< 
W>> play B C9
W<< = 
W<< 
W>> genmove w
W<< 34784
W<< = B5
W<< 
B>> play W B5
B<< = 
B<< 
B>> genmove b
B<< 28354-
B<< = G6
B<< 
W>> play B G6
W<< = 
W<< 
W>> genmove w
W<< 38347
W<< = G3
W<< 
B>> play W G3
B<< = 
B<< 
B>> genmove b
B<< 32161-
B<< = B6
B<< 
W>> play B B6
W<< = 
W<< 
W>> genmove w
W<< 107512
W<< = H7
W<< 
B>> play W H7
B<< = 
B<< 
B>> genmove b
B<< 102837-
B<< = J8
B<< 
W>> play B J8
W<< = 
W<< 
W>> genmove w
W<< 150307
W<< = G9
W<< 
B>> play W G9
B<< = 
B<< 
B>> genmove b
B<< 151759-
B<< = B4
B<< 
W>> play B B4
W<< = 
W<< 
W>> genmove w
W<< 195647
W<< = E3
W<< 
B>> play W E3
B<< = 
B<< 
B>> genmove b
B<< 234930-
B<< = D1
B<< 
W>> play B D1
W<< = 
W<< 
W>> genmove w
W<< 305501
W<< = A1
W<< 
B>> play W A1
B<< = 
B<< 
B>> genmove b
B<< 327998-
B<< = C2
B<< 
W>> play B C2
W<< = 
W<< 
W>> genmove w
W<< 603402
W<< = A8
W<< 
B>> play W A8
B<< = 
B<< 
B>> genmove b
B<< 1454881-
B<< = resign
B<< 
============================================
Game 8
============================================
B>> boardsize 9
B<< = 
B<< 
B>> clear_board
B<< = 
B<< 
W>> boardsize 9
W<< = 
W<< 
W>> clear_board
W<< = 
W<< 
B>> genmove b
B<< 21807-
B<< = C3
B<< 
W>> play B C3
W<< = 
W<< 
W>> genmove w
W<< 43397
W<< = C1
W<< 
B>> play W C1
B<< = 
B<< 
B>> genmove b
B<< 22256-
B<< = D7
B<< 
W>> play B D7
W<< = 
W<< 
W>> genmove w
W<< 42530
W<< = E3
W<< 
B>> play W E3
B<< = 
B<< 
B>> genmove b
B<< 22199-
B<< = B4
B<< 
W>> play B B4
W<< = 
W<< 
W>> genmove w
W<< 41012
W<< = G2
W<< 
B>> play W G2
B<< = 
B<< 
B>> genmove b
B<< 21701-
B<< = D1
B<< 
W>> play B D1
W<< = 
W<< 
W>> genmove w
W<< 39881
W<< = J8
W<< 
B>> play W J8
B<< = 
B<< 
B>> genmove b
B<< 21643-
B<< = F3
B<< 
W>> play B F3
W<< = 
W<< 
W>> genmove w
W<< 41101
W<< = E7
W<< 
B>> play W E7
B<< = 
B<< 
B>> genmove b
B<< 21749-
B<< = C5
B<< 
W>> play B C5
W<< = 
W<< 
W>> genmove w
W<< 39459
W<< = C6
W<< 
B>> play W C6
B<< = 
B<< 
B>> genmove b
B<< 22044-
B<< = J1
B<< 
W>> play B J1
W<< = 
W<< 
W>> genmove w
W<< 39454
W<< = A6
W<< 
B>> play W A6
B<< = 
B<< 
B>> genmove b
B<< 21267-
B<< = A8
B<< 
W>> play B A8
W<< = 
W<< 
W>> genmove w
W<< 40106
W<< = J4
W<< 
B>> play W J4
B<< = 
B<< 
B>> genmove b
B<< 21457-
B<< = J7
B<< 
W>> play B J7
W<< = 
W<< 
W>> genmove w
W<< 39386
W<< = B3
W<< 
B>> play W B3
B<< = 
B<< 
B>> genmove b
B<< 22018-
B<< = A5
B<< 
W>> play B A5
W<< = 
W<< 
W>> genmove w
W<< 40139
W<< = H3
W<< 
B>> play W H3
B<< = 
B<< 
B>> genmove b
B<< 21179-
B<< = B9
B<< 
W>> play B B9
W<< = 
W<< 
W>> genmove w
W<< 38948
W<< = H9
W<< 
B>> play W H9
B<< = 
B<< 
B>> genmove b
B<< 21509-
B<< = G9
B<< 
W>> play B G9
W<< = 
W<< 
W>> genmove w
W<< 37350
W<< = J2
W<< 
B>> play W J2
B<< = 
B<< 
B>> genmove b
B<< 21139-
B<< = H8
B<< 
W>> play B H8
W<< = 
W<< 
W>> genmove w
W<< 37570
W<< = J6
W<< 
B>> play W J6
B<< = 
B<< 
B>> genmove b
B<< 21410-
B<< = H4
B<< 
W>> play B H4
W<< = 
W<< 
W>> genmove w
W<< 36818
W<< = C9
W<< 
B>> play W C9
B<< = 
B<< 
B>> genmove b
B<< 21358-
B<< = B7
B<< 
W>> play B B7
W<< = 
W<< 
W>> genmove w
W<< 37060
W<< = F1
W<< 
B>> play W F1
B<< = 
B<< 
B>> genmove b
B<< 21616-
B<< = A1
B<< 
W>> play B A1
W<< = 
W<< 
W>> genmove w
W<< 35717
W<< = A7
W<< 
B>> play W A7
B<< = 
B<< 
B>> genmove b
B<< 21055-
B<< = C8
B<< 
W>> play B C8
W<< = 
W<< 
W>> genmove w
W<< 35751
W<< = A4
W<< 
B>> play W A4
B<< = 
B<< 
B>> genmove b
B<< 21737-
B<< = G6
B<< 
W>> play B G6
W<< = 
W<< 
W>> genmove w
W<< 34866
W<< = H5
W<< 
B>> play W H5
B<< = 
B<< 
B>> genmove b
B<< 20942-
B<< = F8
B<< 
W>> play B F8
W<< = 
W<< 
W>> genmove w
W<< 34182
W<< = G8
W<< 
B>> play W G8
B<< = 
B<< 
B>> genmove b
B<< 21675-
B<< = E9
B<< 
W>> play B E9
W<< = 
W<< 
W>> genmove w
W<< 34683
W<< = G5
W<< 
B>> play W G5
B<< = 
B<< 
B>> genmove b
B<< 21126-
B<< = D8
B<< 
W>> play B D8
W<< = 
W<< 
W>> genmove w
W<< 33199
W<< = E8
W<< 
B>> play W E8
B<< = 
B<< 
B>> genmove b
B<< 21958-
B<< = B2
B<< 
W>> play B B2
W<< = 
W<< 
W>> genmove w
W<< 33606
W<< = B1
W<< 
B>> play W B1
B<< = 
B<< 
B>> genmove b
B<< 22229-
B<< = E2
B<< 
W>> play B E2
W<< = 
W<< 
W>> genmove w
W<< 33227
W<< = C2
W<< 
B>> play W C2
B<< = 
B<< 
B>> genmove b
B<< 22890-
B<< = F2
B<< 
W>> play B F2
W<< = 
W<< 
W>> genmove w
W<< 33349
W<< = B6
W<< 
B>> play W B6
B<< = 
B<< 
B>> genmove b
B<< 23548-
B<< = G1
B<< 
W>> play B G1
W<< = 
W<< 
W>> genmove w
W<< 31606
W<< = G7
W<< 
B>> play W G7
B<< = 
B<< 
B>> genmove b
B<< 26372-
B<< = A2
B<< 
W>> play B A2
W<< = 
W<< 
W>> genmove w
W<< 32431
W<< = J5
W<< 
B>> play W J5
B<< = 
B<< 
B>> genmove b
B<< 26487-
B<< = G4
B<< 
W>> play B G4
W<< = 
W<< 
W>> genmove w
W<< 34097
W<< = F7
W<< 
B>> play W F7
B<< = 
B<< 
B>> genmove b
B<< 32706-
B<< = F9
B<< 
W>> play B F9
W<< = 
W<< 
W>> genmove w
W<< 61642
W<< = J3
W<< 
B>> play W J3
B<< = 
B<< 
B>> genmove b
B<< 101502-
B<< = C4
B<< 
W>> play B C4
W<< = 
W<< 
W>> genmove w
W<< 132202
W<< = H2
W<< 
B>> play W H2
B<< = 
B<< 
B>> genmove b
B<< 139285-
B<< = C7
B<< 
W>> play B C7
W<< = 
W<< 
W>> genmove w
W<< 288293
W<< = D2
W<< 
B>> play W D2
B<< = 
B<< 
B>> genmove b
B<< 373154-
B<< = G3
B<< 
W>> play B G3
W<< = 
W<< 
W>> genmove w
W<< 1721773
W<< = resign
W<< 
============================================
Game 9
============================================
B>> boardsize 9
B<< = 
B<< 
B>> clear_board
B<< = 
B<< 
W>> boardsize 9
W<< = 
W<< 
W>> clear_board
W<< = 
W<< 
B>> genmove b
B<< 21490-
B<< = J1
B<< 
W>> play B J1
W<< = 
W<< 
W>> genmove w
W<< 43267
W<< = A3
W<< 
B>> play W A3
B<< = 
B<< 
B>> genmove b
B<< 21312-
B<< = D3
B<< 
W>> play B D3
W<< = 
W<< 
W>> genmove w
W<< 40304
W<< = C1
W<< 
B>> play W C1
B<< = 
B<< 
B>> genmove b
B<< 21489-
B<< = C7
B<< 
W>> play B C7
W<< = 
W<< 
W>> genmove w
W<< 39704
W<< = B2
W<< 
B>> play W B2
B<< = 
B<< 
B>> genmove b
B<< 20670-
B<< = J8
B<< 
W>> play B J8
W<< = 
W<< 
W>> genmove w
W<< 37505
W<< = A1
W<< 
B>> play W A1
B<< = 
B<< 
B>> genmove b
B<< 20487-
B<< = D1
B<< 
W>> play B D1
W<< = 
W<< 
W>> genmove w
W<< 37329
W<< = J9
W<< 
B>> play W J9
B<< = 
B<< 
B>> genmove b
B<< 20804-
B<< = C4
B<< 
W>> play B C4
W<< = 
W<< 
W>> genmove w
W<< 36486
W<< = C6
W<< 
B>> play W C6
B<< = 
B<< 
B>> genmove b
B<< 20347-
B<< = B5
B<< 
W>> play B B5
W<< = 
W<< 
W>> genmove w
W<< 37399
W<< = G5
W<< 
B>> play W G5
B<< = 
B<< 
B>> genmove b
B<< 19869-
B<< = B6
B<< 
W>> play B B6
W<< = 
W<< 
W>> genmove w
W<< 35715
W<< = G1
W<< 
B>> play W G1
B<< = 
B<< 
B>> genmove b
B<< 20153-
B<< = A7
B<< 
W>> play B A7
W<< = 
W<< 
W>> genmove w
W<< 34754
W<< = A6
W<< 
B>> play W A6
B<< = 
B<< 
B>> genmove b
B<< 19525-
B<< = A4
B<< 
W>> play B A4
W<< = 
W<< 
W>> genmove w
W<< 37381
W<< = B4
W<< 
B>> play W B4
B<< = 
B<< 
B>> genmove b
B<< 20169-
B<< = F3
B<< 
W>> play B F3
W<< = 
W<< 
W>> genmove w
W<< 35639
W<< = E2
W<< 
B>> play W E2
B<< = 
B<< 
B>> genmove b
B<< 20657-
B<< = B8
B<< 
W>> play B B8
W<< = 
W<< 
W>> genmove w
W<< 35396
W<< = A9
W<< 
B>> play W A9
B<< = 
B<< 
B>> genmove b
B<< 19658-
B<< = C2
B<< 
W>> play B C2
W<< = 
W<< 
W>> genmove w
W<< 35909
W<< = D7
W<< 
B>> play W D7
B<< = 
B<< 
B>> genmove b
B<< 20975-
B<< = J4
B<< 
W>> play B J4
W<< = 
W<< 
W>> genmove w
W<< 36602
W<< = C9
W<< 
B>> play W C9
B<< = 
B<< 
B>> genmove b
B<< 20039-
B<< = G6
B<< 
W>> play B G6
W<< = 
W<< 
W>> genmove w
W<< 35209
W<< = F7
W<< 
B>> play W F7
B<< = 
B<< 
B>> genmove b
B<< 20865-
B<< = G9
B<< 
W>> play B G9
W<< = 
W<< 
W>> genmove w
W<< 35911
W<< = J7
W<< 
B>> play W J7
B<< = 
B<< 
B>> genmove b
B<< 20535-
B<< = B9
B<< 
W>> play B B9
W<< = 
W<< 
W>> genmove w
W<< 34801
W<< = E8
W<< 
B>> play W E8
B<< = 
B<< 
B>> genmove b
B<< 20959-
B<< = F8
B<< 
W>> play B F8
W<< = 
W<< 
W>> genmove w
W<< 35256
W<< = F9
W<< 
B>> play W F9
B<< = 
B<< 
B>> genmove b
B<< 19780-
B<< = H8
B<< 
W>> play B H8
W<< = 
W<< 
W>> genmove w
W<< 34525
W<< = J3
W<< 
B>> play W J3
B<< = 
B<< 
B>> genmove b
B<< 20947-
B<< = G7
B<< 
W>> play B G7
W<< = 
W<< 
W>> genmove w
W<< 34065
W<< = C8
W<< 
B>> play W C8
B<< = 
B<< 
B>> genmove b
B<< 21449-
B<< = G4
B<< 
W>> play B G4
W<< = 
W<< 
W>> genmove w
W<< 33883
W<< = G3
W<< 
B>> play W G3
B<< = 
B<< 
B>> genmove b
B<< 21584-
B<< = H2
B<< 
W>> play B H2
W<< = 
W<< 
W>> genmove w
W<< 33342
W<< = C3
W<< 
B>> play W C3
B<< = 
B<< 
B>> genmove b
B<< 22778-
B<< = H1
B<< 
W>> play B H1
W<< = 
W<< 
W>> genmove w
W<< 33293
W<< = E1
W<< 
B>> play W E1
B<< = 
B<< 
B>> genmove b
B<< 22624-
B<< = J5
B<< 
W>> play B J5
W<< = 
W<< 
W>> genmove w
W<< 31958
W<< = F2
W<< 
B>> play W F2
B<< = 
B<< 
B>> genmove b
B<< 22335-
B<< = H7
B<< 
W>> play B H7
W<< = 
W<< 
W>> genmove w
W<< 28895
W<< = D9
W<< 
B>> play W D9
B<< = 
B<< 
B>> genmove b
B<< 21224-
B<< = J2
B<< 
W>> play B J2
W<< = 
W<< 
W>> genmove w
W<< 27630
W<< = J6
W<< 
B>> play W J6
B<< = 
B<< 
B>> genmove b
B<< 24526-
B<< = E3
B<< 
W>> play B E3
W<< = 
W<< 
W>> genmove w
W<< 29758
W<< = F1
W<< 
B>> play W F1
B<< = 
B<< 
B>> genmove b
B<< 31370-
B<< = G2
B<< 
W>> play B G2
W<< = 
W<< 
W>> genmove w
W<< 80550
W<< = B3
W<< 
B>> play W B3
B<< = 
B<< 
B>> genmove b
B<< 113013-
B<< = B7
B<< 
W>> play B B7
W<< = 
W<< 
W>> genmove w
W<< 161613
W<< = D8
W<< 
B>> play W D8
B<< = 
B<< 
B>> genmove b
B<< 174119-
B<< = H4
B<< 
W>> play B H4
W<< = 
W<< 
W>> genmove w
W<< 190914
W<< = A2
W<< 
B>> play W A2
B<< = 
B<< 
B>> genmove b
B<< 259021-
B<< = G8
B<< 
W>> play B G8
W<< = 
W<< 
W>> genmove w
W<< 400899
W<< = E7
W<< 
B>> play W E7
B<< = 
B<< 
B>> genmove b
B<< 1374362-
B<< = resign
B<< 
B>> quit
W>> quit
