B<< HollowNoGo-Demo: /mnt/nfs/work/TaiLin/TCG/tcg2021/hw4/pj-4-judge-v1/../pj-4-code-v1/nogo --shell --black=mcts T=1000 c=0.3 simenemy=a TMT=lr 
B<< 
B<< N | 100
B<< T | 1000
B<< TMT | lr
B<< c | 0.3
B<< name | mcts
B<< role | black
B<< simenemy | a
B<< N | 100
B<< T | 10005
B<< TMT | normal
B<< c | 0
B<< name | 
B<< role | white
B<< simenemy | mctsn
B>> protocol_version
B<< = 2
B<< 
B>> name
B<< = TCG-HollowNoGo-Demo
B<< 
B>> version
B<< = 2021
B<< 
B>> list_commands
B<< = play
B<< genmove
B<< clear_board
B<< showboard
B<< boardsize
B<< name
B<< version
B<< protocol_version
B<< list_commands
B<< quit
B<< 
B<< 
W>> protocol_version
W<< HollowNoGo-Demo: /mnt/nfs/work/TaiLin/TCG/tcg2021/hw4/pj-4-judge-v1/../pj-4-code-v1/nogo1 --shell --white=mcts T=1000 c=0.3 simenemy=a TMT=lr 
W<< 
W<< N | 100
W<< T | 10005
W<< TMT | normal
W<< c | 0
W<< name | 
W<< role | black
W<< simenemy | mctsn
W<< N | 100
W<< T | 1000
W<< TMT | lr
W<< c | 0.3
W<< name | mcts
W<< role | white
W<< simenemy | a
W<< = 2
W<< 
W>> name
W<< = TCG-HollowNoGo-Demo
W<< 
W>> version
W<< = 2021
W<< 
W>> list_commands
W<< = play
W<< genmove
W<< clear_board
W<< showboard
W<< boardsize
W<< name
W<< version
W<< protocol_version
W<< list_commands
W<< quit
W<< 
W<< 
B>> boardsize 9
B<< = 
B<< 
B>> clear_board
B<< = 
B<< 
W>> boardsize 9
W<< = 
W<< 
W>> clear_board
W<< = 
W<< 
============================================
Game 0
============================================
B>> boardsize 9
B<< = 
B<< 
B>> clear_board
B<< = 
B<< 
W>> boardsize 9
W<< = 
W<< 
W>> clear_board
W<< = 
W<< 
B>> genmove b
B<< 44417
B<< = J1
B<< 
W>> play B J1
W<< = 
W<< 
W>> genmove w
W<< 22703-
W<< = F1
W<< 
B>> play W F1
B<< = 
B<< 
B>> genmove b
B<< 42807
B<< = J7
B<< 
W>> play B J7
W<< = 
W<< 
W>> genmove w
W<< 22384-
W<< = J5
W<< 
B>> play W J5
B<< = 
B<< 
B>> genmove b
B<< 43219
B<< = J3
B<< 
W>> play B J3
W<< = 
W<< 
W>> genmove w
W<< 22417-
W<< = B1
W<< 
B>> play W B1
B<< = 
B<< 
B>> genmove b
B<< 41504
B<< = G7
B<< 
W>> play B G7
W<< = 
W<< 
W>> genmove w
W<< 21942-
W<< = E9
W<< 
B>> play W E9
B<< = 
B<< 
B>> genmove b
B<< 40574
B<< = H9
B<< 
W>> play B H9
W<< = 
W<< 
W>> genmove w
W<< 21936-
W<< = B5
W<< 
B>> play W B5
B<< = 
B<< 
B>> genmove b
B<< 39676
B<< = J8
B<< 
W>> play B J8
W<< = 
W<< 
W>> genmove w
W<< 21491-
W<< = A4
W<< 
B>> play W A4
B<< = 
B<< 
B>> genmove b
B<< 37403
B<< = A5
B<< 
W>> play B A5
W<< = 
W<< 
W>> genmove w
W<< 21347-
W<< = A2
W<< 
B>> play W A2
B<< = 
B<< 
B>> genmove b
B<< 37014
B<< = B3
B<< 
W>> play B B3
W<< = 
W<< 
W>> genmove w
W<< 21213-
W<< = D1
W<< 
B>> play W D1
B<< = 
B<< 
B>> genmove b
B<< 37405
B<< = C1
B<< 
W>> play B C1
W<< = 
W<< 
W>> genmove w
W<< 21352-
W<< = C6
W<< 
B>> play W C6
B<< = 
B<< 
B>> genmove b
B<< 36530
B<< = D7
B<< 
W>> play B D7
W<< = 
W<< 
W>> genmove w
W<< 21408-
W<< = G9
W<< 
B>> play W G9
B<< = 
B<< 
B>> genmove b
B<< 35921
B<< = C5
B<< 
W>> play B C5
W<< = 
W<< 
W>> genmove w
W<< 21371-
W<< = F3
W<< 
B>> play W F3
B<< = 
B<< 
B>> genmove b
B<< 36426
B<< = A3
B<< 
W>> play B A3
W<< = 
W<< 
W>> genmove w
W<< 21466-
W<< = E2
W<< 
B>> play W E2
B<< = 
B<< 
B>> genmove b
B<< 35404
B<< = E3
B<< 
W>> play B E3
W<< = 
W<< 
W>> genmove w
W<< 21027-
W<< = F7
W<< 
B>> play W F7
B<< = 
B<< 
B>> genmove b
B<< 36777
B<< = H2
B<< 
W>> play B H2
W<< = 
W<< 
W>> genmove w
W<< 21223-
W<< = C9
W<< 
B>> play W C9
B<< = 
B<< 
B>> genmove b
B<< 34652
B<< = G3
B<< 
W>> play B G3
W<< = 
W<< 
W>> genmove w
W<< 21161-
W<< = H1
W<< 
B>> play W H1
B<< = 
B<< 
B>> genmove b
B<< 34426
B<< = H4
B<< 
W>> play B H4
W<< = 
W<< 
W>> genmove w
W<< 20284-
W<< = G4
W<< 
B>> play W G4
B<< = 
B<< 
B>> genmove b
B<< 34322
B<< = D2
B<< 
W>> play B D2
W<< = 
W<< 
W>> genmove w
W<< 21438-
W<< = C3
W<< 
B>> play W C3
B<< = 
B<< 
B>> genmove b
B<< 35482
B<< = D9
B<< 
W>> play B D9
W<< = 
W<< 
W>> genmove w
W<< 22489-
W<< = A7
W<< 
B>> play W A7
B<< = 
B<< 
B>> genmove b
B<< 34413
B<< = A9
B<< 
W>> play B A9
W<< = 
W<< 
W>> genmove w
W<< 22397-
W<< = H6
W<< 
B>> play W H6
B<< = 
B<< 
B>> genmove b
B<< 32894
B<< = H8
B<< 
W>> play B H8
W<< = 
W<< 
W>> genmove w
W<< 22523-
W<< = G8
W<< 
B>> play W G8
B<< = 
B<< 
B>> genmove b
B<< 34305
B<< = H5
B<< 
W>> play B H5
W<< = 
W<< 
W>> genmove w
W<< 22991-
W<< = G5
W<< 
B>> play W G5
B<< = 
B<< 
B>> genmove b
B<< 33710
B<< = G2
B<< 
W>> play B G2
W<< = 
W<< 
W>> genmove w
W<< 22481-
W<< = J4
W<< 
B>> play W J4
B<< = 
B<< 
B>> genmove b
B<< 32400
B<< = E8
B<< 
W>> play B E8
W<< = 
W<< 
W>> genmove w
W<< 23544-
W<< = E7
W<< 
B>> play W E7
B<< = 
B<< 
B>> genmove b
B<< 31482
B<< = H7
B<< 
W>> play B H7
W<< = 
W<< 
W>> genmove w
W<< 23029-
W<< = B7
W<< 
B>> play W B7
B<< = 
B<< 
B>> genmove b
B<< 30466
B<< = C8
B<< 
W>> play B C8
W<< = 
W<< 
W>> genmove w
W<< 24642-
W<< = B8
W<< 
B>> play W B8
B<< = 
B<< 
B>> genmove b
B<< 29501
B<< = B2
B<< 
W>> play B B2
W<< = 
W<< 
W>> genmove w
W<< 25663-
W<< = F8
W<< 
B>> play W F8
B<< = 
B<< 
B>> genmove b
B<< 42697
B<< = A6
B<< 
W>> play B A6
W<< = 
W<< 
W>> genmove w
W<< 44550-
W<< = B4
W<< 
B>> play W B4
B<< = 
B<< 
B>> genmove b
B<< 85448
B<< = A8
B<< 
W>> play B A8
W<< = 
W<< 
W>> genmove w
W<< 98799-
W<< = C7
W<< 
B>> play W C7
B<< = 
B<< 
B>> genmove b
B<< 109869
B<< = H3
B<< 
W>> play B H3
W<< = 
W<< 
W>> genmove w
W<< 125091-
W<< = J6
W<< 
B>> play W J6
B<< = 
B<< 
B>> genmove b
B<< 130657
B<< = J2
B<< 
W>> play B J2
W<< = 
W<< 
W>> genmove w
W<< 175940-
W<< = E1
W<< 
B>> play W E1
B<< = 
B<< 
B>> genmove b
B<< 186025
B<< = C2
B<< 
W>> play B C2
W<< = 
W<< 
W>> genmove w
W<< 241537-
W<< = F2
W<< 
B>> play W F2
B<< = 
B<< 
B>> genmove b
B<< 434183
B<< = J9
B<< 
W>> play B J9
W<< = 
W<< 
W>> genmove w
W<< 1470664-
W<< = resign
W<< 
============================================
Game 1
============================================
B>> boardsize 9
B<< = 
B<< 
B>> clear_board
B<< = 
B<< 
W>> boardsize 9
W<< = 
W<< 
W>> clear_board
W<< = 
W<< 
B>> genmove b
B<< 44198
B<< = J1
B<< 
W>> play B J1
W<< = 
W<< 
W>> genmove w
W<< 22655-
W<< = D9
W<< 
B>> play W D9
B<< = 
B<< 
B>> genmove b
B<< 42177
B<< = C1
B<< 
W>> play B C1
W<< = 
W<< 
W>> genmove w
W<< 22351-
W<< = G2
W<< 
B>> play W G2
B<< = 
B<< 
B>> genmove b
B<< 41500
B<< = C4
B<< 
W>> play B C4
W<< = 
W<< 
W>> genmove w
W<< 22107-
W<< = E3
W<< 
B>> play W E3
B<< = 
B<< 
B>> genmove b
B<< 40895
B<< = A1
B<< 
W>> play B A1
W<< = 
W<< 
W>> genmove w
W<< 21715-
W<< = F9
W<< 
B>> play W F9
B<< = 
B<< 
B>> genmove b
B<< 39068
B<< = A7
B<< 
W>> play B A7
W<< = 
W<< 
W>> genmove w
W<< 21438-
W<< = G6
W<< 
B>> play W G6
B<< = 
B<< 
B>> genmove b
B<< 38811
B<< = E1
B<< 
W>> play B E1
W<< = 
W<< 
W>> genmove w
W<< 21432-
W<< = A9
W<< 
B>> play W A9
B<< = 
B<< 
B>> genmove b
B<< 37174
B<< = F1
B<< 
W>> play B F1
W<< = 
W<< 
W>> genmove w
W<< 20976-
W<< = D1
W<< 
B>> play W D1
B<< = 
B<< 
B>> genmove b
B<< 37541
B<< = G9
B<< 
W>> play B G9
W<< = 
W<< 
W>> genmove w
W<< 21565-
W<< = E7
W<< 
B>> play W E7
B<< = 
B<< 
B>> genmove b
B<< 37909
B<< = C9
B<< 
W>> play B C9
W<< = 
W<< 
W>> genmove w
W<< 21398-
W<< = A5
W<< 
B>> play W A5
B<< = 
B<< 
B>> genmove b
B<< 37798
B<< = J4
B<< 
W>> play B J4
W<< = 
W<< 
W>> genmove w
W<< 21466-
W<< = J9
W<< 
B>> play W J9
B<< = 
B<< 
B>> genmove b
B<< 36848
B<< = B2
B<< 
W>> play B B2
W<< = 
W<< 
W>> genmove w
W<< 20842-
W<< = H1
W<< 
B>> play W H1
B<< = 
B<< 
B>> genmove b
B<< 35891
B<< = C6
B<< 
W>> play B C6
W<< = 
W<< 
W>> genmove w
W<< 20765-
W<< = A2
W<< 
B>> play W A2
B<< = 
B<< 
B>> genmove b
B<< 35530
B<< = D3
B<< 
W>> play B D3
W<< = 
W<< 
W>> genmove w
W<< 21110-
W<< = C7
W<< 
B>> play W C7
B<< = 
B<< 
B>> genmove b
B<< 35793
B<< = B5
B<< 
W>> play B B5
W<< = 
W<< 
W>> genmove w
W<< 21575-
W<< = B4
W<< 
B>> play W B4
B<< = 
B<< 
B>> genmove b
B<< 35333
B<< = J8
B<< 
W>> play B J8
W<< = 
W<< 
W>> genmove w
W<< 21209-
W<< = B6
W<< 
B>> play W B6
B<< = 
B<< 
B>> genmove b
B<< 36126
B<< = A4
B<< 
W>> play B A4
W<< = 
W<< 
W>> genmove w
W<< 22215-
W<< = C3
W<< 
B>> play W C3
B<< = 
B<< 
B>> genmove b
B<< 35526
B<< = J6
B<< 
W>> play B J6
W<< = 
W<< 
W>> genmove w
W<< 22293-
W<< = J5
W<< 
B>> play W J5
B<< = 
B<< 
B>> genmove b
B<< 36440
B<< = G5
B<< 
W>> play B G5
W<< = 
W<< 
W>> genmove w
W<< 23289-
W<< = J7
W<< 
B>> play W J7
B<< = 
B<< 
B>> genmove b
B<< 36275
B<< = D7
B<< 
W>> play B D7
W<< = 
W<< 
W>> genmove w
W<< 24077-
W<< = C2
W<< 
B>> play W C2
B<< = 
B<< 
B>> genmove b
B<< 35997
B<< = F3
B<< 
W>> play B F3
W<< = 
W<< 
W>> genmove w
W<< 23808-
W<< = G4
W<< 
B>> play W G4
B<< = 
B<< 
B>> genmove b
B<< 36380
B<< = B8
B<< 
W>> play B B8
W<< = 
W<< 
W>> genmove w
W<< 25037-
W<< = J3
W<< 
B>> play W J3
B<< = 
B<< 
B>> genmove b
B<< 34868
B<< = F7
B<< 
W>> play B F7
W<< = 
W<< 
W>> genmove w
W<< 26581-
W<< = B3
W<< 
B>> play W B3
B<< = 
B<< 
B>> genmove b
B<< 33808
B<< = B9
B<< 
W>> play B B9
W<< = 
W<< 
W>> genmove w
W<< 27364-
W<< = C8
W<< 
B>> play W C8
B<< = 
B<< 
B>> genmove b
B<< 34148
B<< = B7
B<< 
W>> play B B7
W<< = 
W<< 
W>> genmove w
W<< 29326-
W<< = E8
W<< 
B>> play W E8
B<< = 
B<< 
B>> genmove b
B<< 31694
B<< = F8
B<< 
W>> play B F8
W<< = 
W<< 
W>> genmove w
W<< 35827-
W<< = G3
W<< 
B>> play W G3
B<< = 
B<< 
B>> genmove b
B<< 38036
B<< = H6
B<< 
W>> play B H6
W<< = 
W<< 
W>> genmove w
W<< 71342-
W<< = H3
W<< 
B>> play W H3
B<< = 
B<< 
B>> genmove b
B<< 67892
B<< = G8
B<< 
W>> play B G8
W<< = 
W<< 
W>> genmove w
W<< 115839-
W<< = H2
W<< 
B>> play W H2
B<< = 
B<< 
B>> genmove b
B<< 129768
B<< = F2
B<< 
W>> play B F2
W<< = 
W<< 
W>> genmove w
W<< 165839-
W<< = E2
W<< 
B>> play W E2
B<< = 
B<< 
B>> genmove b
B<< 201592
B<< = H8
B<< 
W>> play B H8
W<< = 
W<< 
W>> genmove w
W<< 244363-
W<< = H7
W<< 
B>> play W H7
B<< = 
B<< 
B>> genmove b
B<< 322193
B<< = H4
B<< 
W>> play B H4
W<< = 
W<< 
W>> genmove w
W<< 731208-
W<< = E9
W<< 
B>> play W E9
B<< = 
B<< 
B>> genmove b
B<< 1618013
B<< = resign
B<< 
============================================
Game 2
============================================
B>> boardsize 9
B<< = 
B<< 
B>> clear_board
B<< = 
B<< 
W>> boardsize 9
W<< = 
W<< 
W>> clear_board
W<< = 
W<< 
B>> genmove b
B<< 43997
B<< = J1
B<< 
W>> play B J1
W<< = 
W<< 
W>> genmove w
W<< 22449-
W<< = G7
W<< 
B>> play W G7
B<< = 
B<< 
B>> genmove b
B<< 42197
B<< = J9
B<< 
W>> play B J9
W<< = 
W<< 
W>> genmove w
W<< 21837-
W<< = A5
W<< 
B>> play W A5
B<< = 
B<< 
B>> genmove b
B<< 41356
B<< = C9
B<< 
W>> play B C9
W<< = 
W<< 
W>> genmove w
W<< 21920-
W<< = F1
W<< 
B>> play W F1
B<< = 
B<< 
B>> genmove b
B<< 40920
B<< = D3
B<< 
W>> play B D3
W<< = 
W<< 
W>> genmove w
W<< 21545-
W<< = J3
W<< 
B>> play W J3
B<< = 
B<< 
B>> genmove b
B<< 40345
B<< = A6
B<< 
W>> play B A6
W<< = 
W<< 
W>> genmove w
W<< 21433-
W<< = B1
W<< 
B>> play W B1
B<< = 
B<< 
B>> genmove b
B<< 39374
B<< = C5
B<< 
W>> play B C5
W<< = 
W<< 
W>> genmove w
W<< 21539-
W<< = H1
W<< 
B>> play W H1
B<< = 
B<< 
B>> genmove b
B<< 39056
B<< = A1
B<< 
W>> play B A1
W<< = 
W<< 
W>> genmove w
W<< 21219-
W<< = G2
W<< 
B>> play W G2
B<< = 
B<< 
B>> genmove b
B<< 38138
B<< = J5
B<< 
W>> play B J5
W<< = 
W<< 
W>> genmove w
W<< 21218-
W<< = F9
W<< 
B>> play W F9
B<< = 
B<< 
B>> genmove b
B<< 36959
B<< = F7
B<< 
W>> play B F7
W<< = 
W<< 
W>> genmove w
W<< 20964-
W<< = A8
W<< 
B>> play W A8
B<< = 
B<< 
B>> genmove b
B<< 37022
B<< = G5
B<< 
W>> play B G5
W<< = 
W<< 
W>> genmove w
W<< 20992-
W<< = B9
W<< 
B>> play W B9
B<< = 
B<< 
B>> genmove b
B<< 37034
B<< = D1
B<< 
W>> play B D1
W<< = 
W<< 
W>> genmove w
W<< 21565-
W<< = G4
W<< 
B>> play W G4
B<< = 
B<< 
B>> genmove b
B<< 36106
B<< = B8
B<< 
W>> play B B8
W<< = 
W<< 
W>> genmove w
W<< 21469-
W<< = B7
W<< 
B>> play W B7
B<< = 
B<< 
B>> genmove b
B<< 36932
B<< = A4
B<< 
W>> play B A4
W<< = 
W<< 
W>> genmove w
W<< 21167-
W<< = H3
W<< 
B>> play W H3
B<< = 
B<< 
B>> genmove b
B<< 34870
B<< = A7
B<< 
W>> play B A7
W<< = 
W<< 
W>> genmove w
W<< 20945-
W<< = F3
W<< 
B>> play W F3
B<< = 
B<< 
B>> genmove b
B<< 34010
B<< = G9
B<< 
W>> play B G9
W<< = 
W<< 
W>> genmove w
W<< 20126-
W<< = E2
W<< 
B>> play W E2
B<< = 
B<< 
B>> genmove b
B<< 31851
B<< = J7
B<< 
W>> play B J7
W<< = 
W<< 
W>> genmove w
W<< 20119-
W<< = J8
W<< 
B>> play W J8
B<< = 
B<< 
B>> genmove b
B<< 31874
B<< = H4
B<< 
W>> play B H4
W<< = 
W<< 
W>> genmove w
W<< 20716-
W<< = D8
W<< 
B>> play W D8
B<< = 
B<< 
B>> genmove b
B<< 32433
B<< = H6
B<< 
W>> play B H6
W<< = 
W<< 
W>> genmove w
W<< 20246-
W<< = C3
W<< 
B>> play W C3
B<< = 
B<< 
B>> genmove b
B<< 31688
B<< = H7
B<< 
W>> play B H7
W<< = 
W<< 
W>> genmove w
W<< 20624-
W<< = H8
W<< 
B>> play W H8
B<< = 
B<< 
B>> genmove b
B<< 29978
B<< = G8
B<< 
W>> play B G8
W<< = 
W<< 
W>> genmove w
W<< 20185-
W<< = C2
W<< 
B>> play W C2
B<< = 
B<< 
B>> genmove b
B<< 28381
B<< = D7
B<< 
W>> play B D7
W<< = 
W<< 
W>> genmove w
W<< 19355-
W<< = E9
W<< 
B>> play W E9
B<< = 
B<< 
B>> genmove b
B<< 29260
B<< = J4
B<< 
W>> play B J4
W<< = 
W<< 
W>> genmove w
W<< 19908-
W<< = H2
W<< 
B>> play W H2
B<< = 
B<< 
B>> genmove b
B<< 28095
B<< = E3
B<< 
W>> play B E3
W<< = 
W<< 
W>> genmove w
W<< 20301-
W<< = B3
W<< 
B>> play W B3
B<< = 
B<< 
B>> genmove b
B<< 26752
B<< = D9
B<< 
W>> play B D9
W<< = 
W<< 
W>> genmove w
W<< 20070-
W<< = E8
W<< 
B>> play W E8
B<< = 
B<< 
B>> genmove b
B<< 26853
B<< = D2
B<< 
W>> play B D2
W<< = 
W<< 
W>> genmove w
W<< 21670-
W<< = C7
W<< 
B>> play W C7
B<< = 
B<< 
B>> genmove b
B<< 23913
B<< = B2
B<< 
W>> play B B2
W<< = 
W<< 
W>> genmove w
W<< 21990-
W<< = F8
W<< 
B>> play W F8
B<< = 
B<< 
B>> genmove b
B<< 25044
B<< = E1
B<< 
W>> play B E1
W<< = 
W<< 
W>> genmove w
W<< 22885-
W<< = F2
W<< 
B>> play W F2
B<< = 
B<< 
B>> genmove b
B<< 30285
B<< = C4
B<< 
W>> play B C4
W<< = 
W<< 
W>> genmove w
W<< 37637-
W<< = A3
W<< 
B>> play W A3
B<< = 
B<< 
B>> genmove b
B<< 80864
B<< = B6
B<< 
W>> play B B6
W<< = 
W<< 
W>> genmove w
W<< 116049-
W<< = G3
W<< 
B>> play W G3
B<< = 
B<< 
B>> genmove b
B<< 121236
B<< = J6
B<< 
W>> play B J6
W<< = 
W<< 
W>> genmove w
W<< 157762-
W<< = B5
W<< 
B>> play W B5
B<< = 
B<< 
B>> genmove b
B<< 156109
B<< = C6
B<< 
W>> play B C6
W<< = 
W<< 
W>> genmove w
W<< 231680-
W<< = G1
W<< 
B>> play W G1
B<< = 
B<< 
B>> genmove b
B<< 395720
B<< = H5
B<< 
W>> play B H5
W<< = 
W<< 
W>> genmove w
W<< 1456818-
W<< = resign
W<< 
============================================
Game 3
============================================
B>> boardsize 9
B<< = 
B<< 
B>> clear_board
B<< = 
B<< 
W>> boardsize 9
W<< = 
W<< 
W>> clear_board
W<< = 
W<< 
B>> genmove b
B<< 42941
B<< = J1
B<< 
W>> play B J1
W<< = 
W<< 
W>> genmove w
W<< 22261-
W<< = J5
W<< 
B>> play W J5
B<< = 
B<< 
B>> genmove b
B<< 41951
B<< = C4
B<< 
W>> play B C4
W<< = 
W<< 
W>> genmove w
W<< 22123-
W<< = C5
W<< 
B>> play W C5
B<< = 
B<< 
B>> genmove b
B<< 40641
B<< = J3
B<< 
W>> play B J3
W<< = 
W<< 
W>> genmove w
W<< 22529-
W<< = H9
W<< 
B>> play W H9
B<< = 
B<< 
B>> genmove b
B<< 40586
B<< = A1
B<< 
W>> play B A1
W<< = 
W<< 
W>> genmove w
W<< 21906-
W<< = H6
W<< 
B>> play W H6
B<< = 
B<< 
B>> genmove b
B<< 39044
B<< = J6
B<< 
W>> play B J6
W<< = 
W<< 
W>> genmove w
W<< 21837-
W<< = J8
W<< 
B>> play W J8
B<< = 
B<< 
B>> genmove b
B<< 39467
B<< = G9
B<< 
W>> play B G9
W<< = 
W<< 
W>> genmove w
W<< 22118-
W<< = F7
W<< 
B>> play W F7
B<< = 
B<< 
B>> genmove b
B<< 38766
B<< = H8
B<< 
W>> play B H8
W<< = 
W<< 
W>> genmove w
W<< 22005-
W<< = E1
W<< 
B>> play W E1
B<< = 
B<< 
B>> genmove b
B<< 39508
B<< = J7
B<< 
W>> play B J7
W<< = 
W<< 
W>> genmove w
W<< 21500-
W<< = D9
W<< 
B>> play W D9
B<< = 
B<< 
B>> genmove b
B<< 37720
B<< = E7
B<< 
W>> play B E7
W<< = 
W<< 
W>> genmove w
W<< 21693-
W<< = G5
W<< 
B>> play W G5
B<< = 
B<< 
B>> genmove b
B<< 38474
B<< = C9
B<< 
W>> play B C9
W<< = 
W<< 
W>> genmove w
W<< 21682-
W<< = G7
W<< 
B>> play W G7
B<< = 
B<< 
B>> genmove b
B<< 37365
B<< = G4
B<< 
W>> play B G4
W<< = 
W<< 
W>> genmove w
W<< 21903-
W<< = A5
W<< 
B>> play W A5
B<< = 
B<< 
B>> genmove b
B<< 37009
B<< = A8
B<< 
W>> play B A8
W<< = 
W<< 
W>> genmove w
W<< 20958-
W<< = C7
W<< 
B>> play W C7
B<< = 
B<< 
B>> genmove b
B<< 37320
B<< = C6
B<< 
W>> play B C6
W<< = 
W<< 
W>> genmove w
W<< 21363-
W<< = A9
W<< 
B>> play W A9
B<< = 
B<< 
B>> genmove b
B<< 37090
B<< = F8
B<< 
W>> play B F8
W<< = 
W<< 
W>> genmove w
W<< 22065-
W<< = G8
W<< 
B>> play W G8
B<< = 
B<< 
B>> genmove b
B<< 37914
B<< = H5
B<< 
W>> play B H5
W<< = 
W<< 
W>> genmove w
W<< 22564-
W<< = A3
W<< 
B>> play W A3
B<< = 
B<< 
B>> genmove b
B<< 37647
B<< = A4
B<< 
W>> play B A4
W<< = 
W<< 
W>> genmove w
W<< 22726-
W<< = D3
W<< 
B>> play W D3
B<< = 
B<< 
B>> genmove b
B<< 37643
B<< = G1
B<< 
W>> play B G1
W<< = 
W<< 
W>> genmove w
W<< 22891-
W<< = J2
W<< 
B>> play W J2
B<< = 
B<< 
B>> genmove b
B<< 36750
B<< = F3
B<< 
W>> play B F3
W<< = 
W<< 
W>> genmove w
W<< 23099-
W<< = G3
W<< 
B>> play W G3
B<< = 
B<< 
B>> genmove b
B<< 37412
B<< = C1
B<< 
W>> play B C1
W<< = 
W<< 
W>> genmove w
W<< 23822-
W<< = B1
W<< 
B>> play W B1
B<< = 
B<< 
B>> genmove b
B<< 36505
B<< = A6
B<< 
W>> play B A6
W<< = 
W<< 
W>> genmove w
W<< 24442-
W<< = A7
W<< 
B>> play W A7
B<< = 
B<< 
B>> genmove b
B<< 36358
B<< = D7
B<< 
W>> play B D7
W<< = 
W<< 
W>> genmove w
W<< 24020-
W<< = B5
W<< 
B>> play W B5
B<< = 
B<< 
B>> genmove b
B<< 34829
B<< = C3
B<< 
W>> play B C3
W<< = 
W<< 
W>> genmove w
W<< 24554-
W<< = E9
W<< 
B>> play W E9
B<< = 
B<< 
B>> genmove b
B<< 33296
B<< = E2
B<< 
W>> play B E2
W<< = 
W<< 
W>> genmove w
W<< 25618-
W<< = E3
W<< 
B>> play W E3
B<< = 
B<< 
B>> genmove b
B<< 32510
B<< = F1
B<< 
W>> play B F1
W<< = 
W<< 
W>> genmove w
W<< 26048-
W<< = D8
W<< 
B>> play W D8
B<< = 
B<< 
B>> genmove b
B<< 31883
B<< = G2
B<< 
W>> play B G2
W<< = 
W<< 
W>> genmove w
W<< 26507-
W<< = C2
W<< 
B>> play W C2
B<< = 
B<< 
B>> genmove b
B<< 36763
B<< = B3
B<< 
W>> play B B3
W<< = 
W<< 
W>> genmove w
W<< 33771-
W<< = J4
W<< 
B>> play W J4
B<< = 
B<< 
B>> genmove b
B<< 87599
B<< = H1
B<< 
W>> play B H1
W<< = 
W<< 
W>> genmove w
W<< 95661-
W<< = G6
W<< 
B>> play W G6
B<< = 
B<< 
B>> genmove b
B<< 108819
B<< = F2
B<< 
W>> play B F2
W<< = 
W<< 
W>> genmove w
W<< 129451-
W<< = B2
W<< 
B>> play W B2
B<< = 
B<< 
B>> genmove b
B<< 159060
B<< = B6
B<< 
W>> play B B6
W<< = 
W<< 
W>> genmove w
W<< 189889-
W<< = C8
W<< 
B>> play W C8
B<< = 
B<< 
B>> genmove b
B<< 202486
B<< = F9
B<< 
W>> play B F9
W<< = 
W<< 
W>> genmove w
W<< 296524-
W<< = H2
W<< 
B>> play W H2
B<< = 
B<< 
B>> genmove b
B<< 537547
B<< = B8
B<< 
W>> play B B8
W<< = 
W<< 
W>> genmove w
W<< 1743084-
W<< = resign
W<< 
============================================
Game 4
============================================
B>> boardsize 9
B<< = 
B<< 
B>> clear_board
B<< = 
B<< 
W>> boardsize 9
W<< = 
W<< 
W>> clear_board
W<< = 
W<< 
B>> genmove b
B<< 43260
B<< = J1
B<< 
W>> play B J1
W<< = 
W<< 
W>> genmove w
W<< 22191-
W<< = G9
W<< 
B>> play W G9
B<< = 
B<< 
B>> genmove b
B<< 42106
B<< = B9
B<< 
W>> play B B9
W<< = 
W<< 
W>> genmove w
W<< 21815-
W<< = A3
W<< 
B>> play W A3
B<< = 
B<< 
B>> genmove b
B<< 40970
B<< = F3
B<< 
W>> play B F3
W<< = 
W<< 
W>> genmove w
W<< 21768-
W<< = C9
W<< 
B>> play W C9
B<< = 
B<< 
B>> genmove b
B<< 41265
B<< = J5
B<< 
W>> play B J5
W<< = 
W<< 
W>> genmove w
W<< 21551-
W<< = A7
W<< 
B>> play W A7
B<< = 
B<< 
B>> genmove b
B<< 39921
B<< = G1
B<< 
W>> play B G1
W<< = 
W<< 
W>> genmove w
W<< 21203-
W<< = B8
W<< 
B>> play W B8
B<< = 
B<< 
B>> genmove b
B<< 37973
B<< = A1
B<< 
W>> play B A1
W<< = 
W<< 
W>> genmove w
W<< 21137-
W<< = D1
W<< 
B>> play W D1
B<< = 
B<< 
B>> genmove b
B<< 38362
B<< = H2
B<< 
W>> play B H2
W<< = 
W<< 
W>> genmove w
W<< 20772-
W<< = J2
W<< 
B>> play W J2
B<< = 
B<< 
B>> genmove b
B<< 37665
B<< = J9
B<< 
W>> play B J9
W<< = 
W<< 
W>> genmove w
W<< 20857-
W<< = E7
W<< 
B>> play W E7
B<< = 
B<< 
B>> genmove b
B<< 36563
B<< = A5
B<< 
W>> play B A5
W<< = 
W<< 
W>> genmove w
W<< 20735-
W<< = C2
W<< 
B>> play W C2
B<< = 
B<< 
B>> genmove b
B<< 37055
B<< = C3
B<< 
W>> play B C3
W<< = 
W<< 
W>> genmove w
W<< 20596-
W<< = B2
W<< 
B>> play W B2
B<< = 
B<< 
B>> genmove b
B<< 35828
B<< = C6
B<< 
W>> play B C6
W<< = 
W<< 
W>> genmove w
W<< 20458-
W<< = B1
W<< 
B>> play W B1
B<< = 
B<< 
B>> genmove b
B<< 34696
B<< = D2
B<< 
W>> play B D2
W<< = 
W<< 
W>> genmove w
W<< 20528-
W<< = F8
W<< 
B>> play W F8
B<< = 
B<< 
B>> genmove b
B<< 33954
B<< = F7
B<< 
W>> play B F7
W<< = 
W<< 
W>> genmove w
W<< 20743-
W<< = E9
W<< 
B>> play W E9
B<< = 
B<< 
B>> genmove b
B<< 34244
B<< = D9
B<< 
W>> play B D9
W<< = 
W<< 
W>> genmove w
W<< 20608-
W<< = D3
W<< 
B>> play W D3
B<< = 
B<< 
B>> genmove b
B<< 34099
B<< = G4
B<< 
W>> play B G4
W<< = 
W<< 
W>> genmove w
W<< 20848-
W<< = J6
W<< 
B>> play W J6
B<< = 
B<< 
B>> genmove b
B<< 33883
B<< = E1
B<< 
W>> play B E1
W<< = 
W<< 
W>> genmove w
W<< 21583-
W<< = F1
W<< 
B>> play W F1
B<< = 
B<< 
B>> genmove b
B<< 34204
B<< = B7
B<< 
W>> play B B7
W<< = 
W<< 
W>> genmove w
W<< 21597-
W<< = C5
W<< 
B>> play W C5
B<< = 
B<< 
B>> genmove b
B<< 35088
B<< = H3
B<< 
W>> play B H3
W<< = 
W<< 
W>> genmove w
W<< 21692-
W<< = G5
W<< 
B>> play W G5
B<< = 
B<< 
B>> genmove b
B<< 34357
B<< = E2
B<< 
W>> play B E2
W<< = 
W<< 
W>> genmove w
W<< 21362-
W<< = G2
W<< 
B>> play W G2
B<< = 
B<< 
B>> genmove b
B<< 35082
B<< = J4
B<< 
W>> play B J4
W<< = 
W<< 
W>> genmove w
W<< 22097-
W<< = B4
W<< 
B>> play W B4
B<< = 
B<< 
B>> genmove b
B<< 32568
B<< = H5
B<< 
W>> play B H5
W<< = 
W<< 
W>> genmove w
W<< 21875-
W<< = H8
W<< 
B>> play W H8
B<< = 
B<< 
B>> genmove b
B<< 30079
B<< = H9
B<< 
W>> play B H9
W<< = 
W<< 
W>> genmove w
W<< 21788-
W<< = C7
W<< 
B>> play W C7
B<< = 
B<< 
B>> genmove b
B<< 31615
B<< = G8
B<< 
W>> play B G8
W<< = 
W<< 
W>> genmove w
W<< 23230-
W<< = F9
W<< 
B>> play W F9
B<< = 
B<< 
B>> genmove b
B<< 29721
B<< = G3
B<< 
W>> play B G3
W<< = 
W<< 
W>> genmove w
W<< 22770-
W<< = H7
W<< 
B>> play W H7
B<< = 
B<< 
B>> genmove b
B<< 28308
B<< = B3
B<< 
W>> play B B3
W<< = 
W<< 
W>> genmove w
W<< 25026-
W<< = G6
W<< 
B>> play W G6
B<< = 
B<< 
B>> genmove b
B<< 28359
B<< = A4
B<< 
W>> play B A4
W<< = 
W<< 
W>> genmove w
W<< 29935-
W<< = A8
W<< 
B>> play W A8
B<< = 
B<< 
B>> genmove b
B<< 29678
B<< = B5
B<< 
W>> play B B5
W<< = 
W<< 
W>> genmove w
W<< 80891-
W<< = A6
W<< 
B>> play W A6
B<< = 
B<< 
B>> genmove b
B<< 78043
B<< = H1
B<< 
W>> play B H1
W<< = 
W<< 
W>> genmove w
W<< 109255-
W<< = J7
W<< 
B>> play W J7
B<< = 
B<< 
B>> genmove b
B<< 126738
B<< = D7
B<< 
W>> play B D7
W<< = 
W<< 
W>> genmove w
W<< 158993-
W<< = H6
W<< 
B>> play W H6
B<< = 
B<< 
B>> genmove b
B<< 206444
B<< = D8
B<< 
W>> play B D8
W<< = 
W<< 
W>> genmove w
W<< 227962-
W<< = C8
W<< 
B>> play W C8
B<< = 
B<< 
B>> genmove b
B<< 298116
B<< = H4
B<< 
W>> play B H4
W<< = 
W<< 
W>> genmove w
W<< 610327-
W<< = C1
W<< 
B>> play W C1
B<< = 
B<< 
B>> genmove b
B<< 1466821
B<< = resign
B<< 
============================================
Game 5
============================================
B>> boardsize 9
B<< = 
B<< 
B>> clear_board
B<< = 
B<< 
W>> boardsize 9
W<< = 
W<< 
W>> clear_board
W<< = 
W<< 
B>> genmove b
B<< 43510
B<< = J1
B<< 
W>> play B J1
W<< = 
W<< 
W>> genmove w
W<< 22232-
W<< = A9
W<< 
B>> play W A9
B<< = 
B<< 
B>> genmove b
B<< 41748
B<< = C9
B<< 
W>> play B C9
W<< = 
W<< 
W>> genmove w
W<< 21888-
W<< = A6
W<< 
B>> play W A6
B<< = 
B<< 
B>> genmove b
B<< 41718
B<< = J6
B<< 
W>> play B J6
W<< = 
W<< 
W>> genmove w
W<< 21524-
W<< = D2
W<< 
B>> play W D2
B<< = 
B<< 
B>> genmove b
B<< 40532
B<< = F1
B<< 
W>> play B F1
W<< = 
W<< 
W>> genmove w
W<< 21764-
W<< = H1
W<< 
B>> play W H1
B<< = 
B<< 
B>> genmove b
B<< 40162
B<< = F7
B<< 
W>> play B F7
W<< = 
W<< 
W>> genmove w
W<< 21336-
W<< = G9
W<< 
B>> play W G9
B<< = 
B<< 
B>> genmove b
B<< 38846
B<< = B1
B<< 
W>> play B B1
W<< = 
W<< 
W>> genmove w
W<< 20746-
W<< = J3
W<< 
B>> play W J3
B<< = 
B<< 
B>> genmove b
B<< 38154
B<< = D1
B<< 
W>> play B D1
W<< = 
W<< 
W>> genmove w
W<< 20960-
W<< = A1
W<< 
B>> play W A1
B<< = 
B<< 
B>> genmove b
B<< 38440
B<< = A7
B<< 
W>> play B A7
W<< = 
W<< 
W>> genmove w
W<< 21263-
W<< = D9
W<< 
B>> play W D9
B<< = 
B<< 
B>> genmove b
B<< 37834
B<< = H9
B<< 
W>> play B H9
W<< = 
W<< 
W>> genmove w
W<< 20753-
W<< = G4
W<< 
B>> play W G4
B<< = 
B<< 
B>> genmove b
B<< 37825
B<< = J8
B<< 
W>> play B J8
W<< = 
W<< 
W>> genmove w
W<< 20818-
W<< = C3
W<< 
B>> play W C3
B<< = 
B<< 
B>> genmove b
B<< 36037
B<< = D3
B<< 
W>> play B D3
W<< = 
W<< 
W>> genmove w
W<< 21465-
W<< = J7
W<< 
B>> play W J7
B<< = 
B<< 
B>> genmove b
B<< 37977
B<< = C5
B<< 
W>> play B C5
W<< = 
W<< 
W>> genmove w
W<< 21488-
W<< = H8
W<< 
B>> play W H8
B<< = 
B<< 
B>> genmove b
B<< 37921
B<< = A4
B<< 
W>> play B A4
W<< = 
W<< 
W>> genmove w
W<< 21017-
W<< = G6
W<< 
B>> play W G6
B<< = 
B<< 
B>> genmove b
B<< 37281
B<< = G5
B<< 
W>> play B G5
W<< = 
W<< 
W>> genmove w
W<< 21970-
W<< = J5
W<< 
B>> play W J5
B<< = 
B<< 
B>> genmove b
B<< 37163
B<< = J4
B<< 
W>> play B J4
W<< = 
W<< 
W>> genmove w
W<< 22070-
W<< = E7
W<< 
B>> play W E7
B<< = 
B<< 
B>> genmove b
B<< 37626
B<< = E2
B<< 
W>> play B E2
W<< = 
W<< 
W>> genmove w
W<< 22157-
W<< = F2
W<< 
B>> play W F2
B<< = 
B<< 
B>> genmove b
B<< 37460
B<< = D7
B<< 
W>> play B D7
W<< = 
W<< 
W>> genmove w
W<< 22457-
W<< = C6
W<< 
B>> play W C6
B<< = 
B<< 
B>> genmove b
B<< 37223
B<< = E9
B<< 
W>> play B E9
W<< = 
W<< 
W>> genmove w
W<< 23352-
W<< = C1
W<< 
B>> play W C1
B<< = 
B<< 
B>> genmove b
B<< 37311
B<< = H2
B<< 
W>> play B H2
W<< = 
W<< 
W>> genmove w
W<< 23652-
W<< = G1
W<< 
B>> play W G1
B<< = 
B<< 
B>> genmove b
B<< 35808
B<< = F3
B<< 
W>> play B F3
W<< = 
W<< 
W>> genmove w
W<< 23967-
W<< = G3
W<< 
B>> play W G3
B<< = 
B<< 
B>> genmove b
B<< 35669
B<< = B8
B<< 
W>> play B B8
W<< = 
W<< 
W>> genmove w
W<< 24019-
W<< = C4
W<< 
B>> play W C4
B<< = 
B<< 
B>> genmove b
B<< 35171
B<< = B4
B<< 
W>> play B B4
W<< = 
W<< 
W>> genmove w
W<< 24237-
W<< = A3
W<< 
B>> play W A3
B<< = 
B<< 
B>> genmove b
B<< 34308
B<< = A5
B<< 
W>> play B A5
W<< = 
W<< 
W>> genmove w
W<< 23739-
W<< = B7
W<< 
B>> play W B7
B<< = 
B<< 
B>> genmove b
B<< 33030
B<< = C7
B<< 
W>> play B C7
W<< = 
W<< 
W>> genmove w
W<< 26130-
W<< = B6
W<< 
B>> play W B6
B<< = 
B<< 
B>> genmove b
B<< 32796
B<< = A8
B<< 
W>> play B A8
W<< = 
W<< 
W>> genmove w
W<< 26324-
W<< = C8
W<< 
B>> play W C8
B<< = 
B<< 
B>> genmove b
B<< 34253
B<< = B2
B<< 
W>> play B B2
W<< = 
W<< 
W>> genmove w
W<< 36224-
W<< = C2
W<< 
B>> play W C2
B<< = 
B<< 
B>> genmove b
B<< 91058
B<< = G8
B<< 
W>> play B G8
W<< = 
W<< 
W>> genmove w
W<< 100053-
W<< = A2
W<< 
B>> play W A2
B<< = 
B<< 
B>> genmove b
B<< 136796
B<< = G7
B<< 
W>> play B G7
W<< = 
W<< 
W>> genmove w
W<< 166740-
W<< = E8
W<< 
B>> play W E8
B<< = 
B<< 
B>> genmove b
B<< 185033
B<< = J2
B<< 
W>> play B J2
W<< = 
W<< 
W>> genmove w
W<< 211807-
W<< = F8
W<< 
B>> play W F8
B<< = 
B<< 
B>> genmove b
B<< 265433
B<< = E3
B<< 
W>> play B E3
W<< = 
W<< 
W>> genmove w
W<< 361181-
W<< = G2
W<< 
B>> play W G2
B<< = 
B<< 
B>> genmove b
B<< 540194
B<< = H4
B<< 
W>> play B H4
W<< = 
W<< 
W>> genmove w
W<< 1660404-
W<< = resign
W<< 
============================================
Game 6
============================================
B>> boardsize 9
B<< = 
B<< 
B>> clear_board
B<< = 
B<< 
W>> boardsize 9
W<< = 
W<< 
W>> clear_board
W<< = 
W<< 
B>> genmove b
B<< 42790
B<< = J1
B<< 
W>> play B J1
W<< = 
W<< 
W>> genmove w
W<< 22184-
W<< = G5
W<< 
B>> play W G5
B<< = 
B<< 
B>> genmove b
B<< 42737
B<< = G1
B<< 
W>> play B G1
W<< = 
W<< 
W>> genmove w
W<< 21893-
W<< = E3
W<< 
B>> play W E3
B<< = 
B<< 
B>> genmove b
B<< 41257
B<< = J5
B<< 
W>> play B J5
W<< = 
W<< 
W>> genmove w
W<< 21627-
W<< = B1
W<< 
B>> play W B1
B<< = 
B<< 
B>> genmove b
B<< 40876
B<< = B7
B<< 
W>> play B B7
W<< = 
W<< 
W>> genmove w
W<< 21275-
W<< = A2
W<< 
B>> play W A2
B<< = 
B<< 
B>> genmove b
B<< 38995
B<< = D1
B<< 
W>> play B D1
W<< = 
W<< 
W>> genmove w
W<< 21111-
W<< = C2
W<< 
B>> play W C2
B<< = 
B<< 
B>> genmove b
B<< 38472
B<< = B2
B<< 
W>> play B B2
W<< = 
W<< 
W>> genmove w
W<< 21457-
W<< = A9
W<< 
B>> play W A9
B<< = 
B<< 
B>> genmove b
B<< 38191
B<< = H2
B<< 
W>> play B H2
W<< = 
W<< 
W>> genmove w
W<< 21149-
W<< = J2
W<< 
B>> play W J2
B<< = 
B<< 
B>> genmove b
B<< 38365
B<< = G4
B<< 
W>> play B G4
W<< = 
W<< 
W>> genmove w
W<< 21191-
W<< = J9
W<< 
B>> play W J9
B<< = 
B<< 
B>> genmove b
B<< 38373
B<< = A5
B<< 
W>> play B A5
W<< = 
W<< 
W>> genmove w
W<< 21187-
W<< = A4
W<< 
B>> play W A4
B<< = 
B<< 
B>> genmove b
B<< 37418
B<< = H3
B<< 
W>> play B H3
W<< = 
W<< 
W>> genmove w
W<< 20823-
W<< = F9
W<< 
B>> play W F9
B<< = 
B<< 
B>> genmove b
B<< 35644
B<< = F2
B<< 
W>> play B F2
W<< = 
W<< 
W>> genmove w
W<< 20513-
W<< = C9
W<< 
B>> play W C9
B<< = 
B<< 
B>> genmove b
B<< 33533
B<< = G3
B<< 
W>> play B G3
W<< = 
W<< 
W>> genmove w
W<< 19827-
W<< = F1
W<< 
B>> play W F1
B<< = 
B<< 
B>> genmove b
B<< 33434
B<< = E9
B<< 
W>> play B E9
W<< = 
W<< 
W>> genmove w
W<< 19779-
W<< = G7
W<< 
B>> play W G7
B<< = 
B<< 
B>> genmove b
B<< 32428
B<< = C4
B<< 
W>> play B C4
W<< = 
W<< 
W>> genmove w
W<< 18962-
W<< = J6
W<< 
B>> play W J6
B<< = 
B<< 
B>> genmove b
B<< 32368
B<< = H4
B<< 
W>> play B H4
W<< = 
W<< 
W>> genmove w
W<< 19168-
W<< = D7
W<< 
B>> play W D7
B<< = 
B<< 
B>> genmove b
B<< 30429
B<< = C8
B<< 
W>> play B C8
W<< = 
W<< 
W>> genmove w
W<< 19004-
W<< = C5
W<< 
B>> play W C5
B<< = 
B<< 
B>> genmove b
B<< 30304
B<< = D9
B<< 
W>> play B D9
W<< = 
W<< 
W>> genmove w
W<< 18706-
W<< = A7
W<< 
B>> play W A7
B<< = 
B<< 
B>> genmove b
B<< 30155
B<< = F7
B<< 
W>> play B F7
W<< = 
W<< 
W>> genmove w
W<< 18982-
W<< = B8
W<< 
B>> play W B8
B<< = 
B<< 
B>> genmove b
B<< 30764
B<< = A6
B<< 
W>> play B A6
W<< = 
W<< 
W>> genmove w
W<< 19814-
W<< = D3
W<< 
B>> play W D3
B<< = 
B<< 
B>> genmove b
B<< 30433
B<< = C1
B<< 
W>> play B C1
W<< = 
W<< 
W>> genmove w
W<< 19811-
W<< = D8
W<< 
B>> play W D8
B<< = 
B<< 
B>> genmove b
B<< 30640
B<< = A3
B<< 
W>> play B A3
W<< = 
W<< 
W>> genmove w
W<< 20396-
W<< = G8
W<< 
B>> play W G8
B<< = 
B<< 
B>> genmove b
B<< 29604
B<< = G6
B<< 
W>> play B G6
W<< = 
W<< 
W>> genmove w
W<< 20943-
W<< = H8
W<< 
B>> play W H8
B<< = 
B<< 
B>> genmove b
B<< 28966
B<< = J8
B<< 
W>> play B J8
W<< = 
W<< 
W>> genmove w
W<< 20861-
W<< = G9
W<< 
B>> play W G9
B<< = 
B<< 
B>> genmove b
B<< 27178
B<< = J4
B<< 
W>> play B J4
W<< = 
W<< 
W>> genmove w
W<< 19966-
W<< = H7
W<< 
B>> play W H7
B<< = 
B<< 
B>> genmove b
B<< 25084
B<< = F3
B<< 
W>> play B F3
W<< = 
W<< 
W>> genmove w
W<< 21352-
W<< = H5
W<< 
B>> play W H5
B<< = 
B<< 
B>> genmove b
B<< 25504
B<< = C7
B<< 
W>> play B C7
W<< = 
W<< 
W>> genmove w
W<< 23519-
W<< = B5
W<< 
B>> play W B5
B<< = 
B<< 
B>> genmove b
B<< 25860
B<< = B6
B<< 
W>> play B B6
W<< = 
W<< 
W>> genmove w
W<< 71009-
W<< = D2
W<< 
B>> play W D2
B<< = 
B<< 
B>> genmove b
B<< 69851
B<< = E8
B<< 
W>> play B E8
W<< = 
W<< 
W>> genmove w
W<< 98357-
W<< = F8
W<< 
B>> play W F8
B<< = 
B<< 
B>> genmove b
B<< 92889
B<< = H1
B<< 
W>> play B H1
W<< = 
W<< 
W>> genmove w
W<< 127423-
W<< = C3
W<< 
B>> play W C3
B<< = 
B<< 
B>> genmove b
B<< 121944
B<< = B3
B<< 
W>> play B B3
W<< = 
W<< 
W>> genmove w
W<< 165613-
W<< = H9
W<< 
B>> play W H9
B<< = 
B<< 
B>> genmove b
B<< 176913
B<< = G2
B<< 
W>> play B G2
W<< = 
W<< 
W>> genmove w
W<< 392434-
W<< = A8
W<< 
B>> play W A8
B<< = 
B<< 
B>> genmove b
B<< 1406861
B<< = resign
B<< 
============================================
Game 7
============================================
B>> boardsize 9
B<< = 
B<< 
B>> clear_board
B<< = 
B<< 
W>> boardsize 9
W<< = 
W<< 
W>> clear_board
W<< = 
W<< 
B>> genmove b
B<< 43684
B<< = J1
B<< 
W>> play B J1
W<< = 
W<< 
W>> genmove w
W<< 21943-
W<< = J4
W<< 
B>> play W J4
B<< = 
B<< 
B>> genmove b
B<< 42349
B<< = J9
B<< 
W>> play B J9
W<< = 
W<< 
W>> genmove w
W<< 21699-
W<< = H2
W<< 
B>> play W H2
B<< = 
B<< 
B>> genmove b
B<< 41551
B<< = F7
B<< 
W>> play B F7
W<< = 
W<< 
W>> genmove w
W<< 21562-
W<< = A1
W<< 
B>> play W A1
B<< = 
B<< 
B>> genmove b
B<< 39775
B<< = E1
B<< 
W>> play B E1
W<< = 
W<< 
W>> genmove w
W<< 21498-
W<< = C5
W<< 
B>> play W C5
B<< = 
B<< 
B>> genmove b
B<< 40099
B<< = A4
B<< 
W>> play B A4
W<< = 
W<< 
W>> genmove w
W<< 21147-
W<< = D9
W<< 
B>> play W D9
B<< = 
B<< 
B>> genmove b
B<< 38946
B<< = A9
B<< 
W>> play B A9
W<< = 
W<< 
W>> genmove w
W<< 20755-
W<< = C7
W<< 
B>> play W C7
B<< = 
B<< 
B>> genmove b
B<< 37808
B<< = C6
B<< 
W>> play B C6
W<< = 
W<< 
W>> genmove w
W<< 21159-
W<< = J8
W<< 
B>> play W J8
B<< = 
B<< 
B>> genmove b
B<< 38394
B<< = E9
B<< 
W>> play B E9
W<< = 
W<< 
W>> genmove w
W<< 21073-
W<< = A5
W<< 
B>> play W A5
B<< = 
B<< 
B>> genmove b
B<< 38235
B<< = G1
B<< 
W>> play B G1
W<< = 
W<< 
W>> genmove w
W<< 20764-
W<< = F9
W<< 
B>> play W F9
B<< = 
B<< 
B>> genmove b
B<< 37771
B<< = F2
B<< 
W>> play B F2
W<< = 
W<< 
W>> genmove w
W<< 20347-
W<< = B2
W<< 
B>> play W B2
B<< = 
B<< 
B>> genmove b
B<< 36627
B<< = G5
B<< 
W>> play B G5
W<< = 
W<< 
W>> genmove w
W<< 20857-
W<< = F3
W<< 
B>> play W F3
B<< = 
B<< 
B>> genmove b
B<< 36088
B<< = C4
B<< 
W>> play B C4
W<< = 
W<< 
W>> genmove w
W<< 20653-
W<< = A3
W<< 
B>> play W A3
B<< = 
B<< 
B>> genmove b
B<< 36078
B<< = B1
B<< 
W>> play B B1
W<< = 
W<< 
W>> genmove w
W<< 21039-
W<< = D1
W<< 
B>> play W D1
B<< = 
B<< 
B>> genmove b
B<< 36476
B<< = D3
B<< 
W>> play B D3
W<< = 
W<< 
W>> genmove w
W<< 20799-
W<< = E2
W<< 
B>> play W E2
B<< = 
B<< 
B>> genmove b
B<< 36776
B<< = G3
B<< 
W>> play B G3
W<< = 
W<< 
W>> genmove w
W<< 21329-
W<< = C3
W<< 
B>> play W C3
B<< = 
B<< 
B>> genmove b
B<< 36066
B<< = H4
B<< 
W>> play B H4
W<< = 
W<< 
W>> genmove w
W<< 22239-
W<< = G2
W<< 
B>> play W G2
B<< = 
B<< 
B>> genmove b
B<< 36528
B<< = J6
B<< 
W>> play B J6
W<< = 
W<< 
W>> genmove w
W<< 22267-
W<< = G6
W<< 
B>> play W G6
B<< = 
B<< 
B>> genmove b
B<< 37378
B<< = H3
B<< 
W>> play B H3
W<< = 
W<< 
W>> genmove w
W<< 22402-
W<< = H1
W<< 
B>> play W H1
B<< = 
B<< 
B>> genmove b
B<< 36269
B<< = D7
B<< 
W>> play B D7
W<< = 
W<< 
W>> genmove w
W<< 22827-
W<< = B5
W<< 
B>> play W B5
B<< = 
B<< 
B>> genmove b
B<< 36108
B<< = A7
B<< 
W>> play B A7
W<< = 
W<< 
W>> genmove w
W<< 22871-
W<< = B8
W<< 
B>> play W B8
B<< = 
B<< 
B>> genmove b
B<< 34640
B<< = C8
B<< 
W>> play B C8
W<< = 
W<< 
W>> genmove w
W<< 23962-
W<< = E7
W<< 
B>> play W E7
B<< = 
B<< 
B>> genmove b
B<< 34594
B<< = G9
B<< 
W>> play B G9
W<< = 
W<< 
W>> genmove w
W<< 23976-
W<< = H5
W<< 
B>> play W H5
B<< = 
B<< 
B>> genmove b
B<< 34739
B<< = J3
B<< 
W>> play B J3
W<< = 
W<< 
W>> genmove w
W<< 24885-
W<< = H6
W<< 
B>> play W H6
B<< = 
B<< 
B>> genmove b
B<< 32498
B<< = D2
B<< 
W>> play B D2
W<< = 
W<< 
W>> genmove w
W<< 25764-
W<< = H8
W<< 
B>> play W H8
B<< = 
B<< 
B>> genmove b
B<< 31102
B<< = G8
B<< 
W>> play B G8
W<< = 
W<< 
W>> genmove w
W<< 26230-
W<< = A6
W<< 
B>> play W A6
B<< = 
B<< 
B>> genmove b
B<< 32050
B<< = C2
B<< 
W>> play B C2
W<< = 
W<< 
W>> genmove w
W<< 28902-
W<< = C9
W<< 
B>> play W C9
B<< = 
B<< 
B>> genmove b
B<< 45337
B<< = J7
B<< 
W>> play B J7
W<< = 
W<< 
W>> genmove w
W<< 51479-
W<< = B3
W<< 
B>> play W B3
B<< = 
B<< 
B>> genmove b
B<< 79235
B<< = A8
B<< 
W>> play B A8
W<< = 
W<< 
W>> genmove w
W<< 84677-
W<< = B7
W<< 
B>> play W B7
B<< = 
B<< 
B>> genmove b
B<< 146214
B<< = G7
B<< 
W>> play B G7
W<< = 
W<< 
W>> genmove w
W<< 167318-
W<< = A2
W<< 
B>> play W A2
B<< = 
B<< 
B>> genmove b
B<< 186164
B<< = H9
B<< 
W>> play B H9
W<< = 
W<< 
W>> genmove w
W<< 225327-
W<< = J5
W<< 
B>> play W J5
B<< = 
B<< 
B>> genmove b
B<< 217289
B<< = D8
B<< 
W>> play B D8
W<< = 
W<< 
W>> genmove w
W<< 279610-
W<< = F8
W<< 
B>> play W F8
B<< = 
B<< 
B>> genmove b
B<< 461868
B<< = G4
B<< 
W>> play B G4
W<< = 
W<< 
W>> genmove w
W<< 1447824-
W<< = resign
W<< 
============================================
Game 8
============================================
B>> boardsize 9
B<< = 
B<< 
B>> clear_board
B<< = 
B<< 
W>> boardsize 9
W<< = 
W<< 
W>> clear_board
W<< = 
W<< 
B>> genmove b
B<< 43112
B<< = J1
B<< 
W>> play B J1
W<< = 
W<< 
W>> genmove w
W<< 21586-
W<< = D9
W<< 
B>> play W D9
B<< = 
B<< 
B>> genmove b
B<< 42137
B<< = C1
B<< 
W>> play B C1
W<< = 
W<< 
W>> genmove w
W<< 21671-
W<< = A9
W<< 
B>> play W A9
B<< = 
B<< 
B>> genmove b
B<< 41913
B<< = A7
B<< 
W>> play B A7
W<< = 
W<< 
W>> genmove w
W<< 21580-
W<< = F2
W<< 
B>> play W F2
B<< = 
B<< 
B>> genmove b
B<< 40569
B<< = E9
B<< 
W>> play B E9
W<< = 
W<< 
W>> genmove w
W<< 21394-
W<< = G6
W<< 
B>> play W G6
B<< = 
B<< 
B>> genmove b
B<< 40700
B<< = C4
B<< 
W>> play B C4
W<< = 
W<< 
W>> genmove w
W<< 21365-
W<< = D3
W<< 
B>> play W D3
B<< = 
B<< 
B>> genmove b
B<< 39535
B<< = F1
B<< 
W>> play B F1
W<< = 
W<< 
W>> genmove w
W<< 21594-
W<< = G3
W<< 
B>> play W G3
B<< = 
B<< 
B>> genmove b
B<< 38769
B<< = F3
B<< 
W>> play B F3
W<< = 
W<< 
W>> genmove w
W<< 20920-
W<< = J4
W<< 
B>> play W J4
B<< = 
B<< 
B>> genmove b
B<< 39125
B<< = J9
B<< 
W>> play B J9
W<< = 
W<< 
W>> genmove w
W<< 21042-
W<< = J6
W<< 
B>> play W J6
B<< = 
B<< 
B>> genmove b
B<< 37975
B<< = J5
B<< 
W>> play B J5
W<< = 
W<< 
W>> genmove w
W<< 21453-
W<< = C7
W<< 
B>> play W C7
B<< = 
B<< 
B>> genmove b
B<< 37684
B<< = A2
B<< 
W>> play B A2
W<< = 
W<< 
W>> genmove w
W<< 21160-
W<< = A1
W<< 
B>> play W A1
B<< = 
B<< 
B>> genmove b
B<< 36948
B<< = J7
B<< 
W>> play B J7
W<< = 
W<< 
W>> genmove w
W<< 21097-
W<< = E7
W<< 
B>> play W E7
B<< = 
B<< 
B>> genmove b
B<< 37267
B<< = F7
B<< 
W>> play B F7
W<< = 
W<< 
W>> genmove w
W<< 21533-
W<< = G9
W<< 
B>> play W G9
B<< = 
B<< 
B>> genmove b
B<< 37351
B<< = C6
B<< 
W>> play B C6
W<< = 
W<< 
W>> genmove w
W<< 21244-
W<< = E1
W<< 
B>> play W E1
B<< = 
B<< 
B>> genmove b
B<< 37187
B<< = B5
B<< 
W>> play B B5
W<< = 
W<< 
W>> genmove w
W<< 21168-
W<< = B4
W<< 
B>> play W B4
B<< = 
B<< 
B>> genmove b
B<< 37130
B<< = D7
B<< 
W>> play B D7
W<< = 
W<< 
W>> genmove w
W<< 21878-
W<< = A5
W<< 
B>> play W A5
B<< = 
B<< 
B>> genmove b
B<< 37366
B<< = B9
B<< 
W>> play B B9
W<< = 
W<< 
W>> genmove w
W<< 22008-
W<< = H7
W<< 
B>> play W H7
B<< = 
B<< 
B>> genmove b
B<< 36823
B<< = J3
B<< 
W>> play B J3
W<< = 
W<< 
W>> genmove w
W<< 22483-
W<< = A3
W<< 
B>> play W A3
B<< = 
B<< 
B>> genmove b
B<< 35912
B<< = B3
B<< 
W>> play B B3
W<< = 
W<< 
W>> genmove w
W<< 22558-
W<< = H8
W<< 
B>> play W H8
B<< = 
B<< 
B>> genmove b
B<< 35372
B<< = G7
B<< 
W>> play B G7
W<< = 
W<< 
W>> genmove w
W<< 22497-
W<< = B6
W<< 
B>> play W B6
B<< = 
B<< 
B>> genmove b
B<< 34944
B<< = C5
B<< 
W>> play B C5
W<< = 
W<< 
W>> genmove w
W<< 22296-
W<< = H1
W<< 
B>> play W H1
B<< = 
B<< 
B>> genmove b
B<< 33787
B<< = A6
B<< 
W>> play B A6
W<< = 
W<< 
W>> genmove w
W<< 23143-
W<< = G2
W<< 
B>> play W G2
B<< = 
B<< 
B>> genmove b
B<< 33805
B<< = G4
B<< 
W>> play B G4
W<< = 
W<< 
W>> genmove w
W<< 22943-
W<< = H9
W<< 
B>> play W H9
B<< = 
B<< 
B>> genmove b
B<< 33124
B<< = H3
B<< 
W>> play B H3
W<< = 
W<< 
W>> genmove w
W<< 24143-
W<< = H4
W<< 
B>> play W H4
B<< = 
B<< 
B>> genmove b
B<< 32002
B<< = G8
B<< 
W>> play B G8
W<< = 
W<< 
W>> genmove w
W<< 25237-
W<< = H2
W<< 
B>> play W H2
B<< = 
B<< 
B>> genmove b
B<< 31507
B<< = E3
B<< 
W>> play B E3
W<< = 
W<< 
W>> genmove w
W<< 24516-
W<< = C8
W<< 
B>> play W C8
B<< = 
B<< 
B>> genmove b
B<< 30263
B<< = C9
B<< 
W>> play B C9
W<< = 
W<< 
W>> genmove w
W<< 29096-
W<< = H6
W<< 
B>> play W H6
B<< = 
B<< 
B>> genmove b
B<< 44937
B<< = D1
B<< 
W>> play B D1
W<< = 
W<< 
W>> genmove w
W<< 45320-
W<< = F9
W<< 
B>> play W F9
B<< = 
B<< 
B>> genmove b
B<< 107482
B<< = B2
B<< 
W>> play B B2
W<< = 
W<< 
W>> genmove w
W<< 166368-
W<< = D2
W<< 
B>> play W D2
B<< = 
B<< 
B>> genmove b
B<< 174629
B<< = C3
B<< 
W>> play B C3
W<< = 
W<< 
W>> genmove w
W<< 201580-
W<< = C2
W<< 
B>> play W C2
B<< = 
B<< 
B>> genmove b
B<< 230206
B<< = F8
B<< 
W>> play B F8
W<< = 
W<< 
W>> genmove w
W<< 365873-
W<< = A8
W<< 
B>> play W A8
B<< = 
B<< 
B>> genmove b
B<< 502150
B<< = G5
B<< 
W>> play B G5
W<< = 
W<< 
W>> genmove w
W<< 1676328-
W<< = resign
W<< 
============================================
Game 9
============================================
B>> boardsize 9
B<< = 
B<< 
B>> clear_board
B<< = 
B<< 
W>> boardsize 9
W<< = 
W<< 
W>> clear_board
W<< = 
W<< 
B>> genmove b
B<< 41709
B<< = J1
B<< 
W>> play B J1
W<< = 
W<< 
W>> genmove w
W<< 21895-
W<< = E7
W<< 
B>> play W E7
B<< = 
B<< 
B>> genmove b
B<< 40550
B<< = F1
B<< 
W>> play B F1
W<< = 
W<< 
W>> genmove w
W<< 22075-
W<< = D1
W<< 
B>> play W D1
B<< = 
B<< 
B>> genmove b
B<< 40043
B<< = A4
B<< 
W>> play B A4
W<< = 
W<< 
W>> genmove w
W<< 22042-
W<< = G1
W<< 
B>> play W G1
B<< = 
B<< 
B>> genmove b
B<< 40085
B<< = B9
B<< 
W>> play B B9
W<< = 
W<< 
W>> genmove w
W<< 21689-
W<< = A1
W<< 
B>> play W A1
B<< = 
B<< 
B>> genmove b
B<< 39504
B<< = A7
B<< 
W>> play B A7
W<< = 
W<< 
W>> genmove w
W<< 21636-
W<< = J8
W<< 
B>> play W J8
B<< = 
B<< 
B>> genmove b
B<< 38741
B<< = J9
B<< 
W>> play B J9
W<< = 
W<< 
W>> genmove w
W<< 21624-
W<< = F2
W<< 
B>> play W F2
B<< = 
B<< 
B>> genmove b
B<< 37714
B<< = F3
B<< 
W>> play B F3
W<< = 
W<< 
W>> genmove w
W<< 21474-
W<< = G9
W<< 
B>> play W G9
B<< = 
B<< 
B>> genmove b
B<< 36455
B<< = D8
B<< 
W>> play B D8
W<< = 
W<< 
W>> genmove w
W<< 21381-
W<< = A9
W<< 
B>> play W A9
B<< = 
B<< 
B>> genmove b
B<< 38180
B<< = D3
B<< 
W>> play B D3
W<< = 
W<< 
W>> genmove w
W<< 21547-
W<< = C5
W<< 
B>> play W C5
B<< = 
B<< 
B>> genmove b
B<< 37035
B<< = J3
B<< 
W>> play B J3
W<< = 
W<< 
W>> genmove w
W<< 21019-
W<< = C9
W<< 
B>> play W C9
B<< = 
B<< 
B>> genmove b
B<< 35930
B<< = H2
B<< 
W>> play B H2
W<< = 
W<< 
W>> genmove w
W<< 20655-
W<< = A5
W<< 
B>> play W A5
B<< = 
B<< 
B>> genmove b
B<< 35047
B<< = E2
B<< 
W>> play B E2
W<< = 
W<< 
W>> genmove w
W<< 20771-
W<< = J4
W<< 
B>> play W J4
B<< = 
B<< 
B>> genmove b
B<< 34636
B<< = G3
B<< 
W>> play B G3
W<< = 
W<< 
W>> genmove w
W<< 21125-
W<< = H3
W<< 
B>> play W H3
B<< = 
B<< 
B>> genmove b
B<< 35426
B<< = G6
B<< 
W>> play B G6
W<< = 
W<< 
W>> genmove w
W<< 20930-
W<< = J6
W<< 
B>> play W J6
B<< = 
B<< 
B>> genmove b
B<< 34032
B<< = J5
B<< 
W>> play B J5
W<< = 
W<< 
W>> genmove w
W<< 21061-
W<< = H7
W<< 
B>> play W H7
B<< = 
B<< 
B>> genmove b
B<< 34789
B<< = C6
B<< 
W>> play B C6
W<< = 
W<< 
W>> genmove w
W<< 21429-
W<< = C3
W<< 
B>> play W C3
B<< = 
B<< 
B>> genmove b
B<< 33988
B<< = F9
B<< 
W>> play B F9
W<< = 
W<< 
W>> genmove w
W<< 21607-
W<< = B4
W<< 
B>> play W B4
B<< = 
B<< 
B>> genmove b
B<< 33395
B<< = H1
B<< 
W>> play B H1
W<< = 
W<< 
W>> genmove w
W<< 20732-
W<< = C2
W<< 
B>> play W C2
B<< = 
B<< 
B>> genmove b
B<< 32087
B<< = B1
B<< 
W>> play B B1
W<< = 
W<< 
W>> genmove w
W<< 20772-
W<< = B2
W<< 
B>> play W B2
B<< = 
B<< 
B>> genmove b
B<< 30303
B<< = F7
B<< 
W>> play B F7
W<< = 
W<< 
W>> genmove w
W<< 20632-
W<< = G5
W<< 
B>> play W G5
B<< = 
B<< 
B>> genmove b
B<< 31261
B<< = H8
B<< 
W>> play B H8
W<< = 
W<< 
W>> genmove w
W<< 20917-
W<< = E9
W<< 
B>> play W E9
B<< = 
B<< 
B>> genmove b
B<< 30431
B<< = B5
B<< 
W>> play B B5
W<< = 
W<< 
W>> genmove w
W<< 21792-
W<< = B3
W<< 
B>> play W B3
B<< = 
B<< 
B>> genmove b
B<< 30570
B<< = G8
B<< 
W>> play B G8
W<< = 
W<< 
W>> genmove w
W<< 22222-
W<< = H6
W<< 
B>> play W H6
B<< = 
B<< 
B>> genmove b
B<< 30266
B<< = H5
B<< 
W>> play B H5
W<< = 
W<< 
W>> genmove w
W<< 22916-
W<< = D2
W<< 
B>> play W D2
B<< = 
B<< 
B>> genmove b
B<< 27609
B<< = B7
B<< 
W>> play B B7
W<< = 
W<< 
W>> genmove w
W<< 21248-
W<< = A8
W<< 
B>> play W A8
B<< = 
B<< 
B>> genmove b
B<< 27027
B<< = C7
B<< 
W>> play B C7
W<< = 
W<< 
W>> genmove w
W<< 23375-
W<< = E8
W<< 
B>> play W E8
B<< = 
B<< 
B>> genmove b
B<< 24151
B<< = B6
B<< 
W>> play B B6
W<< = 
W<< 
W>> genmove w
W<< 23779-
W<< = C4
W<< 
B>> play W C4
B<< = 
B<< 
B>> genmove b
B<< 31753
B<< = A3
B<< 
W>> play B A3
W<< = 
W<< 
W>> genmove w
W<< 63141-
W<< = J7
W<< 
B>> play W J7
B<< = 
B<< 
B>> genmove b
B<< 92782
B<< = F8
B<< 
W>> play B F8
W<< = 
W<< 
W>> genmove w
W<< 143416-
W<< = C8
W<< 
B>> play W C8
B<< = 
B<< 
B>> genmove b
B<< 158373
B<< = E3
B<< 
W>> play B E3
W<< = 
W<< 
W>> genmove w
W<< 182675-
W<< = D7
W<< 
B>> play W D7
B<< = 
B<< 
B>> genmove b
B<< 205002
B<< = J2
B<< 
W>> play B J2
W<< = 
W<< 
W>> genmove w
W<< 267261-
W<< = G4
W<< 
B>> play W G4
B<< = 
B<< 
B>> genmove b
B<< 347741
B<< = E1
B<< 
W>> play B E1
W<< = 
W<< 
W>> genmove w
W<< 1473557-
W<< = resign
W<< 
B>> quit
W>> quit
