B<< HollowNoGo-Demo: /mnt/nfs/work/TaiLin/TCG/tcg2021/hw4/pj-4-judge-v1/../pj-4-code-v1/nogo --shell --black=mcts N=5000 c=1 simenemy=random 
B<< 
B<< N | 5000
B<< T | 10005
B<< TMT | normal
B<< c | 1
B<< name | mcts
B<< role | black
B<< simenemy | random
B<< N | 100
B<< T | 10005
B<< TMT | normal
B<< c | 0
B>> protocol_version
B<< name | 
B<< role | white
B<< simenemy | mctsn
B<< = 2
B<< 
B>> name
B<< = TCG-HollowNoGo-Demo
B<< 
B>> version
B<< = 2021
B<< 
B>> list_commands
B<< = play
B<< genmove
B<< clear_board
B<< showboard
B<< boardsize
B<< name
B<< version
B<< protocol_version
B<< list_commands
B<< quit
B<< 
B<< 
W>> protocol_version
W<< HollowNoGo-Judge: /mnt/nfs/work/TaiLin/TCG/tcg2021/hw4/pj-4-judge-v1/./nogo-judge --shell --name=Judge-Weak-White --white=mcts N=10000 c=1 unlock! 
W<< 
W<< = 2
W<< 
W>> name
W<< = Judge-Weak-White
W<< 
W>> version
W<< = 2021
W<< 
W>> list_commands
W<< = play
W<< genmove
W<< clear_board
W<< showboard
W<< boardsize
W<< name
W<< version
W<< protocol_version
W<< list_commands
W<< quit
W<< 
W<< 
B>> boardsize 9
B<< = 
B<< 
B>> clear_board
B<< = 
B<< 
W>> boardsize 9
W<< = 
W<< 
W>> clear_board
W<< = 
W<< 
============================================
Game 0
============================================
B>> boardsize 9
B<< = 
B<< 
B>> clear_board
B<< = 
B<< 
W>> boardsize 9
W<< = 
W<< 
W>> clear_board
W<< = 
W<< 
B>> genmove b
B<< = H5
B<< 
W>> play B H5
W<< = 
W<< 
W>> genmove w
W<< = G5
W<< 
B>> play W G5
B<< = 
B<< 
B>> genmove b
B<< = C8
B<< 
W>> play B C8
W<< = 
W<< 
W>> genmove w
W<< = J7
W<< 
B>> play W J7
B<< = 
B<< 
B>> genmove b
B<< = G8
B<< 
W>> play B G8
W<< = 
W<< 
W>> genmove w
