B<< HollowNoGo-Demo: /mnt/nfs/work/TaiLin/TCG/tcg2021/hw4/pj-4-judge-v1/../pj-4-code-v1/nogo1 --shell --black=mcts T=1000 c=0.3 simenemy=a TMT=lr 
B<< 
B<< N | 100
B<< T | 1000
B<< TMT | lr
B<< c | 0.3
B<< name | mcts
B<< role | black
B<< simenemy | a
B<< N | 100
B<< T | 10005
B<< TMT | normal
B<< c | 0
B<< name | 
B<< role | white
B<< simenemy | mctsn
B>> protocol_version
B<< = 2
B<< 
B>> name
B<< = TCG-HollowNoGo-Demo
B<< 
B>> version
B<< = 2021
B<< 
B>> list_commands
B<< = play
B<< genmove
B<< clear_board
B<< showboard
B<< boardsize
B<< name
B<< version
B<< protocol_version
B<< list_commands
B<< quit
B<< 
B<< 
W>> protocol_version
W<< HollowNoGo-Demo: /mnt/nfs/work/TaiLin/TCG/tcg2021/hw4/pj-4-judge-v1/../pj-4-code-v1/nogo --shell --white=mcts T=1000 c=0.3 simenemy=a TMT=lr 
W<< 
W<< N | 100
W<< T | 10005
W<< TMT | normal
W<< c | 0
W<< name | 
W<< role | black
W<< simenemy | mctsn
W<< N | 100
W<< T | 1000
W<< TMT | lr
W<< c | 0.3
W<< name | mcts
W<< role | white
W<< simenemy | a
W<< = 2
W<< 
W>> name
W<< = TCG-HollowNoGo-Demo
W<< 
W>> version
W<< = 2021
W<< 
W>> list_commands
W<< = play
W<< genmove
W<< clear_board
W<< showboard
W<< boardsize
W<< name
W<< version
W<< protocol_version
W<< list_commands
W<< quit
W<< 
W<< 
B>> boardsize 9
B<< = 
B<< 
B>> clear_board
B<< = 
B<< 
W>> boardsize 9
W<< = 
W<< 
W>> clear_board
W<< = 
W<< 
============================================
Game 0
============================================
B>> boardsize 9
B<< = 
B<< 
B>> clear_board
B<< = 
B<< 
W>> boardsize 9
W<< = 
W<< 
W>> clear_board
W<< = 
W<< 
B>> genmove b
B<< 22685-
B<< = G6
B<< 
W>> play B G6
W<< = 
W<< 
W>> genmove w
W<< 44441
W<< = J1
W<< 
B>> play W J1
B<< = 
B<< 
B>> genmove b
B<< 22360-
B<< = J9
B<< 
W>> play B J9
W<< = 
W<< 
W>> genmove w
W<< 42045
W<< = J4
W<< 
B>> play W J4
B<< = 
B<< 
B>> genmove b
B<< 22204-
B<< = B8
B<< 
W>> play B B8
W<< = 
W<< 
W>> genmove w
W<< 42529
W<< = H3
W<< 
B>> play W H3
B<< = 
B<< 
B>> genmove b
B<< 21405-
B<< = C7
B<< 
W>> play B C7
W<< = 
W<< 
W>> genmove w
W<< 41089
W<< = B9
W<< 
B>> play W B9
B<< = 
B<< 
B>> genmove b
B<< 21481-
B<< = A1
B<< 
W>> play B A1
W<< = 
W<< 
W>> genmove w
W<< 38587
W<< = A8
W<< 
B>> play W A8
B<< = 
B<< 
B>> genmove b
B<< 21484-
B<< = C9
B<< 
W>> play B C9
W<< = 
W<< 
W>> genmove w
W<< 39473
W<< = E7
W<< 
B>> play W E7
B<< = 
B<< 
B>> genmove b
B<< 21566-
B<< = C5
B<< 
W>> play B C5
W<< = 
W<< 
W>> genmove w
W<< 39526
W<< = C6
W<< 
B>> play W C6
B<< = 
B<< 
B>> genmove b
B<< 21403-
B<< = A7
B<< 
W>> play B A7
W<< = 
W<< 
W>> genmove w
W<< 40384
W<< = E3
W<< 
B>> play W E3
B<< = 
B<< 
B>> genmove b
B<< 21182-
B<< = F3
B<< 
W>> play B F3
W<< = 
W<< 
W>> genmove w
W<< 40082
W<< = D9
W<< 
B>> play W D9
B<< = 
B<< 
B>> genmove b
B<< 21675-
B<< = G1
B<< 
W>> play B G1
W<< = 
W<< 
W>> genmove w
W<< 39624
W<< = F8
W<< 
B>> play W F8
B<< = 
B<< 
B>> genmove b
B<< 21629-
B<< = G9
B<< 
W>> play B G9
W<< = 
W<< 
W>> genmove w
W<< 38553
W<< = G4
W<< 
B>> play W G4
B<< = 
B<< 
B>> genmove b
B<< 21549-
B<< = J3
B<< 
W>> play B J3
W<< = 
W<< 
W>> genmove w
W<< 37125
W<< = G7
W<< 
B>> play W G7
B<< = 
B<< 
B>> genmove b
B<< 21869-
B<< = E9
B<< 
W>> play B E9
W<< = 
W<< 
W>> genmove w
W<< 37597
W<< = J8
W<< 
B>> play W J8
B<< = 
B<< 
B>> genmove b
B<< 21680-
B<< = H7
B<< 
W>> play B H7
W<< = 
W<< 
W>> genmove w
W<< 38162
W<< = H5
W<< 
B>> play W H5
B<< = 
B<< 
B>> genmove b
B<< 21344-
B<< = J5
B<< 
W>> play B J5
W<< = 
W<< 
W>> genmove w
W<< 37971
W<< = H8
W<< 
B>> play W H8
B<< = 
B<< 
B>> genmove b
B<< 21431-
B<< = D1
B<< 
W>> play B D1
W<< = 
W<< 
W>> genmove w
W<< 35734
W<< = B2
W<< 
B>> play W B2
B<< = 
B<< 
B>> genmove b
B<< 21420-
B<< = A4
B<< 
W>> play B A4
W<< = 
W<< 
W>> genmove w
W<< 35297
W<< = G8
W<< 
B>> play W G8
B<< = 
B<< 
B>> genmove b
B<< 20989-
B<< = H2
B<< 
W>> play B H2
W<< = 
W<< 
W>> genmove w
W<< 34903
W<< = H6
W<< 
B>> play W H6
B<< = 
B<< 
B>> genmove b
B<< 21043-
B<< = D3
B<< 
W>> play B D3
W<< = 
W<< 
W>> genmove w
W<< 34155
W<< = G2
W<< 
B>> play W G2
B<< = 
B<< 
B>> genmove b
B<< 21364-
B<< = E8
B<< 
W>> play B E8
W<< = 
W<< 
W>> genmove w
W<< 35568
W<< = C1
W<< 
B>> play W C1
B<< = 
B<< 
B>> genmove b
B<< 22343-
B<< = D7
B<< 
W>> play B D7
W<< = 
W<< 
W>> genmove w
W<< 33174
W<< = F1
W<< 
B>> play W F1
B<< = 
B<< 
B>> genmove b
B<< 22458-
B<< = C2
B<< 
W>> play B C2
W<< = 
W<< 
W>> genmove w
W<< 34344
W<< = D8
W<< 
B>> play W D8
B<< = 
B<< 
B>> genmove b
B<< 24678-
B<< = B3
B<< 
W>> play B B3
W<< = 
W<< 
W>> genmove w
W<< 34990
W<< = A3
W<< 
B>> play W A3
B<< = 
B<< 
B>> genmove b
B<< 25150-
B<< = C4
B<< 
W>> play B C4
W<< = 
W<< 
W>> genmove w
W<< 34365
W<< = B4
W<< 
B>> play W B4
B<< = 
B<< 
B>> genmove b
B<< 25870-
B<< = G3
B<< 
W>> play B G3
W<< = 
W<< 
W>> genmove w
W<< 32159
W<< = B5
W<< 
B>> play W B5
B<< = 
B<< 
B>> genmove b
B<< 26171-
B<< = E1
B<< 
W>> play B E1
W<< = 
W<< 
W>> genmove w
W<< 34056
W<< = B7
W<< 
B>> play W B7
B<< = 
B<< 
B>> genmove b
B<< 29568-
B<< = D2
B<< 
W>> play B D2
W<< = 
W<< 
W>> genmove w
W<< 70164
W<< = E2
W<< 
B>> play W E2
B<< = 
B<< 
B>> genmove b
B<< 67848-
B<< = H1
B<< 
W>> play B H1
W<< = 
W<< 
W>> genmove w
W<< 126724
W<< = B6
W<< 
B>> play W B6
B<< = 
B<< 
B>> genmove b
B<< 138142-
B<< = A6
B<< 
W>> play B A6
W<< = 
W<< 
W>> genmove w
W<< 166516
W<< = F7
W<< 
B>> play W F7
B<< = 
B<< 
B>> genmove b
B<< 182035-
B<< = J7
B<< 
W>> play B J7
W<< = 
W<< 
W>> genmove w
W<< 261189
W<< = A2
W<< 
B>> play W A2
B<< = 
B<< 
B>> genmove b
B<< 311156-
B<< = H9
B<< 
W>> play B H9
W<< = 
W<< 
W>> genmove w
W<< 585371
W<< = H4
W<< 
B>> play W H4
B<< = 
B<< 
B>> genmove b
B<< 1433676-
B<< = resign
B<< 
============================================
Game 1
============================================
B>> boardsize 9
B<< = 
B<< 
B>> clear_board
B<< = 
B<< 
W>> boardsize 9
W<< = 
W<< 
W>> clear_board
W<< = 
W<< 
B>> genmove b
B<< 22627-
B<< = A6
B<< 
W>> play B A6
W<< = 
W<< 
W>> genmove w
W<< 43571
W<< = A1
W<< 
B>> play W A1
B<< = 
B<< 
B>> genmove b
B<< 22236-
B<< = D7
B<< 
W>> play B D7
W<< = 
W<< 
W>> genmove w
W<< 42861
W<< = J1
W<< 
B>> play W J1
B<< = 
B<< 
B>> genmove b
B<< 21357-
B<< = G7
B<< 
W>> play B G7
W<< = 
W<< 
W>> genmove w
W<< 42135
W<< = E9
W<< 
B>> play W E9
B<< = 
B<< 
B>> genmove b
B<< 21621-
B<< = F9
B<< 
W>> play B F9
W<< = 
W<< 
W>> genmove w
W<< 41924
W<< = H6
W<< 
B>> play W H6
B<< = 
B<< 
B>> genmove b
B<< 21879-
B<< = C9
B<< 
W>> play B C9
W<< = 
W<< 
W>> genmove w
W<< 40030
W<< = H9
W<< 
B>> play W H9
B<< = 
B<< 
B>> genmove b
B<< 21430-
B<< = E8
B<< 
W>> play B E8
W<< = 
W<< 
W>> genmove w
W<< 40501
W<< = J8
W<< 
B>> play W J8
B<< = 
B<< 
B>> genmove b
B<< 20709-
B<< = G5
B<< 
W>> play B G5
W<< = 
W<< 
W>> genmove w
W<< 39213
W<< = E7
W<< 
B>> play W E7
B<< = 
B<< 
B>> genmove b
B<< 21597-
B<< = G8
B<< 
W>> play B G8
W<< = 
W<< 
W>> genmove w
W<< 38410
W<< = C6
W<< 
B>> play W C6
B<< = 
B<< 
B>> genmove b
B<< 20850-
B<< = J4
B<< 
W>> play B J4
W<< = 
W<< 
W>> genmove w
W<< 38505
W<< = C4
W<< 
B>> play W C4
B<< = 
B<< 
B>> genmove b
B<< 20732-
B<< = H7
B<< 
W>> play B H7
W<< = 
W<< 
W>> genmove w
W<< 37457
W<< = A9
W<< 
B>> play W A9
B<< = 
B<< 
B>> genmove b
B<< 20928-
B<< = B2
B<< 
W>> play B B2
W<< = 
W<< 
W>> genmove w
W<< 36886
W<< = B5
W<< 
B>> play W B5
B<< = 
B<< 
B>> genmove b
B<< 19841-
B<< = A3
B<< 
W>> play B A3
W<< = 
W<< 
W>> genmove w
W<< 35148
W<< = E1
W<< 
B>> play W E1
B<< = 
B<< 
B>> genmove b
B<< 20072-
B<< = G1
B<< 
W>> play B G1
W<< = 
W<< 
W>> genmove w
W<< 34225
W<< = C2
W<< 
B>> play W C2
B<< = 
B<< 
B>> genmove b
B<< 19973-
B<< = E3
B<< 
W>> play B E3
W<< = 
W<< 
W>> genmove w
W<< 34559
W<< = F3
W<< 
B>> play W F3
B<< = 
B<< 
B>> genmove b
B<< 20450-
B<< = J7
B<< 
W>> play B J7
W<< = 
W<< 
W>> genmove w
W<< 33458
W<< = A4
W<< 
B>> play W A4
B<< = 
B<< 
B>> genmove b
B<< 19719-
B<< = C3
B<< 
W>> play B C3
W<< = 
W<< 
W>> genmove w
W<< 34574
W<< = B7
W<< 
B>> play W B7
B<< = 
B<< 
B>> genmove b
B<< 20196-
B<< = B4
B<< 
W>> play B B4
W<< = 
W<< 
W>> genmove w
W<< 34104
W<< = A2
W<< 
B>> play W A2
B<< = 
B<< 
B>> genmove b
B<< 19929-
B<< = D1
B<< 
W>> play B D1
W<< = 
W<< 
W>> genmove w
W<< 33933
W<< = D3
W<< 
B>> play W D3
B<< = 
B<< 
B>> genmove b
B<< 21072-
B<< = H5
B<< 
W>> play B H5
W<< = 
W<< 
W>> genmove w
W<< 32944
W<< = B1
W<< 
B>> play W B1
B<< = 
B<< 
B>> genmove b
B<< 20269-
B<< = J6
B<< 
W>> play B J6
W<< = 
W<< 
W>> genmove w
W<< 29770
W<< = G4
W<< 
B>> play W G4
B<< = 
B<< 
B>> genmove b
B<< 20913-
B<< = H3
B<< 
W>> play B H3
W<< = 
W<< 
W>> genmove w
W<< 31049
W<< = J3
W<< 
B>> play W J3
B<< = 
B<< 
B>> genmove b
B<< 21266-
B<< = H2
B<< 
W>> play B H2
W<< = 
W<< 
W>> genmove w
W<< 27251
W<< = B8
W<< 
B>> play W B8
B<< = 
B<< 
B>> genmove b
B<< 19065-
B<< = B6
B<< 
W>> play B B6
W<< = 
W<< 
W>> genmove w
W<< 27654
W<< = C7
W<< 
B>> play W C7
B<< = 
B<< 
B>> genmove b
B<< 19160-
B<< = A7
B<< 
W>> play B A7
W<< = 
W<< 
W>> genmove w
W<< 28658
W<< = F8
W<< 
B>> play W F8
B<< = 
B<< 
B>> genmove b
B<< 21211-
B<< = H1
B<< 
W>> play B H1
W<< = 
W<< 
W>> genmove w
W<< 27764
W<< = H8
W<< 
B>> play W H8
B<< = 
B<< 
B>> genmove b
B<< 22084-
B<< = H4
B<< 
W>> play B H4
W<< = 
W<< 
W>> genmove w
W<< 25338
W<< = G2
W<< 
B>> play W G2
B<< = 
B<< 
B>> genmove b
B<< 21351-
B<< = G9
B<< 
W>> play B G9
W<< = 
W<< 
W>> genmove w
W<< 35194
W<< = F2
W<< 
B>> play W F2
B<< = 
B<< 
B>> genmove b
B<< 33900-
B<< = J5
B<< 
W>> play B J5
W<< = 
W<< 
W>> genmove w
W<< 84511
W<< = C8
W<< 
B>> play W C8
B<< = 
B<< 
B>> genmove b
B<< 96107-
B<< = F1
B<< 
W>> play B F1
W<< = 
W<< 
W>> genmove w
W<< 141457
W<< = A5
W<< 
B>> play W A5
B<< = 
B<< 
B>> genmove b
B<< 168352-
B<< = D8
B<< 
W>> play B D8
W<< = 
W<< 
W>> genmove w
W<< 226725
W<< = C1
W<< 
B>> play W C1
B<< = 
B<< 
B>> genmove b
B<< 232297-
B<< = B9
B<< 
W>> play B B9
W<< = 
W<< 
W>> genmove w
W<< 341218
W<< = C5
W<< 
B>> play W C5
B<< = 
B<< 
B>> genmove b
B<< 1330868-
B<< = resign
B<< 
============================================
Game 2
============================================
B>> boardsize 9
B<< = 
B<< 
B>> clear_board
B<< = 
B<< 
W>> boardsize 9
W<< = 
W<< 
W>> clear_board
W<< = 
W<< 
B>> genmove b
B<< 22611-
B<< = F1
B<< 
W>> play B F1
W<< = 
W<< 
W>> genmove w
W<< 43967
W<< = E1
W<< 
B>> play W E1
B<< = 
B<< 
B>> genmove b
B<< 21924-
B<< = F9
B<< 
W>> play B F9
W<< = 
W<< 
W>> genmove w
W<< 43984
W<< = J3
W<< 
B>> play W J3
B<< = 
B<< 
B>> genmove b
B<< 21903-
B<< = C9
B<< 
W>> play B C9
W<< = 
W<< 
W>> genmove w
W<< 41741
W<< = E7
W<< 
B>> play W E7
B<< = 
B<< 
B>> genmove b
B<< 22057-
B<< = G8
B<< 
W>> play B G8
W<< = 
W<< 
W>> genmove w
W<< 40502
W<< = C7
W<< 
B>> play W C7
B<< = 
B<< 
B>> genmove b
B<< 21701-
B<< = J9
B<< 
W>> play B J9
W<< = 
W<< 
W>> genmove w
W<< 39955
W<< = D8
W<< 
B>> play W D8
B<< = 
B<< 
B>> genmove b
B<< 20476-
B<< = A2
B<< 
W>> play B A2
W<< = 
W<< 
W>> genmove w
W<< 37701
W<< = A8
W<< 
B>> play W A8
B<< = 
B<< 
B>> genmove b
B<< 21119-
B<< = B1
B<< 
W>> play B B1
W<< = 
W<< 
W>> genmove w
W<< 36629
W<< = F3
W<< 
B>> play W F3
B<< = 
B<< 
B>> genmove b
B<< 20602-
B<< = C5
B<< 
W>> play B C5
W<< = 
W<< 
W>> genmove w
W<< 37159
W<< = A6
W<< 
B>> play W A6
B<< = 
B<< 
B>> genmove b
B<< 19596-
B<< = A7
B<< 
W>> play B A7
W<< = 
W<< 
W>> genmove w
W<< 36567
W<< = A3
W<< 
B>> play W A3
B<< = 
B<< 
B>> genmove b
B<< 20909-
B<< = G6
B<< 
W>> play B G6
W<< = 
W<< 
W>> genmove w
W<< 36954
W<< = C1
W<< 
B>> play W C1
B<< = 
B<< 
B>> genmove b
B<< 20247-
B<< = J2
B<< 
W>> play B J2
W<< = 
W<< 
W>> genmove w
W<< 37017
W<< = B2
W<< 
B>> play W B2
B<< = 
B<< 
B>> genmove b
B<< 21128-
B<< = H8
B<< 
W>> play B H8
W<< = 
W<< 
W>> genmove w
W<< 34540
W<< = D2
W<< 
B>> play W D2
B<< = 
B<< 
B>> genmove b
B<< 20223-
B<< = C2
B<< 
W>> play B C2
W<< = 
W<< 
W>> genmove w
W<< 34767
W<< = B9
W<< 
B>> play W B9
B<< = 
B<< 
B>> genmove b
B<< 20170-
B<< = J7
B<< 
W>> play B J7
W<< = 
W<< 
W>> genmove w
W<< 33806
W<< = B8
W<< 
B>> play W B8
B<< = 
B<< 
B>> genmove b
B<< 19795-
B<< = C8
B<< 
W>> play B C8
W<< = 
W<< 
W>> genmove w
W<< 35409
W<< = F8
W<< 
B>> play W F8
B<< = 
B<< 
B>> genmove b
B<< 20686-
B<< = B7
B<< 
W>> play B B7
W<< = 
W<< 
W>> genmove w
W<< 34938
W<< = E9
W<< 
B>> play W E9
B<< = 
B<< 
B>> genmove b
B<< 21235-
B<< = F7
B<< 
W>> play B F7
W<< = 
W<< 
W>> genmove w
W<< 35031
W<< = C4
W<< 
B>> play W C4
B<< = 
B<< 
B>> genmove b
B<< 21658-
B<< = A4
B<< 
W>> play B A4
W<< = 
W<< 
W>> genmove w
W<< 35002
W<< = H9
W<< 
B>> play W H9
B<< = 
B<< 
B>> genmove b
B<< 21624-
B<< = H7
B<< 
W>> play B H7
W<< = 
W<< 
W>> genmove w
W<< 36269
W<< = H6
W<< 
B>> play W H6
B<< = 
B<< 
B>> genmove b
B<< 22447-
B<< = H1
B<< 
W>> play B H1
W<< = 
W<< 
W>> genmove w
W<< 36017
W<< = G1
W<< 
B>> play W G1
B<< = 
B<< 
B>> genmove b
B<< 21754-
B<< = H2
B<< 
W>> play B H2
W<< = 
W<< 
W>> genmove w
W<< 35150
W<< = E2
W<< 
B>> play W E2
B<< = 
B<< 
B>> genmove b
B<< 22814-
B<< = D3
B<< 
W>> play B D3
W<< = 
W<< 
W>> genmove w
W<< 34404
W<< = G2
W<< 
B>> play W G2
B<< = 
B<< 
B>> genmove b
B<< 22523-
B<< = G3
B<< 
W>> play B G3
W<< = 
W<< 
W>> genmove w
W<< 34733
W<< = G5
W<< 
B>> play W G5
B<< = 
B<< 
B>> genmove b
B<< 23156-
B<< = J4
B<< 
W>> play B J4
W<< = 
W<< 
W>> genmove w
W<< 33207
W<< = H3
W<< 
B>> play W H3
B<< = 
B<< 
B>> genmove b
B<< 25311-
B<< = A5
B<< 
W>> play B A5
W<< = 
W<< 
W>> genmove w
W<< 31285
W<< = E3
W<< 
B>> play W E3
B<< = 
B<< 
B>> genmove b
B<< 25315-
B<< = J8
B<< 
W>> play B J8
W<< = 
W<< 
W>> genmove w
W<< 36067
W<< = B5
W<< 
B>> play W B5
B<< = 
B<< 
B>> genmove b
B<< 30621-
B<< = C6
B<< 
W>> play B C6
W<< = 
W<< 
W>> genmove w
W<< 59098
W<< = J6
W<< 
B>> play W J6
B<< = 
B<< 
B>> genmove b
B<< 113766-
B<< = C3
B<< 
W>> play B C3
W<< = 
W<< 
W>> genmove w
W<< 160130
W<< = D1
W<< 
B>> play W D1
B<< = 
B<< 
B>> genmove b
B<< 181035-
B<< = G4
B<< 
W>> play B G4
W<< = 
W<< 
W>> genmove w
W<< 204352
W<< = D7
W<< 
B>> play W D7
B<< = 
B<< 
B>> genmove b
B<< 208318-
B<< = G7
B<< 
W>> play B G7
W<< = 
W<< 
W>> genmove w
W<< 338636
W<< = J5
W<< 
B>> play W J5
B<< = 
B<< 
B>> genmove b
B<< 1657932-
B<< = resign
B<< 
============================================
Game 3
============================================
B>> boardsize 9
B<< = 
B<< 
B>> clear_board
B<< = 
B<< 
W>> boardsize 9
W<< = 
W<< 
W>> clear_board
W<< = 
W<< 
B>> genmove b
B<< 21667-
B<< = J7
B<< 
W>> play B J7
W<< = 
W<< 
W>> genmove w
W<< 43513
W<< = E9
W<< 
B>> play W E9
B<< = 
B<< 
B>> genmove b
B<< 22223-
B<< = D9
B<< 
W>> play B D9
W<< = 
W<< 
W>> genmove w
W<< 42597
W<< = A4
W<< 
B>> play W A4
B<< = 
B<< 
B>> genmove b
B<< 22113-
B<< = G9
B<< 
W>> play B G9
W<< = 
W<< 
W>> genmove w
W<< 42646
W<< = C8
W<< 
B>> play W C8
B<< = 
B<< 
B>> genmove b
B<< 21689-
B<< = F7
B<< 
W>> play B F7
W<< = 
W<< 
W>> genmove w
W<< 42031
W<< = C5
W<< 
B>> play W C5
B<< = 
B<< 
B>> genmove b
B<< 21419-
B<< = A9
B<< 
W>> play B A9
W<< = 
W<< 
W>> genmove w
W<< 40201
W<< = H9
W<< 
B>> play W H9
B<< = 
B<< 
B>> genmove b
B<< 21869-
B<< = J1
B<< 
W>> play B J1
W<< = 
W<< 
W>> genmove w
W<< 38953
W<< = C3
W<< 
B>> play W C3
B<< = 
B<< 
B>> genmove b
B<< 20960-
B<< = C4
B<< 
W>> play B C4
W<< = 
W<< 
W>> genmove w
W<< 41075
W<< = A6
W<< 
B>> play W A6
B<< = 
B<< 
B>> genmove b
B<< 21140-
B<< = C1
B<< 
W>> play B C1
W<< = 
W<< 
W>> genmove w
W<< 40037
W<< = A1
W<< 
B>> play W A1
B<< = 
B<< 
B>> genmove b
B<< 21619-
B<< = G6
B<< 
W>> play B G6
W<< = 
W<< 
W>> genmove w
W<< 38596
W<< = G5
W<< 
B>> play W G5
B<< = 
B<< 
B>> genmove b
B<< 21064-
B<< = A3
B<< 
W>> play B A3
W<< = 
W<< 
W>> genmove w
W<< 39110
W<< = D7
W<< 
B>> play W D7
B<< = 
B<< 
B>> genmove b
B<< 21423-
B<< = J3
B<< 
W>> play B J3
W<< = 
W<< 
W>> genmove w
W<< 37940
W<< = B7
W<< 
B>> play W B7
B<< = 
B<< 
B>> genmove b
B<< 21145-
B<< = C7
B<< 
W>> play B C7
W<< = 
W<< 
W>> genmove w
W<< 38604
W<< = B5
W<< 
B>> play W B5
B<< = 
B<< 
B>> genmove b
B<< 21279-
B<< = J5
B<< 
W>> play B J5
W<< = 
W<< 
W>> genmove w
W<< 35849
W<< = A8
W<< 
B>> play W A8
B<< = 
B<< 
B>> genmove b
B<< 20399-
B<< = H4
B<< 
W>> play B H4
W<< = 
W<< 
W>> genmove w
W<< 35603
W<< = J6
W<< 
B>> play W J6
B<< = 
B<< 
B>> genmove b
B<< 20488-
B<< = H2
B<< 
W>> play B H2
W<< = 
W<< 
W>> genmove w
W<< 35030
W<< = H3
W<< 
B>> play W H3
B<< = 
B<< 
B>> genmove b
B<< 21058-
B<< = G1
B<< 
W>> play B G1
W<< = 
W<< 
W>> genmove w
W<< 35603
W<< = F1
W<< 
B>> play W F1
B<< = 
B<< 
B>> genmove b
B<< 20804-
B<< = H8
B<< 
W>> play B H8
W<< = 
W<< 
W>> genmove w
W<< 34813
W<< = B6
W<< 
B>> play W B6
B<< = 
B<< 
B>> genmove b
B<< 20335-
B<< = F3
B<< 
W>> play B F3
W<< = 
W<< 
W>> genmove w
W<< 32738
W<< = G8
W<< 
B>> play W G8
B<< = 
B<< 
B>> genmove b
B<< 20942-
B<< = D3
B<< 
W>> play B D3
W<< = 
W<< 
W>> genmove w
W<< 32669
W<< = G2
W<< 
B>> play W G2
B<< = 
B<< 
B>> genmove b
B<< 21533-
B<< = G4
B<< 
W>> play B G4
W<< = 
W<< 
W>> genmove w
W<< 33876
W<< = E3
W<< 
B>> play W E3
B<< = 
B<< 
B>> genmove b
B<< 21678-
B<< = F2
B<< 
W>> play B F2
W<< = 
W<< 
W>> genmove w
W<< 32921
W<< = C9
W<< 
B>> play W C9
B<< = 
B<< 
B>> genmove b
B<< 21703-
B<< = B4
B<< 
W>> play B B4
W<< = 
W<< 
W>> genmove w
W<< 33826
W<< = H7
W<< 
B>> play W H7
B<< = 
B<< 
B>> genmove b
B<< 22244-
B<< = B9
B<< 
W>> play B B9
W<< = 
W<< 
W>> genmove w
W<< 33976
W<< = E8
W<< 
B>> play W E8
B<< = 
B<< 
B>> genmove b
B<< 22965-
B<< = J8
B<< 
W>> play B J8
W<< = 
W<< 
W>> genmove w
W<< 31435
W<< = F8
W<< 
B>> play W F8
B<< = 
B<< 
B>> genmove b
B<< 23358-
B<< = D1
B<< 
W>> play B D1
W<< = 
W<< 
W>> genmove w
W<< 29600
W<< = E7
W<< 
B>> play W E7
B<< = 
B<< 
B>> genmove b
B<< 23640-
B<< = G7
B<< 
W>> play B G7
W<< = 
W<< 
W>> genmove w
W<< 27962
W<< = A2
W<< 
B>> play W A2
B<< = 
B<< 
B>> genmove b
B<< 60826-
B<< = B1
B<< 
W>> play B B1
W<< = 
W<< 
W>> genmove w
W<< 64074
W<< = B2
W<< 
B>> play W B2
B<< = 
B<< 
B>> genmove b
B<< 97959-
B<< = C2
B<< 
W>> play B C2
W<< = 
W<< 
W>> genmove w
W<< 107798
W<< = A5
W<< 
B>> play W A5
B<< = 
B<< 
B>> genmove b
B<< 119487-
B<< = D2
B<< 
W>> play B D2
W<< = 
W<< 
W>> genmove w
W<< 131388
W<< = A7
W<< 
B>> play W A7
B<< = 
B<< 
B>> genmove b
B<< 150740-
B<< = J4
B<< 
W>> play B J4
W<< = 
W<< 
W>> genmove w
W<< 165921
W<< = E2
W<< 
B>> play W E2
B<< = 
B<< 
B>> genmove b
B<< 189274-
B<< = H1
B<< 
W>> play B H1
W<< = 
W<< 
W>> genmove w
W<< 278384
W<< = H5
W<< 
B>> play W H5
B<< = 
B<< 
B>> genmove b
B<< 407622-
B<< = J2
B<< 
W>> play B J2
W<< = 
W<< 
W>> genmove w
W<< 1453919
W<< = resign
W<< 
============================================
Game 4
============================================
B>> boardsize 9
B<< = 
B<< 
B>> clear_board
B<< = 
B<< 
W>> boardsize 9
W<< = 
W<< 
W>> clear_board
W<< = 
W<< 
B>> genmove b
B<< 22353-
B<< = G3
B<< 
W>> play B G3
W<< = 
W<< 
W>> genmove w
W<< 42825
W<< = A2
W<< 
B>> play W A2
B<< = 
B<< 
B>> genmove b
B<< 22172-
B<< = A1
B<< 
W>> play B A1
W<< = 
W<< 
W>> genmove w
W<< 42966
W<< = J5
W<< 
B>> play W J5
B<< = 
B<< 
B>> genmove b
B<< 21682-
B<< = F7
B<< 
W>> play B F7
W<< = 
W<< 
W>> genmove w
W<< 42708
W<< = G9
W<< 
B>> play W G9
B<< = 
B<< 
B>> genmove b
B<< 21164-
B<< = C3
B<< 
W>> play B C3
W<< = 
W<< 
W>> genmove w
W<< 41569
W<< = J2
W<< 
B>> play W J2
B<< = 
B<< 
B>> genmove b
B<< 21478-
B<< = A4
B<< 
W>> play B A4
W<< = 
W<< 
W>> genmove w
W<< 39596
W<< = G6
W<< 
B>> play W G6
B<< = 
B<< 
B>> genmove b
B<< 21548-
B<< = A9
B<< 
W>> play B A9
W<< = 
W<< 
W>> genmove w
W<< 39811
W<< = H1
W<< 
B>> play W H1
B<< = 
B<< 
B>> genmove b
B<< 20404-
B<< = B8
B<< 
W>> play B B8
W<< = 
W<< 
W>> genmove w
W<< 38156
W<< = A6
W<< 
B>> play W A6
B<< = 
B<< 
B>> genmove b
B<< 20781-
B<< = G1
B<< 
W>> play B G1
W<< = 
W<< 
W>> genmove w
W<< 37347
W<< = J7
W<< 
B>> play W J7
B<< = 
B<< 
B>> genmove b
B<< 20969-
B<< = G5
B<< 
W>> play B G5
W<< = 
W<< 
W>> genmove w
W<< 37758
W<< = E3
W<< 
B>> play W E3
B<< = 
B<< 
B>> genmove b
B<< 20583-
B<< = A7
B<< 
W>> play B A7
W<< = 
W<< 
W>> genmove w
W<< 36787
W<< = B9
W<< 
B>> play W B9
B<< = 
B<< 
B>> genmove b
B<< 20805-
B<< = F2
B<< 
W>> play B F2
W<< = 
W<< 
W>> genmove w
W<< 36806
W<< = F1
W<< 
B>> play W F1
B<< = 
B<< 
B>> genmove b
B<< 20800-
B<< = J3
B<< 
W>> play B J3
W<< = 
W<< 
W>> genmove w
W<< 37042
W<< = H8
W<< 
B>> play W H8
B<< = 
B<< 
B>> genmove b
B<< 21046-
B<< = H4
B<< 
W>> play B H4
W<< = 
W<< 
W>> genmove w
W<< 34342
W<< = J9
W<< 
B>> play W J9
B<< = 
B<< 
B>> genmove b
B<< 19903-
B<< = H2
B<< 
W>> play B H2
W<< = 
W<< 
W>> genmove w
W<< 33300
W<< = B7
W<< 
B>> play W B7
B<< = 
B<< 
B>> genmove b
B<< 19866-
B<< = D1
B<< 
W>> play B D1
W<< = 
W<< 
W>> genmove w
W<< 32307
W<< = E2
W<< 
B>> play W E2
B<< = 
B<< 
B>> genmove b
B<< 20727-
B<< = J6
B<< 
W>> play B J6
W<< = 
W<< 
W>> genmove w
W<< 34640
W<< = D7
W<< 
B>> play W D7
B<< = 
B<< 
B>> genmove b
B<< 20319-
B<< = H5
B<< 
W>> play B H5
W<< = 
W<< 
W>> genmove w
W<< 32185
W<< = C8
W<< 
B>> play W C8
B<< = 
B<< 
B>> genmove b
B<< 19594-
B<< = C7
B<< 
W>> play B C7
W<< = 
W<< 
W>> genmove w
W<< 33377
W<< = C4
W<< 
B>> play W C4
B<< = 
B<< 
B>> genmove b
B<< 20516-
B<< = F9
B<< 
W>> play B F9
W<< = 
W<< 
W>> genmove w
W<< 33342
W<< = E8
W<< 
B>> play W E8
B<< = 
B<< 
B>> genmove b
B<< 21084-
B<< = D9
B<< 
W>> play B D9
W<< = 
W<< 
W>> genmove w
W<< 31904
W<< = H7
W<< 
B>> play W H7
B<< = 
B<< 
B>> genmove b
B<< 21159-
B<< = G8
B<< 
W>> play B G8
W<< = 
W<< 
W>> genmove w
W<< 32340
W<< = C1
W<< 
B>> play W C1
B<< = 
B<< 
B>> genmove b
B<< 22006-
B<< = F3
B<< 
W>> play B F3
W<< = 
W<< 
W>> genmove w
W<< 30905
W<< = E7
W<< 
B>> play W E7
B<< = 
B<< 
B>> genmove b
B<< 21034-
B<< = A5
B<< 
W>> play B A5
W<< = 
W<< 
W>> genmove w
W<< 31037
W<< = B2
W<< 
B>> play W B2
B<< = 
B<< 
B>> genmove b
B<< 21339-
B<< = A3
B<< 
W>> play B A3
W<< = 
W<< 
W>> genmove w
W<< 29903
W<< = C2
W<< 
B>> play W C2
B<< = 
B<< 
B>> genmove b
B<< 21388-
B<< = D2
B<< 
W>> play B D2
W<< = 
W<< 
W>> genmove w
W<< 27940
W<< = B6
W<< 
B>> play W B6
B<< = 
B<< 
B>> genmove b
B<< 23568-
B<< = D3
B<< 
W>> play B D3
W<< = 
W<< 
W>> genmove w
W<< 27671
W<< = G7
W<< 
B>> play W G7
B<< = 
B<< 
B>> genmove b
B<< 26755-
B<< = D8
B<< 
W>> play B D8
W<< = 
W<< 
W>> genmove w
W<< 29150
W<< = B3
W<< 
B>> play W B3
B<< = 
B<< 
B>> genmove b
B<< 75298-
B<< = B5
B<< 
W>> play B B5
W<< = 
W<< 
W>> genmove w
W<< 108406
W<< = H9
W<< 
B>> play W H9
B<< = 
B<< 
B>> genmove b
B<< 131686-
B<< = F8
B<< 
W>> play B F8
W<< = 
W<< 
W>> genmove w
W<< 197760
W<< = C5
W<< 
B>> play W C5
B<< = 
B<< 
B>> genmove b
B<< 226881-
B<< = G2
B<< 
W>> play B G2
W<< = 
W<< 
W>> genmove w
W<< 289940
W<< = J8
W<< 
B>> play W J8
B<< = 
B<< 
B>> genmove b
B<< 433827-
B<< = G4
B<< 
W>> play B G4
W<< = 
W<< 
W>> genmove w
W<< 1666738
W<< = resign
W<< 
============================================
Game 5
============================================
B>> boardsize 9
B<< = 
B<< 
B>> clear_board
B<< = 
B<< 
W>> boardsize 9
W<< = 
W<< 
W>> clear_board
W<< = 
W<< 
B>> genmove b
B<< 22522-
B<< = A1
B<< 
W>> play B A1
W<< = 
W<< 
W>> genmove w
W<< 43283
W<< = J5
W<< 
B>> play W J5
B<< = 
B<< 
B>> genmove b
B<< 22073-
B<< = D1
B<< 
W>> play B D1
W<< = 
W<< 
W>> genmove w
W<< 42703
W<< = G6
W<< 
B>> play W G6
B<< = 
B<< 
B>> genmove b
B<< 21834-
B<< = E3
B<< 
W>> play B E3
W<< = 
W<< 
W>> genmove w
W<< 41412
W<< = F3
W<< 
B>> play W F3
B<< = 
B<< 
B>> genmove b
B<< 22172-
B<< = F9
B<< 
W>> play B F9
W<< = 
W<< 
W>> genmove w
W<< 40260
W<< = J7
W<< 
B>> play W J7
B<< = 
B<< 
B>> genmove b
B<< 21500-
B<< = C7
B<< 
W>> play B C7
W<< = 
W<< 
W>> genmove w
W<< 40073
W<< = C5
W<< 
B>> play W C5
B<< = 
B<< 
B>> genmove b
B<< 21389-
B<< = D9
B<< 
W>> play B D9
W<< = 
W<< 
W>> genmove w
W<< 39589
W<< = J2
W<< 
B>> play W J2
B<< = 
B<< 
B>> genmove b
B<< 20934-
B<< = E8
B<< 
W>> play B E8
W<< = 
W<< 
W>> genmove w
W<< 36517
W<< = H1
W<< 
B>> play W H1
B<< = 
B<< 
B>> genmove b
B<< 20499-
B<< = G8
B<< 
W>> play B G8
W<< = 
W<< 
W>> genmove w
W<< 35727
W<< = G9
W<< 
B>> play W G9
B<< = 
B<< 
B>> genmove b
B<< 20214-
B<< = F7
B<< 
W>> play B F7
W<< = 
W<< 
W>> genmove w
W<< 35467
W<< = H6
W<< 
B>> play W H6
B<< = 
B<< 
B>> genmove b
B<< 20035-
B<< = J3
B<< 
W>> play B J3
W<< = 
W<< 
W>> genmove w
W<< 34503
W<< = H8
W<< 
B>> play W H8
B<< = 
B<< 
B>> genmove b
B<< 19391-
B<< = H7
B<< 
W>> play B H7
W<< = 
W<< 
W>> genmove w
W<< 35719
W<< = J9
W<< 
B>> play W J9
B<< = 
B<< 
B>> genmove b
B<< 19673-
B<< = C8
B<< 
W>> play B C8
W<< = 
W<< 
W>> genmove w
W<< 32476
W<< = H4
W<< 
B>> play W H4
B<< = 
B<< 
B>> genmove b
B<< 19247-
B<< = H5
B<< 
W>> play B H5
W<< = 
W<< 
W>> genmove w
W<< 34035
W<< = D8
W<< 
B>> play W D8
B<< = 
B<< 
B>> genmove b
B<< 19769-
B<< = B9
B<< 
W>> play B B9
W<< = 
W<< 
W>> genmove w
W<< 32979
W<< = A9
W<< 
B>> play W A9
B<< = 
B<< 
B>> genmove b
B<< 19206-
B<< = A6
B<< 
W>> play B A6
W<< = 
W<< 
W>> genmove w
W<< 33626
W<< = G2
W<< 
B>> play W G2
B<< = 
B<< 
B>> genmove b
B<< 19253-
B<< = J4
B<< 
W>> play B J4
W<< = 
W<< 
W>> genmove w
W<< 32260
W<< = F1
W<< 
B>> play W F1
B<< = 
B<< 
B>> genmove b
B<< 19256-
B<< = G5
B<< 
W>> play B G5
W<< = 
W<< 
W>> genmove w
W<< 32464
W<< = C1
W<< 
B>> play W C1
B<< = 
B<< 
B>> genmove b
B<< 18879-
B<< = C4
B<< 
W>> play B C4
W<< = 
W<< 
W>> genmove w
W<< 31120
W<< = G3
W<< 
B>> play W G3
B<< = 
B<< 
B>> genmove b
B<< 19215-
B<< = A3
B<< 
W>> play B A3
W<< = 
W<< 
W>> genmove w
W<< 29845
W<< = E2
W<< 
B>> play W E2
B<< = 
B<< 
B>> genmove b
B<< 18765-
B<< = E1
B<< 
W>> play B E1
W<< = 
W<< 
W>> genmove w
W<< 29030
W<< = A2
W<< 
B>> play W A2
B<< = 
B<< 
B>> genmove b
B<< 18788-
B<< = B8
B<< 
W>> play B B8
W<< = 
W<< 
W>> genmove w
W<< 28402
W<< = B7
W<< 
B>> play W B7
B<< = 
B<< 
B>> genmove b
B<< 19315-
B<< = E7
B<< 
W>> play B E7
W<< = 
W<< 
W>> genmove w
W<< 27432
W<< = H2
W<< 
B>> play W H2
B<< = 
B<< 
B>> genmove b
B<< 18578-
B<< = C3
B<< 
W>> play B C3
W<< = 
W<< 
W>> genmove w
W<< 25674
W<< = B4
W<< 
B>> play W B4
B<< = 
B<< 
B>> genmove b
B<< 17816-
B<< = A5
B<< 
W>> play B A5
W<< = 
W<< 
W>> genmove w
W<< 24842
W<< = B2
W<< 
B>> play W B2
B<< = 
B<< 
B>> genmove b
B<< 18385-
B<< = C2
B<< 
W>> play B C2
W<< = 
W<< 
W>> genmove w
W<< 23252
W<< = B6
W<< 
B>> play W B6
B<< = 
B<< 
B>> genmove b
B<< 17346-
B<< = B5
B<< 
W>> play B B5
W<< = 
W<< 
W>> genmove w
W<< 23219
W<< = J8
W<< 
B>> play W J8
B<< = 
B<< 
B>> genmove b
B<< 17882-
B<< = B3
B<< 
W>> play B B3
W<< = 
W<< 
W>> genmove w
W<< 21111
W<< = F2
W<< 
B>> play W F2
B<< = 
B<< 
B>> genmove b
B<< 21120-
B<< = G7
B<< 
W>> play B G7
W<< = 
W<< 
W>> genmove w
W<< 21613
W<< = H9
W<< 
B>> play W H9
B<< = 
B<< 
B>> genmove b
B<< 22340-
B<< = E9
B<< 
W>> play B E9
W<< = 
W<< 
W>> genmove w
W<< 47864
W<< = J1
W<< 
B>> play W J1
B<< = 
B<< 
B>> genmove b
B<< 78053-
B<< = D2
B<< 
W>> play B D2
W<< = 
W<< 
W>> genmove w
W<< 90122
W<< = A8
W<< 
B>> play W A8
B<< = 
B<< 
B>> genmove b
B<< 96154-
B<< = C9
B<< 
W>> play B C9
W<< = 
W<< 
W>> genmove w
W<< 109589
W<< = A7
W<< 
B>> play W A7
B<< = 
B<< 
B>> genmove b
B<< 124785-
B<< = D3
B<< 
W>> play B D3
W<< = 
W<< 
W>> genmove w
W<< 144486
W<< = G1
W<< 
B>> play W G1
B<< = 
B<< 
B>> genmove b
B<< 226894-
B<< = F8
B<< 
W>> play B F8
W<< = 
W<< 
W>> genmove w
W<< 1229353
W<< = resign
W<< 
============================================
Game 6
============================================
B>> boardsize 9
B<< = 
B<< 
B>> clear_board
B<< = 
B<< 
W>> boardsize 9
W<< = 
W<< 
W>> clear_board
W<< = 
W<< 
B>> genmove b
B<< 22153-
B<< = C4
B<< 
W>> play B C4
W<< = 
W<< 
W>> genmove w
W<< 42994
W<< = D8
W<< 
B>> play W D8
B<< = 
B<< 
B>> genmove b
B<< 21763-
B<< = J2
B<< 
W>> play B J2
W<< = 
W<< 
W>> genmove w
W<< 42854
W<< = A6
W<< 
B>> play W A6
B<< = 
B<< 
B>> genmove b
B<< 21665-
B<< = E1
B<< 
W>> play B E1
W<< = 
W<< 
W>> genmove w
W<< 41349
W<< = E7
W<< 
B>> play W E7
B<< = 
B<< 
B>> genmove b
B<< 21491-
B<< = C9
B<< 
W>> play B C9
W<< = 
W<< 
W>> genmove w
W<< 39291
W<< = C7
W<< 
B>> play W C7
B<< = 
B<< 
B>> genmove b
B<< 21021-
B<< = F9
B<< 
W>> play B F9
W<< = 
W<< 
W>> genmove w
W<< 38913
W<< = J1
W<< 
B>> play W J1
B<< = 
B<< 
B>> genmove b
B<< 20734-
B<< = G1
B<< 
W>> play B G1
W<< = 
W<< 
W>> genmove w
W<< 37762
W<< = A2
W<< 
B>> play W A2
B<< = 
B<< 
B>> genmove b
B<< 20950-
B<< = C6
B<< 
W>> play B C6
W<< = 
W<< 
W>> genmove w
W<< 37151
W<< = J6
W<< 
B>> play W J6
B<< = 
B<< 
B>> genmove b
B<< 20971-
B<< = A5
B<< 
W>> play B A5
W<< = 
W<< 
W>> genmove w
W<< 38296
W<< = B1
W<< 
B>> play W B1
B<< = 
B<< 
B>> genmove b
B<< 20595-
B<< = G7
B<< 
W>> play B G7
W<< = 
W<< 
W>> genmove w
W<< 37103
W<< = G9
W<< 
B>> play W G9
B<< = 
B<< 
B>> genmove b
B<< 20994-
B<< = B2
B<< 
W>> play B B2
W<< = 
W<< 
W>> genmove w
W<< 37109
W<< = A9
W<< 
B>> play W A9
B<< = 
B<< 
B>> genmove b
B<< 20097-
B<< = F2
B<< 
W>> play B F2
W<< = 
W<< 
W>> genmove w
W<< 35965
W<< = F3
W<< 
B>> play W F3
B<< = 
B<< 
B>> genmove b
B<< 20578-
B<< = C1
B<< 
W>> play B C1
W<< = 
W<< 
W>> genmove w
W<< 35172
W<< = D1
W<< 
B>> play W D1
B<< = 
B<< 
B>> genmove b
B<< 21125-
B<< = A3
B<< 
W>> play B A3
W<< = 
W<< 
W>> genmove w
W<< 37042
W<< = B8
W<< 
B>> play W B8
B<< = 
B<< 
B>> genmove b
B<< 20124-
B<< = A8
B<< 
W>> play B A8
W<< = 
W<< 
W>> genmove w
W<< 36287
W<< = G4
W<< 
B>> play W G4
B<< = 
B<< 
B>> genmove b
B<< 20476-
B<< = B4
B<< 
W>> play B B4
W<< = 
W<< 
W>> genmove w
W<< 35180
W<< = B3
W<< 
B>> play W B3
B<< = 
B<< 
B>> genmove b
B<< 21100-
B<< = E3
B<< 
W>> play B E3
W<< = 
W<< 
W>> genmove w
W<< 35057
W<< = B7
W<< 
B>> play W B7
B<< = 
B<< 
B>> genmove b
B<< 21029-
B<< = G5
B<< 
W>> play B G5
W<< = 
W<< 
W>> genmove w
W<< 34121
W<< = J9
W<< 
B>> play W J9
B<< = 
B<< 
B>> genmove b
B<< 20933-
B<< = H4
B<< 
W>> play B H4
W<< = 
W<< 
W>> genmove w
W<< 32987
W<< = J3
W<< 
B>> play W J3
B<< = 
B<< 
B>> genmove b
B<< 20482-
B<< = H2
B<< 
W>> play B H2
W<< = 
W<< 
W>> genmove w
W<< 32597
W<< = B5
W<< 
B>> play W B5
B<< = 
B<< 
B>> genmove b
B<< 20568-
B<< = H8
B<< 
W>> play B H8
W<< = 
W<< 
W>> genmove w
W<< 32726
W<< = C5
W<< 
B>> play W C5
B<< = 
B<< 
B>> genmove b
B<< 20947-
B<< = H6
B<< 
W>> play B H6
W<< = 
W<< 
W>> genmove w
W<< 31345
W<< = F8
W<< 
B>> play W F8
B<< = 
B<< 
B>> genmove b
B<< 21273-
B<< = J7
B<< 
W>> play B J7
W<< = 
W<< 
W>> genmove w
W<< 31263
W<< = D9
W<< 
B>> play W D9
B<< = 
B<< 
B>> genmove b
B<< 22967-
B<< = G8
B<< 
W>> play B G8
W<< = 
W<< 
W>> genmove w
W<< 29790
W<< = C3
W<< 
B>> play W C3
B<< = 
B<< 
B>> genmove b
B<< 23219-
B<< = J8
B<< 
W>> play B J8
W<< = 
W<< 
W>> genmove w
W<< 29367
W<< = E8
W<< 
B>> play W E8
B<< = 
B<< 
B>> genmove b
B<< 21644-
B<< = G2
B<< 
W>> play B G2
W<< = 
W<< 
W>> genmove w
W<< 25615
W<< = E2
W<< 
B>> play W E2
B<< = 
B<< 
B>> genmove b
B<< 31044-
B<< = C8
B<< 
W>> play B C8
W<< = 
W<< 
W>> genmove w
W<< 31656
W<< = D7
W<< 
B>> play W D7
B<< = 
B<< 
B>> genmove b
B<< 38624-
B<< = C2
B<< 
W>> play B C2
W<< = 
W<< 
W>> genmove w
W<< 82134
W<< = G3
W<< 
B>> play W G3
B<< = 
B<< 
B>> genmove b
B<< 107158-
B<< = J4
B<< 
W>> play B J4
W<< = 
W<< 
W>> genmove w
W<< 209304
W<< = F7
W<< 
B>> play W F7
B<< = 
B<< 
B>> genmove b
B<< 307872-
B<< = H7
B<< 
W>> play B H7
W<< = 
W<< 
W>> genmove w
W<< 354664
W<< = J5
W<< 
B>> play W J5
B<< = 
B<< 
B>> genmove b
B<< 499461-
B<< = F1
B<< 
W>> play B F1
W<< = 
W<< 
W>> genmove w
W<< 1940329
W<< = resign
W<< 
============================================
Game 7
============================================
B>> boardsize 9
B<< = 
B<< 
B>> clear_board
B<< = 
B<< 
W>> boardsize 9
W<< = 
W<< 
W>> clear_board
W<< = 
W<< 
B>> genmove b
B<< 21945-
B<< = C3
B<< 
W>> play B C3
W<< = 
W<< 
W>> genmove w
W<< 43745
W<< = C1
W<< 
B>> play W C1
B<< = 
B<< 
B>> genmove b
B<< 22204-
B<< = E3
B<< 
W>> play B E3
W<< = 
W<< 
W>> genmove w
W<< 41405
W<< = F8
W<< 
B>> play W F8
B<< = 
B<< 
B>> genmove b
B<< 21649-
B<< = H1
B<< 
W>> play B H1
W<< = 
W<< 
W>> genmove w
W<< 41153
W<< = H9
W<< 
B>> play W H9
B<< = 
B<< 
B>> genmove b
B<< 21427-
B<< = D2
B<< 
W>> play B D2
W<< = 
W<< 
W>> genmove w
W<< 39367
W<< = J8
W<< 
B>> play W J8
B<< = 
B<< 
B>> genmove b
B<< 20056-
B<< = J2
B<< 
W>> play B J2
W<< = 
W<< 
W>> genmove w
W<< 37591
W<< = G6
W<< 
B>> play W G6
B<< = 
B<< 
B>> genmove b
B<< 20619-
B<< = G4
B<< 
W>> play B G4
W<< = 
W<< 
W>> genmove w
W<< 36738
W<< = A2
W<< 
B>> play W A2
B<< = 
B<< 
B>> genmove b
B<< 20286-
B<< = F7
B<< 
W>> play B F7
W<< = 
W<< 
W>> genmove w
W<< 37520
W<< = G1
W<< 
B>> play W G1
B<< = 
B<< 
B>> genmove b
B<< 20501-
B<< = A4
B<< 
W>> play B A4
W<< = 
W<< 
W>> genmove w
W<< 36321
W<< = D9
W<< 
B>> play W D9
B<< = 
B<< 
B>> genmove b
B<< 20276-
B<< = E1
B<< 
W>> play B E1
W<< = 
W<< 
W>> genmove w
W<< 35681
W<< = E7
W<< 
B>> play W E7
B<< = 
B<< 
B>> genmove b
B<< 20204-
B<< = F2
B<< 
W>> play B F2
W<< = 
W<< 
W>> genmove w
W<< 34606
W<< = F3
W<< 
B>> play W F3
B<< = 
B<< 
B>> genmove b
B<< 20161-
B<< = G2
B<< 
W>> play B G2
W<< = 
W<< 
W>> genmove w
W<< 35095
W<< = H2
W<< 
B>> play W H2
B<< = 
B<< 
B>> genmove b
B<< 20261-
B<< = G9
B<< 
W>> play B G9
W<< = 
W<< 
W>> genmove w
W<< 36393
W<< = J4
W<< 
B>> play W J4
B<< = 
B<< 
B>> genmove b
B<< 20394-
B<< = J7
B<< 
W>> play B J7
W<< = 
W<< 
W>> genmove w
W<< 35707
W<< = A9
W<< 
B>> play W A9
B<< = 
B<< 
B>> genmove b
B<< 20963-
B<< = H8
B<< 
W>> play B H8
W<< = 
W<< 
W>> genmove w
W<< 35657
W<< = A7
W<< 
B>> play W A7
B<< = 
B<< 
B>> genmove b
B<< 20307-
B<< = J5
B<< 
W>> play B J5
W<< = 
W<< 
W>> genmove w
W<< 34432
W<< = B8
W<< 
B>> play W B8
B<< = 
B<< 
B>> genmove b
B<< 20290-
B<< = B9
B<< 
W>> play B B9
W<< = 
W<< 
W>> genmove w
W<< 34819
W<< = C4
W<< 
B>> play W C4
B<< = 
B<< 
B>> genmove b
B<< 21159-
B<< = B7
B<< 
W>> play B B7
W<< = 
W<< 
W>> genmove w
W<< 36116
W<< = C8
W<< 
B>> play W C8
B<< = 
B<< 
B>> genmove b
B<< 20854-
B<< = E9
B<< 
W>> play B E9
W<< = 
W<< 
W>> genmove w
W<< 35590
W<< = H7
W<< 
B>> play W H7
B<< = 
B<< 
B>> genmove b
B<< 21436-
B<< = A6
B<< 
W>> play B A6
W<< = 
W<< 
W>> genmove w
W<< 35056
W<< = A5
W<< 
B>> play W A5
B<< = 
B<< 
B>> genmove b
B<< 22441-
B<< = D7
B<< 
W>> play B D7
W<< = 
W<< 
W>> genmove w
W<< 35497
W<< = H5
W<< 
B>> play W H5
B<< = 
B<< 
B>> genmove b
B<< 22368-
B<< = A1
B<< 
W>> play B A1
W<< = 
W<< 
W>> genmove w
W<< 34781
W<< = J3
W<< 
B>> play W J3
B<< = 
B<< 
B>> genmove b
B<< 22627-
B<< = C5
B<< 
W>> play B C5
W<< = 
W<< 
W>> genmove w
W<< 33338
W<< = H4
W<< 
B>> play W H4
B<< = 
B<< 
B>> genmove b
B<< 23446-
B<< = G5
B<< 
W>> play B G5
W<< = 
W<< 
W>> genmove w
W<< 33842
W<< = D1
W<< 
B>> play W D1
B<< = 
B<< 
B>> genmove b
B<< 24551-
B<< = J6
B<< 
W>> play B J6
W<< = 
W<< 
W>> genmove w
W<< 33068
W<< = B3
W<< 
B>> play W B3
B<< = 
B<< 
B>> genmove b
B<< 25436-
B<< = A3
B<< 
W>> play B A3
W<< = 
W<< 
W>> genmove w
W<< 31449
W<< = A8
W<< 
B>> play W A8
B<< = 
B<< 
B>> genmove b
B<< 27342-
B<< = B1
B<< 
W>> play B B1
W<< = 
W<< 
W>> genmove w
W<< 30099
W<< = H3
W<< 
B>> play W H3
B<< = 
B<< 
B>> genmove b
B<< 30122-
B<< = D8
B<< 
W>> play B D8
W<< = 
W<< 
W>> genmove w
W<< 70724
W<< = F9
W<< 
B>> play W F9
B<< = 
B<< 
B>> genmove b
B<< 128261-
B<< = G8
B<< 
W>> play B G8
W<< = 
W<< 
W>> genmove w
W<< 169294
W<< = C2
W<< 
B>> play W C2
B<< = 
B<< 
B>> genmove b
B<< 201245-
B<< = C6
B<< 
W>> play B C6
W<< = 
W<< 
W>> genmove w
W<< 262558
W<< = B5
W<< 
B>> play W B5
B<< = 
B<< 
B>> genmove b
B<< 339390-
B<< = C7
B<< 
W>> play B C7
W<< = 
W<< 
W>> genmove w
W<< 1973543
W<< = resign
W<< 
============================================
Game 8
============================================
B>> boardsize 9
B<< = 
B<< 
B>> clear_board
B<< = 
B<< 
W>> boardsize 9
W<< = 
W<< 
W>> clear_board
W<< = 
W<< 
B>> genmove b
B<< 22323-
B<< = A7
B<< 
W>> play B A7
W<< = 
W<< 
W>> genmove w
W<< 43402
W<< = A6
W<< 
B>> play W A6
B<< = 
B<< 
B>> genmove b
B<< 22294-
B<< = A1
B<< 
W>> play B A1
W<< = 
W<< 
W>> genmove w
W<< 43839
W<< = J5
W<< 
B>> play W J5
B<< = 
B<< 
B>> genmove b
B<< 21688-
B<< = E3
B<< 
W>> play B E3
W<< = 
W<< 
W>> genmove w
W<< 42198
W<< = H6
W<< 
B>> play W H6
B<< = 
B<< 
B>> genmove b
B<< 22002-
B<< = H1
B<< 
W>> play B H1
W<< = 
W<< 
W>> genmove w
W<< 40754
W<< = F1
W<< 
B>> play W F1
B<< = 
B<< 
B>> genmove b
B<< 21662-
B<< = G5
B<< 
W>> play B G5
W<< = 
W<< 
W>> genmove w
W<< 40556
W<< = J9
W<< 
B>> play W J9
B<< = 
B<< 
B>> genmove b
B<< 21265-
B<< = J6
B<< 
W>> play B J6
W<< = 
W<< 
W>> genmove w
W<< 41007
W<< = J1
W<< 
B>> play W J1
B<< = 
B<< 
B>> genmove b
B<< 21558-
B<< = J4
B<< 
W>> play B J4
W<< = 
W<< 
W>> genmove w
W<< 40742
W<< = A9
W<< 
B>> play W A9
B<< = 
B<< 
B>> genmove b
B<< 21752-
B<< = D9
B<< 
W>> play B D9
W<< = 
W<< 
W>> genmove w
W<< 39593
W<< = D7
W<< 
B>> play W D7
B<< = 
B<< 
B>> genmove b
B<< 21334-
B<< = B9
B<< 
W>> play B B9
W<< = 
W<< 
W>> genmove w
W<< 39112
W<< = F7
W<< 
B>> play W F7
B<< = 
B<< 
B>> genmove b
B<< 21258-
B<< = C8
B<< 
W>> play B C8
W<< = 
W<< 
W>> genmove w
W<< 37730
W<< = A3
W<< 
B>> play W A3
B<< = 
B<< 
B>> genmove b
B<< 21086-
B<< = B8
B<< 
W>> play B B8
W<< = 
W<< 
W>> genmove w
W<< 36084
W<< = C5
W<< 
B>> play W C5
B<< = 
B<< 
B>> genmove b
B<< 19329-
B<< = E8
B<< 
W>> play B E8
W<< = 
W<< 
W>> genmove w
W<< 35321
W<< = E9
W<< 
B>> play W E9
B<< = 
B<< 
B>> genmove b
B<< 20682-
B<< = D1
B<< 
W>> play B D1
W<< = 
W<< 
W>> genmove w
W<< 35999
W<< = G9
W<< 
B>> play W G9
B<< = 
B<< 
B>> genmove b
B<< 20080-
B<< = H8
B<< 
W>> play B H8
W<< = 
W<< 
W>> genmove w
W<< 34898
W<< = D3
W<< 
B>> play W D3
B<< = 
B<< 
B>> genmove b
B<< 20767-
B<< = A4
B<< 
W>> play B A4
W<< = 
W<< 
W>> genmove w
W<< 35241
W<< = C1
W<< 
B>> play W C1
B<< = 
B<< 
B>> genmove b
B<< 20689-
B<< = C6
B<< 
W>> play B C6
W<< = 
W<< 
W>> genmove w
W<< 34959
W<< = F3
W<< 
B>> play W F3
B<< = 
B<< 
B>> genmove b
B<< 20412-
B<< = G3
B<< 
W>> play B G3
W<< = 
W<< 
W>> genmove w
W<< 34646
W<< = J8
W<< 
B>> play W J8
B<< = 
B<< 
B>> genmove b
B<< 20655-
B<< = C4
B<< 
W>> play B C4
W<< = 
W<< 
W>> genmove w
W<< 34590
W<< = G4
W<< 
B>> play W G4
B<< = 
B<< 
B>> genmove b
B<< 21115-
B<< = H9
B<< 
W>> play B H9
W<< = 
W<< 
W>> genmove w
W<< 34874
W<< = G6
W<< 
B>> play W G6
B<< = 
B<< 
B>> genmove b
B<< 22166-
B<< = G7
B<< 
W>> play B G7
W<< = 
W<< 
W>> genmove w
W<< 34166
W<< = H7
W<< 
B>> play W H7
B<< = 
B<< 
B>> genmove b
B<< 22535-
B<< = F8
B<< 
W>> play B F8
W<< = 
W<< 
W>> genmove w
W<< 33167
W<< = H2
W<< 
B>> play W H2
B<< = 
B<< 
B>> genmove b
B<< 22205-
B<< = G8
B<< 
W>> play B G8
W<< = 
W<< 
W>> genmove w
W<< 31805
W<< = G2
W<< 
B>> play W G2
B<< = 
B<< 
B>> genmove b
B<< 21450-
B<< = B7
B<< 
W>> play B B7
W<< = 
W<< 
W>> genmove w
W<< 30099
W<< = B2
W<< 
B>> play W B2
B<< = 
B<< 
B>> genmove b
B<< 21481-
B<< = B3
B<< 
W>> play B B3
W<< = 
W<< 
W>> genmove w
W<< 28490
W<< = C3
W<< 
B>> play W C3
B<< = 
B<< 
B>> genmove b
B<< 21629-
B<< = D2
B<< 
W>> play B D2
W<< = 
W<< 
W>> genmove w
W<< 29989
W<< = E7
W<< 
B>> play W E7
B<< = 
B<< 
B>> genmove b
B<< 26817-
B<< = B1
B<< 
W>> play B B1
W<< = 
W<< 
W>> genmove w
W<< 31093
W<< = E1
W<< 
B>> play W E1
B<< = 
B<< 
B>> genmove b
B<< 85480-
B<< = C7
B<< 
W>> play B C7
W<< = 
W<< 
W>> genmove w
W<< 94865
W<< = B6
W<< 
B>> play W B6
B<< = 
B<< 
B>> genmove b
B<< 143152-
B<< = J3
B<< 
W>> play B J3
W<< = 
W<< 
W>> genmove w
W<< 151859
W<< = B5
W<< 
B>> play W B5
B<< = 
B<< 
B>> genmove b
B<< 172253-
B<< = A5
B<< 
W>> play B A5
W<< = 
W<< 
W>> genmove w
W<< 208838
W<< = C2
W<< 
B>> play W C2
B<< = 
B<< 
B>> genmove b
B<< 286663-
B<< = E2
B<< 
W>> play B E2
W<< = 
W<< 
W>> genmove w
W<< 363194
W<< = J2
W<< 
B>> play W J2
B<< = 
B<< 
B>> genmove b
B<< 537861-
B<< = H3
B<< 
W>> play B H3
W<< = 
W<< 
W>> genmove w
W<< 1726691
W<< = resign
W<< 
============================================
Game 9
============================================
B>> boardsize 9
B<< = 
B<< 
B>> clear_board
B<< = 
B<< 
W>> boardsize 9
W<< = 
W<< 
W>> clear_board
W<< = 
W<< 
B>> genmove b
B<< 22311-
B<< = C4
B<< 
W>> play B C4
W<< = 
W<< 
W>> genmove w
W<< 42807
W<< = D8
W<< 
B>> play W D8
B<< = 
B<< 
B>> genmove b
B<< 22076-
B<< = G3
B<< 
W>> play B G3
W<< = 
W<< 
W>> genmove w
W<< 42180
W<< = A2
W<< 
B>> play W A2
B<< = 
B<< 
B>> genmove b
B<< 21866-
B<< = E1
B<< 
W>> play B E1
W<< = 
W<< 
W>> genmove w
W<< 40276
W<< = E7
W<< 
B>> play W E7
B<< = 
B<< 
B>> genmove b
B<< 21535-
B<< = G5
B<< 
W>> play B G5
W<< = 
W<< 
W>> genmove w
W<< 39657
W<< = B1
W<< 
B>> play W B1
B<< = 
B<< 
B>> genmove b
B<< 21345-
B<< = C7
B<< 
W>> play B C7
W<< = 
W<< 
W>> genmove w
W<< 39348
W<< = G7
W<< 
B>> play W G7
B<< = 
B<< 
B>> genmove b
B<< 20517-
B<< = C1
B<< 
W>> play B C1
W<< = 
W<< 
W>> genmove w
W<< 38140
W<< = F8
W<< 
B>> play W F8
B<< = 
B<< 
B>> genmove b
B<< 20482-
B<< = H4
B<< 
W>> play B H4
W<< = 
W<< 
W>> genmove w
W<< 34816
W<< = E9
W<< 
B>> play W E9
B<< = 
B<< 
B>> genmove b
B<< 19497-
B<< = F2
B<< 
W>> play B F2
W<< = 
W<< 
W>> genmove w
W<< 32167
W<< = C9
W<< 
B>> play W C9
B<< = 
B<< 
B>> genmove b
B<< 18232-
B<< = E3
B<< 
W>> play B E3
W<< = 
W<< 
W>> genmove w
W<< 29619
W<< = E2
W<< 
B>> play W E2
B<< = 
B<< 
B>> genmove b
B<< 18227-
B<< = J5
B<< 
W>> play B J5
W<< = 
W<< 
W>> genmove w
W<< 30822
W<< = F1
W<< 
B>> play W F1
B<< = 
B<< 
B>> genmove b
B<< 18522-
B<< = H6
B<< 
W>> play B H6
W<< = 
W<< 
W>> genmove w
W<< 29793
W<< = J7
W<< 
B>> play W J7
B<< = 
B<< 
B>> genmove b
B<< 18498-
B<< = H2
B<< 
W>> play B H2
W<< = 
W<< 
W>> genmove w
W<< 29567
W<< = J4
W<< 
B>> play W J4
B<< = 
B<< 
B>> genmove b
B<< 18111-
B<< = F9
B<< 
W>> play B F9
W<< = 
W<< 
W>> genmove w
W<< 30398
W<< = H8
W<< 
B>> play W H8
B<< = 
B<< 
B>> genmove b
B<< 18672-
B<< = H1
B<< 
W>> play B H1
W<< = 
W<< 
W>> genmove w
W<< 29493
W<< = H9
W<< 
B>> play W H9
B<< = 
B<< 
B>> genmove b
B<< 17930-
B<< = J2
B<< 
W>> play B J2
W<< = 
W<< 
W>> genmove w
W<< 27882
W<< = A7
W<< 
B>> play W A7
B<< = 
B<< 
B>> genmove b
B<< 18213-
B<< = J9
B<< 
W>> play B J9
W<< = 
W<< 
W>> genmove w
W<< 28043
W<< = B8
W<< 
B>> play W B8
B<< = 
B<< 
B>> genmove b
B<< 18030-
B<< = B9
B<< 
W>> play B B9
W<< = 
W<< 
W>> genmove w
W<< 27458
W<< = C6
W<< 
B>> play W C6
B<< = 
B<< 
B>> genmove b
B<< 18744-
B<< = B2
B<< 
W>> play B B2
W<< = 
W<< 
W>> genmove w
W<< 27825
W<< = A3
W<< 
B>> play W A3
B<< = 
B<< 
B>> genmove b
B<< 18542-
B<< = H7
B<< 
W>> play B H7
W<< = 
W<< 
W>> genmove w
W<< 28843
W<< = A5
W<< 
B>> play W A5
B<< = 
B<< 
B>> genmove b
B<< 18786-
B<< = A6
B<< 
W>> play B A6
W<< = 
W<< 
W>> genmove w
W<< 29619
W<< = C3
W<< 
B>> play W C3
B<< = 
B<< 
B>> genmove b
B<< 18315-
B<< = B3
B<< 
W>> play B B3
W<< = 
W<< 
W>> genmove w
W<< 28747
W<< = A1
W<< 
B>> play W A1
B<< = 
B<< 
B>> genmove b
B<< 18960-
B<< = G8
B<< 
W>> play B G8
W<< = 
W<< 
W>> genmove w
W<< 27222
W<< = B5
W<< 
B>> play W B5
B<< = 
B<< 
B>> genmove b
B<< 19243-
B<< = C5
B<< 
W>> play B C5
W<< = 
W<< 
W>> genmove w
W<< 26537
W<< = B7
W<< 
B>> play W B7
B<< = 
B<< 
B>> genmove b
B<< 18328-
B<< = G2
B<< 
W>> play B G2
W<< = 
W<< 
W>> genmove w
W<< 25352
W<< = J3
W<< 
B>> play W J3
B<< = 
B<< 
B>> genmove b
B<< 19721-
B<< = G6
B<< 
W>> play B G6
W<< = 
W<< 
W>> genmove w
W<< 26047
W<< = C2
W<< 
B>> play W C2
B<< = 
B<< 
B>> genmove b
B<< 19564-
B<< = D3
B<< 
W>> play B D3
W<< = 
W<< 
W>> genmove w
W<< 23977
W<< = A8
W<< 
B>> play W A8
B<< = 
B<< 
B>> genmove b
B<< 20836-
B<< = D1
B<< 
W>> play B D1
W<< = 
W<< 
W>> genmove w
W<< 22305
W<< = F7
W<< 
B>> play W F7
B<< = 
B<< 
B>> genmove b
B<< 31116-
B<< = J6
B<< 
W>> play B J6
W<< = 
W<< 
W>> genmove w
W<< 59550
W<< = C8
W<< 
B>> play W C8
B<< = 
B<< 
B>> genmove b
B<< 83575-
B<< = J1
B<< 
W>> play B J1
W<< = 
W<< 
W>> genmove w
W<< 93211
W<< = E8
W<< 
B>> play W E8
B<< = 
B<< 
B>> genmove b
B<< 112131-
B<< = H5
B<< 
W>> play B H5
W<< = 
W<< 
W>> genmove w
W<< 105614
W<< = A4
W<< 
B>> play W A4
B<< = 
B<< 
B>> genmove b
B<< 106118-
B<< = G4
B<< 
W>> play B G4
W<< = 
W<< 
W>> genmove w
W<< 134542
W<< = D9
W<< 
B>> play W D9
B<< = 
B<< 
B>> genmove b
B<< 221007-
B<< = F3
B<< 
W>> play B F3
W<< = 
W<< 
W>> genmove w
W<< 1449366
W<< = resign
W<< 
B>> quit
W>> quit
