B<< HollowNoGo-Demo: /mnt/nfs/work/TaiLin/TCG/tcg2021/hw4/pj-4-judge-v1/../pj-4-code-v1/nogo --shell --black=mcts T=1000 c=0.3 simenemy=a TMT=lr 
B<< 
B<< N | 100
B<< T | 1000
B<< TMT | lr
B<< c | 0.3
B<< name | mcts
B<< role | black
B<< simenemy | a
B<< N | 100
B<< T | 10005
B<< TMT | normal
B<< c | 0
B<< name | 
B<< role | white
B<< simenemy | mctsn
B>> protocol_version
B<< = 2
B<< 
B>> name
B<< = TCG-HollowNoGo-Demo
B<< 
B>> version
B<< = 2021
B<< 
B>> list_commands
B<< = play
B<< genmove
B<< clear_board
B<< showboard
B<< boardsize
B<< name
B<< version
B<< protocol_version
B<< list_commands
B<< quit
B<< 
B<< 
W>> protocol_version
W<< HollowNoGo-Demo: /mnt/nfs/work/TaiLin/TCG/tcg2021/hw4/pj-4-judge-v1/../pj-4-code-v1/nogo1 --shell --white=mcts T=1000 c=0.3 simenemy=a TMT=lr 
W<< 
W<< N | 100
W<< T | 10005
W<< TMT | normal
W<< c | 0
W<< name | 
W<< role | black
W<< simenemy | mctsn
W<< N | 100
W<< T | 1000
W<< TMT | lr
W<< c | 0.3
W<< name | mcts
W<< role | white
W<< simenemy | a
W<< = 2
W<< 
W>> name
W<< = TCG-HollowNoGo-Demo
W<< 
W>> version
W<< = 2021
W<< 
W>> list_commands
W<< = play
W<< genmove
W<< clear_board
W<< showboard
W<< boardsize
W<< name
W<< version
W<< protocol_version
W<< list_commands
W<< quit
W<< 
W<< 
B>> boardsize 9
B<< = 
B<< 
B>> clear_board
B<< = 
B<< 
W>> boardsize 9
W<< = 
W<< 
W>> clear_board
W<< = 
W<< 
============================================
Game 0
============================================
B>> boardsize 9
B<< = 
B<< 
B>> clear_board
B<< = 
B<< 
W>> boardsize 9
W<< = 
W<< 
W>> clear_board
W<< = 
W<< 
B>> genmove b
B<< 44976
B<< = J1
B<< 
W>> play B J1
W<< = 
W<< 
W>> genmove w
W<< 22668-
W<< = F1
W<< 
B>> play W F1
B<< = 
B<< 
B>> genmove b
B<< 43066
B<< = J7
B<< 
W>> play B J7
W<< = 
W<< 
W>> genmove w
W<< 22445-
W<< = A8
W<< 
B>> play W A8
B<< = 
B<< 
B>> genmove b
B<< 41882
B<< = A9
B<< 
W>> play B A9
W<< = 
W<< 
W>> genmove w
W<< 22475-
W<< = G9
W<< 
B>> play W G9
B<< = 
B<< 
B>> genmove b
B<< 41411
B<< = E7
B<< 
W>> play B E7
W<< = 
W<< 
W>> genmove w
W<< 22181-
W<< = A3
W<< 
B>> play W A3
B<< = 
B<< 
B>> genmove b
B<< 40833
B<< = J4
B<< 
W>> play B J4
W<< = 
W<< 
W>> genmove w
W<< 21804-
W<< = J6
W<< 
B>> play W J6
B<< = 
B<< 
B>> genmove b
B<< 39161
B<< = E1
B<< 
W>> play B E1
W<< = 
W<< 
W>> genmove w
W<< 22150-
W<< = G3
W<< 
B>> play W G3
B<< = 
B<< 
B>> genmove b
B<< 40690
B<< = D8
B<< 
W>> play B D8
W<< = 
W<< 
W>> genmove w
W<< 21635-
W<< = G2
W<< 
B>> play W G2
B<< = 
B<< 
B>> genmove b
B<< 37791
B<< = C7
B<< 
W>> play B C7
W<< = 
W<< 
W>> genmove w
W<< 21056-
W<< = D9
W<< 
B>> play W D9
B<< = 
B<< 
B>> genmove b
B<< 36823
B<< = J9
B<< 
W>> play B J9
W<< = 
W<< 
W>> genmove w
W<< 20517-
W<< = C4
W<< 
B>> play W C4
B<< = 
B<< 
B>> genmove b
B<< 35474
B<< = C5
B<< 
W>> play B C5
W<< = 
W<< 
W>> genmove w
W<< 20921-
W<< = C6
W<< 
B>> play W C6
B<< = 
B<< 
B>> genmove b
B<< 36765
B<< = A1
B<< 
W>> play B A1
W<< = 
W<< 
W>> genmove w
W<< 20991-
W<< = G5
W<< 
B>> play W G5
B<< = 
B<< 
B>> genmove b
B<< 36293
B<< = F3
B<< 
W>> play B F3
W<< = 
W<< 
W>> genmove w
W<< 20863-
W<< = H1
W<< 
B>> play W H1
B<< = 
B<< 
B>> genmove b
B<< 35208
B<< = G7
B<< 
W>> play B G7
W<< = 
W<< 
W>> genmove w
W<< 20972-
W<< = H4
W<< 
B>> play W H4
B<< = 
B<< 
B>> genmove b
B<< 33389
B<< = F8
B<< 
W>> play B F8
W<< = 
W<< 
W>> genmove w
W<< 20532-
W<< = H7
W<< 
B>> play W H7
B<< = 
B<< 
B>> genmove b
B<< 32438
B<< = E9
B<< 
W>> play B E9
W<< = 
W<< 
W>> genmove w
W<< 20482-
W<< = H8
W<< 
B>> play W H8
B<< = 
B<< 
B>> genmove b
B<< 32246
B<< = H6
B<< 
W>> play B H6
W<< = 
W<< 
W>> genmove w
W<< 20907-
W<< = C8
W<< 
B>> play W C8
B<< = 
B<< 
B>> genmove b
B<< 33294
B<< = B7
B<< 
W>> play B B7
W<< = 
W<< 
W>> genmove w
W<< 19913-
W<< = H3
W<< 
B>> play W H3
B<< = 
B<< 
B>> genmove b
B<< 30976
B<< = A6
B<< 
W>> play B A6
W<< = 
W<< 
W>> genmove w
W<< 19150-
W<< = A5
W<< 
B>> play W A5
B<< = 
B<< 
B>> genmove b
B<< 30788
B<< = D3
B<< 
W>> play B D3
W<< = 
W<< 
W>> genmove w
W<< 19746-
W<< = H2
W<< 
B>> play W H2
B<< = 
B<< 
B>> genmove b
B<< 28722
B<< = G8
B<< 
W>> play B G8
W<< = 
W<< 
W>> genmove w
W<< 19532-
W<< = B1
W<< 
B>> play W B1
B<< = 
B<< 
B>> genmove b
B<< 27122
B<< = A4
B<< 
W>> play B A4
W<< = 
W<< 
W>> genmove w
W<< 19949-
W<< = H9
W<< 
B>> play W H9
B<< = 
B<< 
B>> genmove b
B<< 28016
B<< = B9
B<< 
W>> play B B9
W<< = 
W<< 
W>> genmove w
W<< 19027-
W<< = F9
W<< 
B>> play W F9
B<< = 
B<< 
B>> genmove b
B<< 26331
B<< = C1
B<< 
W>> play B C1
W<< = 
W<< 
W>> genmove w
W<< 20025-
W<< = E3
W<< 
B>> play W E3
B<< = 
B<< 
B>> genmove b
B<< 25615
B<< = B8
B<< 
W>> play B B8
W<< = 
W<< 
W>> genmove w
W<< 20414-
W<< = E2
W<< 
B>> play W E2
B<< = 
B<< 
B>> genmove b
B<< 24833
B<< = B3
B<< 
W>> play B B3
W<< = 
W<< 
W>> genmove w
W<< 19916-
W<< = G1
W<< 
B>> play W G1
B<< = 
B<< 
B>> genmove b
B<< 24392
B<< = D1
B<< 
W>> play B D1
W<< = 
W<< 
W>> genmove w
W<< 20177-
W<< = G4
W<< 
B>> play W G4
B<< = 
B<< 
B>> genmove b
B<< 22166
B<< = C3
B<< 
W>> play B C3
W<< = 
W<< 
W>> genmove w
W<< 19341-
W<< = D2
W<< 
B>> play W D2
B<< = 
B<< 
B>> genmove b
B<< 22016
B<< = F7
B<< 
W>> play B F7
W<< = 
W<< 
W>> genmove w
W<< 29363-
W<< = G6
W<< 
B>> play W G6
B<< = 
B<< 
B>> genmove b
B<< 77872
B<< = J3
B<< 
W>> play B J3
W<< = 
W<< 
W>> genmove w
W<< 131148-
W<< = B6
W<< 
B>> play W B6
B<< = 
B<< 
B>> genmove b
B<< 136722
B<< = J2
B<< 
W>> play B J2
W<< = 
W<< 
W>> genmove w
W<< 299755-
W<< = B2
W<< 
B>> play W B2
B<< = 
B<< 
B>> genmove b
B<< 365760
B<< = C2
B<< 
W>> play B C2
W<< = 
W<< 
W>> genmove w
W<< 1700090-
W<< = resign
W<< 
============================================
Game 1
============================================
B>> boardsize 9
B<< = 
B<< 
B>> clear_board
B<< = 
B<< 
W>> boardsize 9
W<< = 
W<< 
W>> clear_board
W<< = 
W<< 
B>> genmove b
B<< 43071
B<< = J1
B<< 
W>> play B J1
W<< = 
W<< 
W>> genmove w
W<< 22482-
W<< = C9
W<< 
B>> play W C9
B<< = 
B<< 
B>> genmove b
B<< 43063
B<< = C1
B<< 
W>> play B C1
W<< = 
W<< 
W>> genmove w
W<< 22436-
W<< = J9
W<< 
B>> play W J9
B<< = 
B<< 
B>> genmove b
B<< 41821
B<< = D9
B<< 
W>> play B D9
W<< = 
W<< 
W>> genmove w
W<< 22110-
W<< = J4
W<< 
B>> play W J4
B<< = 
B<< 
B>> genmove b
B<< 42135
B<< = B8
B<< 
W>> play B B8
W<< = 
W<< 
W>> genmove w
W<< 22125-
W<< = F9
W<< 
B>> play W F9
B<< = 
B<< 
B>> genmove b
B<< 40642
B<< = G3
B<< 
W>> play B G3
W<< = 
W<< 
W>> genmove w
W<< 22066-
W<< = A1
W<< 
B>> play W A1
B<< = 
B<< 
B>> genmove b
B<< 40057
B<< = G1
B<< 
W>> play B G1
W<< = 
W<< 
W>> genmove w
W<< 21161-
W<< = H7
W<< 
B>> play W H7
B<< = 
B<< 
B>> genmove b
B<< 38278
B<< = H2
B<< 
W>> play B H2
W<< = 
W<< 
W>> genmove w
W<< 21247-
W<< = F7
W<< 
B>> play W F7
B<< = 
B<< 
B>> genmove b
B<< 36352
B<< = G9
B<< 
W>> play B G9
W<< = 
W<< 
W>> genmove w
W<< 21340-
W<< = J2
W<< 
B>> play W J2
B<< = 
B<< 
B>> genmove b
B<< 37234
B<< = F2
B<< 
W>> play B F2
W<< = 
W<< 
W>> genmove w
W<< 20703-
W<< = G4
W<< 
B>> play W G4
B<< = 
B<< 
B>> genmove b
B<< 35095
B<< = E1
B<< 
W>> play B E1
W<< = 
W<< 
W>> genmove w
W<< 20467-
W<< = D1
W<< 
B>> play W D1
B<< = 
B<< 
B>> genmove b
B<< 35289
B<< = J5
B<< 
W>> play B J5
W<< = 
W<< 
W>> genmove w
W<< 21537-
W<< = H3
W<< 
B>> play W H3
B<< = 
B<< 
B>> genmove b
B<< 36876
B<< = D3
B<< 
W>> play B D3
W<< = 
W<< 
W>> genmove w
W<< 21620-
W<< = F3
W<< 
B>> play W F3
B<< = 
B<< 
B>> genmove b
B<< 37020
B<< = E2
B<< 
W>> play B E2
W<< = 
W<< 
W>> genmove w
W<< 21249-
W<< = H5
W<< 
B>> play W H5
B<< = 
B<< 
B>> genmove b
B<< 34749
B<< = G5
B<< 
W>> play B G5
W<< = 
W<< 
W>> genmove w
W<< 21145-
W<< = H6
W<< 
B>> play W H6
B<< = 
B<< 
B>> genmove b
B<< 34355
B<< = H8
B<< 
W>> play B H8
W<< = 
W<< 
W>> genmove w
W<< 21274-
W<< = J7
W<< 
B>> play W J7
B<< = 
B<< 
B>> genmove b
B<< 34116
B<< = A7
B<< 
W>> play B A7
W<< = 
W<< 
W>> genmove w
W<< 20462-
W<< = G7
W<< 
B>> play W G7
B<< = 
B<< 
B>> genmove b
B<< 30519
B<< = A9
B<< 
W>> play B A9
W<< = 
W<< 
W>> genmove w
W<< 19230-
W<< = D7
W<< 
B>> play W D7
B<< = 
B<< 
B>> genmove b
B<< 30183
B<< = E7
B<< 
W>> play B E7
W<< = 
W<< 
W>> genmove w
W<< 20144-
W<< = C2
W<< 
B>> play W C2
B<< = 
B<< 
B>> genmove b
B<< 30506
B<< = C8
B<< 
W>> play B C8
W<< = 
W<< 
W>> genmove w
W<< 19739-
W<< = C4
W<< 
B>> play W C4
B<< = 
B<< 
B>> genmove b
B<< 29901
B<< = B2
B<< 
W>> play B B2
W<< = 
W<< 
W>> genmove w
W<< 19449-
W<< = B3
W<< 
B>> play W B3
B<< = 
B<< 
B>> genmove b
B<< 30056
B<< = C3
B<< 
W>> play B C3
W<< = 
W<< 
W>> genmove w
W<< 20342-
W<< = C6
W<< 
B>> play W C6
B<< = 
B<< 
B>> genmove b
B<< 29453
B<< = A3
B<< 
W>> play B A3
W<< = 
W<< 
W>> genmove w
W<< 20258-
W<< = B5
W<< 
B>> play W B5
B<< = 
B<< 
B>> genmove b
B<< 28627
B<< = J8
B<< 
W>> play B J8
W<< = 
W<< 
W>> genmove w
W<< 19325-
W<< = B6
W<< 
B>> play W B6
B<< = 
B<< 
B>> genmove b
B<< 26130
B<< = A5
B<< 
W>> play B A5
W<< = 
W<< 
W>> genmove w
W<< 20814-
W<< = A6
W<< 
B>> play W A6
B<< = 
B<< 
B>> genmove b
B<< 26142
B<< = A4
B<< 
W>> play B A4
W<< = 
W<< 
W>> genmove w
W<< 20385-
W<< = D8
W<< 
B>> play W D8
B<< = 
B<< 
B>> genmove b
B<< 27090
B<< = F8
B<< 
W>> play B F8
W<< = 
W<< 
W>> genmove w
W<< 23262-
W<< = C5
W<< 
B>> play W C5
B<< = 
B<< 
B>> genmove b
B<< 24574
B<< = G8
B<< 
W>> play B G8
W<< = 
W<< 
W>> genmove w
W<< 26868-
W<< = H4
W<< 
B>> play W H4
B<< = 
B<< 
B>> genmove b
B<< 32929
B<< = F1
B<< 
W>> play B F1
W<< = 
W<< 
W>> genmove w
W<< 72079-
W<< = C7
W<< 
B>> play W C7
B<< = 
B<< 
B>> genmove b
B<< 89408
B<< = A8
B<< 
W>> play B A8
W<< = 
W<< 
W>> genmove w
W<< 109226-
W<< = B7
W<< 
B>> play W B7
B<< = 
B<< 
B>> genmove b
B<< 120665
B<< = H1
B<< 
W>> play B H1
W<< = 
W<< 
W>> genmove w
W<< 144367-
W<< = J3
W<< 
B>> play W J3
B<< = 
B<< 
B>> genmove b
B<< 165090
B<< = G2
B<< 
W>> play B G2
W<< = 
W<< 
W>> genmove w
W<< 245641-
W<< = A2
W<< 
B>> play W A2
B<< = 
B<< 
B>> genmove b
B<< 294422
B<< = E8
B<< 
W>> play B E8
W<< = 
W<< 
W>> genmove w
W<< 1412810-
W<< = resign
W<< 
============================================
Game 2
============================================
B>> boardsize 9
B<< = 
B<< 
B>> clear_board
B<< = 
B<< 
W>> boardsize 9
W<< = 
W<< 
W>> clear_board
W<< = 
W<< 
B>> genmove b
B<< 43208
B<< = J1
B<< 
W>> play B J1
W<< = 
W<< 
W>> genmove w
W<< 22442-
W<< = B4
W<< 
B>> play W B4
B<< = 
B<< 
B>> genmove b
B<< 42749
B<< = J4
B<< 
W>> play B J4
W<< = 
W<< 
W>> genmove w
W<< 22188-
W<< = G6
W<< 
B>> play W G6
B<< = 
B<< 
B>> genmove b
B<< 41742
B<< = J8
B<< 
W>> play B J8
W<< = 
W<< 
W>> genmove w
W<< 22012-
W<< = A3
W<< 
B>> play W A3
B<< = 
B<< 
B>> genmove b
B<< 39671
B<< = H3
B<< 
W>> play B H3
W<< = 
W<< 
W>> genmove w
W<< 21799-
W<< = A5
W<< 
B>> play W A5
B<< = 
B<< 
B>> genmove b
B<< 38479
B<< = J6
B<< 
W>> play B J6
W<< = 
W<< 
W>> genmove w
W<< 21105-
W<< = A9
W<< 
B>> play W A9
B<< = 
B<< 
B>> genmove b
B<< 36776
B<< = H5
B<< 
W>> play B H5
W<< = 
W<< 
W>> genmove w
W<< 20385-
W<< = G9
W<< 
B>> play W G9
B<< = 
B<< 
B>> genmove b
B<< 34822
B<< = G4
B<< 
W>> play B G4
W<< = 
W<< 
W>> genmove w
W<< 19587-
W<< = J3
W<< 
B>> play W J3
B<< = 
B<< 
B>> genmove b
B<< 33816
B<< = H7
B<< 
W>> play B H7
W<< = 
W<< 
W>> genmove w
W<< 19854-
W<< = C3
W<< 
B>> play W C3
B<< = 
B<< 
B>> genmove b
B<< 32854
B<< = H9
B<< 
W>> play B H9
W<< = 
W<< 
W>> genmove w
W<< 18869-
W<< = B2
W<< 
B>> play W B2
B<< = 
B<< 
B>> genmove b
B<< 30105
B<< = C4
B<< 
W>> play B C4
W<< = 
W<< 
W>> genmove w
W<< 18901-
W<< = C1
W<< 
B>> play W C1
B<< = 
B<< 
B>> genmove b
B<< 30169
B<< = G8
B<< 
W>> play B G8
W<< = 
W<< 
W>> genmove w
W<< 17634-
W<< = A1
W<< 
B>> play W A1
B<< = 
B<< 
B>> genmove b
B<< 28917
B<< = A6
B<< 
W>> play B A6
W<< = 
W<< 
W>> genmove w
W<< 17712-
W<< = D2
W<< 
B>> play W D2
B<< = 
B<< 
B>> genmove b
B<< 27924
B<< = D3
B<< 
W>> play B D3
W<< = 
W<< 
W>> genmove w
W<< 17394-
W<< = E1
W<< 
B>> play W E1
B<< = 
B<< 
B>> genmove b
B<< 25701
B<< = F7
B<< 
W>> play B F7
W<< = 
W<< 
W>> genmove w
W<< 17073-
W<< = F3
W<< 
B>> play W F3
B<< = 
B<< 
B>> genmove b
B<< 26073
B<< = F1
B<< 
W>> play B F1
W<< = 
W<< 
W>> genmove w
W<< 17365-
W<< = C6
W<< 
B>> play W C6
B<< = 
B<< 
B>> genmove b
B<< 26745
B<< = E2
B<< 
W>> play B E2
W<< = 
W<< 
W>> genmove w
W<< 16727-
W<< = B5
W<< 
B>> play W B5
B<< = 
B<< 
B>> genmove b
B<< 24386
B<< = H2
B<< 
W>> play B H2
W<< = 
W<< 
W>> genmove w
W<< 16543-
W<< = H1
W<< 
B>> play W H1
B<< = 
B<< 
B>> genmove b
B<< 25030
B<< = D9
B<< 
W>> play B D9
W<< = 
W<< 
W>> genmove w
W<< 16310-
W<< = D7
W<< 
B>> play W D7
B<< = 
B<< 
B>> genmove b
B<< 23649
B<< = B9
B<< 
W>> play B B9
W<< = 
W<< 
W>> genmove w
W<< 16509-
W<< = G1
W<< 
B>> play W G1
B<< = 
B<< 
B>> genmove b
B<< 23717
B<< = C8
B<< 
W>> play B C8
W<< = 
W<< 
W>> genmove w
W<< 16463-
W<< = D8
W<< 
B>> play W D8
B<< = 
B<< 
B>> genmove b
B<< 23168
B<< = G3
B<< 
W>> play B G3
W<< = 
W<< 
W>> genmove w
W<< 16693-
W<< = B7
W<< 
B>> play W B7
B<< = 
B<< 
B>> genmove b
B<< 23210
B<< = B6
B<< 
W>> play B B6
W<< = 
W<< 
W>> genmove w
W<< 16865-
W<< = H6
W<< 
B>> play W H6
B<< = 
B<< 
B>> genmove b
B<< 23316
B<< = E9
B<< 
W>> play B E9
W<< = 
W<< 
W>> genmove w
W<< 16628-
W<< = E8
W<< 
B>> play W E8
B<< = 
B<< 
B>> genmove b
B<< 22238
B<< = E7
B<< 
W>> play B E7
W<< = 
W<< 
W>> genmove w
W<< 17475-
W<< = G5
W<< 
B>> play W G5
B<< = 
B<< 
B>> genmove b
B<< 22241
B<< = J7
B<< 
W>> play B J7
W<< = 
W<< 
W>> genmove w
W<< 17314-
W<< = G2
W<< 
B>> play W G2
B<< = 
B<< 
B>> genmove b
B<< 21232
B<< = H8
B<< 
W>> play B H8
W<< = 
W<< 
W>> genmove w
W<< 18516-
W<< = B8
W<< 
B>> play W B8
B<< = 
B<< 
B>> genmove b
B<< 21547
B<< = F8
B<< 
W>> play B F8
W<< = 
W<< 
W>> genmove w
W<< 16042-
W<< = C2
W<< 
B>> play W C2
B<< = 
B<< 
B>> genmove b
B<< 18558
B<< = C9
B<< 
W>> play B C9
W<< = 
W<< 
W>> genmove w
W<< 15439-
W<< = A4
W<< 
B>> play W A4
B<< = 
B<< 
B>> genmove b
B<< 15461
B<< = A7
B<< 
W>> play B A7
W<< = 
W<< 
W>> genmove w
W<< 22447-
W<< = B3
W<< 
B>> play W B3
B<< = 
B<< 
B>> genmove b
B<< 38506
B<< = E3
B<< 
W>> play B E3
W<< = 
W<< 
W>> genmove w
W<< 51516-
W<< = D1
W<< 
B>> play W D1
B<< = 
B<< 
B>> genmove b
B<< 57107
B<< = J5
B<< 
W>> play B J5
W<< = 
W<< 
W>> genmove w
W<< 69476-
W<< = B1
W<< 
B>> play W B1
B<< = 
B<< 
B>> genmove b
B<< 67973
B<< = H4
B<< 
W>> play B H4
W<< = 
W<< 
W>> genmove w
W<< 106252-
W<< = A2
W<< 
B>> play W A2
B<< = 
B<< 
B>> genmove b
B<< 145912
B<< = J9
B<< 
W>> play B J9
W<< = 
W<< 
W>> genmove w
W<< 350093-
W<< = C7
W<< 
B>> play W C7
B<< = 
B<< 
B>> genmove b
B<< 982020
B<< = resign
B<< 
============================================
Game 3
============================================
B>> boardsize 9
B<< = 
B<< 
B>> clear_board
B<< = 
B<< 
W>> boardsize 9
W<< = 
W<< 
W>> clear_board
W<< = 
W<< 
B>> genmove b
B<< 43346
B<< = J1
B<< 
W>> play B J1
W<< = 
W<< 
W>> genmove w
W<< 22746-
W<< = A9
W<< 
B>> play W A9
B<< = 
B<< 
B>> genmove b
B<< 42373
B<< = C9
B<< 
W>> play B C9
W<< = 
W<< 
W>> genmove w
W<< 22754-
W<< = E1
W<< 
B>> play W E1
B<< = 
B<< 
B>> genmove b
B<< 41305
B<< = C3
B<< 
W>> play B C3
W<< = 
W<< 
W>> genmove w
W<< 22400-
W<< = E7
W<< 
B>> play W E7
B<< = 
B<< 
B>> genmove b
B<< 40153
B<< = J9
B<< 
W>> play B J9
W<< = 
W<< 
W>> genmove w
W<< 22120-
W<< = J5
W<< 
B>> play W J5
B<< = 
B<< 
B>> genmove b
B<< 39350
B<< = A1
B<< 
W>> play B A1
W<< = 
W<< 
W>> genmove w
W<< 21737-
W<< = J3
W<< 
B>> play W J3
B<< = 
B<< 
B>> genmove b
B<< 38107
B<< = D7
B<< 
W>> play B D7
W<< = 
W<< 
W>> genmove w
W<< 21808-
W<< = H4
W<< 
B>> play W H4
B<< = 
B<< 
B>> genmove b
B<< 36886
B<< = B4
B<< 
W>> play B B4
W<< = 
W<< 
W>> genmove w
W<< 21177-
W<< = C5
W<< 
B>> play W C5
B<< = 
B<< 
B>> genmove b
B<< 36704
B<< = F7
B<< 
W>> play B F7
W<< = 
W<< 
W>> genmove w
W<< 21490-
W<< = D3
W<< 
B>> play W D3
B<< = 
B<< 
B>> genmove b
B<< 36581
B<< = A5
B<< 
W>> play B A5
W<< = 
W<< 
W>> genmove w
W<< 21240-
W<< = H6
W<< 
B>> play W H6
B<< = 
B<< 
B>> genmove b
B<< 35655
B<< = J6
B<< 
W>> play B J6
W<< = 
W<< 
W>> genmove w
W<< 21373-
W<< = G5
W<< 
B>> play W G5
B<< = 
B<< 
B>> genmove b
B<< 35509
B<< = G4
B<< 
W>> play B G4
W<< = 
W<< 
W>> genmove w
W<< 21038-
W<< = G7
W<< 
B>> play W G7
B<< = 
B<< 
B>> genmove b
B<< 35197
B<< = A3
B<< 
W>> play B A3
W<< = 
W<< 
W>> genmove w
W<< 20590-
W<< = A6
W<< 
B>> play W A6
B<< = 
B<< 
B>> genmove b
B<< 33431
B<< = B2
B<< 
W>> play B B2
W<< = 
W<< 
W>> genmove w
W<< 20478-
W<< = B1
W<< 
B>> play W B1
B<< = 
B<< 
B>> genmove b
B<< 32975
B<< = F1
B<< 
W>> play B F1
W<< = 
W<< 
W>> genmove w
W<< 20520-
W<< = C2
W<< 
B>> play W C2
B<< = 
B<< 
B>> genmove b
B<< 33974
B<< = B6
B<< 
W>> play B B6
W<< = 
W<< 
W>> genmove w
W<< 20786-
W<< = G8
W<< 
B>> play W G8
B<< = 
B<< 
B>> genmove b
B<< 32274
B<< = C6
B<< 
W>> play B C6
W<< = 
W<< 
W>> genmove w
W<< 19756-
W<< = F9
W<< 
B>> play W F9
B<< = 
B<< 
B>> genmove b
B<< 30952
B<< = E9
B<< 
W>> play B E9
W<< = 
W<< 
W>> genmove w
W<< 20244-
W<< = F3
W<< 
B>> play W F3
B<< = 
B<< 
B>> genmove b
B<< 30927
B<< = E3
B<< 
W>> play B E3
W<< = 
W<< 
W>> genmove w
W<< 19644-
W<< = H9
W<< 
B>> play W H9
B<< = 
B<< 
B>> genmove b
B<< 29978
B<< = D8
B<< 
W>> play B D8
W<< = 
W<< 
W>> genmove w
W<< 19535-
W<< = C7
W<< 
B>> play W C7
B<< = 
B<< 
B>> genmove b
B<< 30153
B<< = B8
B<< 
W>> play B B8
W<< = 
W<< 
W>> genmove w
W<< 19711-
W<< = H2
W<< 
B>> play W H2
B<< = 
B<< 
B>> genmove b
B<< 26632
B<< = A8
B<< 
W>> play B A8
W<< = 
W<< 
W>> genmove w
W<< 19818-
W<< = C8
W<< 
B>> play W C8
B<< = 
B<< 
B>> genmove b
B<< 29224
B<< = J2
B<< 
W>> play B J2
W<< = 
W<< 
W>> genmove w
W<< 20323-
W<< = E8
W<< 
B>> play W E8
B<< = 
B<< 
B>> genmove b
B<< 28981
B<< = H7
B<< 
W>> play B H7
W<< = 
W<< 
W>> genmove w
W<< 21353-
W<< = G2
W<< 
B>> play W G2
B<< = 
B<< 
B>> genmove b
B<< 28765
B<< = H8
B<< 
W>> play B H8
W<< = 
W<< 
W>> genmove w
W<< 23117-
W<< = B5
W<< 
B>> play W B5
B<< = 
B<< 
B>> genmove b
B<< 29302
B<< = D9
B<< 
W>> play B D9
W<< = 
W<< 
W>> genmove w
W<< 25730-
W<< = G1
W<< 
B>> play W G1
B<< = 
B<< 
B>> genmove b
B<< 30021
B<< = A2
B<< 
W>> play B A2
W<< = 
W<< 
W>> genmove w
W<< 25504-
W<< = H3
W<< 
B>> play W H3
B<< = 
B<< 
B>> genmove b
B<< 29146
B<< = D1
B<< 
W>> play B D1
W<< = 
W<< 
W>> genmove w
W<< 25694-
W<< = J4
W<< 
B>> play W J4
B<< = 
B<< 
B>> genmove b
B<< 33930
B<< = F2
B<< 
W>> play B F2
W<< = 
W<< 
W>> genmove w
W<< 100150-
W<< = A7
W<< 
B>> play W A7
B<< = 
B<< 
B>> genmove b
B<< 120885
B<< = B3
B<< 
W>> play B B3
W<< = 
W<< 
W>> genmove w
W<< 163925-
W<< = G9
W<< 
B>> play W G9
B<< = 
B<< 
B>> genmove b
B<< 166131
B<< = J8
B<< 
W>> play B J8
W<< = 
W<< 
W>> genmove w
W<< 226462-
W<< = C1
W<< 
B>> play W C1
B<< = 
B<< 
B>> genmove b
B<< 274682
B<< = A4
B<< 
W>> play B A4
W<< = 
W<< 
W>> genmove w
W<< 486693-
W<< = H5
W<< 
B>> play W H5
B<< = 
B<< 
B>> genmove b
B<< 1445764
B<< = resign
B<< 
============================================
Game 4
============================================
B>> boardsize 9
B<< = 
B<< 
B>> clear_board
B<< = 
B<< 
W>> boardsize 9
W<< = 
W<< 
W>> clear_board
W<< = 
W<< 
B>> genmove b
B<< 43108
B<< = J1
B<< 
W>> play B J1
W<< = 
W<< 
W>> genmove w
W<< 22550-
W<< = E9
W<< 
B>> play W E9
B<< = 
B<< 
B>> genmove b
B<< 42290
B<< = B1
B<< 
W>> play B B1
W<< = 
W<< 
W>> genmove w
W<< 22495-
W<< = J7
W<< 
B>> play W J7
B<< = 
B<< 
B>> genmove b
B<< 41004
B<< = A2
B<< 
W>> play B A2
W<< = 
W<< 
W>> genmove w
W<< 22124-
W<< = B8
W<< 
B>> play W B8
B<< = 
B<< 
B>> genmove b
B<< 39119
B<< = J6
B<< 
W>> play B J6
W<< = 
W<< 
W>> genmove w
W<< 21860-
W<< = D1
W<< 
B>> play W D1
B<< = 
B<< 
B>> genmove b
B<< 39249
B<< = J9
B<< 
W>> play B J9
W<< = 
W<< 
W>> genmove w
W<< 21997-
W<< = A4
W<< 
B>> play W A4
B<< = 
B<< 
B>> genmove b
B<< 39026
B<< = A6
B<< 
W>> play B A6
W<< = 
W<< 
W>> genmove w
W<< 21975-
W<< = B9
W<< 
B>> play W B9
B<< = 
B<< 
B>> genmove b
B<< 36646
B<< = C9
B<< 
W>> play B C9
W<< = 
W<< 
W>> genmove w
W<< 21826-
W<< = A8
W<< 
B>> play W A8
B<< = 
B<< 
B>> genmove b
B<< 37297
B<< = F1
B<< 
W>> play B F1
W<< = 
W<< 
W>> genmove w
W<< 21833-
W<< = G4
W<< 
B>> play W G4
B<< = 
B<< 
B>> genmove b
B<< 37166
B<< = E3
B<< 
W>> play B E3
W<< = 
W<< 
W>> genmove w
W<< 21646-
W<< = C3
W<< 
B>> play W C3
B<< = 
B<< 
B>> genmove b
B<< 36024
B<< = C4
B<< 
W>> play B C4
W<< = 
W<< 
W>> genmove w
W<< 21580-
W<< = G2
W<< 
B>> play W G2
B<< = 
B<< 
B>> genmove b
B<< 35933
B<< = B3
B<< 
W>> play B B3
W<< = 
W<< 
W>> genmove w
W<< 21340-
W<< = E7
W<< 
B>> play W E7
B<< = 
B<< 
B>> genmove b
B<< 35818
B<< = C2
B<< 
W>> play B C2
W<< = 
W<< 
W>> genmove w
W<< 21214-
W<< = G6
W<< 
B>> play W G6
B<< = 
B<< 
B>> genmove b
B<< 34777
B<< = B7
B<< 
W>> play B B7
W<< = 
W<< 
W>> genmove w
W<< 21077-
W<< = F3
W<< 
B>> play W F3
B<< = 
B<< 
B>> genmove b
B<< 34539
B<< = H3
B<< 
W>> play B H3
W<< = 
W<< 
W>> genmove w
W<< 20876-
W<< = D8
W<< 
B>> play W D8
B<< = 
B<< 
B>> genmove b
B<< 32664
B<< = F8
B<< 
W>> play B F8
W<< = 
W<< 
W>> genmove w
W<< 20938-
W<< = C7
W<< 
B>> play W C7
B<< = 
B<< 
B>> genmove b
B<< 33203
B<< = C6
B<< 
W>> play B C6
W<< = 
W<< 
W>> genmove w
W<< 20501-
W<< = H5
W<< 
B>> play W H5
B<< = 
B<< 
B>> genmove b
B<< 30352
B<< = B5
B<< 
W>> play B B5
W<< = 
W<< 
W>> genmove w
W<< 19957-
W<< = H4
W<< 
B>> play W H4
B<< = 
B<< 
B>> genmove b
B<< 30930
B<< = C8
B<< 
W>> play B C8
W<< = 
W<< 
W>> genmove w
W<< 20627-
W<< = B4
W<< 
B>> play W B4
B<< = 
B<< 
B>> genmove b
B<< 31194
B<< = D2
B<< 
W>> play B D2
W<< = 
W<< 
W>> genmove w
W<< 21216-
W<< = C1
W<< 
B>> play W C1
B<< = 
B<< 
B>> genmove b
B<< 31118
B<< = A3
B<< 
W>> play B A3
W<< = 
W<< 
W>> genmove w
W<< 20965-
W<< = J3
W<< 
B>> play W J3
B<< = 
B<< 
B>> genmove b
B<< 30924
B<< = E2
B<< 
W>> play B E2
W<< = 
W<< 
W>> genmove w
W<< 20611-
W<< = H1
W<< 
B>> play W H1
B<< = 
B<< 
B>> genmove b
B<< 30061
B<< = J5
B<< 
W>> play B J5
W<< = 
W<< 
W>> genmove w
W<< 20891-
W<< = H2
W<< 
B>> play W H2
B<< = 
B<< 
B>> genmove b
B<< 31056
B<< = H8
B<< 
W>> play B H8
W<< = 
W<< 
W>> genmove w
W<< 22032-
W<< = G8
W<< 
B>> play W G8
B<< = 
B<< 
B>> genmove b
B<< 30047
B<< = F9
B<< 
W>> play B F9
W<< = 
W<< 
W>> genmove w
W<< 22494-
W<< = J8
W<< 
B>> play W J8
B<< = 
B<< 
B>> genmove b
B<< 28983
B<< = J4
B<< 
W>> play B J4
W<< = 
W<< 
W>> genmove w
W<< 23421-
W<< = H7
W<< 
B>> play W H7
B<< = 
B<< 
B>> genmove b
B<< 25442
B<< = G9
B<< 
W>> play B G9
W<< = 
W<< 
W>> genmove w
W<< 23390-
W<< = A7
W<< 
B>> play W A7
B<< = 
B<< 
B>> genmove b
B<< 27089
B<< = F7
B<< 
W>> play B F7
W<< = 
W<< 
W>> genmove w
W<< 27214-
W<< = G7
W<< 
B>> play W G7
B<< = 
B<< 
B>> genmove b
B<< 48089
B<< = H9
B<< 
W>> play B H9
W<< = 
W<< 
W>> genmove w
W<< 114988-
W<< = F2
W<< 
B>> play W F2
B<< = 
B<< 
B>> genmove b
B<< 126200
B<< = A1
B<< 
W>> play B A1
W<< = 
W<< 
W>> genmove w
W<< 160872-
W<< = G5
W<< 
B>> play W G5
B<< = 
B<< 
B>> genmove b
B<< 183266
B<< = B2
B<< 
W>> play B B2
W<< = 
W<< 
W>> genmove w
W<< 231491-
W<< = G1
W<< 
B>> play W G1
B<< = 
B<< 
B>> genmove b
B<< 245882
B<< = C5
B<< 
W>> play B C5
W<< = 
W<< 
W>> genmove w
W<< 355194-
W<< = D7
W<< 
B>> play W D7
B<< = 
B<< 
B>> genmove b
B<< 451244
B<< = B6
B<< 
W>> play B B6
W<< = 
W<< 
W>> genmove w
W<< 1503304-
W<< = resign
W<< 
============================================
Game 5
============================================
B>> boardsize 9
B<< = 
B<< 
B>> clear_board
B<< = 
B<< 
W>> boardsize 9
W<< = 
W<< 
W>> clear_board
W<< = 
W<< 
B>> genmove b
B<< 43669
B<< = J1
B<< 
W>> play B J1
W<< = 
W<< 
W>> genmove w
W<< 22635-
W<< = H3
W<< 
B>> play W H3
B<< = 
B<< 
B>> genmove b
B<< 41958
B<< = J5
B<< 
W>> play B J5
W<< = 
W<< 
W>> genmove w
W<< 22580-
W<< = A1
W<< 
B>> play W A1
B<< = 
B<< 
B>> genmove b
B<< 40177
B<< = G1
B<< 
W>> play B G1
W<< = 
W<< 
W>> genmove w
W<< 22363-
W<< = A9
W<< 
B>> play W A9
B<< = 
B<< 
B>> genmove b
B<< 39392
B<< = H2
B<< 
W>> play B H2
W<< = 
W<< 
W>> genmove w
W<< 22135-
W<< = B2
W<< 
B>> play W B2
B<< = 
B<< 
B>> genmove b
B<< 38715
B<< = A3
B<< 
W>> play B A3
W<< = 
W<< 
W>> genmove w
W<< 21961-
W<< = J2
W<< 
B>> play W J2
B<< = 
B<< 
B>> genmove b
B<< 39189
B<< = D1
B<< 
W>> play B D1
W<< = 
W<< 
W>> genmove w
W<< 22144-
W<< = F1
W<< 
B>> play W F1
B<< = 
B<< 
B>> genmove b
B<< 38741
B<< = G3
B<< 
W>> play B G3
W<< = 
W<< 
W>> genmove w
W<< 22146-
W<< = G4
W<< 
B>> play W G4
B<< = 
B<< 
B>> genmove b
B<< 39274
B<< = A5
B<< 
W>> play B A5
W<< = 
W<< 
W>> genmove w
W<< 22421-
W<< = J7
W<< 
B>> play W J7
B<< = 
B<< 
B>> genmove b
B<< 38299
B<< = F2
B<< 
W>> play B F2
W<< = 
W<< 
W>> genmove w
W<< 22056-
W<< = F3
W<< 
B>> play W F3
B<< = 
B<< 
B>> genmove b
B<< 36540
B<< = E2
B<< 
W>> play B E2
W<< = 
W<< 
W>> genmove w
W<< 22103-
W<< = E3
W<< 
B>> play W E3
B<< = 
B<< 
B>> genmove b
B<< 36684
B<< = B1
B<< 
W>> play B B1
W<< = 
W<< 
W>> genmove w
W<< 21829-
W<< = H9
W<< 
B>> play W H9
B<< = 
B<< 
B>> genmove b
B<< 36217
B<< = J9
B<< 
W>> play B J9
W<< = 
W<< 
W>> genmove w
W<< 21798-
W<< = E9
W<< 
B>> play W E9
B<< = 
B<< 
B>> genmove b
B<< 36926
B<< = C2
B<< 
W>> play B C2
W<< = 
W<< 
W>> genmove w
W<< 21728-
W<< = C5
W<< 
B>> play W C5
B<< = 
B<< 
B>> genmove b
B<< 35312
B<< = C3
B<< 
W>> play B C3
W<< = 
W<< 
W>> genmove w
W<< 21523-
W<< = A4
W<< 
B>> play W A4
B<< = 
B<< 
B>> genmove b
B<< 36052
B<< = B3
B<< 
W>> play B B3
W<< = 
W<< 
W>> genmove w
W<< 21553-
W<< = C7
W<< 
B>> play W C7
B<< = 
B<< 
B>> genmove b
B<< 34685
B<< = C6
B<< 
W>> play B C6
W<< = 
W<< 
W>> genmove w
W<< 21572-
W<< = E7
W<< 
B>> play W E7
B<< = 
B<< 
B>> genmove b
B<< 34477
B<< = D7
B<< 
W>> play B D7
W<< = 
W<< 
W>> genmove w
W<< 21682-
W<< = A7
W<< 
B>> play W A7
B<< = 
B<< 
B>> genmove b
B<< 33277
B<< = G9
B<< 
W>> play B G9
W<< = 
W<< 
W>> genmove w
W<< 22013-
W<< = B8
W<< 
B>> play W B8
B<< = 
B<< 
B>> genmove b
B<< 33097
B<< = B9
B<< 
W>> play B B9
W<< = 
W<< 
W>> genmove w
W<< 22004-
W<< = G6
W<< 
B>> play W G6
B<< = 
B<< 
B>> genmove b
B<< 32861
B<< = F7
B<< 
W>> play B F7
W<< = 
W<< 
W>> genmove w
W<< 22104-
W<< = G8
W<< 
B>> play W G8
B<< = 
B<< 
B>> genmove b
B<< 32283
B<< = H6
B<< 
W>> play B H6
W<< = 
W<< 
W>> genmove w
W<< 22538-
W<< = F8
W<< 
B>> play W F8
B<< = 
B<< 
B>> genmove b
B<< 31550
B<< = H4
B<< 
W>> play B H4
W<< = 
W<< 
W>> genmove w
W<< 22730-
W<< = H7
W<< 
B>> play W H7
B<< = 
B<< 
B>> genmove b
B<< 27778
B<< = D2
B<< 
W>> play B D2
W<< = 
W<< 
W>> genmove w
W<< 21599-
W<< = D9
W<< 
B>> play W D9
B<< = 
B<< 
B>> genmove b
B<< 29666
B<< = J8
B<< 
W>> play B J8
W<< = 
W<< 
W>> genmove w
W<< 22915-
W<< = C8
W<< 
B>> play W C8
B<< = 
B<< 
B>> genmove b
B<< 28258
B<< = D8
B<< 
W>> play B D8
W<< = 
W<< 
W>> genmove w
W<< 25084-
W<< = G5
W<< 
B>> play W G5
B<< = 
B<< 
B>> genmove b
B<< 28662
B<< = B7
B<< 
W>> play B B7
W<< = 
W<< 
W>> genmove w
W<< 28546-
W<< = A8
W<< 
B>> play W A8
B<< = 
B<< 
B>> genmove b
B<< 30556
B<< = J4
B<< 
W>> play B J4
W<< = 
W<< 
W>> genmove w
W<< 44279-
W<< = B4
W<< 
B>> play W B4
B<< = 
B<< 
B>> genmove b
B<< 96661
B<< = J6
B<< 
W>> play B J6
W<< = 
W<< 
W>> genmove w
W<< 152880-
W<< = C4
W<< 
B>> play W C4
B<< = 
B<< 
B>> genmove b
B<< 161912
B<< = C1
B<< 
W>> play B C1
W<< = 
W<< 
W>> genmove w
W<< 196866-
W<< = H5
W<< 
B>> play W H5
B<< = 
B<< 
B>> genmove b
B<< 217432
B<< = H1
B<< 
W>> play B H1
W<< = 
W<< 
W>> genmove w
W<< 325537-
W<< = B5
W<< 
B>> play W B5
B<< = 
B<< 
B>> genmove b
B<< 445421
B<< = G2
B<< 
W>> play B G2
W<< = 
W<< 
W>> genmove w
W<< 1753987-
W<< = resign
W<< 
============================================
Game 6
============================================
B>> boardsize 9
B<< = 
B<< 
B>> clear_board
B<< = 
B<< 
W>> boardsize 9
W<< = 
W<< 
W>> clear_board
W<< = 
W<< 
B>> genmove b
B<< 44083
B<< = J1
B<< 
W>> play B J1
W<< = 
W<< 
W>> genmove w
W<< 22682-
W<< = E2
W<< 
B>> play W E2
B<< = 
B<< 
B>> genmove b
B<< 41218
B<< = C4
B<< 
W>> play B C4
W<< = 
W<< 
W>> genmove w
W<< 22491-
W<< = G9
W<< 
B>> play W G9
B<< = 
B<< 
B>> genmove b
B<< 40771
B<< = D1
B<< 
W>> play B D1
W<< = 
W<< 
W>> genmove w
W<< 22510-
W<< = J7
W<< 
B>> play W J7
B<< = 
B<< 
B>> genmove b
B<< 39690
B<< = E9
B<< 
W>> play B E9
W<< = 
W<< 
W>> genmove w
W<< 21828-
W<< = G1
W<< 
B>> play W G1
B<< = 
B<< 
B>> genmove b
B<< 38644
B<< = J9
B<< 
W>> play B J9
W<< = 
W<< 
W>> genmove w
W<< 22145-
W<< = J5
W<< 
B>> play W J5
B<< = 
B<< 
B>> genmove b
B<< 37484
B<< = A4
B<< 
W>> play B A4
W<< = 
W<< 
W>> genmove w
W<< 21820-
W<< = A6
W<< 
B>> play W A6
B<< = 
B<< 
B>> genmove b
B<< 37415
B<< = E3
B<< 
W>> play B E3
W<< = 
W<< 
W>> genmove w
W<< 21719-
W<< = A9
W<< 
B>> play W A9
B<< = 
B<< 
B>> genmove b
B<< 36660
B<< = B5
B<< 
W>> play B B5
W<< = 
W<< 
W>> genmove w
W<< 21441-
W<< = C5
W<< 
B>> play W C5
B<< = 
B<< 
B>> genmove b
B<< 35458
B<< = C7
B<< 
W>> play B C7
W<< = 
W<< 
W>> genmove w
W<< 21770-
W<< = A1
W<< 
B>> play W A1
B<< = 
B<< 
B>> genmove b
B<< 36729
B<< = B3
B<< 
W>> play B B3
W<< = 
W<< 
W>> genmove w
W<< 21339-
W<< = C3
W<< 
B>> play W C3
B<< = 
B<< 
B>> genmove b
B<< 36596
B<< = J6
B<< 
W>> play B J6
W<< = 
W<< 
W>> genmove w
W<< 21952-
W<< = F3
W<< 
B>> play W F3
B<< = 
B<< 
B>> genmove b
B<< 36177
B<< = A2
B<< 
W>> play B A2
W<< = 
W<< 
W>> genmove w
W<< 21973-
W<< = H2
W<< 
B>> play W H2
B<< = 
B<< 
B>> genmove b
B<< 35560
B<< = B6
B<< 
W>> play B B6
W<< = 
W<< 
W>> genmove w
W<< 21396-
W<< = J3
W<< 
B>> play W J3
B<< = 
B<< 
B>> genmove b
B<< 33953
B<< = J4
B<< 
W>> play B J4
W<< = 
W<< 
W>> genmove w
W<< 21345-
W<< = D7
W<< 
B>> play W D7
B<< = 
B<< 
B>> genmove b
B<< 35305
B<< = A7
B<< 
W>> play B A7
W<< = 
W<< 
W>> genmove w
W<< 21922-
W<< = B7
W<< 
B>> play W B7
B<< = 
B<< 
B>> genmove b
B<< 35115
B<< = C9
B<< 
W>> play B C9
W<< = 
W<< 
W>> genmove w
W<< 22366-
W<< = E1
W<< 
B>> play W E1
B<< = 
B<< 
B>> genmove b
B<< 35708
B<< = F1
B<< 
W>> play B F1
W<< = 
W<< 
W>> genmove w
W<< 23092-
W<< = G4
W<< 
B>> play W G4
B<< = 
B<< 
B>> genmove b
B<< 35179
B<< = C2
B<< 
W>> play B C2
W<< = 
W<< 
W>> genmove w
W<< 22819-
W<< = F7
W<< 
B>> play W F7
B<< = 
B<< 
B>> genmove b
B<< 35037
B<< = G5
B<< 
W>> play B G5
W<< = 
W<< 
W>> genmove w
W<< 23146-
W<< = E8
W<< 
B>> play W E8
B<< = 
B<< 
B>> genmove b
B<< 33522
B<< = D8
B<< 
W>> play B D8
W<< = 
W<< 
W>> genmove w
W<< 23381-
W<< = F9
W<< 
B>> play W F9
B<< = 
B<< 
B>> genmove b
B<< 35529
B<< = F8
B<< 
W>> play B F8
W<< = 
W<< 
W>> genmove w
W<< 24679-
W<< = C8
W<< 
B>> play W C8
B<< = 
B<< 
B>> genmove b
B<< 35518
B<< = G3
B<< 
W>> play B G3
W<< = 
W<< 
W>> genmove w
W<< 26704-
W<< = H8
W<< 
B>> play W H8
B<< = 
B<< 
B>> genmove b
B<< 34826
B<< = G8
B<< 
W>> play B G8
W<< = 
W<< 
W>> genmove w
W<< 27159-
W<< = B9
W<< 
B>> play W B9
B<< = 
B<< 
B>> genmove b
B<< 32694
B<< = B2
B<< 
W>> play B B2
W<< = 
W<< 
W>> genmove w
W<< 26968-
W<< = B8
W<< 
B>> play W B8
B<< = 
B<< 
B>> genmove b
B<< 31725
B<< = C1
B<< 
W>> play B C1
W<< = 
W<< 
W>> genmove w
W<< 28030-
W<< = H1
W<< 
B>> play W H1
B<< = 
B<< 
B>> genmove b
B<< 33199
B<< = D2
B<< 
W>> play B D2
W<< = 
W<< 
W>> genmove w
W<< 34686-
W<< = J8
W<< 
B>> play W J8
B<< = 
B<< 
B>> genmove b
B<< 69777
B<< = H7
B<< 
W>> play B H7
W<< = 
W<< 
W>> genmove w
W<< 171475-
W<< = E7
W<< 
B>> play W E7
B<< = 
B<< 
B>> genmove b
B<< 161134
B<< = G6
B<< 
W>> play B G6
W<< = 
W<< 
W>> genmove w
W<< 231253-
W<< = H5
W<< 
B>> play W H5
B<< = 
B<< 
B>> genmove b
B<< 232260
B<< = A3
B<< 
W>> play B A3
W<< = 
W<< 
W>> genmove w
W<< 391465-
W<< = H3
W<< 
B>> play W H3
B<< = 
B<< 
B>> genmove b
B<< 518216
B<< = G2
B<< 
W>> play B G2
W<< = 
W<< 
W>> genmove w
W<< 1998773-
W<< = resign
W<< 
============================================
Game 7
============================================
B>> boardsize 9
B<< = 
B<< 
B>> clear_board
B<< = 
B<< 
W>> boardsize 9
W<< = 
W<< 
W>> clear_board
W<< = 
W<< 
B>> genmove b
B<< 43460
B<< = J1
B<< 
W>> play B J1
W<< = 
W<< 
W>> genmove w
W<< 22719-
W<< = E9
W<< 
B>> play W E9
B<< = 
B<< 
B>> genmove b
B<< 42475
B<< = B1
B<< 
W>> play B B1
W<< = 
W<< 
W>> genmove w
W<< 21839-
W<< = H9
W<< 
B>> play W H9
B<< = 
B<< 
B>> genmove b
B<< 41603
B<< = J9
B<< 
W>> play B J9
W<< = 
W<< 
W>> genmove w
W<< 22347-
W<< = F7
W<< 
B>> play W F7
B<< = 
B<< 
B>> genmove b
B<< 38572
B<< = G9
B<< 
W>> play B G9
W<< = 
W<< 
W>> genmove w
W<< 22271-
W<< = A1
W<< 
B>> play W A1
B<< = 
B<< 
B>> genmove b
B<< 38469
B<< = A4
B<< 
W>> play B A4
W<< = 
W<< 
W>> genmove w
W<< 22020-
W<< = B9
W<< 
B>> play W B9
B<< = 
B<< 
B>> genmove b
B<< 39337
B<< = J5
B<< 
W>> play B J5
W<< = 
W<< 
W>> genmove w
W<< 21855-
W<< = D1
W<< 
B>> play W D1
B<< = 
B<< 
B>> genmove b
B<< 38480
B<< = A9
B<< 
W>> play B A9
W<< = 
W<< 
W>> genmove w
W<< 21952-
W<< = G1
W<< 
B>> play W G1
B<< = 
B<< 
B>> genmove b
B<< 36646
B<< = E3
B<< 
W>> play B E3
W<< = 
W<< 
W>> genmove w
W<< 21188-
W<< = C6
W<< 
B>> play W C6
B<< = 
B<< 
B>> genmove b
B<< 36866
B<< = C9
B<< 
W>> play B C9
W<< = 
W<< 
W>> genmove w
W<< 21652-
W<< = J2
W<< 
B>> play W J2
B<< = 
B<< 
B>> genmove b
B<< 37027
B<< = C3
B<< 
W>> play B C3
W<< = 
W<< 
W>> genmove w
W<< 21335-
W<< = A6
W<< 
B>> play W A6
B<< = 
B<< 
B>> genmove b
B<< 35514
B<< = D2
B<< 
W>> play B D2
W<< = 
W<< 
W>> genmove w
W<< 21185-
W<< = G5
W<< 
B>> play W G5
B<< = 
B<< 
B>> genmove b
B<< 34539
B<< = F1
B<< 
W>> play B F1
W<< = 
W<< 
W>> genmove w
W<< 21407-
W<< = F3
W<< 
B>> play W F3
B<< = 
B<< 
B>> genmove b
B<< 33859
B<< = C5
B<< 
W>> play B C5
W<< = 
W<< 
W>> genmove w
W<< 21711-
W<< = C4
W<< 
B>> play W C4
B<< = 
B<< 
B>> genmove b
B<< 36847
B<< = G4
B<< 
W>> play B G4
W<< = 
W<< 
W>> genmove w
W<< 22354-
W<< = D7
W<< 
B>> play W D7
B<< = 
B<< 
B>> genmove b
B<< 36132
B<< = E7
B<< 
W>> play B E7
W<< = 
W<< 
W>> genmove w
W<< 22417-
W<< = J7
W<< 
B>> play W J7
B<< = 
B<< 
B>> genmove b
B<< 36584
B<< = C2
B<< 
W>> play B C2
W<< = 
W<< 
W>> genmove w
W<< 21834-
W<< = E1
W<< 
B>> play W E1
B<< = 
B<< 
B>> genmove b
B<< 34672
B<< = G6
B<< 
W>> play B G6
W<< = 
W<< 
W>> genmove w
W<< 22457-
W<< = C1
W<< 
B>> play W C1
B<< = 
B<< 
B>> genmove b
B<< 35987
B<< = B7
B<< 
W>> play B B7
W<< = 
W<< 
W>> genmove w
W<< 22664-
W<< = D9
W<< 
B>> play W D9
B<< = 
B<< 
B>> genmove b
B<< 33583
B<< = B3
B<< 
W>> play B B3
W<< = 
W<< 
W>> genmove w
W<< 22210-
W<< = J6
W<< 
B>> play W J6
B<< = 
B<< 
B>> genmove b
B<< 33729
B<< = J3
B<< 
W>> play B J3
W<< = 
W<< 
W>> genmove w
W<< 22163-
W<< = G8
W<< 
B>> play W G8
B<< = 
B<< 
B>> genmove b
B<< 32839
B<< = G7
B<< 
W>> play B G7
W<< = 
W<< 
W>> genmove w
W<< 21959-
W<< = H3
W<< 
B>> play W H3
B<< = 
B<< 
B>> genmove b
B<< 31854
B<< = H6
B<< 
W>> play B H6
W<< = 
W<< 
W>> genmove w
W<< 23291-
W<< = H5
W<< 
B>> play W H5
B<< = 
B<< 
B>> genmove b
B<< 31270
B<< = J8
B<< 
W>> play B J8
W<< = 
W<< 
W>> genmove w
W<< 22906-
W<< = A2
W<< 
B>> play W A2
B<< = 
B<< 
B>> genmove b
B<< 30960
B<< = F9
B<< 
W>> play B F9
W<< = 
W<< 
W>> genmove w
W<< 25207-
W<< = A7
W<< 
B>> play W A7
B<< = 
B<< 
B>> genmove b
B<< 29925
B<< = H1
B<< 
W>> play B H1
W<< = 
W<< 
W>> genmove w
W<< 26230-
W<< = A3
W<< 
B>> play W A3
B<< = 
B<< 
B>> genmove b
B<< 35397
B<< = D8
B<< 
W>> play B D8
W<< = 
W<< 
W>> genmove w
W<< 40093-
W<< = C7
W<< 
B>> play W C7
B<< = 
B<< 
B>> genmove b
B<< 73332
B<< = J4
B<< 
W>> play B J4
W<< = 
W<< 
W>> genmove w
W<< 81153-
W<< = B8
W<< 
B>> play W B8
B<< = 
B<< 
B>> genmove b
B<< 120275
B<< = F2
B<< 
W>> play B F2
W<< = 
W<< 
W>> genmove w
W<< 177398-
W<< = B4
W<< 
B>> play W B4
B<< = 
B<< 
B>> genmove b
B<< 189856
B<< = A5
B<< 
W>> play B A5
W<< = 
W<< 
W>> genmove w
W<< 245094-
W<< = G3
W<< 
B>> play W G3
B<< = 
B<< 
B>> genmove b
B<< 258489
B<< = C8
B<< 
W>> play B C8
W<< = 
W<< 
W>> genmove w
W<< 402069-
W<< = G2
W<< 
B>> play W G2
B<< = 
B<< 
B>> genmove b
B<< 570979
B<< = D3
B<< 
W>> play B D3
W<< = 
W<< 
W>> genmove w
W<< 1697582-
W<< = resign
W<< 
============================================
Game 8
============================================
B>> boardsize 9
B<< = 
B<< 
B>> clear_board
B<< = 
B<< 
W>> boardsize 9
W<< = 
W<< 
W>> clear_board
W<< = 
W<< 
B>> genmove b
B<< 43065
B<< = J1
B<< 
W>> play B J1
W<< = 
W<< 
W>> genmove w
W<< 22676-
W<< = D3
W<< 
B>> play W D3
B<< = 
B<< 
B>> genmove b
B<< 41246
B<< = A1
B<< 
W>> play B A1
W<< = 
W<< 
W>> genmove w
W<< 22445-
W<< = A8
W<< 
B>> play W A8
B<< = 
B<< 
B>> genmove b
B<< 39727
B<< = H2
B<< 
W>> play B H2
W<< = 
W<< 
W>> genmove w
W<< 22058-
W<< = A4
W<< 
B>> play W A4
B<< = 
B<< 
B>> genmove b
B<< 38245
B<< = E9
B<< 
W>> play B E9
W<< = 
W<< 
W>> genmove w
W<< 22019-
W<< = J6
W<< 
B>> play W J6
B<< = 
B<< 
B>> genmove b
B<< 38219
B<< = G1
B<< 
W>> play B G1
W<< = 
W<< 
W>> genmove w
W<< 21159-
W<< = J2
W<< 
B>> play W J2
B<< = 
B<< 
B>> genmove b
B<< 38024
B<< = A9
B<< 
W>> play B A9
W<< = 
W<< 
W>> genmove w
W<< 21878-
W<< = H4
W<< 
B>> play W H4
B<< = 
B<< 
B>> genmove b
B<< 37134
B<< = J4
B<< 
W>> play B J4
W<< = 
W<< 
W>> genmove w
W<< 21859-
W<< = C5
W<< 
B>> play W C5
B<< = 
B<< 
B>> genmove b
B<< 36808
B<< = G4
B<< 
W>> play B G4
W<< = 
W<< 
W>> genmove w
W<< 21472-
W<< = G2
W<< 
B>> play W G2
B<< = 
B<< 
B>> genmove b
B<< 37705
B<< = D1
B<< 
W>> play B D1
W<< = 
W<< 
W>> genmove w
W<< 21934-
W<< = J9
W<< 
B>> play W J9
B<< = 
B<< 
B>> genmove b
B<< 35787
B<< = G9
B<< 
W>> play B G9
W<< = 
W<< 
W>> genmove w
W<< 21745-
W<< = C9
W<< 
B>> play W C9
B<< = 
B<< 
B>> genmove b
B<< 36129
B<< = F8
B<< 
W>> play B F8
W<< = 
W<< 
W>> genmove w
W<< 21206-
W<< = G7
W<< 
B>> play W G7
B<< = 
B<< 
B>> genmove b
B<< 34988
B<< = J7
B<< 
W>> play B J7
W<< = 
W<< 
W>> genmove w
W<< 20817-
W<< = B6
W<< 
B>> play W B6
B<< = 
B<< 
B>> genmove b
B<< 35215
B<< = C6
B<< 
W>> play B C6
W<< = 
W<< 
W>> genmove w
W<< 21686-
W<< = E8
W<< 
B>> play W E8
B<< = 
B<< 
B>> genmove b
B<< 36454
B<< = A6
B<< 
W>> play B A6
W<< = 
W<< 
W>> genmove w
W<< 22096-
W<< = D7
W<< 
B>> play W D7
B<< = 
B<< 
B>> genmove b
B<< 36670
B<< = C4
B<< 
W>> play B C4
W<< = 
W<< 
W>> genmove w
W<< 22146-
W<< = H9
W<< 
B>> play W H9
B<< = 
B<< 
B>> genmove b
B<< 36691
B<< = E7
B<< 
W>> play B E7
W<< = 
W<< 
W>> genmove w
W<< 22590-
W<< = F1
W<< 
B>> play W F1
B<< = 
B<< 
B>> genmove b
B<< 36141
B<< = G6
B<< 
W>> play B G6
W<< = 
W<< 
W>> genmove w
W<< 22884-
W<< = H3
W<< 
B>> play W H3
B<< = 
B<< 
B>> genmove b
B<< 36578
B<< = F3
B<< 
W>> play B F3
W<< = 
W<< 
W>> genmove w
W<< 23272-
W<< = G5
W<< 
B>> play W G5
B<< = 
B<< 
B>> genmove b
B<< 36632
B<< = D9
B<< 
W>> play B D9
W<< = 
W<< 
W>> genmove w
W<< 23699-
W<< = G8
W<< 
B>> play W G8
B<< = 
B<< 
B>> genmove b
B<< 36202
B<< = E2
B<< 
W>> play B E2
W<< = 
W<< 
W>> genmove w
W<< 23728-
W<< = B1
W<< 
B>> play W B1
B<< = 
B<< 
B>> genmove b
B<< 35448
B<< = A3
B<< 
W>> play B A3
W<< = 
W<< 
W>> genmove w
W<< 24107-
W<< = H7
W<< 
B>> play W H7
B<< = 
B<< 
B>> genmove b
B<< 33678
B<< = C2
B<< 
W>> play B C2
W<< = 
W<< 
W>> genmove w
W<< 25000-
W<< = C1
W<< 
B>> play W C1
B<< = 
B<< 
B>> genmove b
B<< 34373
B<< = A2
B<< 
W>> play B A2
W<< = 
W<< 
W>> genmove w
W<< 24864-
W<< = H8
W<< 
B>> play W H8
B<< = 
B<< 
B>> genmove b
B<< 32732
B<< = B3
B<< 
W>> play B B3
W<< = 
W<< 
W>> genmove w
W<< 25136-
W<< = E3
W<< 
B>> play W E3
B<< = 
B<< 
B>> genmove b
B<< 32254
B<< = G3
B<< 
W>> play B G3
W<< = 
W<< 
W>> genmove w
W<< 28034-
W<< = A7
W<< 
B>> play W A7
B<< = 
B<< 
B>> genmove b
B<< 31307
B<< = E1
B<< 
W>> play B E1
W<< = 
W<< 
W>> genmove w
W<< 30849-
W<< = D2
W<< 
B>> play W D2
B<< = 
B<< 
B>> genmove b
B<< 90150
B<< = C8
B<< 
W>> play B C8
W<< = 
W<< 
W>> genmove w
W<< 102043-
W<< = B8
W<< 
B>> play W B8
B<< = 
B<< 
B>> genmove b
B<< 130629
B<< = B7
B<< 
W>> play B B7
W<< = 
W<< 
W>> genmove w
W<< 160284-
W<< = B4
W<< 
B>> play W B4
B<< = 
B<< 
B>> genmove b
B<< 181508
B<< = A5
B<< 
W>> play B A5
W<< = 
W<< 
W>> genmove w
W<< 231707-
W<< = D8
W<< 
B>> play W D8
B<< = 
B<< 
B>> genmove b
B<< 255510
B<< = F7
B<< 
W>> play B F7
W<< = 
W<< 
W>> genmove w
W<< 375756-
W<< = J3
W<< 
B>> play W J3
B<< = 
B<< 
B>> genmove b
B<< 567438
B<< = J5
B<< 
W>> play B J5
W<< = 
W<< 
W>> genmove w
W<< 1752985-
W<< = resign
W<< 
============================================
Game 9
============================================
B>> boardsize 9
B<< = 
B<< 
B>> clear_board
B<< = 
B<< 
W>> boardsize 9
W<< = 
W<< 
W>> clear_board
W<< = 
W<< 
B>> genmove b
B<< 42692
B<< = J1
B<< 
W>> play B J1
W<< = 
W<< 
W>> genmove w
W<< 22628-
W<< = G5
W<< 
B>> play W G5
B<< = 
B<< 
B>> genmove b
B<< 40623
B<< = G1
B<< 
W>> play B G1
W<< = 
W<< 
W>> genmove w
W<< 22315-
W<< = B1
W<< 
B>> play W B1
B<< = 
B<< 
B>> genmove b
B<< 39861
B<< = G4
B<< 
W>> play B G4
W<< = 
W<< 
W>> genmove w
W<< 22458-
W<< = A2
W<< 
B>> play W A2
B<< = 
B<< 
B>> genmove b
B<< 40293
B<< = G6
B<< 
W>> play B G6
W<< = 
W<< 
W>> genmove w
W<< 22098-
W<< = E2
W<< 
B>> play W E2
B<< = 
B<< 
B>> genmove b
B<< 39128
B<< = A7
B<< 
W>> play B A7
W<< = 
W<< 
W>> genmove w
W<< 21843-
W<< = F3
W<< 
B>> play W F3
B<< = 
B<< 
B>> genmove b
B<< 36806
B<< = A5
B<< 
W>> play B A5
W<< = 
W<< 
W>> genmove w
W<< 21763-
W<< = J3
W<< 
B>> play W J3
B<< = 
B<< 
B>> genmove b
B<< 37781
B<< = A3
B<< 
W>> play B A3
W<< = 
W<< 
W>> genmove w
W<< 21647-
W<< = D3
W<< 
B>> play W D3
B<< = 
B<< 
B>> genmove b
B<< 37091
B<< = C1
B<< 
W>> play B C1
W<< = 
W<< 
W>> genmove w
W<< 21447-
W<< = F1
W<< 
B>> play W F1
B<< = 
B<< 
B>> genmove b
B<< 36957
B<< = B2
B<< 
W>> play B B2
W<< = 
W<< 
W>> genmove w
W<< 21306-
W<< = G2
W<< 
B>> play W G2
B<< = 
B<< 
B>> genmove b
B<< 35849
B<< = B4
B<< 
W>> play B B4
W<< = 
W<< 
W>> genmove w
W<< 21072-
W<< = B3
W<< 
B>> play W B3
B<< = 
B<< 
B>> genmove b
B<< 35708
B<< = B6
B<< 
W>> play B B6
W<< = 
W<< 
W>> genmove w
W<< 21036-
W<< = D1
W<< 
B>> play W D1
B<< = 
B<< 
B>> genmove b
B<< 32711
B<< = C5
B<< 
W>> play B C5
W<< = 
W<< 
W>> genmove w
W<< 20404-
W<< = C6
W<< 
B>> play W C6
B<< = 
B<< 
B>> genmove b
B<< 33085
B<< = B9
B<< 
W>> play B B9
W<< = 
W<< 
W>> genmove w
W<< 20885-
W<< = A8
W<< 
B>> play W A8
B<< = 
B<< 
B>> genmove b
B<< 33104
B<< = B7
B<< 
W>> play B B7
W<< = 
W<< 
W>> genmove w
W<< 20449-
W<< = H2
W<< 
B>> play W H2
B<< = 
B<< 
B>> genmove b
B<< 31386
B<< = B8
B<< 
W>> play B B8
W<< = 
W<< 
W>> genmove w
W<< 19316-
W<< = H4
W<< 
B>> play W H4
B<< = 
B<< 
B>> genmove b
B<< 28527
B<< = J5
B<< 
W>> play B J5
W<< = 
W<< 
W>> genmove w
W<< 19214-
W<< = J9
W<< 
B>> play W J9
B<< = 
B<< 
B>> genmove b
B<< 29170
B<< = G9
B<< 
W>> play B G9
W<< = 
W<< 
W>> genmove w
W<< 18745-
W<< = C9
W<< 
B>> play W C9
B<< = 
B<< 
B>> genmove b
B<< 28566
B<< = D7
B<< 
W>> play B D7
W<< = 
W<< 
W>> genmove w
W<< 19387-
W<< = E9
W<< 
B>> play W E9
B<< = 
B<< 
B>> genmove b
B<< 28695
B<< = C8
B<< 
W>> play B C8
W<< = 
W<< 
W>> genmove w
W<< 19222-
W<< = E7
W<< 
B>> play W E7
B<< = 
B<< 
B>> genmove b
B<< 27382
B<< = F8
B<< 
W>> play B F8
W<< = 
W<< 
W>> genmove w
W<< 19047-
W<< = J2
W<< 
B>> play W J2
B<< = 
B<< 
B>> genmove b
B<< 25850
B<< = H8
B<< 
W>> play B H8
W<< = 
W<< 
W>> genmove w
W<< 19192-
W<< = G8
W<< 
B>> play W G8
B<< = 
B<< 
B>> genmove b
B<< 25436
B<< = G3
B<< 
W>> play B G3
W<< = 
W<< 
W>> genmove w
W<< 19827-
W<< = J6
W<< 
B>> play W J6
B<< = 
B<< 
B>> genmove b
B<< 25378
B<< = D2
B<< 
W>> play B D2
W<< = 
W<< 
W>> genmove w
W<< 20556-
W<< = H9
W<< 
B>> play W H9
B<< = 
B<< 
B>> genmove b
B<< 25543
B<< = J4
B<< 
W>> play B J4
W<< = 
W<< 
W>> genmove w
W<< 22321-
W<< = D8
W<< 
B>> play W D8
B<< = 
B<< 
B>> genmove b
B<< 26174
B<< = E8
B<< 
W>> play B E8
W<< = 
W<< 
W>> genmove w
W<< 23254-
W<< = F7
W<< 
B>> play W F7
B<< = 
B<< 
B>> genmove b
B<< 25875
B<< = B5
B<< 
W>> play B B5
W<< = 
W<< 
W>> genmove w
W<< 22168-
W<< = C3
W<< 
B>> play W C3
B<< = 
B<< 
B>> genmove b
B<< 23092
B<< = H7
B<< 
W>> play B H7
W<< = 
W<< 
W>> genmove w
W<< 25981-
W<< = J8
W<< 
B>> play W J8
B<< = 
B<< 
B>> genmove b
B<< 71906
B<< = A6
B<< 
W>> play B A6
W<< = 
W<< 
W>> genmove w
W<< 110196-
W<< = F2
W<< 
B>> play W F2
B<< = 
B<< 
B>> genmove b
B<< 97455
B<< = H6
B<< 
W>> play B H6
W<< = 
W<< 
W>> genmove w
W<< 113381-
W<< = D9
W<< 
B>> play W D9
B<< = 
B<< 
B>> genmove b
B<< 97393
B<< = A4
B<< 
W>> play B A4
W<< = 
W<< 
W>> genmove w
W<< 156759-
W<< = C4
W<< 
B>> play W C4
B<< = 
B<< 
B>> genmove b
B<< 1674363
B<< = resign
B<< 
B>> quit
W>> quit
