B<< HollowNoGo-Demo: /mnt/nfs/work/TaiLin/TCG/tcg2021/hw4/pj-4-judge-v1/../pj-4-code-v1/nogo --shell --black=mcts T=1000 c=1 TMT=er 
B<< 
B<< N | 100
B<< T | 1000
B<< TMT | er
B<< c | 1
B<< name | mcts
B<< role | black
B<< simenemy | mctsn
B<< N | 100
B<< T | 10005
B<< TMT | normal
B<< c | 0
B<< name | 
B<< role | white
B<< simenemy | mctsn
B>> protocol_version
B<< = 2
B<< 
B>> name
B<< = TCG-HollowNoGo-Demo
B<< 
B>> version
B<< = 2021
B<< 
B>> list_commands
B<< = play
B<< genmove
B<< clear_board
B<< showboard
B<< boardsize
B<< name
B<< version
B<< protocol_version
B<< list_commands
B<< quit
B<< 
B<< 
W>> protocol_version
W<< HollowNoGo-Demo: /mnt/nfs/work/TaiLin/TCG/tcg2021/hw4/pj-4-judge-v1/../pj-4-code-v1/nogo --shell --white=mcts T=1000 c=1 TMT=lr 
W<< 
W<< N | 100
W<< T | 10005
W<< TMT | normal
W<< c | 0
W<< name | 
W<< role | black
W<< simenemy | mctsn
W<< N | 100
W<< T | 1000
W<< TMT | lr
W<< c | 1
W<< name | mcts
W<< role | white
W<< simenemy | mctsn
W<< = 2
W<< 
W>> name
W<< = TCG-HollowNoGo-Demo
W<< 
W>> version
W<< = 2021
W<< 
W>> list_commands
W<< = play
W<< genmove
W<< clear_board
W<< showboard
W<< boardsize
W<< name
W<< version
W<< protocol_version
W<< list_commands
W<< quit
W<< 
W<< 
B>> boardsize 9
B<< = 
B<< 
B>> clear_board
B<< = 
B<< 
W>> boardsize 9
W<< = 
W<< 
W>> clear_board
W<< = 
W<< 
============================================
Game 0
============================================
B>> boardsize 9
B<< = 
B<< 
B>> clear_board
B<< = 
B<< 
W>> boardsize 9
W<< = 
W<< 
W>> clear_board
W<< = 
W<< 
B>> genmove b
