B<< HollowNoGo-Demo: /mnt/nfs/work/TaiLin/TCG/tcg2021/hw4/pj-4-judge-v1/../pj-4-code-v1/nogo --shell --black=mcts N=5000 c=1 simenemy=random 
B<< 
B<< N | 5000
B<< T | 10005
B<< TMT | normal
B<< c | 1
B<< name | mcts
B<< role | black
B<< simenemy | random
B<< N | 100
B<< T | 10005
B<< TMT | normal
B<< c | 0
B<< name | 
B<< role | white
B>> protocol_version
B<< simenemy | mctsn
B<< = 2
B<< 
B>> name
B<< = TCG-HollowNoGo-Demo
B<< 
B>> version
B<< = 2021
B<< 
B>> list_commands
B<< = play
B<< genmove
B<< clear_board
B<< showboard
B<< boardsize
B<< name
B<< version
B<< protocol_version
B<< list_commands
B<< quit
B<< 
B<< 
W>> protocol_version
W<< HollowNoGo-Judge: /mnt/nfs/work/TaiLin/TCG/tcg2021/hw4/pj-4-judge-v1/./nogo-judge --shell --name=Judge-Weak-White --white=mcts N=10000 c=1 unlock! 
W<< 
W<< = 2
W<< 
W>> name
W<< = Judge-Weak-White
W<< 
W>> version
W<< = 2021
W<< 
W>> list_commands
W<< = play
W<< genmove
W<< clear_board
W<< showboard
W<< boardsize
W<< name
W<< version
W<< protocol_version
W<< list_commands
W<< quit
W<< 
W<< 
B>> boardsize 9
B<< = 
B<< 
B>> clear_board
B<< = 
B<< 
W>> boardsize 9
W<< = 
W<< 
W>> clear_board
W<< = 
W<< 
============================================
Game 0
============================================
B>> boardsize 9
B<< = 
B<< 
B>> clear_board
B<< = 
B<< 
W>> boardsize 9
W<< = 
W<< 
W>> clear_board
W<< = 
W<< 
B>> genmove b
B<< = H5
B<< 
W>> play B H5
W<< = 
W<< 
W>> genmove w
W<< = G5
W<< 
B>> play W G5
B<< = 
B<< 
B>> genmove b
B<< = C8
B<< 
W>> play B C8
W<< = 
W<< 
W>> genmove w
W<< = J7
W<< 
B>> play W J7
B<< = 
B<< 
B>> genmove b
B<< = G8
B<< 
W>> play B G8
W<< = 
W<< 
W>> genmove w
W<< = E1
W<< 
B>> play W E1
B<< = 
B<< 
B>> genmove b
B<< = A8
B<< 
W>> play B A8
W<< = 
W<< 
W>> genmove w
W<< = G6
W<< 
B>> play W G6
B<< = 
B<< 
B>> genmove b
B<< = A2
B<< 
W>> play B A2
W<< = 
W<< 
W>> genmove w
W<< = C1
W<< 
B>> play W C1
B<< = 
B<< 
B>> genmove b
B<< = B6
B<< 
W>> play B B6
W<< = 
W<< 
W>> genmove w
W<< = F3
W<< 
B>> play W F3
B<< = 
B<< 
B>> genmove b
B<< = B9
B<< 
W>> play B B9
W<< = 
W<< 
W>> genmove w
W<< = B8
W<< 
B>> play W B8
B<< = 
B<< 
B>> genmove b
B<< = D7
B<< 
W>> play B D7
W<< = 
W<< 
W>> genmove w
W<< = C5
W<< 
B>> play W C5
B<< = 
B<< 
B>> genmove b
B<< = E7
B<< 
W>> play B E7
W<< = 
W<< 
W>> genmove w
W<< = J9
W<< 
B>> play W J9
B<< = 
B<< 
B>> genmove b
B<< = H1
B<< 
W>> play B H1
W<< = 
W<< 
W>> genmove w
W<< = J1
W<< 
B>> play W J1
B<< = 
B<< 
B>> genmove b
B<< = D9
B<< 
W>> play B D9
W<< = 
W<< 
W>> genmove w
W<< = E8
W<< 
B>> play W E8
B<< = 
B<< 
B>> genmove b
B<< = A3
B<< 
W>> play B A3
W<< = 
W<< 
W>> genmove w
W<< = A4
W<< 
B>> play W A4
B<< = 
B<< 
B>> genmove b
B<< = C7
B<< 
W>> play B C7
W<< = 
W<< 
W>> genmove w
W<< = D8
W<< 
B>> play W D8
B<< = 
B<< 
B>> genmove b
B<< = A7
B<< 
W>> play B A7
W<< = 
W<< 
W>> genmove w
W<< = C3
W<< 
B>> play W C3
B<< = 
B<< 
B>> genmove b
B<< = H8
B<< 
W>> play B H8
W<< = 
W<< 
W>> genmove w
W<< = G7
W<< 
B>> play W G7
B<< = 
B<< 
B>> genmove b
B<< = A5
B<< 
W>> play B A5
W<< = 
W<< 
W>> genmove w
W<< = A1
W<< 
B>> play W A1
B<< = 
B<< 
B>> genmove b
B<< = D1
B<< 
W>> play B D1
W<< = 
W<< 
W>> genmove w
W<< = J6
W<< 
B>> play W J6
B<< = 
B<< 
B>> genmove b
B<< = J5
B<< 
W>> play B J5
W<< = 
W<< 
W>> genmove w
W<< = B2
W<< 
B>> play W B2
B<< = 
B<< 
B>> genmove b
B<< = E3
B<< 
W>> play B E3
W<< = 
W<< 
W>> genmove w
W<< = G1
W<< 
B>> play W G1
B<< = 
B<< 
B>> genmove b
B<< = G9
B<< 
W>> play B G9
W<< = 
W<< 
W>> genmove w
W<< = J4
W<< 
B>> play W J4
B<< = 
B<< 
B>> genmove b
B<< = C4
B<< 
W>> play B C4
W<< = 
W<< 
W>> genmove w
W<< = F9
W<< 
B>> play W F9
B<< = 
B<< 
B>> genmove b
B<< = B5
B<< 
W>> play B B5
W<< = 
W<< 
W>> genmove w
W<< = E9
W<< 
B>> play W E9
B<< = 
B<< 
B>> genmove b
B<< = F7
B<< 
W>> play B F7
W<< = 
W<< 
W>> genmove w
