B<< HollowNoGo-Demo: /mnt/nfs/work/TaiLin/TCG/tcg2021/hw4/pj-4-judge-v1/../pj-4-code-v1/nogo1 --shell --black=mcts T=1000 c=0.3 simenemy=a TMT=lr 
B<< 
B<< N | 100
B<< T | 1000
B<< TMT | lr
B<< c | 0.3
B<< name | mcts
B<< role | black
B<< simenemy | a
B<< N | 100
B<< T | 10005
B<< TMT | normal
B<< c | 0
B<< name | 
B<< role | white
B<< simenemy | mctsn
B>> protocol_version
B<< = 2
B<< 
B>> name
B<< = TCG-HollowNoGo-Demo
B<< 
B>> version
B<< = 2021
B<< 
B>> list_commands
B<< = play
B<< genmove
B<< clear_board
B<< showboard
B<< boardsize
B<< name
B<< version
B<< protocol_version
B<< list_commands
B<< quit
B<< 
B<< 
W>> protocol_version
W<< HollowNoGo-Demo: /mnt/nfs/work/TaiLin/TCG/tcg2021/hw4/pj-4-judge-v1/../pj-4-code-v1/nogo3 --shell --white=mcts T=1000 c=0.3 simenemy=a TMT=lr 
W<< 
W<< N | 100
W<< T | 10005
W<< TMT | normal
W<< c | 0
W<< name | 
W<< role | black
W<< simenemy | mctsn
W<< N | 100
W<< T | 1000
W<< TMT | lr
W<< c | 0.3
W<< name | mcts
W<< role | white
W<< simenemy | a
W<< = 2
W<< 
W>> name
W<< = TCG-HollowNoGo-Demo
W<< 
W>> version
W<< = 2021
W<< 
W>> list_commands
W<< = play
W<< genmove
W<< clear_board
W<< showboard
W<< boardsize
W<< name
W<< version
W<< protocol_version
W<< list_commands
W<< quit
W<< 
W<< 
B>> boardsize 9
B<< = 
B<< 
B>> clear_board
B<< = 
B<< 
W>> boardsize 9
W<< = 
W<< 
W>> clear_board
W<< = 
W<< 
============================================
Game 0
============================================
B>> boardsize 9
B<< = 
B<< 
B>> clear_board
B<< = 
B<< 
W>> boardsize 9
W<< = 
W<< 
W>> clear_board
W<< = 
W<< 
B>> genmove b
B<< 22649-
B<< = G6
B<< 
W>> play B G6
W<< = 
W<< 
W>> genmove w
W<< 41038-
W<< = J1
W<< 
B>> play W J1
B<< = 
B<< 
B>> genmove b
B<< 20492-
B<< = F1
B<< 
W>> play B F1
W<< = 
W<< 
W>> genmove w
W<< 42624-
W<< = A9
W<< 
B>> play W A9
B<< = 
B<< 
B>> genmove b
B<< 22128-
B<< = C3
B<< 
W>> play B C3
W<< = 
W<< 
W>> genmove w
W<< 42223-
W<< = J9
W<< 
B>> play W J9
B<< = 
B<< 
B>> genmove b
B<< 21603-
B<< = A5
B<< 
W>> play B A5
W<< = 
W<< 
W>> genmove w
W<< 41153-
W<< = D3
W<< 
B>> play W D3
B<< = 
B<< 
B>> genmove b
B<< 21306-
B<< = J7
B<< 
W>> play B J7
W<< = 
W<< 
W>> genmove w
W<< 41267-
W<< = E1
W<< 
B>> play W E1
B<< = 
B<< 
B>> genmove b
B<< 21798-
B<< = F3
B<< 
W>> play B F3
W<< = 
W<< 
W>> genmove w
W<< 40193-
W<< = A1
W<< 
B>> play W A1
B<< = 
B<< 
B>> genmove b
B<< 21775-
B<< = B2
B<< 
W>> play B B2
W<< = 
W<< 
W>> genmove w
W<< 39926-
W<< = H3
W<< 
B>> play W H3
B<< = 
B<< 
B>> genmove b
B<< 21212-
B<< = B4
B<< 
W>> play B B4
W<< = 
W<< 
W>> genmove w
W<< 37847-
W<< = B3
W<< 
B>> play W B3
B<< = 
B<< 
B>> genmove b
B<< 21608-
B<< = C1
B<< 
W>> play B C1
W<< = 
W<< 
W>> genmove w
W<< 38290-
W<< = C4
W<< 
B>> play W C4
B<< = 
B<< 
B>> genmove b
B<< 21744-
B<< = F7
B<< 
W>> play B F7
W<< = 
W<< 
W>> genmove w
W<< 39039-
W<< = A6
W<< 
B>> play W A6
B<< = 
B<< 
B>> genmove b
B<< 20916-
B<< = D2
B<< 
W>> play B D2
W<< = 
W<< 
W>> genmove w
W<< 38036-
W<< = D1
W<< 
B>> play W D1
B<< = 
B<< 
B>> genmove b
B<< 20810-
B<< = G2
B<< 
W>> play B G2
W<< = 
W<< 
W>> genmove w
W<< 36791-
W<< = J5
W<< 
B>> play W J5
B<< = 
B<< 
B>> genmove b
B<< 21040-
B<< = A2
B<< 
W>> play B A2
W<< = 
W<< 
W>> genmove w
W<< 37924-
W<< = G5
W<< 
B>> play W G5
B<< = 
B<< 
B>> genmove b
B<< 21711-
B<< = H9
B<< 
W>> play B H9
W<< = 
W<< 
W>> genmove w
W<< 33140-
W<< = G9
W<< 
B>> play W G9
B<< = 
B<< 
B>> genmove b
B<< 18624-
B<< = H1
B<< 
W>> play B H1
W<< = 
W<< 
W>> genmove w
W<< 37022-
W<< = E7
W<< 
B>> play W E7
B<< = 
B<< 
B>> genmove b
B<< 21243-
B<< = C6
B<< 
W>> play B C6
W<< = 
W<< 
W>> genmove w
W<< 36740-
W<< = J3
W<< 
B>> play W J3
B<< = 
B<< 
B>> genmove b
B<< 21919-
B<< = J4
B<< 
W>> play B J4
W<< = 
W<< 
W>> genmove w
W<< 36827-
W<< = F2
W<< 
B>> play W F2
B<< = 
B<< 
B>> genmove b
B<< 19894-
B<< = D7
B<< 
W>> play B D7
W<< = 
W<< 
W>> genmove w
W<< 33681-
W<< = G3
W<< 
B>> play W G3
B<< = 
B<< 
B>> genmove b
B<< 22261-
B<< = G8
B<< 
W>> play B G8
W<< = 
W<< 
W>> genmove w
W<< 35663-
W<< = H2
W<< 
B>> play W H2
B<< = 
B<< 
B>> genmove b
B<< 22517-
B<< = E9
B<< 
W>> play B E9
W<< = 
W<< 
W>> genmove w
W<< 33252-
W<< = D9
W<< 
B>> play W D9
B<< = 
B<< 
B>> genmove b
B<< 20250-
B<< = G4
B<< 
W>> play B G4
W<< = 
W<< 
W>> genmove w
W<< 30783-
W<< = H5
W<< 
B>> play W H5
B<< = 
B<< 
B>> genmove b
B<< 20161-
B<< = C9
B<< 
W>> play B C9
W<< = 
W<< 
W>> genmove w
W<< 30449-
W<< = C7
W<< 
B>> play W C7
B<< = 
B<< 
B>> genmove b
B<< 21058-
B<< = B5
B<< 
W>> play B B5
W<< = 
W<< 
W>> genmove w
W<< 33523-
W<< = H7
W<< 
B>> play W H7
B<< = 
B<< 
B>> genmove b
B<< 24268-
B<< = A4
B<< 
W>> play B A4
W<< = 
W<< 
W>> genmove w
W<< 32949-
W<< = F9
W<< 
B>> play W F9
B<< = 
B<< 
B>> genmove b
B<< 25199-
B<< = J6
B<< 
W>> play B J6
W<< = 
W<< 
W>> genmove w
W<< 32139-
W<< = B6
W<< 
B>> play W B6
B<< = 
B<< 
B>> genmove b
B<< 26367-
B<< = H8
B<< 
W>> play B H8
W<< = 
W<< 
W>> genmove w
W<< 44150-
W<< = B8
W<< 
B>> play W B8
B<< = 
B<< 
B>> genmove b
B<< 39511-
B<< = C2
B<< 
W>> play B C2
W<< = 
W<< 
W>> genmove w
W<< 72058-
W<< = C8
W<< 
B>> play W C8
B<< = 
B<< 
B>> genmove b
B<< 175787-
B<< = G7
B<< 
W>> play B G7
W<< = 
W<< 
W>> genmove w
W<< 236593-
W<< = A7
W<< 
B>> play W A7
B<< = 
B<< 
B>> genmove b
B<< 2255326-
B<< = resign
B<< 
============================================
Game 1
============================================
B>> boardsize 9
B<< = 
B<< 
B>> clear_board
B<< = 
B<< 
W>> boardsize 9
W<< = 
W<< 
W>> clear_board
W<< = 
W<< 
B>> genmove b
B<< 22328-
B<< = F2
B<< 
W>> play B F2
W<< = 
W<< 
W>> genmove w
W<< 41142-
W<< = J5
W<< 
B>> play W J5
B<< = 
B<< 
B>> genmove b
B<< 20674-
B<< = A9
B<< 
W>> play B A9
W<< = 
W<< 
W>> genmove w
W<< 41680-
W<< = E9
W<< 
B>> play W E9
B<< = 
B<< 
B>> genmove b
B<< 22056-
B<< = G3
B<< 
W>> play B G3
W<< = 
W<< 
W>> genmove w
W<< 41338-
W<< = F8
W<< 
B>> play W F8
B<< = 
B<< 
B>> genmove b
B<< 21374-
B<< = E3
B<< 
W>> play B E3
W<< = 
W<< 
W>> genmove w
W<< 39305-
W<< = A1
W<< 
B>> play W A1
B<< = 
B<< 
B>> genmove b
B<< 21158-
B<< = G6
B<< 
W>> play B G6
W<< = 
W<< 
W>> genmove w
W<< 38091-
W<< = C9
W<< 
B>> play W C9
B<< = 
B<< 
B>> genmove b
B<< 20445-
B<< = C3
B<< 
W>> play B C3
W<< = 
W<< 
W>> genmove w
W<< 36885-
W<< = D3
W<< 
B>> play W D3
B<< = 
B<< 
B>> genmove b
B<< 21074-
B<< = C6
B<< 
W>> play B C6
W<< = 
W<< 
W>> genmove w
W<< 38209-
W<< = G1
W<< 
B>> play W G1
B<< = 
B<< 
B>> genmove b
B<< 20862-
B<< = J2
B<< 
W>> play B J2
W<< = 
W<< 
W>> genmove w
W<< 37322-
W<< = G9
W<< 
B>> play W G9
B<< = 
B<< 
B>> genmove b
B<< 20502-
B<< = H5
B<< 
W>> play B H5
W<< = 
W<< 
W>> genmove w
W<< 34787-
W<< = G7
W<< 
B>> play W G7
B<< = 
B<< 
B>> genmove b
B<< 20614-
B<< = G8
B<< 
W>> play B G8
W<< = 
W<< 
W>> genmove w
W<< 37436-
W<< = G4
W<< 
B>> play W G4
B<< = 
B<< 
B>> genmove b
B<< 21233-
B<< = D9
B<< 
W>> play B D9
W<< = 
W<< 
W>> genmove w
W<< 38962-
W<< = J1
W<< 
B>> play W J1
B<< = 
B<< 
B>> genmove b
B<< 21669-
B<< = J6
B<< 
W>> play B J6
W<< = 
W<< 
W>> genmove w
W<< 38181-
W<< = E7
W<< 
B>> play W E7
B<< = 
B<< 
B>> genmove b
B<< 20485-
B<< = H7
B<< 
W>> play B H7
W<< = 
W<< 
W>> genmove w
W<< 35903-
W<< = J7
W<< 
B>> play W J7
B<< = 
B<< 
B>> genmove b
B<< 18810-
B<< = E1
B<< 
W>> play B E1
W<< = 
W<< 
W>> genmove w
W<< 35743-
W<< = H3
W<< 
B>> play W H3
B<< = 
B<< 
B>> genmove b
B<< 21258-
B<< = J9
B<< 
W>> play B J9
W<< = 
W<< 
W>> genmove w
W<< 36181-
W<< = H2
W<< 
B>> play W H2
B<< = 
B<< 
B>> genmove b
B<< 21076-
B<< = H4
B<< 
W>> play B H4
W<< = 
W<< 
W>> genmove w
W<< 36091-
W<< = C4
W<< 
B>> play W C4
B<< = 
B<< 
B>> genmove b
B<< 22055-
B<< = J3
B<< 
W>> play B J3
W<< = 
W<< 
W>> genmove w
W<< 35998-
W<< = A4
W<< 
B>> play W A4
B<< = 
B<< 
B>> genmove b
B<< 22271-
B<< = A3
B<< 
W>> play B A3
W<< = 
W<< 
W>> genmove w
W<< 36573-
W<< = D7
W<< 
B>> play W D7
B<< = 
B<< 
B>> genmove b
B<< 21642-
B<< = B1
B<< 
W>> play B B1
W<< = 
W<< 
W>> genmove w
W<< 31973-
W<< = E2
W<< 
B>> play W E2
B<< = 
B<< 
B>> genmove b
B<< 19762-
B<< = A5
B<< 
W>> play B A5
W<< = 
W<< 
W>> genmove w
W<< 32481-
W<< = F1
W<< 
B>> play W F1
B<< = 
B<< 
B>> genmove b
B<< 22673-
B<< = E8
B<< 
W>> play B E8
W<< = 
W<< 
W>> genmove w
W<< 35705-
W<< = C8
W<< 
B>> play W C8
B<< = 
B<< 
B>> genmove b
B<< 22902-
B<< = A8
B<< 
W>> play B A8
W<< = 
W<< 
W>> genmove w
W<< 35062-
W<< = C1
W<< 
B>> play W C1
B<< = 
B<< 
B>> genmove b
B<< 22011-
B<< = B9
B<< 
W>> play B B9
W<< = 
W<< 
W>> genmove w
W<< 33751-
W<< = G2
W<< 
B>> play W G2
B<< = 
B<< 
B>> genmove b
B<< 23117-
B<< = C5
B<< 
W>> play B C5
W<< = 
W<< 
W>> genmove w
W<< 32977-
W<< = A6
W<< 
B>> play W A6
B<< = 
B<< 
B>> genmove b
B<< 24401-
B<< = C7
B<< 
W>> play B C7
W<< = 
W<< 
W>> genmove w
W<< 31092-
W<< = A2
W<< 
B>> play W A2
B<< = 
B<< 
B>> genmove b
B<< 25074-
B<< = B7
B<< 
W>> play B B7
W<< = 
W<< 
W>> genmove w
W<< 29862-
W<< = B8
W<< 
B>> play W B8
B<< = 
B<< 
B>> genmove b
B<< 28985-
B<< = H9
B<< 
W>> play B H9
W<< = 
W<< 
W>> genmove w
W<< 60389-
W<< = J8
W<< 
B>> play W J8
B<< = 
B<< 
B>> genmove b
B<< 55808-
B<< = B3
B<< 
W>> play B B3
W<< = 
W<< 
W>> genmove w
W<< 118809-
W<< = B6
W<< 
B>> play W B6
B<< = 
B<< 
B>> genmove b
B<< 151172-
B<< = D1
B<< 
W>> play B D1
W<< = 
W<< 
W>> genmove w
W<< 190267-
W<< = C2
W<< 
B>> play W C2
B<< = 
B<< 
B>> genmove b
B<< 204995-
B<< = H6
B<< 
W>> play B H6
W<< = 
W<< 
W>> genmove w
W<< 263599-
W<< = F7
W<< 
B>> play W F7
B<< = 
B<< 
B>> genmove b
B<< 295002-
B<< = B5
B<< 
W>> play B B5
W<< = 
W<< 
W>> genmove w
W<< 509885-
W<< = F9
W<< 
B>> play W F9
B<< = 
B<< 
B>> genmove b
B<< 1302890-
B<< = resign
B<< 
============================================
Game 2
============================================
B>> boardsize 9
B<< = 
B<< 
B>> clear_board
B<< = 
B<< 
W>> boardsize 9
W<< = 
W<< 
W>> clear_board
W<< = 
W<< 
B>> genmove b
B<< 20137-
B<< = A4
B<< 
W>> play B A4
W<< = 
W<< 
W>> genmove w
W<< 41522-
W<< = G7
W<< 
B>> play W G7
B<< = 
B<< 
B>> genmove b
B<< 20311-
B<< = D3
B<< 
W>> play B D3
W<< = 
W<< 
W>> genmove w
W<< 41923-
W<< = G9
W<< 
B>> play W G9
B<< = 
B<< 
B>> genmove b
B<< 21965-
B<< = F3
B<< 
W>> play B F3
W<< = 
W<< 
W>> genmove w
W<< 40187-
W<< = C4
W<< 
B>> play W C4
B<< = 
B<< 
B>> genmove b
B<< 21443-
B<< = E2
B<< 
W>> play B E2
W<< = 
W<< 
W>> genmove w
W<< 39082-
W<< = C7
W<< 
B>> play W C7
B<< = 
B<< 
B>> genmove b
B<< 21186-
B<< = A2
B<< 
W>> play B A2
W<< = 
W<< 
W>> genmove w
W<< 37805-
W<< = J5
W<< 
B>> play W J5
B<< = 
B<< 
B>> genmove b
B<< 20592-
B<< = B1
B<< 
W>> play B B1
W<< = 
W<< 
W>> genmove w
W<< 36037-
W<< = F8
W<< 
B>> play W F8
B<< = 
B<< 
B>> genmove b
B<< 19994-
B<< = B3
B<< 
W>> play B B3
W<< = 
W<< 
W>> genmove w
W<< 33555-
W<< = E9
W<< 
B>> play W E9
B<< = 
B<< 
B>> genmove b
B<< 19121-
B<< = C2
B<< 
W>> play B C2
W<< = 
W<< 
W>> genmove w
W<< 30040-
W<< = H8
W<< 
B>> play W H8
B<< = 
B<< 
B>> genmove b
B<< 15214-
B<< = D1
B<< 
W>> play B D1
W<< = 
W<< 
W>> genmove w
W<< 25342-
W<< = E7
W<< 
B>> play W E7
B<< = 
B<< 
B>> genmove b
B<< 15999-
B<< = D7
B<< 
W>> play B D7
W<< = 
W<< 
W>> genmove w
W<< 27159-
W<< = G3
W<< 
B>> play W G3
B<< = 
B<< 
B>> genmove b
B<< 17455-
B<< = F1
B<< 
W>> play B F1
W<< = 
W<< 
W>> genmove w
W<< 27338-
W<< = H4
W<< 
B>> play W H4
B<< = 
B<< 
B>> genmove b
B<< 16303-
B<< = G2
B<< 
W>> play B G2
W<< = 
W<< 
W>> genmove w
W<< 24837-
W<< = G5
W<< 
B>> play W G5
B<< = 
B<< 
B>> genmove b
B<< 16299-
B<< = G6
B<< 
W>> play B G6
W<< = 
W<< 
W>> genmove w
W<< 26673-
W<< = J9
W<< 
B>> play W J9
B<< = 
B<< 
B>> genmove b
B<< 16303-
B<< = J4
B<< 
W>> play B J4
W<< = 
W<< 
W>> genmove w
W<< 26596-
W<< = J1
W<< 
B>> play W J1
B<< = 
B<< 
B>> genmove b
B<< 16817-
B<< = J8
B<< 
W>> play B J8
W<< = 
W<< 
W>> genmove w
W<< 27958-
W<< = H2
W<< 
B>> play W H2
B<< = 
B<< 
B>> genmove b
B<< 17358-
B<< = H1
B<< 
W>> play B H1
W<< = 
W<< 
W>> genmove w
W<< 27637-
W<< = A5
W<< 
B>> play W A5
B<< = 
B<< 
B>> genmove b
B<< 17556-
B<< = C5
B<< 
W>> play B C5
W<< = 
W<< 
W>> genmove w
W<< 28365-
W<< = C9
W<< 
B>> play W C9
B<< = 
B<< 
B>> genmove b
B<< 16411-
B<< = B4
B<< 
W>> play B B4
W<< = 
W<< 
W>> genmove w
W<< 26589-
W<< = H7
W<< 
B>> play W H7
B<< = 
B<< 
B>> genmove b
B<< 16667-
B<< = A9
B<< 
W>> play B A9
W<< = 
W<< 
W>> genmove w
W<< 25367-
W<< = J6
W<< 
B>> play W J6
B<< = 
B<< 
B>> genmove b
B<< 16491-
B<< = A6
B<< 
W>> play B A6
W<< = 
W<< 
W>> genmove w
W<< 24672-
W<< = A8
W<< 
B>> play W A8
B<< = 
B<< 
B>> genmove b
B<< 16624-
B<< = B9
B<< 
W>> play B B9
W<< = 
W<< 
W>> genmove w
W<< 25586-
W<< = B6
W<< 
B>> play W B6
B<< = 
B<< 
B>> genmove b
B<< 16261-
B<< = B7
B<< 
W>> play B B7
W<< = 
W<< 
W>> genmove w
W<< 27062-
W<< = H5
W<< 
B>> play W H5
B<< = 
B<< 
B>> genmove b
B<< 14988-
B<< = C6
B<< 
W>> play B C6
W<< = 
W<< 
W>> genmove w
W<< 24555-
W<< = F9
W<< 
B>> play W F9
B<< = 
B<< 
B>> genmove b
B<< 16021-
B<< = E1
B<< 
W>> play B E1
W<< = 
W<< 
W>> genmove w
W<< 21992-
W<< = E8
W<< 
B>> play W E8
B<< = 
B<< 
B>> genmove b
B<< 14716-
B<< = H3
B<< 
W>> play B H3
W<< = 
W<< 
W>> genmove w
W<< 22003-
W<< = C8
W<< 
B>> play W C8
B<< = 
B<< 
B>> genmove b
B<< 18810-
B<< = A1
B<< 
W>> play B A1
W<< = 
W<< 
W>> genmove w
W<< 19497-
W<< = D9
W<< 
B>> play W D9
B<< = 
B<< 
B>> genmove b
B<< 15859-
B<< = C1
B<< 
W>> play B C1
W<< = 
W<< 
W>> genmove w
W<< 18234-
W<< = J2
W<< 
B>> play W J2
B<< = 
B<< 
B>> genmove b
B<< 13510-
B<< = B2
B<< 
W>> play B B2
W<< = 
W<< 
W>> genmove w
W<< 13902-
W<< = H9
W<< 
B>> play W H9
B<< = 
B<< 
B>> genmove b
B<< 31255-
B<< = G1
B<< 
W>> play B G1
W<< = 
W<< 
W>> genmove w
W<< 56159-
W<< = F7
W<< 
B>> play W F7
B<< = 
B<< 
B>> genmove b
B<< 63374-
B<< = D2
B<< 
W>> play B D2
W<< = 
W<< 
W>> genmove w
W<< 83460-
W<< = G4
W<< 
B>> play W G4
B<< = 
B<< 
B>> genmove b
B<< 78927-
B<< = E3
B<< 
W>> play B E3
W<< = 
W<< 
W>> genmove w
W<< 130290-
W<< = G8
W<< 
B>> play W G8
B<< = 
B<< 
B>> genmove b
B<< 188051-
B<< = B8
B<< 
W>> play B B8
W<< = 
W<< 
W>> genmove w
W<< 1458607-
W<< = resign
W<< 
============================================
Game 3
============================================
B>> boardsize 9
B<< = 
B<< 
B>> clear_board
B<< = 
B<< 
W>> boardsize 9
W<< = 
W<< 
W>> clear_board
W<< = 
W<< 
B>> genmove b
B<< 21941-
B<< = J3
B<< 
W>> play B J3
W<< = 
W<< 
W>> genmove w
W<< 41576-
W<< = J9
W<< 
B>> play W J9
B<< = 
B<< 
B>> genmove b
B<< 19490-
B<< = F1
B<< 
W>> play B F1
W<< = 
W<< 
W>> genmove w
W<< 39422-
W<< = D1
W<< 
B>> play W D1
B<< = 
B<< 
B>> genmove b
B<< 21902-
B<< = A4
B<< 
W>> play B A4
W<< = 
W<< 
W>> genmove w
W<< 41790-
W<< = A2
W<< 
B>> play W A2
B<< = 
B<< 
B>> genmove b
B<< 21229-
B<< = A6
B<< 
W>> play B A6
W<< = 
W<< 
W>> genmove w
W<< 41230-
W<< = G6
W<< 
B>> play W G6
B<< = 
B<< 
B>> genmove b
B<< 21760-
B<< = G4
B<< 
W>> play B G4
W<< = 
W<< 
W>> genmove w
W<< 39131-
W<< = B1
W<< 
B>> play W B1
B<< = 
B<< 
B>> genmove b
B<< 21366-
B<< = E7
B<< 
W>> play B E7
W<< = 
W<< 
W>> genmove w
W<< 38724-
W<< = C2
W<< 
B>> play W C2
B<< = 
B<< 
B>> genmove b
B<< 19984-
B<< = C5
B<< 
W>> play B C5
W<< = 
W<< 
W>> genmove w
W<< 37195-
W<< = B3
W<< 
B>> play W B3
B<< = 
B<< 
B>> genmove b
B<< 20289-
B<< = G2
B<< 
W>> play B G2
W<< = 
W<< 
W>> genmove w
W<< 34638-
W<< = A5
W<< 
B>> play W A5
B<< = 
B<< 
B>> genmove b
B<< 20201-
B<< = H1
B<< 
W>> play B H1
W<< = 
W<< 
W>> genmove w
W<< 35150-
W<< = D3
W<< 
B>> play W D3
B<< = 
B<< 
B>> genmove b
B<< 18982-
B<< = B4
B<< 
W>> play B B4
W<< = 
W<< 
W>> genmove w
W<< 34812-
W<< = F2
W<< 
B>> play W F2
B<< = 
B<< 
B>> genmove b
B<< 20067-
B<< = E2
B<< 
W>> play B E2
W<< = 
W<< 
W>> genmove w
W<< 34945-
W<< = C4
W<< 
B>> play W C4
B<< = 
B<< 
B>> genmove b
B<< 20289-
B<< = H2
B<< 
W>> play B H2
W<< = 
W<< 
W>> genmove w
W<< 33431-
W<< = B5
W<< 
B>> play W B5
B<< = 
B<< 
B>> genmove b
B<< 19463-
B<< = E3
B<< 
W>> play B E3
W<< = 
W<< 
W>> genmove w
W<< 33824-
W<< = J1
W<< 
B>> play W J1
B<< = 
B<< 
B>> genmove b
B<< 19798-
B<< = A9
B<< 
W>> play B A9
W<< = 
W<< 
W>> genmove w
W<< 34173-
W<< = D7
W<< 
B>> play W D7
B<< = 
B<< 
B>> genmove b
B<< 19704-
B<< = H4
B<< 
W>> play B H4
W<< = 
W<< 
W>> genmove w
W<< 33434-
W<< = H3
W<< 
B>> play W H3
B<< = 
B<< 
B>> genmove b
B<< 20600-
B<< = J5
B<< 
W>> play B J5
W<< = 
W<< 
W>> genmove w
W<< 34231-
W<< = J7
W<< 
B>> play W J7
B<< = 
B<< 
B>> genmove b
B<< 19811-
B<< = H9
B<< 
W>> play B H9
W<< = 
W<< 
W>> genmove w
W<< 33763-
W<< = F9
W<< 
B>> play W F9
B<< = 
B<< 
B>> genmove b
B<< 20054-
B<< = E9
B<< 
W>> play B E9
W<< = 
W<< 
W>> genmove w
W<< 31986-
W<< = E1
W<< 
B>> play W E1
B<< = 
B<< 
B>> genmove b
B<< 20027-
B<< = H6
B<< 
W>> play B H6
W<< = 
W<< 
W>> genmove w
W<< 31118-
W<< = D2
W<< 
B>> play W D2
B<< = 
B<< 
B>> genmove b
B<< 20068-
B<< = C9
B<< 
W>> play B C9
W<< = 
W<< 
W>> genmove w
W<< 31069-
W<< = H5
W<< 
B>> play W H5
B<< = 
B<< 
B>> genmove b
B<< 20542-
B<< = G7
B<< 
W>> play B G7
W<< = 
W<< 
W>> genmove w
W<< 30984-
W<< = B9
W<< 
B>> play W B9
B<< = 
B<< 
B>> genmove b
B<< 19995-
B<< = F8
B<< 
W>> play B F8
W<< = 
W<< 
W>> genmove w
W<< 30512-
W<< = E8
W<< 
B>> play W E8
B<< = 
B<< 
B>> genmove b
B<< 20700-
B<< = H8
B<< 
W>> play B H8
W<< = 
W<< 
W>> genmove w
W<< 30633-
W<< = G8
W<< 
B>> play W G8
B<< = 
B<< 
B>> genmove b
B<< 21422-
B<< = A8
B<< 
W>> play B A8
W<< = 
W<< 
W>> genmove w
W<< 30312-
W<< = H7
W<< 
B>> play W H7
B<< = 
B<< 
B>> genmove b
B<< 22929-
B<< = B7
B<< 
W>> play B B7
W<< = 
W<< 
W>> genmove w
W<< 30432-
W<< = J8
W<< 
B>> play W J8
B<< = 
B<< 
B>> genmove b
B<< 24169-
B<< = G1
B<< 
W>> play B G1
W<< = 
W<< 
W>> genmove w
W<< 29290-
W<< = C7
W<< 
B>> play W C7
B<< = 
B<< 
B>> genmove b
B<< 28705-
B<< = J4
B<< 
W>> play B J4
W<< = 
W<< 
W>> genmove w
W<< 41509-
W<< = C3
W<< 
B>> play W C3
B<< = 
B<< 
B>> genmove b
B<< 109321-
B<< = C8
B<< 
W>> play B C8
W<< = 
W<< 
W>> genmove w
W<< 137810-
W<< = B2
W<< 
B>> play W B2
B<< = 
B<< 
B>> genmove b
B<< 141836-
B<< = C6
B<< 
W>> play B C6
W<< = 
W<< 
W>> genmove w
W<< 159986-
W<< = A1
W<< 
B>> play W A1
B<< = 
B<< 
B>> genmove b
B<< 198209-
B<< = A7
B<< 
W>> play B A7
W<< = 
W<< 
W>> genmove w
W<< 274297-
W<< = C1
W<< 
B>> play W C1
B<< = 
B<< 
B>> genmove b
B<< 325462-
B<< = D9
B<< 
W>> play B D9
W<< = 
W<< 
W>> genmove w
W<< 475114-
W<< = G3
W<< 
B>> play W G3
B<< = 
B<< 
B>> genmove b
B<< 1495750-
B<< = resign
B<< 
============================================
Game 4
============================================
B>> boardsize 9
B<< = 
B<< 
B>> clear_board
B<< = 
B<< 
W>> boardsize 9
W<< = 
W<< 
W>> clear_board
W<< = 
W<< 
B>> genmove b
B<< 22001-
B<< = G5
B<< 
W>> play B G5
W<< = 
W<< 
W>> genmove w
W<< 41332-
W<< = G6
W<< 
B>> play W G6
B<< = 
B<< 
B>> genmove b
B<< 20834-
B<< = J2
B<< 
W>> play B J2
W<< = 
W<< 
W>> genmove w
W<< 42307-
W<< = F9
W<< 
B>> play W F9
B<< = 
B<< 
B>> genmove b
B<< 22406-
B<< = A9
B<< 
W>> play B A9
W<< = 
W<< 
W>> genmove w
W<< 38609-
W<< = D7
W<< 
B>> play W D7
B<< = 
B<< 
B>> genmove b
B<< 19833-
B<< = D1
B<< 
W>> play B D1
W<< = 
W<< 
W>> genmove w
W<< 36571-
W<< = J8
W<< 
B>> play W J8
B<< = 
B<< 
B>> genmove b
B<< 21483-
B<< = H9
B<< 
W>> play B H9
W<< = 
W<< 
W>> genmove w
W<< 40267-
W<< = F7
W<< 
B>> play W F7
B<< = 
B<< 
B>> genmove b
B<< 20860-
B<< = A1
B<< 
W>> play B A1
W<< = 
W<< 
W>> genmove w
W<< 33710-
W<< = E8
W<< 
B>> play W E8
B<< = 
B<< 
B>> genmove b
B<< 18313-
B<< = H1
B<< 
W>> play B H1
W<< = 
W<< 
W>> genmove w
W<< 31619-
W<< = G8
W<< 
B>> play W G8
B<< = 
B<< 
B>> genmove b
B<< 19543-
B<< = J4
B<< 
W>> play B J4
W<< = 
W<< 
W>> genmove w
W<< 33699-
W<< = D9
W<< 
B>> play W D9
B<< = 
B<< 
B>> genmove b
B<< 19436-
B<< = G7
B<< 
W>> play B G7
W<< = 
W<< 
W>> genmove w
W<< 34190-
W<< = C8
W<< 
B>> play W C8
B<< = 
B<< 
B>> genmove b
B<< 19635-
B<< = H3
B<< 
W>> play B H3
W<< = 
W<< 
W>> genmove w
W<< 32459-
W<< = H2
W<< 
B>> play W H2
B<< = 
B<< 
B>> genmove b
B<< 19126-
B<< = C4
B<< 
W>> play B C4
W<< = 
W<< 
W>> genmove w
W<< 32857-
W<< = A5
W<< 
B>> play W A5
B<< = 
B<< 
B>> genmove b
B<< 19163-
B<< = B7
B<< 
W>> play B B7
W<< = 
W<< 
W>> genmove w
W<< 32047-
W<< = J5
W<< 
B>> play W J5
B<< = 
B<< 
B>> genmove b
B<< 19425-
B<< = C9
B<< 
W>> play B C9
W<< = 
W<< 
W>> genmove w
W<< 32819-
W<< = G4
W<< 
B>> play W G4
B<< = 
B<< 
B>> genmove b
B<< 19526-
B<< = H8
B<< 
W>> play B H8
W<< = 
W<< 
W>> genmove w
W<< 32271-
W<< = B8
W<< 
B>> play W B8
B<< = 
B<< 
B>> genmove b
B<< 19688-
B<< = A8
B<< 
W>> play B A8
W<< = 
W<< 
W>> genmove w
W<< 33548-
W<< = A7
W<< 
B>> play W A7
B<< = 
B<< 
B>> genmove b
B<< 18951-
B<< = A3
B<< 
W>> play B A3
W<< = 
W<< 
W>> genmove w
W<< 29502-
W<< = A2
W<< 
B>> play W A2
B<< = 
B<< 
B>> genmove b
B<< 18064-
B<< = F1
B<< 
W>> play B F1
W<< = 
W<< 
W>> genmove w
W<< 33079-
W<< = E1
W<< 
B>> play W E1
B<< = 
B<< 
B>> genmove b
B<< 20519-
B<< = C6
B<< 
W>> play B C6
W<< = 
W<< 
W>> genmove w
W<< 29965-
W<< = C5
W<< 
B>> play W C5
B<< = 
B<< 
B>> genmove b
B<< 17880-
B<< = F2
B<< 
W>> play B F2
W<< = 
W<< 
W>> genmove w
W<< 30167-
W<< = B6
W<< 
B>> play W B6
B<< = 
B<< 
B>> genmove b
B<< 20958-
B<< = G1
B<< 
W>> play B G1
W<< = 
W<< 
W>> genmove w
W<< 31551-
W<< = C1
W<< 
B>> play W C1
B<< = 
B<< 
B>> genmove b
B<< 17614-
B<< = D3
B<< 
W>> play B D3
W<< = 
W<< 
W>> genmove w
W<< 27985-
W<< = F3
W<< 
B>> play W F3
B<< = 
B<< 
B>> genmove b
B<< 18353-
B<< = E3
B<< 
W>> play B E3
W<< = 
W<< 
W>> genmove w
W<< 28281-
W<< = C3
W<< 
B>> play W C3
B<< = 
B<< 
B>> genmove b
B<< 20046-
B<< = J9
B<< 
W>> play B J9
W<< = 
W<< 
W>> genmove w
W<< 34050-
W<< = H4
W<< 
B>> play W H4
B<< = 
B<< 
B>> genmove b
B<< 22660-
B<< = A4
B<< 
W>> play B A4
W<< = 
W<< 
W>> genmove w
W<< 35445-
W<< = B3
W<< 
B>> play W B3
B<< = 
B<< 
B>> genmove b
B<< 23924-
B<< = J1
B<< 
W>> play B J1
W<< = 
W<< 
W>> genmove w
W<< 30207-
W<< = J7
W<< 
B>> play W J7
B<< = 
B<< 
B>> genmove b
B<< 24614-
B<< = B4
B<< 
W>> play B B4
W<< = 
W<< 
W>> genmove w
W<< 33162-
W<< = E9
W<< 
B>> play W E9
B<< = 
B<< 
B>> genmove b
B<< 24458-
B<< = J3
B<< 
W>> play B J3
W<< = 
W<< 
W>> genmove w
W<< 32048-
W<< = C2
W<< 
B>> play W C2
B<< = 
B<< 
B>> genmove b
B<< 30946-
B<< = H7
B<< 
W>> play B H7
W<< = 
W<< 
W>> genmove w
W<< 35515-
W<< = G2
W<< 
B>> play W G2
B<< = 
B<< 
B>> genmove b
B<< 83485-
B<< = G9
B<< 
W>> play B G9
W<< = 
W<< 
W>> genmove w
W<< 129945-
W<< = B2
W<< 
B>> play W B2
B<< = 
B<< 
B>> genmove b
B<< 193464-
B<< = D2
B<< 
W>> play B D2
W<< = 
W<< 
W>> genmove w
W<< 223680-
W<< = G3
W<< 
B>> play W G3
B<< = 
B<< 
B>> genmove b
B<< 1508721-
B<< = resign
B<< 
============================================
Game 5
============================================
B>> boardsize 9
B<< = 
B<< 
B>> clear_board
B<< = 
B<< 
W>> boardsize 9
W<< = 
W<< 
W>> clear_board
W<< = 
W<< 
B>> genmove b
B<< 19901-
B<< = J9
B<< 
W>> play B J9
W<< = 
W<< 
W>> genmove w
W<< 43426-
W<< = C7
W<< 
B>> play W C7
B<< = 
B<< 
B>> genmove b
B<< 19788-
B<< = J1
B<< 
W>> play B J1
W<< = 
W<< 
W>> genmove w
W<< 41854-
W<< = A8
W<< 
B>> play W A8
B<< = 
B<< 
B>> genmove b
B<< 22084-
B<< = E3
B<< 
W>> play B E3
W<< = 
W<< 
W>> genmove w
W<< 39301-
W<< = E7
W<< 
B>> play W E7
B<< = 
B<< 
B>> genmove b
B<< 19074-
B<< = J6
B<< 
W>> play B J6
W<< = 
W<< 
W>> genmove w
W<< 38817-
W<< = D8
W<< 
B>> play W D8
B<< = 
B<< 
B>> genmove b
B<< 20804-
B<< = A6
B<< 
W>> play B A6
W<< = 
W<< 
W>> genmove w
W<< 35037-
W<< = B9
W<< 
B>> play W B9
B<< = 
B<< 
B>> genmove b
B<< 19966-
B<< = F7
B<< 
W>> play B F7
W<< = 
W<< 
W>> genmove w
W<< 38159-
W<< = F9
W<< 
B>> play W F9
B<< = 
B<< 
B>> genmove b
B<< 20443-
B<< = G5
B<< 
W>> play B G5
W<< = 
W<< 
W>> genmove w
W<< 35946-
W<< = C5
W<< 
B>> play W C5
B<< = 
B<< 
B>> genmove b
B<< 19929-
B<< = G3
B<< 
W>> play B G3
W<< = 
W<< 
W>> genmove w
W<< 32451-
W<< = B6
W<< 
B>> play W B6
B<< = 
B<< 
B>> genmove b
B<< 17276-
B<< = H4
B<< 
W>> play B H4
W<< = 
W<< 
W>> genmove w
W<< 28361-
W<< = C3
W<< 
B>> play W C3
B<< = 
B<< 
B>> genmove b
B<< 16449-
B<< = F2
B<< 
W>> play B F2
W<< = 
W<< 
W>> genmove w
W<< 25470-
W<< = B4
W<< 
B>> play W B4
B<< = 
B<< 
B>> genmove b
B<< 17155-
B<< = C9
B<< 
W>> play B C9
W<< = 
W<< 
W>> genmove w
W<< 28026-
W<< = A5
W<< 
B>> play W A5
B<< = 
B<< 
B>> genmove b
B<< 16983-
B<< = B8
B<< 
W>> play B B8
W<< = 
W<< 
W>> genmove w
W<< 26594-
W<< = B7
W<< 
B>> play W B7
B<< = 
B<< 
B>> genmove b
B<< 16821-
B<< = H2
B<< 
W>> play B H2
W<< = 
W<< 
W>> genmove w
W<< 26541-
W<< = H3
W<< 
B>> play W H3
B<< = 
B<< 
B>> genmove b
B<< 16390-
B<< = G1
B<< 
W>> play B G1
W<< = 
W<< 
W>> genmove w
W<< 22624-
W<< = A3
W<< 
B>> play W A3
B<< = 
B<< 
B>> genmove b
B<< 13370-
B<< = E1
B<< 
W>> play B E1
W<< = 
W<< 
W>> genmove w
W<< 24300-
W<< = E2
W<< 
B>> play W E2
B<< = 
B<< 
B>> genmove b
B<< 15257-
B<< = B3
B<< 
W>> play B B3
W<< = 
W<< 
W>> genmove w
W<< 27397-
W<< = H5
W<< 
B>> play W H5
B<< = 
B<< 
B>> genmove b
B<< 17044-
B<< = E8
B<< 
W>> play B E8
W<< = 
W<< 
W>> genmove w
W<< 25095-
W<< = G6
W<< 
B>> play W G6
B<< = 
B<< 
B>> genmove b
B<< 15282-
B<< = J4
B<< 
W>> play B J4
W<< = 
W<< 
W>> genmove w
W<< 26212-
W<< = D9
W<< 
B>> play W D9
B<< = 
B<< 
B>> genmove b
B<< 17174-
B<< = A1
B<< 
W>> play B A1
W<< = 
W<< 
W>> genmove w
W<< 27479-
W<< = C1
W<< 
B>> play W C1
B<< = 
B<< 
B>> genmove b
B<< 16489-
B<< = C2
B<< 
W>> play B C2
W<< = 
W<< 
W>> genmove w
W<< 27296-
W<< = D3
W<< 
B>> play W D3
B<< = 
B<< 
B>> genmove b
B<< 17325-
B<< = H8
B<< 
W>> play B H8
W<< = 
W<< 
W>> genmove w
W<< 26566-
W<< = H9
W<< 
B>> play W H9
B<< = 
B<< 
B>> genmove b
B<< 16611-
B<< = H7
B<< 
W>> play B H7
W<< = 
W<< 
W>> genmove w
W<< 22676-
W<< = F8
W<< 
B>> play W F8
B<< = 
B<< 
B>> genmove b
B<< 14841-
B<< = J2
B<< 
W>> play B J2
W<< = 
W<< 
W>> genmove w
W<< 23062-
W<< = J7
W<< 
B>> play W J7
B<< = 
B<< 
B>> genmove b
B<< 17586-
B<< = G7
B<< 
W>> play B G7
W<< = 
W<< 
W>> genmove w
W<< 22917-
W<< = G8
W<< 
B>> play W G8
B<< = 
B<< 
B>> genmove b
B<< 16286-
B<< = F1
B<< 
W>> play B F1
W<< = 
W<< 
W>> genmove w
W<< 23418-
W<< = A2
W<< 
B>> play W A2
B<< = 
B<< 
B>> genmove b
B<< 15444-
B<< = B1
B<< 
W>> play B B1
W<< = 
W<< 
W>> genmove w
W<< 23090-
W<< = A4
W<< 
B>> play W A4
B<< = 
B<< 
B>> genmove b
B<< 15330-
B<< = B2
B<< 
W>> play B B2
W<< = 
W<< 
W>> genmove w
W<< 20387-
W<< = G9
W<< 
B>> play W G9
B<< = 
B<< 
B>> genmove b
B<< 19699-
B<< = J5
B<< 
W>> play B J5
W<< = 
W<< 
W>> genmove w
W<< 19575-
W<< = D1
W<< 
B>> play W D1
B<< = 
B<< 
B>> genmove b
B<< 47261-
B<< = G4
B<< 
W>> play B G4
W<< = 
W<< 
W>> genmove w
W<< 71326-
W<< = C6
W<< 
B>> play W C6
B<< = 
B<< 
B>> genmove b
B<< 79637-
B<< = F3
B<< 
W>> play B F3
W<< = 
W<< 
W>> genmove w
W<< 93902-
W<< = D7
W<< 
B>> play W D7
B<< = 
B<< 
B>> genmove b
B<< 101315-
B<< = H1
B<< 
W>> play B H1
W<< = 
W<< 
W>> genmove w
W<< 131503-
W<< = B5
W<< 
B>> play W B5
B<< = 
B<< 
B>> genmove b
B<< 172009-
B<< = G2
B<< 
W>> play B G2
W<< = 
W<< 
W>> genmove w
W<< 377404-
W<< = A9
W<< 
B>> play W A9
B<< = 
B<< 
B>> genmove b
B<< 1245138-
B<< = resign
B<< 
============================================
Game 6
============================================
B>> boardsize 9
B<< = 
B<< 
B>> clear_board
B<< = 
B<< 
W>> boardsize 9
W<< = 
W<< 
W>> clear_board
W<< = 
W<< 
B>> genmove b
B<< 22411-
B<< = C9
B<< 
W>> play B C9
W<< = 
W<< 
W>> genmove w
W<< 41588-
W<< = H6
W<< 
B>> play W H6
B<< = 
B<< 
B>> genmove b
B<< 20269-
B<< = B4
B<< 
W>> play B B4
W<< = 
W<< 
W>> genmove w
W<< 42247-
W<< = H9
W<< 
B>> play W H9
B<< = 
B<< 
B>> genmove b
B<< 21676-
B<< = A5
B<< 
W>> play B A5
W<< = 
W<< 
W>> genmove w
W<< 41002-
W<< = J8
W<< 
B>> play W J8
B<< = 
B<< 
B>> genmove b
B<< 21227-
B<< = B8
B<< 
W>> play B B8
W<< = 
W<< 
W>> genmove w
W<< 39304-
W<< = A8
W<< 
B>> play W A8
B<< = 
B<< 
B>> genmove b
B<< 21226-
B<< = C5
B<< 
W>> play B C5
W<< = 
W<< 
W>> genmove w
W<< 38192-
W<< = A4
W<< 
B>> play W A4
B<< = 
B<< 
B>> genmove b
B<< 21089-
B<< = A9
B<< 
W>> play B A9
W<< = 
W<< 
W>> genmove w
W<< 39403-
W<< = C6
W<< 
B>> play W C6
B<< = 
B<< 
B>> genmove b
B<< 21081-
B<< = C3
B<< 
W>> play B C3
W<< = 
W<< 
W>> genmove w
W<< 38143-
W<< = D8
W<< 
B>> play W D8
B<< = 
B<< 
B>> genmove b
B<< 20464-
B<< = D1
B<< 
W>> play B D1
W<< = 
W<< 
W>> genmove w
W<< 37075-
W<< = E7
W<< 
B>> play W E7
B<< = 
B<< 
B>> genmove b
B<< 20068-
B<< = C2
B<< 
W>> play B C2
W<< = 
W<< 
W>> genmove w
W<< 30350-
W<< = J1
W<< 
B>> play W J1
B<< = 
B<< 
B>> genmove b
B<< 19494-
B<< = B1
B<< 
W>> play B B1
W<< = 
W<< 
W>> genmove w
W<< 30185-
W<< = A1
W<< 
B>> play W A1
B<< = 
B<< 
B>> genmove b
B<< 16851-
B<< = E3
B<< 
W>> play B E3
W<< = 
W<< 
W>> genmove w
W<< 29303-
W<< = D3
W<< 
B>> play W D3
B<< = 
B<< 
B>> genmove b
B<< 19052-
B<< = G6
B<< 
W>> play B G6
W<< = 
W<< 
W>> genmove w
W<< 34798-
W<< = G8
W<< 
B>> play W G8
B<< = 
B<< 
B>> genmove b
B<< 20125-
B<< = G9
B<< 
W>> play B G9
W<< = 
W<< 
W>> genmove w
W<< 34363-
W<< = E9
W<< 
B>> play W E9
B<< = 
B<< 
B>> genmove b
B<< 19982-
B<< = H8
B<< 
W>> play B H8
W<< = 
W<< 
W>> genmove w
W<< 34102-
W<< = F8
W<< 
B>> play W F8
B<< = 
B<< 
B>> genmove b
B<< 19527-
B<< = F2
B<< 
W>> play B F2
W<< = 
W<< 
W>> genmove w
W<< 33081-
W<< = F1
W<< 
B>> play W F1
B<< = 
B<< 
B>> genmove b
B<< 19586-
B<< = G3
B<< 
W>> play B G3
W<< = 
W<< 
W>> genmove w
W<< 31945-
W<< = C7
W<< 
B>> play W C7
B<< = 
B<< 
B>> genmove b
B<< 18333-
B<< = J7
B<< 
W>> play B J7
W<< = 
W<< 
W>> genmove w
W<< 30505-
W<< = B7
W<< 
B>> play W B7
B<< = 
B<< 
B>> genmove b
B<< 18732-
B<< = F7
B<< 
W>> play B F7
W<< = 
W<< 
W>> genmove w
W<< 30044-
W<< = G5
W<< 
B>> play W G5
B<< = 
B<< 
B>> genmove b
B<< 18386-
B<< = E2
B<< 
W>> play B E2
W<< = 
W<< 
W>> genmove w
W<< 28826-
W<< = J6
W<< 
B>> play W J6
B<< = 
B<< 
B>> genmove b
B<< 18941-
B<< = G1
B<< 
W>> play B G1
W<< = 
W<< 
W>> genmove w
W<< 28950-
W<< = B5
W<< 
B>> play W B5
B<< = 
B<< 
B>> genmove b
B<< 19229-
B<< = J5
B<< 
W>> play B J5
W<< = 
W<< 
W>> genmove w
W<< 29501-
W<< = G2
W<< 
B>> play W G2
B<< = 
B<< 
B>> genmove b
B<< 20010-
B<< = J2
B<< 
W>> play B J2
W<< = 
W<< 
W>> genmove w
W<< 28918-
W<< = D9
W<< 
B>> play W D9
B<< = 
B<< 
B>> genmove b
B<< 19472-
B<< = H4
B<< 
W>> play B H4
W<< = 
W<< 
W>> genmove w
W<< 24307-
W<< = G4
W<< 
B>> play W G4
B<< = 
B<< 
B>> genmove b
B<< 17018-
B<< = H3
B<< 
W>> play B H3
W<< = 
W<< 
W>> genmove w
W<< 22203-
W<< = A7
W<< 
B>> play W A7
B<< = 
B<< 
B>> genmove b
B<< 17605-
B<< = B2
B<< 
W>> play B B2
W<< = 
W<< 
W>> genmove w
W<< 23526-
W<< = D7
W<< 
B>> play W D7
B<< = 
B<< 
B>> genmove b
B<< 18051-
B<< = B3
B<< 
W>> play B B3
W<< = 
W<< 
W>> genmove w
W<< 18917-
W<< = A2
W<< 
B>> play W A2
B<< = 
B<< 
B>> genmove b
B<< 16073-
B<< = A6
B<< 
W>> play B A6
W<< = 
W<< 
W>> genmove w
W<< 30506-
W<< = J3
W<< 
B>> play W J3
B<< = 
B<< 
B>> genmove b
B<< 105524-
B<< = C4
B<< 
W>> play B C4
W<< = 
W<< 
W>> genmove w
W<< 120913-
W<< = C8
W<< 
B>> play W C8
B<< = 
B<< 
B>> genmove b
B<< 141992-
B<< = C1
B<< 
W>> play B C1
W<< = 
W<< 
W>> genmove w
W<< 168999-
W<< = E8
W<< 
B>> play W E8
B<< = 
B<< 
B>> genmove b
B<< 244802-
B<< = F3
B<< 
W>> play B F3
W<< = 
W<< 
W>> genmove w
W<< 227783-
W<< = H5
W<< 
B>> play W H5
B<< = 
B<< 
B>> genmove b
B<< 302078-
B<< = G7
B<< 
W>> play B G7
W<< = 
W<< 
W>> genmove w
W<< 1719793-
W<< = resign
W<< 
============================================
Game 7
============================================
B>> boardsize 9
B<< = 
B<< 
B>> clear_board
B<< = 
B<< 
W>> boardsize 9
W<< = 
W<< 
W>> clear_board
W<< = 
W<< 
B>> genmove b
B<< 22163-
B<< = A6
B<< 
W>> play B A6
W<< = 
W<< 
W>> genmove w
W<< 41328-
W<< = J9
W<< 
B>> play W J9
B<< = 
B<< 
B>> genmove b
B<< 20669-
B<< = J2
B<< 
W>> play B J2
W<< = 
W<< 
W>> genmove w
W<< 37176-
W<< = A2
W<< 
B>> play W A2
B<< = 
B<< 
B>> genmove b
B<< 19442-
B<< = C7
B<< 
W>> play B C7
W<< = 
W<< 
W>> genmove w
W<< 37521-
W<< = B1
W<< 
B>> play W B1
B<< = 
B<< 
B>> genmove b
B<< 18564-
B<< = F7
B<< 
W>> play B F7
W<< = 
W<< 
W>> genmove w
W<< 36070-
W<< = D7
W<< 
B>> play W D7
B<< = 
B<< 
B>> genmove b
B<< 19240-
B<< = H1
B<< 
W>> play B H1
W<< = 
W<< 
W>> genmove w
W<< 35280-
W<< = A9
W<< 
B>> play W A9
B<< = 
B<< 
B>> genmove b
B<< 21648-
B<< = C1
B<< 
W>> play B C1
W<< = 
W<< 
W>> genmove w
W<< 39297-
W<< = F1
W<< 
B>> play W F1
B<< = 
B<< 
B>> genmove b
B<< 20708-
B<< = A3
B<< 
W>> play B A3
W<< = 
W<< 
W>> genmove w
W<< 39983-
W<< = J3
W<< 
B>> play W J3
B<< = 
B<< 
B>> genmove b
B<< 19776-
B<< = B2
B<< 
W>> play B B2
W<< = 
W<< 
W>> genmove w
W<< 35083-
W<< = H2
W<< 
B>> play W H2
B<< = 
B<< 
B>> genmove b
B<< 19605-
B<< = E1
B<< 
W>> play B E1
W<< = 
W<< 
W>> genmove w
W<< 39329-
W<< = G1
W<< 
B>> play W G1
B<< = 
B<< 
B>> genmove b
B<< 21890-
B<< = C5
B<< 
W>> play B C5
W<< = 
W<< 
W>> genmove w
W<< 38949-
W<< = A5
W<< 
B>> play W A5
B<< = 
B<< 
B>> genmove b
B<< 21860-
B<< = B6
B<< 
W>> play B B6
W<< = 
W<< 
W>> genmove w
W<< 37644-
W<< = C9
W<< 
B>> play W C9
B<< = 
B<< 
B>> genmove b
B<< 21363-
B<< = C3
B<< 
W>> play B C3
W<< = 
W<< 
W>> genmove w
W<< 36203-
W<< = C4
W<< 
B>> play W C4
B<< = 
B<< 
B>> genmove b
B<< 21440-
B<< = D2
B<< 
W>> play B D2
W<< = 
W<< 
W>> genmove w
W<< 35483-
W<< = D3
W<< 
B>> play W D3
B<< = 
B<< 
B>> genmove b
B<< 19284-
B<< = D9
B<< 
W>> play B D9
W<< = 
W<< 
W>> genmove w
W<< 33184-
W<< = A7
W<< 
B>> play W A7
B<< = 
B<< 
B>> genmove b
B<< 19447-
B<< = F9
B<< 
W>> play B F9
W<< = 
W<< 
W>> genmove w
W<< 34451-
W<< = B3
W<< 
B>> play W B3
B<< = 
B<< 
B>> genmove b
B<< 22151-
B<< = E8
B<< 
W>> play B E8
W<< = 
W<< 
W>> genmove w
W<< 37062-
W<< = F8
W<< 
B>> play W F8
B<< = 
B<< 
B>> genmove b
B<< 22298-
B<< = F3
B<< 
W>> play B F3
W<< = 
W<< 
W>> genmove w
W<< 34153-
W<< = E2
W<< 
B>> play W E2
B<< = 
B<< 
B>> genmove b
B<< 20215-
B<< = C8
B<< 
W>> play B C8
W<< = 
W<< 
W>> genmove w
W<< 33374-
W<< = J5
W<< 
B>> play W J5
B<< = 
B<< 
B>> genmove b
B<< 22436-
B<< = J6
B<< 
W>> play B J6
W<< = 
W<< 
W>> genmove w
W<< 36873-
W<< = D8
W<< 
B>> play W D8
B<< = 
B<< 
B>> genmove b
B<< 23447-
B<< = B8
B<< 
W>> play B B8
W<< = 
W<< 
W>> genmove w
W<< 36260-
W<< = G6
W<< 
B>> play W G6
B<< = 
B<< 
B>> genmove b
B<< 21833-
B<< = H7
B<< 
W>> play B H7
W<< = 
W<< 
W>> genmove w
W<< 30779-
W<< = H4
W<< 
B>> play W H4
B<< = 
B<< 
B>> genmove b
B<< 20147-
B<< = G3
B<< 
W>> play B G3
W<< = 
W<< 
W>> genmove w
W<< 32463-
W<< = G4
W<< 
B>> play W G4
B<< = 
B<< 
B>> genmove b
B<< 21485-
B<< = J8
B<< 
W>> play B J8
W<< = 
W<< 
W>> genmove w
W<< 29784-
W<< = G7
W<< 
B>> play W G7
B<< = 
B<< 
B>> genmove b
B<< 21138-
B<< = H8
B<< 
W>> play B H8
W<< = 
W<< 
W>> genmove w
W<< 29007-
W<< = H9
W<< 
B>> play W H9
B<< = 
B<< 
B>> genmove b
B<< 23950-
B<< = H3
B<< 
W>> play B H3
W<< = 
W<< 
W>> genmove w
W<< 32450-
W<< = H6
W<< 
B>> play W H6
B<< = 
B<< 
B>> genmove b
B<< 25901-
B<< = D1
B<< 
W>> play B D1
W<< = 
W<< 
W>> genmove w
W<< 33498-
W<< = B7
W<< 
B>> play W B7
B<< = 
B<< 
B>> genmove b
B<< 28089-
B<< = F2
B<< 
W>> play B F2
W<< = 
W<< 
W>> genmove w
W<< 32864-
W<< = G8
W<< 
B>> play W G8
B<< = 
B<< 
B>> genmove b
B<< 62727-
B<< = E9
B<< 
W>> play B E9
W<< = 
W<< 
W>> genmove w
W<< 117780-
W<< = A8
W<< 
B>> play W A8
B<< = 
B<< 
B>> genmove b
B<< 146080-
B<< = A4
B<< 
W>> play B A4
W<< = 
W<< 
W>> genmove w
W<< 200153-
W<< = J4
W<< 
B>> play W J4
B<< = 
B<< 
B>> genmove b
B<< 185944-
B<< = G5
B<< 
W>> play B G5
W<< = 
W<< 
W>> genmove w
W<< 243674-
W<< = B5
W<< 
B>> play W B5
B<< = 
B<< 
B>> genmove b
B<< 313866-
B<< = C6
B<< 
W>> play B C6
W<< = 
W<< 
W>> genmove w
W<< 479334-
W<< = G9
W<< 
B>> play W G9
B<< = 
B<< 
B>> genmove b
B<< 1290781-
B<< = resign
B<< 
============================================
Game 8
============================================
B>> boardsize 9
B<< = 
B<< 
B>> clear_board
B<< = 
B<< 
W>> boardsize 9
W<< = 
W<< 
W>> clear_board
W<< = 
W<< 
B>> genmove b
B<< 19768-
B<< = J5
B<< 
W>> play B J5
W<< = 
W<< 
W>> genmove w
W<< 38135-
W<< = A6
W<< 
B>> play W A6
B<< = 
B<< 
B>> genmove b
B<< 19469-
B<< = J9
B<< 
W>> play B J9
W<< = 
W<< 
W>> genmove w
W<< 38065-
W<< = A1
W<< 
B>> play W A1
B<< = 
B<< 
B>> genmove b
B<< 22043-
B<< = A8
B<< 
W>> play B A8
W<< = 
W<< 
W>> genmove w
W<< 41528-
W<< = J1
W<< 
B>> play W J1
B<< = 
B<< 
B>> genmove b
B<< 21865-
B<< = G4
B<< 
W>> play B G4
W<< = 
W<< 
W>> genmove w
W<< 39486-
W<< = A4
W<< 
B>> play W A4
B<< = 
B<< 
B>> genmove b
B<< 21499-
B<< = H3
B<< 
W>> play B H3
W<< = 
W<< 
W>> genmove w
W<< 38738-
W<< = E9
W<< 
B>> play W E9
B<< = 
B<< 
B>> genmove b
B<< 20993-
B<< = B9
B<< 
W>> play B B9
W<< = 
W<< 
W>> genmove w
W<< 38505-
W<< = B8
W<< 
B>> play W B8
B<< = 
B<< 
B>> genmove b
B<< 20417-
B<< = J7
B<< 
W>> play B J7
W<< = 
W<< 
W>> genmove w
W<< 33131-
W<< = J6
W<< 
B>> play W J6
B<< = 
B<< 
B>> genmove b
B<< 20216-
B<< = C3
B<< 
W>> play B C3
W<< = 
W<< 
W>> genmove w
W<< 38353-
W<< = B5
W<< 
B>> play W B5
B<< = 
B<< 
B>> genmove b
B<< 19628-
B<< = H9
B<< 
W>> play B H9
W<< = 
W<< 
W>> genmove w
W<< 32182-
W<< = C9
W<< 
B>> play W C9
B<< = 
B<< 
B>> genmove b
B<< 19482-
B<< = D9
B<< 
W>> play B D9
W<< = 
W<< 
W>> genmove w
W<< 35984-
W<< = B7
W<< 
B>> play W B7
B<< = 
B<< 
B>> genmove b
B<< 20303-
B<< = C6
B<< 
W>> play B C6
W<< = 
W<< 
W>> genmove w
W<< 36018-
W<< = C4
W<< 
B>> play W C4
B<< = 
B<< 
B>> genmove b
B<< 20415-
B<< = H8
B<< 
W>> play B H8
W<< = 
W<< 
W>> genmove w
W<< 34238-
W<< = B3
W<< 
B>> play W B3
B<< = 
B<< 
B>> genmove b
B<< 20155-
B<< = G2
B<< 
W>> play B G2
W<< = 
W<< 
W>> genmove w
W<< 33906-
W<< = G3
W<< 
B>> play W G3
B<< = 
B<< 
B>> genmove b
B<< 18384-
B<< = E3
B<< 
W>> play B E3
W<< = 
W<< 
W>> genmove w
W<< 30095-
W<< = B2
W<< 
B>> play W B2
B<< = 
B<< 
B>> genmove b
B<< 19863-
B<< = A3
B<< 
W>> play B A3
W<< = 
W<< 
W>> genmove w
W<< 33508-
W<< = C1
W<< 
B>> play W C1
B<< = 
B<< 
B>> genmove b
B<< 19395-
B<< = F1
B<< 
W>> play B F1
W<< = 
W<< 
W>> genmove w
W<< 31945-
W<< = E1
W<< 
B>> play W E1
B<< = 
B<< 
B>> genmove b
B<< 19452-
B<< = D1
B<< 
W>> play B D1
W<< = 
W<< 
W>> genmove w
W<< 33464-
W<< = J4
W<< 
B>> play W J4
B<< = 
B<< 
B>> genmove b
B<< 20461-
B<< = H1
B<< 
W>> play B H1
W<< = 
W<< 
W>> genmove w
W<< 32435-
W<< = C7
W<< 
B>> play W C7
B<< = 
B<< 
B>> genmove b
B<< 19512-
B<< = F2
B<< 
W>> play B F2
W<< = 
W<< 
W>> genmove w
W<< 30671-
W<< = D3
W<< 
B>> play W D3
B<< = 
B<< 
B>> genmove b
B<< 19977-
B<< = J3
B<< 
W>> play B J3
W<< = 
W<< 
W>> genmove w
W<< 31023-
W<< = F7
W<< 
B>> play W F7
B<< = 
B<< 
B>> genmove b
B<< 20019-
B<< = E7
B<< 
W>> play B E7
W<< = 
W<< 
W>> genmove w
W<< 31372-
W<< = G9
W<< 
B>> play W G9
B<< = 
B<< 
B>> genmove b
B<< 19719-
B<< = G6
B<< 
W>> play B G6
W<< = 
W<< 
W>> genmove w
W<< 30924-
W<< = G5
W<< 
B>> play W G5
B<< = 
B<< 
B>> genmove b
B<< 21554-
B<< = H2
B<< 
W>> play B H2
W<< = 
W<< 
W>> genmove w
W<< 29376-
W<< = F8
W<< 
B>> play W F8
B<< = 
B<< 
B>> genmove b
B<< 21190-
B<< = E8
B<< 
W>> play B E8
W<< = 
W<< 
W>> genmove w
W<< 31034-
W<< = H7
W<< 
B>> play W H7
B<< = 
B<< 
B>> genmove b
B<< 24794-
B<< = J8
B<< 
W>> play B J8
W<< = 
W<< 
W>> genmove w
W<< 28172-
W<< = H6
W<< 
B>> play W H6
B<< = 
B<< 
B>> genmove b
B<< 22502-
B<< = C5
B<< 
W>> play B C5
W<< = 
W<< 
W>> genmove w
W<< 28204-
W<< = D7
W<< 
B>> play W D7
B<< = 
B<< 
B>> genmove b
B<< 25161-
B<< = A9
B<< 
W>> play B A9
W<< = 
W<< 
W>> genmove w
W<< 36147-
W<< = B1
W<< 
B>> play W B1
B<< = 
B<< 
B>> genmove b
B<< 90924-
B<< = G8
B<< 
W>> play B G8
W<< = 
W<< 
W>> genmove w
W<< 131416-
W<< = F9
W<< 
B>> play W F9
B<< = 
B<< 
B>> genmove b
B<< 137562-
B<< = D8
B<< 
W>> play B D8
W<< = 
W<< 
W>> genmove w
W<< 148110-
W<< = B4
W<< 
B>> play W B4
B<< = 
B<< 
B>> genmove b
B<< 140715-
B<< = C2
B<< 
W>> play B C2
W<< = 
W<< 
W>> genmove w
W<< 201525-
W<< = E2
W<< 
B>> play W E2
B<< = 
B<< 
B>> genmove b
B<< 260220-
B<< = G1
B<< 
W>> play B G1
W<< = 
W<< 
W>> genmove w
W<< 421850-
W<< = A5
W<< 
B>> play W A5
B<< = 
B<< 
B>> genmove b
B<< 1495219-
B<< = resign
B<< 
============================================
Game 9
============================================
B>> boardsize 9
B<< = 
B<< 
B>> clear_board
B<< = 
B<< 
W>> boardsize 9
W<< = 
W<< 
W>> clear_board
W<< = 
W<< 
B>> genmove b
B<< 22417-
B<< = G7
B<< 
W>> play B G7
W<< = 
W<< 
W>> genmove w
W<< 43251-
W<< = F9
W<< 
B>> play W F9
B<< = 
B<< 
B>> genmove b
B<< 22309-
B<< = C5
B<< 
W>> play B C5
W<< = 
W<< 
W>> genmove w
W<< 42663-
W<< = J3
W<< 
B>> play W J3
B<< = 
B<< 
B>> genmove b
B<< 21745-
B<< = H9
B<< 
W>> play B H9
W<< = 
W<< 
W>> genmove w
W<< 41959-
W<< = B1
W<< 
B>> play W B1
B<< = 
B<< 
B>> genmove b
B<< 21906-
B<< = J7
B<< 
W>> play B J7
W<< = 
W<< 
W>> genmove w
W<< 40597-
W<< = J9
W<< 
B>> play W J9
B<< = 
B<< 
B>> genmove b
B<< 21834-
B<< = A6
B<< 
W>> play B A6
W<< = 
W<< 
W>> genmove w
W<< 40432-
W<< = G5
W<< 
B>> play W G5
B<< = 
B<< 
B>> genmove b
B<< 21317-
B<< = A9
B<< 
W>> play B A9
W<< = 
W<< 
W>> genmove w
W<< 39874-
W<< = E7
W<< 
B>> play W E7
B<< = 
B<< 
B>> genmove b
B<< 21486-
B<< = C3
B<< 
W>> play B C3
W<< = 
W<< 
W>> genmove w
W<< 38853-
W<< = C4
W<< 
B>> play W C4
B<< = 
B<< 
B>> genmove b
B<< 21788-
B<< = H8
B<< 
W>> play B H8
W<< = 
W<< 
W>> genmove w
W<< 38717-
W<< = A2
W<< 
B>> play W A2
B<< = 
B<< 
B>> genmove b
B<< 21120-
B<< = H6
B<< 
W>> play B H6
W<< = 
W<< 
W>> genmove w
W<< 37273-
W<< = J6
W<< 
B>> play W J6
B<< = 
B<< 
B>> genmove b
B<< 21222-
B<< = A4
B<< 
W>> play B A4
W<< = 
W<< 
W>> genmove w
W<< 37445-
W<< = E1
W<< 
B>> play W E1
B<< = 
B<< 
B>> genmove b
B<< 20778-
B<< = G4
B<< 
W>> play B G4
W<< = 
W<< 
W>> genmove w
W<< 37042-
W<< = F3
W<< 
B>> play W F3
B<< = 
B<< 
B>> genmove b
B<< 20931-
B<< = H5
B<< 
W>> play B H5
W<< = 
W<< 
W>> genmove w
W<< 35963-
W<< = H1
W<< 
B>> play W H1
B<< = 
B<< 
B>> genmove b
B<< 20402-
B<< = J4
B<< 
W>> play B J4
W<< = 
W<< 
W>> genmove w
W<< 35739-
W<< = J2
W<< 
B>> play W J2
B<< = 
B<< 
B>> genmove b
B<< 20588-
B<< = H2
B<< 
W>> play B H2
W<< = 
W<< 
W>> genmove w
W<< 34854-
W<< = D2
W<< 
B>> play W D2
B<< = 
B<< 
B>> genmove b
B<< 20164-
B<< = H3
B<< 
W>> play B H3
W<< = 
W<< 
W>> genmove w
W<< 32721-
W<< = C1
W<< 
B>> play W C1
B<< = 
B<< 
B>> genmove b
B<< 19614-
B<< = G1
B<< 
W>> play B G1
W<< = 
W<< 
W>> genmove w
W<< 32093-
W<< = G2
W<< 
B>> play W G2
B<< = 
B<< 
B>> genmove b
B<< 19797-
B<< = E3
B<< 
W>> play B E3
W<< = 
W<< 
W>> genmove w
W<< 32442-
W<< = B3
W<< 
B>> play W B3
B<< = 
B<< 
B>> genmove b
B<< 20171-
B<< = D7
B<< 
W>> play B D7
W<< = 
W<< 
W>> genmove w
W<< 32671-
W<< = C9
W<< 
B>> play W C9
B<< = 
B<< 
B>> genmove b
B<< 20062-
B<< = B2
B<< 
W>> play B B2
W<< = 
W<< 
W>> genmove w
W<< 33156-
W<< = F2
W<< 
B>> play W F2
B<< = 
B<< 
B>> genmove b
B<< 20835-
B<< = E9
B<< 
W>> play B E9
W<< = 
W<< 
W>> genmove w
W<< 32803-
W<< = D3
W<< 
B>> play W D3
B<< = 
B<< 
B>> genmove b
B<< 21977-
B<< = A3
B<< 
W>> play B A3
W<< = 
W<< 
W>> genmove w
W<< 33282-
W<< = A5
W<< 
B>> play W A5
B<< = 
B<< 
B>> genmove b
B<< 22009-
B<< = G3
B<< 
W>> play B G3
W<< = 
W<< 
W>> genmove w
W<< 32635-
W<< = A7
W<< 
B>> play W A7
B<< = 
B<< 
B>> genmove b
B<< 22480-
B<< = B8
B<< 
W>> play B B8
W<< = 
W<< 
W>> genmove w
W<< 32540-
W<< = G8
W<< 
B>> play W G8
B<< = 
B<< 
B>> genmove b
B<< 24258-
B<< = B7
B<< 
W>> play B B7
W<< = 
W<< 
W>> genmove w
W<< 31474-
W<< = B9
W<< 
B>> play W B9
B<< = 
B<< 
B>> genmove b
B<< 26505-
B<< = C7
B<< 
W>> play B C7
W<< = 
W<< 
W>> genmove w
W<< 32057-
W<< = C6
W<< 
B>> play W C6
B<< = 
B<< 
B>> genmove b
B<< 95650-
B<< = D8
B<< 
W>> play B D8
W<< = 
W<< 
W>> genmove w
W<< 102371-
W<< = D1
W<< 
B>> play W D1
B<< = 
B<< 
B>> genmove b
B<< 128036-
B<< = C8
B<< 
W>> play B C8
W<< = 
W<< 
W>> genmove w
W<< 168992-
W<< = F8
W<< 
B>> play W F8
B<< = 
B<< 
B>> genmove b
B<< 182336-
B<< = G9
B<< 
W>> play B G9
W<< = 
W<< 
W>> genmove w
W<< 241598-
W<< = A1
W<< 
B>> play W A1
B<< = 
B<< 
B>> genmove b
B<< 327721-
B<< = H4
B<< 
W>> play B H4
W<< = 
W<< 
W>> genmove w
W<< 339412-
W<< = E8
W<< 
B>> play W E8
B<< = 
B<< 
B>> genmove b
B<< 504468-
B<< = H7
B<< 
W>> play B H7
W<< = 
W<< 
W>> genmove w
W<< 1995843-
W<< = resign
W<< 
B>> quit
W>> quit
