B<< HollowNoGo-Demo: /mnt/nfs/work/TaiLin/TCG/tcg2021/hw4/pj-4-judge-v1/../pj-4-code-v1/nogo3 --shell --black=mcts T=1000 c=0.3 simenemy=a TMT=lr 
B<< 
B<< N | 100
B<< T | 1000
B<< TMT | lr
B<< c | 0.3
B<< name | mcts
B<< role | black
B<< simenemy | a
B<< N | 100
B<< T | 10005
B<< TMT | normal
B<< c | 0
B<< name | 
B<< role | white
B<< simenemy | mctsn
B>> protocol_version
B<< = 2
B<< 
B>> name
B<< = TCG-HollowNoGo-Demo
B<< 
B>> version
B<< = 2021
B<< 
B>> list_commands
B<< = play
B<< genmove
B<< clear_board
B<< showboard
B<< boardsize
B<< name
B<< version
B<< protocol_version
B<< list_commands
B<< quit
B<< 
B<< 
W>> protocol_version
W<< HollowNoGo-Demo: /mnt/nfs/work/TaiLin/TCG/tcg2021/hw4/pj-4-judge-v1/../pj-4-code-v1/nogo1 --shell --white=mcts T=1000 c=0.3 simenemy=a TMT=lr 
W<< 
W<< N | 100
W<< T | 10005
W<< TMT | normal
W<< c | 0
W<< name | 
W<< role | black
W<< simenemy | mctsn
W<< N | 100
W<< T | 1000
W<< TMT | lr
W<< c | 0.3
W<< name | mcts
W<< role | white
W<< simenemy | a
W<< = 2
W<< 
W>> name
W<< = TCG-HollowNoGo-Demo
W<< 
W>> version
W<< = 2021
W<< 
W>> list_commands
W<< = play
W<< genmove
W<< clear_board
W<< showboard
W<< boardsize
W<< name
W<< version
W<< protocol_version
W<< list_commands
W<< quit
W<< 
W<< 
B>> boardsize 9
B<< = 
B<< 
B>> clear_board
B<< = 
B<< 
W>> boardsize 9
W<< = 
W<< 
W>> clear_board
W<< = 
W<< 
============================================
Game 0
============================================
B>> boardsize 9
B<< = 
B<< 
B>> clear_board
B<< = 
B<< 
W>> boardsize 9
W<< = 
W<< 
W>> clear_board
W<< = 
W<< 
B>> genmove b
B<< 43476-
B<< = J1
B<< 
W>> play B J1
W<< = 
W<< 
W>> genmove w
W<< 22524-
W<< = F1
W<< 
B>> play W F1
B<< = 
B<< 
B>> genmove b
B<< 42654-
B<< = E9
B<< 
W>> play B E9
W<< = 
W<< 
W>> genmove w
W<< 22113-
W<< = D1
W<< 
B>> play W D1
B<< = 
B<< 
B>> genmove b
B<< 41687-
B<< = C6
B<< 
W>> play B C6
W<< = 
W<< 
W>> genmove w
W<< 22036-
W<< = J4
W<< 
B>> play W J4
B<< = 
B<< 
B>> genmove b
B<< 39622-
B<< = E7
B<< 
W>> play B E7
W<< = 
W<< 
W>> genmove w
W<< 22042-
W<< = B1
W<< 
B>> play W B1
B<< = 
B<< 
B>> genmove b
B<< 39013-
B<< = A6
B<< 
W>> play B A6
W<< = 
W<< 
W>> genmove w
W<< 21538-
W<< = A2
W<< 
B>> play W A2
B<< = 
B<< 
B>> genmove b
B<< 38559-
B<< = H9
B<< 
W>> play B H9
W<< = 
W<< 
W>> genmove w
W<< 20650-
W<< = C2
W<< 
B>> play W C2
B<< = 
B<< 
B>> genmove b
B<< 36385-
B<< = E1
B<< 
W>> play B E1
W<< = 
W<< 
W>> genmove w
W<< 21469-
W<< = J9
W<< 
B>> play W J9
B<< = 
B<< 
B>> genmove b
B<< 37496-
B<< = A9
B<< 
W>> play B A9
W<< = 
W<< 
W>> genmove w
W<< 20875-
W<< = C3
W<< 
B>> play W C3
B<< = 
B<< 
B>> genmove b
B<< 35386-
B<< = B8
B<< 
W>> play B B8
W<< = 
W<< 
W>> genmove w
W<< 20223-
W<< = B3
W<< 
B>> play W B3
B<< = 
B<< 
B>> genmove b
B<< 32714-
B<< = C9
B<< 
W>> play B C9
W<< = 
W<< 
W>> genmove w
W<< 19497-
W<< = A4
W<< 
B>> play W A4
B<< = 
B<< 
B>> genmove b
B<< 31012-
B<< = D8
B<< 
W>> play B D8
W<< = 
W<< 
W>> genmove w
W<< 18021-
W<< = A8
W<< 
B>> play W A8
B<< = 
B<< 
B>> genmove b
B<< 29187-
B<< = C7
B<< 
W>> play B C7
W<< = 
W<< 
W>> genmove w
W<< 18197-
W<< = E8
W<< 
B>> play W E8
B<< = 
B<< 
B>> genmove b
B<< 29586-
B<< = B5
B<< 
W>> play B B5
W<< = 
W<< 
W>> genmove w
W<< 17786-
W<< = C5
W<< 
B>> play W C5
B<< = 
B<< 
B>> genmove b
B<< 28079-
B<< = B7
B<< 
W>> play B B7
W<< = 
W<< 
W>> genmove w
W<< 17795-
W<< = G2
W<< 
B>> play W G2
B<< = 
B<< 
B>> genmove b
B<< 27693-
B<< = D3
B<< 
W>> play B D3
W<< = 
W<< 
W>> genmove w
W<< 17579-
W<< = F3
W<< 
B>> play W F3
B<< = 
B<< 
B>> genmove b
B<< 26295-
B<< = G7
B<< 
W>> play B G7
W<< = 
W<< 
W>> genmove w
W<< 17307-
W<< = H3
W<< 
B>> play W H3
B<< = 
B<< 
B>> genmove b
B<< 25404-
B<< = G4
B<< 
W>> play B G4
W<< = 
W<< 
W>> genmove w
W<< 16216-
W<< = J2
W<< 
B>> play W J2
B<< = 
B<< 
B>> genmove b
B<< 24387-
B<< = G8
B<< 
W>> play B G8
W<< = 
W<< 
W>> genmove w
W<< 16277-
W<< = G5
W<< 
B>> play W G5
B<< = 
B<< 
B>> genmove b
B<< 23987-
B<< = D2
B<< 
W>> play B D2
W<< = 
W<< 
W>> genmove w
W<< 16594-
W<< = J6
W<< 
B>> play W J6
B<< = 
B<< 
B>> genmove b
B<< 22725-
B<< = J7
B<< 
W>> play B J7
W<< = 
W<< 
W>> genmove w
W<< 16123-
W<< = H4
W<< 
B>> play W H4
B<< = 
B<< 
B>> genmove b
B<< 20750-
B<< = F9
B<< 
W>> play B F9
W<< = 
W<< 
W>> genmove w
W<< 15871-
W<< = F2
W<< 
B>> play W F2
B<< = 
B<< 
B>> genmove b
B<< 20493-
B<< = H7
B<< 
W>> play B H7
W<< = 
W<< 
W>> genmove w
W<< 14267-
W<< = A5
W<< 
B>> play W A5
B<< = 
B<< 
B>> genmove b
B<< 18146-
B<< = F7
B<< 
W>> play B F7
W<< = 
W<< 
W>> genmove w
W<< 13919-
W<< = E3
W<< 
B>> play W E3
B<< = 
B<< 
B>> genmove b
B<< 17438-
B<< = H8
B<< 
W>> play B H8
W<< = 
W<< 
W>> genmove w
W<< 14441-
W<< = H2
W<< 
B>> play W H2
B<< = 
B<< 
B>> genmove b
B<< 15966-
B<< = G6
B<< 
W>> play B G6
W<< = 
W<< 
W>> genmove w
W<< 13035-
W<< = A1
W<< 
B>> play W A1
B<< = 
B<< 
B>> genmove b
B<< 15260-
B<< = H1
B<< 
W>> play B H1
W<< = 
W<< 
W>> genmove w
W<< 12540-
W<< = B2
W<< 
B>> play W B2
B<< = 
B<< 
B>> genmove b
B<< 15048-
B<< = J5
B<< 
W>> play B J5
W<< = 
W<< 
W>> genmove w
W<< 16296-
W<< = C1
W<< 
B>> play W C1
B<< = 
B<< 
B>> genmove b
B<< 16686-
B<< = B6
B<< 
W>> play B B6
W<< = 
W<< 
W>> genmove w
W<< 18310-
W<< = B4
W<< 
B>> play W B4
B<< = 
B<< 
B>> genmove b
B<< 39905-
B<< = B9
B<< 
W>> play B B9
W<< = 
W<< 
W>> genmove w
W<< 56931-
W<< = J3
W<< 
B>> play W J3
B<< = 
B<< 
B>> genmove b
B<< 56736-
B<< = G9
B<< 
W>> play B G9
W<< = 
W<< 
W>> genmove w
W<< 67063-
W<< = C4
W<< 
B>> play W C4
B<< = 
B<< 
B>> genmove b
B<< 68752-
B<< = D9
B<< 
W>> play B D9
W<< = 
W<< 
W>> genmove w
W<< 84359-
W<< = H6
W<< 
B>> play W H6
B<< = 
B<< 
B>> genmove b
B<< 185372-
B<< = C8
B<< 
W>> play B C8
W<< = 
W<< 
W>> genmove w
W<< 1441733-
W<< = resign
W<< 
============================================
Game 1
============================================
B>> boardsize 9
B<< = 
B<< 
B>> clear_board
B<< = 
B<< 
W>> boardsize 9
W<< = 
W<< 
W>> clear_board
W<< = 
W<< 
B>> genmove b
B<< 42531-
B<< = A4
B<< 
W>> play B A4
W<< = 
W<< 
W>> genmove w
W<< 22727-
W<< = F8
W<< 
B>> play W F8
B<< = 
B<< 
B>> genmove b
B<< 42094-
B<< = J6
B<< 
W>> play B J6
W<< = 
W<< 
W>> genmove w
W<< 22469-
W<< = B8
W<< 
B>> play W B8
B<< = 
B<< 
B>> genmove b
B<< 40841-
B<< = E7
B<< 
W>> play B E7
W<< = 
W<< 
W>> genmove w
W<< 22133-
W<< = J3
W<< 
B>> play W J3
B<< = 
B<< 
B>> genmove b
B<< 40400-
B<< = J9
B<< 
W>> play B J9
W<< = 
W<< 
W>> genmove w
W<< 21859-
W<< = E9
W<< 
B>> play W E9
B<< = 
B<< 
B>> genmove b
B<< 39521-
B<< = C7
B<< 
W>> play B C7
W<< = 
W<< 
W>> genmove w
W<< 21552-
W<< = C9
W<< 
B>> play W C9
B<< = 
B<< 
B>> genmove b
B<< 37951-
B<< = D8
B<< 
W>> play B D8
W<< = 
W<< 
W>> genmove w
W<< 21117-
W<< = A7
W<< 
B>> play W A7
B<< = 
B<< 
B>> genmove b
B<< 37514-
B<< = J4
B<< 
W>> play B J4
W<< = 
W<< 
W>> genmove w
W<< 21271-
W<< = G9
W<< 
B>> play W G9
B<< = 
B<< 
B>> genmove b
B<< 36391-
B<< = G7
B<< 
W>> play B G7
W<< = 
W<< 
W>> genmove w
W<< 20769-
W<< = C6
W<< 
B>> play W C6
B<< = 
B<< 
B>> genmove b
B<< 35669-
B<< = A6
B<< 
W>> play B A6
W<< = 
W<< 
W>> genmove w
W<< 21652-
W<< = A9
W<< 
B>> play W A9
B<< = 
B<< 
B>> genmove b
B<< 34328-
B<< = H5
B<< 
W>> play B H5
W<< = 
W<< 
W>> genmove w
W<< 20396-
W<< = B7
W<< 
B>> play W B7
B<< = 
B<< 
B>> genmove b
B<< 34463-
B<< = D9
B<< 
W>> play B D9
W<< = 
W<< 
W>> genmove w
W<< 21193-
W<< = J7
W<< 
B>> play W J7
B<< = 
B<< 
B>> genmove b
B<< 35679-
B<< = H8
B<< 
W>> play B H8
W<< = 
W<< 
W>> genmove w
W<< 21846-
W<< = F7
W<< 
B>> play W F7
B<< = 
B<< 
B>> genmove b
B<< 36306-
B<< = B5
B<< 
W>> play B B5
W<< = 
W<< 
W>> genmove w
W<< 21857-
W<< = G6
W<< 
B>> play W G6
B<< = 
B<< 
B>> genmove b
B<< 34874-
B<< = H7
B<< 
W>> play B H7
W<< = 
W<< 
W>> genmove w
W<< 21759-
W<< = C1
W<< 
B>> play W C1
B<< = 
B<< 
B>> genmove b
B<< 35471-
B<< = G4
B<< 
W>> play B G4
W<< = 
W<< 
W>> genmove w
W<< 21564-
W<< = H4
W<< 
B>> play W H4
B<< = 
B<< 
B>> genmove b
B<< 34520-
B<< = A2
B<< 
W>> play B A2
W<< = 
W<< 
W>> genmove w
W<< 22106-
W<< = A3
W<< 
B>> play W A3
B<< = 
B<< 
B>> genmove b
B<< 35333-
B<< = C4
B<< 
W>> play B C4
W<< = 
W<< 
W>> genmove w
W<< 21945-
W<< = J1
W<< 
B>> play W J1
B<< = 
B<< 
B>> genmove b
B<< 34008-
B<< = B6
B<< 
W>> play B B6
W<< = 
W<< 
W>> genmove w
W<< 21830-
W<< = B2
W<< 
B>> play W B2
B<< = 
B<< 
B>> genmove b
B<< 33884-
B<< = F3
B<< 
W>> play B F3
W<< = 
W<< 
W>> genmove w
W<< 22019-
W<< = E3
W<< 
B>> play W E3
B<< = 
B<< 
B>> genmove b
B<< 33371-
B<< = H2
B<< 
W>> play B H2
W<< = 
W<< 
W>> genmove w
W<< 21053-
W<< = B1
W<< 
B>> play W B1
B<< = 
B<< 
B>> genmove b
B<< 31870-
B<< = D1
B<< 
W>> play B D1
W<< = 
W<< 
W>> genmove w
W<< 22395-
W<< = G1
W<< 
B>> play W G1
B<< = 
B<< 
B>> genmove b
B<< 31900-
B<< = C2
B<< 
W>> play B C2
W<< = 
W<< 
W>> genmove w
W<< 22979-
W<< = H6
W<< 
B>> play W H6
B<< = 
B<< 
B>> genmove b
B<< 32360-
B<< = C8
B<< 
W>> play B C8
W<< = 
W<< 
W>> genmove w
W<< 22549-
W<< = B4
W<< 
B>> play W B4
B<< = 
B<< 
B>> genmove b
B<< 31501-
B<< = E8
B<< 
W>> play B E8
W<< = 
W<< 
W>> genmove w
W<< 25563-
W<< = E1
W<< 
B>> play W E1
B<< = 
B<< 
B>> genmove b
B<< 32606-
B<< = D3
B<< 
W>> play B D3
W<< = 
W<< 
W>> genmove w
W<< 27066-
W<< = F2
W<< 
B>> play W F2
B<< = 
B<< 
B>> genmove b
B<< 29354-
B<< = C3
B<< 
W>> play B C3
W<< = 
W<< 
W>> genmove w
W<< 25862-
W<< = H9
W<< 
B>> play W H9
B<< = 
B<< 
B>> genmove b
B<< 35688-
B<< = G8
B<< 
W>> play B G8
W<< = 
W<< 
W>> genmove w
W<< 38585-
W<< = G2
W<< 
B>> play W G2
B<< = 
B<< 
B>> genmove b
B<< 95791-
B<< = G3
B<< 
W>> play B G3
W<< = 
W<< 
W>> genmove w
W<< 103445-
W<< = A8
W<< 
B>> play W A8
B<< = 
B<< 
B>> genmove b
B<< 128964-
B<< = J2
B<< 
W>> play B J2
W<< = 
W<< 
W>> genmove w
W<< 143667-
W<< = H1
W<< 
B>> play W H1
B<< = 
B<< 
B>> genmove b
B<< 155664-
B<< = D2
B<< 
W>> play B D2
W<< = 
W<< 
W>> genmove w
W<< 188223-
W<< = F1
W<< 
B>> play W F1
B<< = 
B<< 
B>> genmove b
B<< 240127-
B<< = A5
B<< 
W>> play B A5
W<< = 
W<< 
W>> genmove w
W<< 328044-
W<< = B3
W<< 
B>> play W B3
B<< = 
B<< 
B>> genmove b
B<< 573777-
B<< = J5
B<< 
W>> play B J5
W<< = 
W<< 
W>> genmove w
W<< 1431106-
W<< = resign
W<< 
============================================
Game 2
============================================
B>> boardsize 9
B<< = 
B<< 
B>> clear_board
B<< = 
B<< 
W>> boardsize 9
W<< = 
W<< 
W>> clear_board
W<< = 
W<< 
B>> genmove b
B<< 42593-
B<< = C9
B<< 
W>> play B C9
W<< = 
W<< 
W>> genmove w
W<< 22834-
W<< = D3
W<< 
B>> play W D3
B<< = 
B<< 
B>> genmove b
B<< 42190-
B<< = A7
B<< 
W>> play B A7
W<< = 
W<< 
W>> genmove w
W<< 22449-
W<< = G4
W<< 
B>> play W G4
B<< = 
B<< 
B>> genmove b
B<< 40926-
B<< = J4
B<< 
W>> play B J4
W<< = 
W<< 
W>> genmove w
W<< 21869-
W<< = E2
W<< 
B>> play W E2
B<< = 
B<< 
B>> genmove b
B<< 39312-
B<< = A4
B<< 
W>> play B A4
W<< = 
W<< 
W>> genmove w
W<< 21360-
W<< = A9
W<< 
B>> play W A9
B<< = 
B<< 
B>> genmove b
B<< 38979-
B<< = E3
B<< 
W>> play B E3
W<< = 
W<< 
W>> genmove w
W<< 22240-
W<< = H2
W<< 
B>> play W H2
B<< = 
B<< 
B>> genmove b
B<< 38919-
B<< = G6
B<< 
W>> play B G6
W<< = 
W<< 
W>> genmove w
W<< 22112-
W<< = J1
W<< 
B>> play W J1
B<< = 
B<< 
B>> genmove b
B<< 37974-
B<< = G1
B<< 
W>> play B G1
W<< = 
W<< 
W>> genmove w
W<< 21487-
W<< = A1
W<< 
B>> play W A1
B<< = 
B<< 
B>> genmove b
B<< 38077-
B<< = J2
B<< 
W>> play B J2
W<< = 
W<< 
W>> genmove w
W<< 21876-
W<< = G9
W<< 
B>> play W G9
B<< = 
B<< 
B>> genmove b
B<< 37555-
B<< = J9
B<< 
W>> play B J9
W<< = 
W<< 
W>> genmove w
W<< 21898-
W<< = F7
W<< 
B>> play W F7
B<< = 
B<< 
B>> genmove b
B<< 36670-
B<< = H3
B<< 
W>> play B H3
W<< = 
W<< 
W>> genmove w
W<< 21201-
W<< = G3
W<< 
B>> play W G3
B<< = 
B<< 
B>> genmove b
B<< 35937-
B<< = J7
B<< 
W>> play B J7
W<< = 
W<< 
W>> genmove w
W<< 21841-
W<< = J5
W<< 
B>> play W J5
B<< = 
B<< 
B>> genmove b
B<< 36596-
B<< = H5
B<< 
W>> play B H5
W<< = 
W<< 
W>> genmove w
W<< 21128-
W<< = H4
W<< 
B>> play W H4
B<< = 
B<< 
B>> genmove b
B<< 36627-
B<< = H8
B<< 
W>> play B H8
W<< = 
W<< 
W>> genmove w
W<< 21916-
W<< = C1
W<< 
B>> play W C1
B<< = 
B<< 
B>> genmove b
B<< 34083-
B<< = B6
B<< 
W>> play B B6
W<< = 
W<< 
W>> genmove w
W<< 20790-
W<< = A6
W<< 
B>> play W A6
B<< = 
B<< 
B>> genmove b
B<< 35039-
B<< = C5
B<< 
W>> play B C5
W<< = 
W<< 
W>> genmove w
W<< 21937-
W<< = C6
W<< 
B>> play W C6
B<< = 
B<< 
B>> genmove b
B<< 34471-
B<< = H6
B<< 
W>> play B H6
W<< = 
W<< 
W>> genmove w
W<< 20996-
W<< = H7
W<< 
B>> play W H7
B<< = 
B<< 
B>> genmove b
B<< 35614-
B<< = E7
B<< 
W>> play B E7
W<< = 
W<< 
W>> genmove w
W<< 22671-
W<< = E9
W<< 
B>> play W E9
B<< = 
B<< 
B>> genmove b
B<< 34602-
B<< = F8
B<< 
W>> play B F8
W<< = 
W<< 
W>> genmove w
W<< 22176-
W<< = F1
W<< 
B>> play W F1
B<< = 
B<< 
B>> genmove b
B<< 34311-
B<< = G8
B<< 
W>> play B G8
W<< = 
W<< 
W>> genmove w
W<< 22380-
W<< = D1
W<< 
B>> play W D1
B<< = 
B<< 
B>> genmove b
B<< 32236-
B<< = D2
B<< 
W>> play B D2
W<< = 
W<< 
W>> genmove w
W<< 22598-
W<< = C4
W<< 
B>> play W C4
B<< = 
B<< 
B>> genmove b
B<< 33102-
B<< = F9
B<< 
W>> play B F9
W<< = 
W<< 
W>> genmove w
W<< 22531-
W<< = F2
W<< 
B>> play W F2
B<< = 
B<< 
B>> genmove b
B<< 33298-
B<< = B1
B<< 
W>> play B B1
W<< = 
W<< 
W>> genmove w
W<< 24012-
W<< = B3
W<< 
B>> play W B3
B<< = 
B<< 
B>> genmove b
B<< 32245-
B<< = B8
B<< 
W>> play B B8
W<< = 
W<< 
W>> genmove w
W<< 25076-
W<< = D8
W<< 
B>> play W D8
B<< = 
B<< 
B>> genmove b
B<< 30820-
B<< = A3
B<< 
W>> play B A3
W<< = 
W<< 
W>> genmove w
W<< 22205-
W<< = A2
W<< 
B>> play W A2
B<< = 
B<< 
B>> genmove b
B<< 29567-
B<< = G2
B<< 
W>> play B G2
W<< = 
W<< 
W>> genmove w
W<< 25259-
W<< = D7
W<< 
B>> play W D7
B<< = 
B<< 
B>> genmove b
B<< 28151-
B<< = B5
B<< 
W>> play B B5
W<< = 
W<< 
W>> genmove w
W<< 28304-
W<< = G5
W<< 
B>> play W G5
B<< = 
B<< 
B>> genmove b
B<< 27210-
B<< = C2
B<< 
W>> play B C2
W<< = 
W<< 
W>> genmove w
W<< 51746-
W<< = C8
W<< 
B>> play W C8
B<< = 
B<< 
B>> genmove b
B<< 57870-
B<< = B9
B<< 
W>> play B B9
W<< = 
W<< 
W>> genmove w
W<< 112559-
W<< = B4
W<< 
B>> play W B4
B<< = 
B<< 
B>> genmove b
B<< 148610-
B<< = E8
B<< 
W>> play B E8
W<< = 
W<< 
W>> genmove w
W<< 198044-
W<< = C3
W<< 
B>> play W C3
B<< = 
B<< 
B>> genmove b
B<< 202935-
B<< = B7
B<< 
W>> play B B7
W<< = 
W<< 
W>> genmove w
W<< 240868-
W<< = D9
W<< 
B>> play W D9
B<< = 
B<< 
B>> genmove b
B<< 343083-
B<< = J8
B<< 
W>> play B J8
W<< = 
W<< 
W>> genmove w
W<< 604360-
W<< = E1
W<< 
B>> play W E1
B<< = 
B<< 
B>> genmove b
B<< 1436880-
B<< = resign
B<< 
============================================
Game 3
============================================
B>> boardsize 9
B<< = 
B<< 
B>> clear_board
B<< = 
B<< 
W>> boardsize 9
W<< = 
W<< 
W>> clear_board
W<< = 
W<< 
B>> genmove b
B<< 42162-
B<< = G6
B<< 
W>> play B G6
W<< = 
W<< 
W>> genmove w
W<< 22220-
W<< = A9
W<< 
B>> play W A9
B<< = 
B<< 
B>> genmove b
B<< 41111-
B<< = G3
B<< 
W>> play B G3
W<< = 
W<< 
W>> genmove w
W<< 21939-
W<< = J7
W<< 
B>> play W J7
B<< = 
B<< 
B>> genmove b
B<< 40574-
B<< = H5
B<< 
W>> play B H5
W<< = 
W<< 
W>> genmove w
W<< 22172-
W<< = G4
W<< 
B>> play W G4
B<< = 
B<< 
B>> genmove b
B<< 40325-
B<< = A6
B<< 
W>> play B A6
W<< = 
W<< 
W>> genmove w
W<< 21928-
W<< = E7
W<< 
B>> play W E7
B<< = 
B<< 
B>> genmove b
B<< 39894-
B<< = A1
B<< 
W>> play B A1
W<< = 
W<< 
W>> genmove w
W<< 22279-
W<< = G8
W<< 
B>> play W G8
B<< = 
B<< 
B>> genmove b
B<< 38576-
B<< = C4
B<< 
W>> play B C4
W<< = 
W<< 
W>> genmove w
W<< 21416-
W<< = C5
W<< 
B>> play W C5
B<< = 
B<< 
B>> genmove b
B<< 38287-
B<< = F9
B<< 
W>> play B F9
W<< = 
W<< 
W>> genmove w
W<< 21277-
W<< = D1
W<< 
B>> play W D1
B<< = 
B<< 
B>> genmove b
B<< 37589-
B<< = J2
B<< 
W>> play B J2
W<< = 
W<< 
W>> genmove w
W<< 21831-
W<< = J1
W<< 
B>> play W J1
B<< = 
B<< 
B>> genmove b
B<< 37424-
B<< = F7
B<< 
W>> play B F7
W<< = 
W<< 
W>> genmove w
W<< 21413-
W<< = C9
W<< 
B>> play W C9
B<< = 
B<< 
B>> genmove b
B<< 36869-
B<< = G1
B<< 
W>> play B G1
W<< = 
W<< 
W>> genmove w
W<< 21211-
W<< = J5
W<< 
B>> play W J5
B<< = 
B<< 
B>> genmove b
B<< 36403-
B<< = F2
B<< 
W>> play B F2
W<< = 
W<< 
W>> genmove w
W<< 20636-
W<< = A7
W<< 
B>> play W A7
B<< = 
B<< 
B>> genmove b
B<< 34080-
B<< = H2
B<< 
W>> play B H2
W<< = 
W<< 
W>> genmove w
W<< 21175-
W<< = F3
W<< 
B>> play W F3
B<< = 
B<< 
B>> genmove b
B<< 34051-
B<< = E1
B<< 
W>> play B E1
W<< = 
W<< 
W>> genmove w
W<< 21003-
W<< = H6
W<< 
B>> play W H6
B<< = 
B<< 
B>> genmove b
B<< 33979-
B<< = J8
B<< 
W>> play B J8
W<< = 
W<< 
W>> genmove w
W<< 20705-
W<< = B8
W<< 
B>> play W B8
B<< = 
B<< 
B>> genmove b
B<< 33147-
B<< = J4
B<< 
W>> play B J4
W<< = 
W<< 
W>> genmove w
W<< 20882-
W<< = J3
W<< 
B>> play W J3
B<< = 
B<< 
B>> genmove b
B<< 33408-
B<< = H7
B<< 
W>> play B H7
W<< = 
W<< 
W>> genmove w
W<< 21494-
W<< = G5
W<< 
B>> play W G5
B<< = 
B<< 
B>> genmove b
B<< 33404-
B<< = D9
B<< 
W>> play B D9
W<< = 
W<< 
W>> genmove w
W<< 21852-
W<< = J9
W<< 
B>> play W J9
B<< = 
B<< 
B>> genmove b
B<< 34063-
B<< = C8
B<< 
W>> play B C8
W<< = 
W<< 
W>> genmove w
W<< 21274-
W<< = B7
W<< 
B>> play W B7
B<< = 
B<< 
B>> genmove b
B<< 32273-
B<< = A4
B<< 
W>> play B A4
W<< = 
W<< 
W>> genmove w
W<< 19572-
W<< = A3
W<< 
B>> play W A3
B<< = 
B<< 
B>> genmove b
B<< 32082-
B<< = D3
B<< 
W>> play B D3
W<< = 
W<< 
W>> genmove w
W<< 20620-
W<< = B4
W<< 
B>> play W B4
B<< = 
B<< 
B>> genmove b
B<< 31837-
B<< = B6
B<< 
W>> play B B6
W<< = 
W<< 
W>> genmove w
W<< 20927-
W<< = C7
W<< 
B>> play W C7
B<< = 
B<< 
B>> genmove b
B<< 29886-
B<< = E2
B<< 
W>> play B E2
W<< = 
W<< 
W>> genmove w
W<< 19862-
W<< = B5
W<< 
B>> play W B5
B<< = 
B<< 
B>> genmove b
B<< 29126-
B<< = C1
B<< 
W>> play B C1
W<< = 
W<< 
W>> genmove w
W<< 20357-
W<< = D2
W<< 
B>> play W D2
B<< = 
B<< 
B>> genmove b
B<< 30091-
B<< = C6
B<< 
W>> play B C6
W<< = 
W<< 
W>> genmove w
W<< 22331-
W<< = G9
W<< 
B>> play W G9
B<< = 
B<< 
B>> genmove b
B<< 29414-
B<< = E8
B<< 
W>> play B E8
W<< = 
W<< 
W>> genmove w
W<< 22075-
W<< = F8
W<< 
B>> play W F8
B<< = 
B<< 
B>> genmove b
B<< 29437-
B<< = D8
B<< 
W>> play B D8
W<< = 
W<< 
W>> genmove w
W<< 25919-
W<< = B3
W<< 
B>> play W B3
B<< = 
B<< 
B>> genmove b
B<< 26853-
B<< = A2
B<< 
W>> play B A2
W<< = 
W<< 
W>> genmove w
W<< 25030-
W<< = A8
W<< 
B>> play W A8
B<< = 
B<< 
B>> genmove b
B<< 37190-
B<< = B1
B<< 
W>> play B B1
W<< = 
W<< 
W>> genmove w
W<< 37869-
W<< = C2
W<< 
B>> play W C2
B<< = 
B<< 
B>> genmove b
B<< 95820-
B<< = E9
B<< 
W>> play B E9
W<< = 
W<< 
W>> genmove w
W<< 133027-
W<< = B9
W<< 
B>> play W B9
B<< = 
B<< 
B>> genmove b
B<< 151686-
B<< = G7
B<< 
W>> play B G7
W<< = 
W<< 
W>> genmove w
W<< 211032-
W<< = H3
W<< 
B>> play W H3
B<< = 
B<< 
B>> genmove b
B<< 265835-
B<< = H8
B<< 
W>> play B H8
W<< = 
W<< 
W>> genmove w
W<< 1724152-
W<< = resign
W<< 
============================================
Game 4
============================================
B>> boardsize 9
B<< = 
B<< 
B>> clear_board
B<< = 
B<< 
W>> boardsize 9
W<< = 
W<< 
W>> clear_board
W<< = 
W<< 
B>> genmove b
B<< 43195-
B<< = C1
B<< 
W>> play B C1
W<< = 
W<< 
W>> genmove w
W<< 22031-
W<< = H1
W<< 
B>> play W H1
B<< = 
B<< 
B>> genmove b
B<< 41780-
B<< = C5
B<< 
W>> play B C5
W<< = 
W<< 
W>> genmove w
W<< 21963-
W<< = G9
W<< 
B>> play W G9
B<< = 
B<< 
B>> genmove b
B<< 40813-
B<< = J3
B<< 
W>> play B J3
W<< = 
W<< 
W>> genmove w
W<< 22023-
W<< = A8
W<< 
B>> play W A8
B<< = 
B<< 
B>> genmove b
B<< 40400-
B<< = A9
B<< 
W>> play B A9
W<< = 
W<< 
W>> genmove w
W<< 21143-
W<< = D9
W<< 
B>> play W D9
B<< = 
B<< 
B>> genmove b
B<< 39615-
B<< = E3
B<< 
W>> play B E3
W<< = 
W<< 
W>> genmove w
W<< 21315-
W<< = A2
W<< 
B>> play W A2
B<< = 
B<< 
B>> genmove b
B<< 38694-
B<< = J9
B<< 
W>> play B J9
W<< = 
W<< 
W>> genmove w
W<< 21352-
W<< = D1
W<< 
B>> play W D1
B<< = 
B<< 
B>> genmove b
B<< 38338-
B<< = D7
B<< 
W>> play B D7
W<< = 
W<< 
W>> genmove w
W<< 21248-
W<< = H7
W<< 
B>> play W H7
B<< = 
B<< 
B>> genmove b
B<< 37507-
B<< = G4
B<< 
W>> play B G4
W<< = 
W<< 
W>> genmove w
W<< 21080-
W<< = J2
W<< 
B>> play W J2
B<< = 
B<< 
B>> genmove b
B<< 36874-
B<< = G1
B<< 
W>> play B G1
W<< = 
W<< 
W>> genmove w
W<< 21378-
W<< = J8
W<< 
B>> play W J8
B<< = 
B<< 
B>> genmove b
B<< 36979-
B<< = J7
B<< 
W>> play B J7
W<< = 
W<< 
W>> genmove w
W<< 20608-
W<< = C4
W<< 
B>> play W C4
B<< = 
B<< 
B>> genmove b
B<< 37158-
B<< = H2
B<< 
W>> play B H2
W<< = 
W<< 
W>> genmove w
W<< 21442-
W<< = G5
W<< 
B>> play W G5
B<< = 
B<< 
B>> genmove b
B<< 37818-
B<< = F9
B<< 
W>> play B F9
W<< = 
W<< 
W>> genmove w
W<< 21805-
W<< = B1
W<< 
B>> play W B1
B<< = 
B<< 
B>> genmove b
B<< 38013-
B<< = A3
B<< 
W>> play B A3
W<< = 
W<< 
W>> genmove w
W<< 21942-
W<< = G7
W<< 
B>> play W G7
B<< = 
B<< 
B>> genmove b
B<< 36646-
B<< = G6
B<< 
W>> play B G6
W<< = 
W<< 
W>> genmove w
W<< 22067-
W<< = E7
W<< 
B>> play W E7
B<< = 
B<< 
B>> genmove b
B<< 36428-
B<< = B2
B<< 
W>> play B B2
W<< = 
W<< 
W>> genmove w
W<< 21677-
W<< = F8
W<< 
B>> play W F8
B<< = 
B<< 
B>> genmove b
B<< 37671-
B<< = G8
B<< 
W>> play B G8
W<< = 
W<< 
W>> genmove w
W<< 23414-
W<< = J4
W<< 
B>> play W J4
B<< = 
B<< 
B>> genmove b
B<< 37832-
B<< = A7
B<< 
W>> play B A7
W<< = 
W<< 
W>> genmove w
W<< 23276-
W<< = C9
W<< 
B>> play W C9
B<< = 
B<< 
B>> genmove b
B<< 36582-
B<< = C3
B<< 
W>> play B C3
W<< = 
W<< 
W>> genmove w
W<< 22677-
W<< = D2
W<< 
B>> play W D2
B<< = 
B<< 
B>> genmove b
B<< 36549-
B<< = A5
B<< 
W>> play B A5
W<< = 
W<< 
W>> genmove w
W<< 22858-
W<< = A6
W<< 
B>> play W A6
B<< = 
B<< 
B>> genmove b
B<< 35270-
B<< = E1
B<< 
W>> play B E1
W<< = 
W<< 
W>> genmove w
W<< 22161-
W<< = G2
W<< 
B>> play W G2
B<< = 
B<< 
B>> genmove b
B<< 35144-
B<< = C8
B<< 
W>> play B C8
W<< = 
W<< 
W>> genmove w
W<< 25020-
W<< = B3
W<< 
B>> play W B3
B<< = 
B<< 
B>> genmove b
B<< 35862-
B<< = D3
B<< 
W>> play B D3
W<< = 
W<< 
W>> genmove w
W<< 25403-
W<< = B8
W<< 
B>> play W B8
B<< = 
B<< 
B>> genmove b
B<< 35190-
B<< = F3
B<< 
W>> play B F3
W<< = 
W<< 
W>> genmove w
W<< 24616-
W<< = C7
W<< 
B>> play W C7
B<< = 
B<< 
B>> genmove b
B<< 33333-
B<< = D8
B<< 
W>> play B D8
W<< = 
W<< 
W>> genmove w
W<< 26526-
W<< = E2
W<< 
B>> play W E2
B<< = 
B<< 
B>> genmove b
B<< 33080-
B<< = B5
B<< 
W>> play B B5
W<< = 
W<< 
W>> genmove w
W<< 27436-
W<< = F2
W<< 
B>> play W F2
B<< = 
B<< 
B>> genmove b
B<< 32131-
B<< = G3
B<< 
W>> play B G3
W<< = 
W<< 
W>> genmove w
W<< 29246-
W<< = C6
W<< 
B>> play W C6
B<< = 
B<< 
B>> genmove b
B<< 65666-
B<< = A4
B<< 
W>> play B A4
W<< = 
W<< 
W>> genmove w
W<< 68440-
W<< = H5
W<< 
B>> play W H5
B<< = 
B<< 
B>> genmove b
B<< 113357-
B<< = B7
B<< 
W>> play B B7
W<< = 
W<< 
W>> genmove w
W<< 161449-
W<< = J5
W<< 
B>> play W J5
B<< = 
B<< 
B>> genmove b
B<< 166985-
B<< = J6
B<< 
W>> play B J6
W<< = 
W<< 
W>> genmove w
W<< 205419-
W<< = F7
W<< 
B>> play W F7
B<< = 
B<< 
B>> genmove b
B<< 233927-
B<< = H4
B<< 
W>> play B H4
W<< = 
W<< 
W>> genmove w
W<< 1976168-
W<< = resign
W<< 
============================================
Game 5
============================================
B>> boardsize 9
B<< = 
B<< 
B>> clear_board
B<< = 
B<< 
W>> boardsize 9
W<< = 
W<< 
W>> clear_board
W<< = 
W<< 
B>> genmove b
B<< 43472-
B<< = B1
B<< 
W>> play B B1
W<< = 
W<< 
W>> genmove w
W<< 22287-
W<< = J5
W<< 
B>> play W J5
B<< = 
B<< 
B>> genmove b
B<< 42441-
B<< = A3
B<< 
W>> play B A3
W<< = 
W<< 
W>> genmove w
W<< 21572-
W<< = J9
W<< 
B>> play W J9
B<< = 
B<< 
B>> genmove b
B<< 41534-
B<< = G5
B<< 
W>> play B G5
W<< = 
W<< 
W>> genmove w
W<< 21219-
W<< = B7
W<< 
B>> play W B7
B<< = 
B<< 
B>> genmove b
B<< 40831-
B<< = C7
B<< 
W>> play B C7
W<< = 
W<< 
W>> genmove w
W<< 21676-
W<< = A8
W<< 
B>> play W A8
B<< = 
B<< 
B>> genmove b
B<< 39975-
B<< = A7
B<< 
W>> play B A7
W<< = 
W<< 
W>> genmove w
W<< 21201-
W<< = B9
W<< 
B>> play W B9
B<< = 
B<< 
B>> genmove b
B<< 39804-
B<< = J3
B<< 
W>> play B J3
W<< = 
W<< 
W>> genmove w
W<< 20777-
W<< = A5
W<< 
B>> play W A5
B<< = 
B<< 
B>> genmove b
B<< 39770-
B<< = D9
B<< 
W>> play B D9
W<< = 
W<< 
W>> genmove w
W<< 21586-
W<< = E9
W<< 
B>> play W E9
B<< = 
B<< 
B>> genmove b
B<< 39228-
B<< = C5
B<< 
W>> play B C5
W<< = 
W<< 
W>> genmove w
W<< 20730-
W<< = H1
W<< 
B>> play W H1
B<< = 
B<< 
B>> genmove b
B<< 37856-
B<< = B8
B<< 
W>> play B B8
W<< = 
W<< 
W>> genmove w
W<< 20912-
W<< = C1
W<< 
B>> play W C1
B<< = 
B<< 
B>> genmove b
B<< 38743-
B<< = J1
B<< 
W>> play B J1
W<< = 
W<< 
W>> genmove w
W<< 21744-
W<< = A1
W<< 
B>> play W A1
B<< = 
B<< 
B>> genmove b
B<< 38472-
B<< = C9
B<< 
W>> play B C9
W<< = 
W<< 
W>> genmove w
W<< 21220-
W<< = H7
W<< 
B>> play W H7
B<< = 
B<< 
B>> genmove b
B<< 36912-
B<< = F7
B<< 
W>> play B F7
W<< = 
W<< 
W>> genmove w
W<< 21276-
W<< = D7
W<< 
B>> play W D7
B<< = 
B<< 
B>> genmove b
B<< 37569-
B<< = F3
B<< 
W>> play B F3
W<< = 
W<< 
W>> genmove w
W<< 21680-
W<< = F1
W<< 
B>> play W F1
B<< = 
B<< 
B>> genmove b
B<< 36497-
B<< = E1
B<< 
W>> play B E1
W<< = 
W<< 
W>> genmove w
W<< 21552-
W<< = G2
W<< 
B>> play W G2
B<< = 
B<< 
B>> genmove b
B<< 35963-
B<< = F9
B<< 
W>> play B F9
W<< = 
W<< 
W>> genmove w
W<< 21820-
W<< = G4
W<< 
B>> play W G4
B<< = 
B<< 
B>> genmove b
B<< 35165-
B<< = H2
B<< 
W>> play B H2
W<< = 
W<< 
W>> genmove w
W<< 21951-
W<< = H4
W<< 
B>> play W H4
B<< = 
B<< 
B>> genmove b
B<< 35832-
B<< = G3
B<< 
W>> play B G3
W<< = 
W<< 
W>> genmove w
W<< 21802-
W<< = G6
W<< 
B>> play W G6
B<< = 
B<< 
B>> genmove b
B<< 35821-
B<< = F2
B<< 
W>> play B F2
W<< = 
W<< 
W>> genmove w
W<< 22343-
W<< = H8
W<< 
B>> play W H8
B<< = 
B<< 
B>> genmove b
B<< 35087-
B<< = J8
B<< 
W>> play B J8
W<< = 
W<< 
W>> genmove w
W<< 21554-
W<< = J6
W<< 
B>> play W J6
B<< = 
B<< 
B>> genmove b
B<< 33966-
B<< = D3
B<< 
W>> play B D3
W<< = 
W<< 
W>> genmove w
W<< 22411-
W<< = E3
W<< 
B>> play W E3
B<< = 
B<< 
B>> genmove b
B<< 33310-
B<< = C4
B<< 
W>> play B C4
W<< = 
W<< 
W>> genmove w
W<< 21750-
W<< = H3
W<< 
B>> play W H3
B<< = 
B<< 
B>> genmove b
B<< 32686-
B<< = G9
B<< 
W>> play B G9
W<< = 
W<< 
W>> genmove w
W<< 22301-
W<< = C6
W<< 
B>> play W C6
B<< = 
B<< 
B>> genmove b
B<< 32979-
B<< = C8
B<< 
W>> play B C8
W<< = 
W<< 
W>> genmove w
W<< 23357-
W<< = J4
W<< 
B>> play W J4
B<< = 
B<< 
B>> genmove b
B<< 32016-
B<< = H5
B<< 
W>> play B H5
W<< = 
W<< 
W>> genmove w
W<< 25531-
W<< = G8
W<< 
B>> play W G8
B<< = 
B<< 
B>> genmove b
B<< 32136-
B<< = G7
B<< 
W>> play B G7
W<< = 
W<< 
W>> genmove w
W<< 26253-
W<< = A4
W<< 
B>> play W A4
B<< = 
B<< 
B>> genmove b
B<< 31548-
B<< = F8
B<< 
W>> play B F8
W<< = 
W<< 
W>> genmove w
W<< 37088-
W<< = B4
W<< 
B>> play W B4
B<< = 
B<< 
B>> genmove b
B<< 34951-
B<< = B2
B<< 
W>> play B B2
W<< = 
W<< 
W>> genmove w
W<< 85070-
W<< = D1
W<< 
B>> play W D1
B<< = 
B<< 
B>> genmove b
B<< 81869-
B<< = A6
B<< 
W>> play B A6
W<< = 
W<< 
W>> genmove w
W<< 134234-
W<< = B3
W<< 
B>> play W B3
B<< = 
B<< 
B>> genmove b
B<< 144537-
B<< = B5
B<< 
W>> play B B5
W<< = 
W<< 
W>> genmove w
W<< 181968-
W<< = E7
W<< 
B>> play W E7
B<< = 
B<< 
B>> genmove b
B<< 219231-
B<< = C2
B<< 
W>> play B C2
W<< = 
W<< 
W>> genmove w
W<< 305875-
W<< = D2
W<< 
B>> play W D2
B<< = 
B<< 
B>> genmove b
B<< 319748-
B<< = D8
B<< 
W>> play B D8
W<< = 
W<< 
W>> genmove w
W<< 521907-
W<< = H9
W<< 
B>> play W H9
B<< = 
B<< 
B>> genmove b
B<< 1460528-
B<< = resign
B<< 
============================================
Game 6
============================================
B>> boardsize 9
B<< = 
B<< 
B>> clear_board
B<< = 
B<< 
W>> boardsize 9
W<< = 
W<< 
W>> clear_board
W<< = 
W<< 
B>> genmove b
B<< 42969-
B<< = J2
B<< 
W>> play B J2
W<< = 
W<< 
W>> genmove w
W<< 21775-
W<< = E7
W<< 
B>> play W E7
B<< = 
B<< 
B>> genmove b
B<< 42329-
B<< = A9
B<< 
W>> play B A9
W<< = 
W<< 
W>> genmove w
W<< 21524-
W<< = B1
W<< 
B>> play W B1
B<< = 
B<< 
B>> genmove b
B<< 41771-
B<< = B3
B<< 
W>> play B B3
W<< = 
W<< 
W>> genmove w
W<< 21593-
W<< = J9
W<< 
B>> play W J9
B<< = 
B<< 
B>> genmove b
B<< 40062-
B<< = F1
B<< 
W>> play B F1
W<< = 
W<< 
W>> genmove w
W<< 21350-
W<< = C7
W<< 
B>> play W C7
B<< = 
B<< 
B>> genmove b
B<< 39399-
B<< = G6
B<< 
W>> play B G6
W<< = 
W<< 
W>> genmove w
W<< 20454-
W<< = C9
W<< 
B>> play W C9
B<< = 
B<< 
B>> genmove b
B<< 36822-
B<< = C5
B<< 
W>> play B C5
W<< = 
W<< 
W>> genmove w
W<< 20234-
W<< = D8
W<< 
B>> play W D8
B<< = 
B<< 
B>> genmove b
B<< 36097-
B<< = H1
B<< 
W>> play B H1
W<< = 
W<< 
W>> genmove w
W<< 20263-
W<< = H2
W<< 
B>> play W H2
B<< = 
B<< 
B>> genmove b
B<< 36251-
B<< = A6
B<< 
W>> play B A6
W<< = 
W<< 
W>> genmove w
W<< 19452-
W<< = E9
W<< 
B>> play W E9
B<< = 
B<< 
B>> genmove b
B<< 34561-
B<< = E8
B<< 
W>> play B E8
W<< = 
W<< 
W>> genmove w
W<< 20106-
W<< = B8
W<< 
B>> play W B8
B<< = 
B<< 
B>> genmove b
B<< 33507-
B<< = A4
B<< 
W>> play B A4
W<< = 
W<< 
W>> genmove w
W<< 19024-
W<< = A7
W<< 
B>> play W A7
B<< = 
B<< 
B>> genmove b
B<< 33029-
B<< = A2
B<< 
W>> play B A2
W<< = 
W<< 
W>> genmove w
W<< 19084-
W<< = G1
W<< 
B>> play W G1
B<< = 
B<< 
B>> genmove b
B<< 33429-
B<< = G4
B<< 
W>> play B G4
W<< = 
W<< 
W>> genmove w
W<< 19237-
W<< = J3
W<< 
B>> play W J3
B<< = 
B<< 
B>> genmove b
B<< 32108-
B<< = H5
B<< 
W>> play B H5
W<< = 
W<< 
W>> genmove w
W<< 18791-
W<< = J6
W<< 
B>> play W J6
B<< = 
B<< 
B>> genmove b
B<< 31291-
B<< = B7
B<< 
W>> play B B7
W<< = 
W<< 
W>> genmove w
W<< 19709-
W<< = A5
W<< 
B>> play W A5
B<< = 
B<< 
B>> genmove b
B<< 32967-
B<< = D1
B<< 
W>> play B D1
W<< = 
W<< 
W>> genmove w
W<< 19653-
W<< = G7
W<< 
B>> play W G7
B<< = 
B<< 
B>> genmove b
B<< 32334-
B<< = E2
B<< 
W>> play B E2
W<< = 
W<< 
W>> genmove w
W<< 19519-
W<< = H8
W<< 
B>> play W H8
B<< = 
B<< 
B>> genmove b
B<< 31228-
B<< = D3
B<< 
W>> play B D3
W<< = 
W<< 
W>> genmove w
W<< 18817-
W<< = D2
W<< 
B>> play W D2
B<< = 
B<< 
B>> genmove b
B<< 30797-
B<< = F3
B<< 
W>> play B F3
W<< = 
W<< 
W>> genmove w
W<< 19213-
W<< = J7
W<< 
B>> play W J7
B<< = 
B<< 
B>> genmove b
B<< 29648-
B<< = H9
B<< 
W>> play B H9
W<< = 
W<< 
W>> genmove w
W<< 19032-
W<< = C4
W<< 
B>> play W C4
B<< = 
B<< 
B>> genmove b
B<< 29804-
B<< = H7
B<< 
W>> play B H7
W<< = 
W<< 
W>> genmove w
W<< 18931-
W<< = G8
W<< 
B>> play W G8
B<< = 
B<< 
B>> genmove b
B<< 28939-
B<< = B9
B<< 
W>> play B B9
W<< = 
W<< 
W>> genmove w
W<< 19480-
W<< = J5
W<< 
B>> play W J5
B<< = 
B<< 
B>> genmove b
B<< 28507-
B<< = J4
B<< 
W>> play B J4
W<< = 
W<< 
W>> genmove w
W<< 20003-
W<< = G3
W<< 
B>> play W G3
B<< = 
B<< 
B>> genmove b
B<< 30699-
B<< = G9
B<< 
W>> play B G9
W<< = 
W<< 
W>> genmove w
W<< 20865-
W<< = F2
W<< 
B>> play W F2
B<< = 
B<< 
B>> genmove b
B<< 29341-
B<< = C3
B<< 
W>> play B C3
W<< = 
W<< 
W>> genmove w
W<< 20086-
W<< = F7
W<< 
B>> play W F7
B<< = 
B<< 
B>> genmove b
B<< 26390-
B<< = C6
B<< 
W>> play B C6
W<< = 
W<< 
W>> genmove w
W<< 18845-
W<< = G2
W<< 
B>> play W G2
B<< = 
B<< 
B>> genmove b
B<< 24750-
B<< = H4
B<< 
W>> play B H4
W<< = 
W<< 
W>> genmove w
W<< 19069-
W<< = J8
W<< 
B>> play W J8
B<< = 
B<< 
B>> genmove b
B<< 24601-
B<< = B6
B<< 
W>> play B B6
W<< = 
W<< 
W>> genmove w
W<< 19940-
W<< = D9
W<< 
B>> play W D9
B<< = 
B<< 
B>> genmove b
B<< 22805-
B<< = C1
B<< 
W>> play B C1
W<< = 
W<< 
W>> genmove w
W<< 20802-
W<< = C8
W<< 
B>> play W C8
B<< = 
B<< 
B>> genmove b
B<< 23326-
B<< = E3
B<< 
W>> play B E3
W<< = 
W<< 
W>> genmove w
W<< 24440-
W<< = A1
W<< 
B>> play W A1
B<< = 
B<< 
B>> genmove b
B<< 52070-
B<< = E1
B<< 
W>> play B E1
W<< = 
W<< 
W>> genmove w
W<< 70401-
W<< = C2
W<< 
B>> play W C2
B<< = 
B<< 
B>> genmove b
B<< 85001-
B<< = G5
B<< 
W>> play B G5
W<< = 
W<< 
W>> genmove w
W<< 98396-
W<< = D7
W<< 
B>> play W D7
B<< = 
B<< 
B>> genmove b
B<< 104487-
B<< = F8
B<< 
W>> play B F8
W<< = 
W<< 
W>> genmove w
W<< 179407-
W<< = B4
W<< 
B>> play W B4
B<< = 
B<< 
B>> genmove b
B<< 252282-
B<< = H6
B<< 
W>> play B H6
W<< = 
W<< 
W>> genmove w
W<< 1238212-
W<< = resign
W<< 
============================================
Game 7
============================================
B>> boardsize 9
B<< = 
B<< 
B>> clear_board
B<< = 
B<< 
W>> boardsize 9
W<< = 
W<< 
W>> clear_board
W<< = 
W<< 
B>> genmove b
B<< 43109-
B<< = H7
B<< 
W>> play B H7
W<< = 
W<< 
W>> genmove w
W<< 22157-
W<< = J1
W<< 
B>> play W J1
B<< = 
B<< 
B>> genmove b
B<< 42228-
B<< = E3
B<< 
W>> play B E3
W<< = 
W<< 
W>> genmove w
W<< 21793-
W<< = J3
W<< 
B>> play W J3
B<< = 
B<< 
B>> genmove b
B<< 40789-
B<< = G5
B<< 
W>> play B G5
W<< = 
W<< 
W>> genmove w
W<< 21799-
W<< = J5
W<< 
B>> play W J5
B<< = 
B<< 
B>> genmove b
B<< 39780-
B<< = J6
B<< 
W>> play B J6
W<< = 
W<< 
W>> genmove w
W<< 21472-
W<< = J8
W<< 
B>> play W J8
B<< = 
B<< 
B>> genmove b
B<< 40257-
B<< = A1
B<< 
W>> play B A1
W<< = 
W<< 
W>> genmove w
W<< 20955-
W<< = F7
W<< 
B>> play W F7
B<< = 
B<< 
B>> genmove b
B<< 39235-
B<< = G3
B<< 
W>> play B G3
W<< = 
W<< 
W>> genmove w
W<< 21082-
W<< = H2
W<< 
B>> play W H2
B<< = 
B<< 
B>> genmove b
B<< 37822-
B<< = H1
B<< 
W>> play B H1
W<< = 
W<< 
W>> genmove w
W<< 20900-
W<< = H4
W<< 
B>> play W H4
B<< = 
B<< 
B>> genmove b
B<< 37978-
B<< = J9
B<< 
W>> play B J9
W<< = 
W<< 
W>> genmove w
W<< 20392-
W<< = C6
W<< 
B>> play W C6
B<< = 
B<< 
B>> genmove b
B<< 36614-
B<< = F2
B<< 
W>> play B F2
W<< = 
W<< 
W>> genmove w
W<< 20618-
W<< = G6
W<< 
B>> play W G6
B<< = 
B<< 
B>> genmove b
B<< 36152-
B<< = D2
B<< 
W>> play B D2
W<< = 
W<< 
W>> genmove w
W<< 19935-
W<< = F1
W<< 
B>> play W F1
B<< = 
B<< 
B>> genmove b
B<< 34646-
B<< = E1
B<< 
W>> play B E1
W<< = 
W<< 
W>> genmove w
W<< 20301-
W<< = D3
W<< 
B>> play W D3
B<< = 
B<< 
B>> genmove b
B<< 34600-
B<< = C1
B<< 
W>> play B C1
W<< = 
W<< 
W>> genmove w
W<< 19478-
W<< = G2
W<< 
B>> play W G2
B<< = 
B<< 
B>> genmove b
B<< 35086-
B<< = A9
B<< 
W>> play B A9
W<< = 
W<< 
W>> genmove w
W<< 20143-
W<< = B1
W<< 
B>> play W B1
B<< = 
B<< 
B>> genmove b
B<< 35013-
B<< = C2
B<< 
W>> play B C2
W<< = 
W<< 
W>> genmove w
W<< 20422-
W<< = B2
W<< 
B>> play W B2
B<< = 
B<< 
B>> genmove b
B<< 35202-
B<< = C4
B<< 
W>> play B C4
W<< = 
W<< 
W>> genmove w
W<< 20582-
W<< = C3
W<< 
B>> play W C3
B<< = 
B<< 
B>> genmove b
B<< 34420-
B<< = A3
B<< 
W>> play B A3
W<< = 
W<< 
W>> genmove w
W<< 20592-
W<< = D9
W<< 
B>> play W D9
B<< = 
B<< 
B>> genmove b
B<< 33503-
B<< = A5
B<< 
W>> play B A5
W<< = 
W<< 
W>> genmove w
W<< 20138-
W<< = G9
W<< 
B>> play W G9
B<< = 
B<< 
B>> genmove b
B<< 32846-
B<< = B4
B<< 
W>> play B B4
W<< = 
W<< 
W>> genmove w
W<< 19523-
W<< = B5
W<< 
B>> play W B5
B<< = 
B<< 
B>> genmove b
B<< 32189-
B<< = B6
B<< 
W>> play B B6
W<< = 
W<< 
W>> genmove w
W<< 20157-
W<< = A7
W<< 
B>> play W A7
B<< = 
B<< 
B>> genmove b
B<< 32283-
B<< = C7
B<< 
W>> play B C7
W<< = 
W<< 
W>> genmove w
W<< 21031-
W<< = G4
W<< 
B>> play W G4
B<< = 
B<< 
B>> genmove b
B<< 33407-
B<< = E7
B<< 
W>> play B E7
W<< = 
W<< 
W>> genmove w
W<< 21591-
W<< = H3
W<< 
B>> play W H3
B<< = 
B<< 
B>> genmove b
B<< 32340-
B<< = F9
B<< 
W>> play B F9
W<< = 
W<< 
W>> genmove w
W<< 21982-
W<< = A6
W<< 
B>> play W A6
B<< = 
B<< 
B>> genmove b
B<< 31798-
B<< = D8
B<< 
W>> play B D8
W<< = 
W<< 
W>> genmove w
W<< 22163-
W<< = C8
W<< 
B>> play W C8
B<< = 
B<< 
B>> genmove b
B<< 32164-
B<< = A8
B<< 
W>> play B A8
W<< = 
W<< 
W>> genmove w
W<< 22778-
W<< = B3
W<< 
B>> play W B3
B<< = 
B<< 
B>> genmove b
B<< 31726-
B<< = E9
B<< 
W>> play B E9
W<< = 
W<< 
W>> genmove w
W<< 23490-
W<< = B8
W<< 
B>> play W B8
B<< = 
B<< 
B>> genmove b
B<< 30040-
B<< = H8
B<< 
W>> play B H8
W<< = 
W<< 
W>> genmove w
W<< 24635-
W<< = J4
W<< 
B>> play W J4
B<< = 
B<< 
B>> genmove b
B<< 28717-
B<< = F8
B<< 
W>> play B F8
W<< = 
W<< 
W>> genmove w
W<< 27209-
W<< = C9
W<< 
B>> play W C9
B<< = 
B<< 
B>> genmove b
B<< 30964-
B<< = H6
B<< 
W>> play B H6
W<< = 
W<< 
W>> genmove w
W<< 135312-
W<< = G8
W<< 
B>> play W G8
B<< = 
B<< 
B>> genmove b
B<< 151447-
B<< = H9
B<< 
W>> play B H9
W<< = 
W<< 
W>> genmove w
W<< 319030-
W<< = J2
W<< 
B>> play W J2
B<< = 
B<< 
B>> genmove b
B<< 514635-
B<< = E2
B<< 
W>> play B E2
W<< = 
W<< 
W>> genmove w
W<< 1899200-
W<< = resign
W<< 
============================================
Game 8
============================================
B>> boardsize 9
B<< = 
B<< 
B>> clear_board
B<< = 
B<< 
W>> boardsize 9
W<< = 
W<< 
W>> clear_board
W<< = 
W<< 
B>> genmove b
B<< 42680-
B<< = J2
B<< 
W>> play B J2
W<< = 
W<< 
W>> genmove w
W<< 22071-
W<< = J1
W<< 
B>> play W J1
B<< = 
B<< 
B>> genmove b
B<< 42595-
B<< = C7
B<< 
W>> play B C7
W<< = 
W<< 
W>> genmove w
W<< 21456-
W<< = E7
W<< 
B>> play W E7
B<< = 
B<< 
B>> genmove b
B<< 41735-
B<< = J4
B<< 
W>> play B J4
W<< = 
W<< 
W>> genmove w
W<< 21129-
W<< = A9
W<< 
B>> play W A9
B<< = 
B<< 
B>> genmove b
B<< 41156-
B<< = G1
B<< 
W>> play B G1
W<< = 
W<< 
W>> genmove w
W<< 21672-
W<< = J9
W<< 
B>> play W J9
B<< = 
B<< 
B>> genmove b
B<< 39637-
B<< = D8
B<< 
W>> play B D8
W<< = 
W<< 
W>> genmove w
W<< 21457-
W<< = D9
W<< 
B>> play W D9
B<< = 
B<< 
B>> genmove b
B<< 39529-
B<< = A2
B<< 
W>> play B A2
W<< = 
W<< 
W>> genmove w
W<< 20730-
W<< = C5
W<< 
B>> play W C5
B<< = 
B<< 
B>> genmove b
B<< 39142-
B<< = B1
B<< 
W>> play B B1
W<< = 
W<< 
W>> genmove w
W<< 20727-
W<< = G4
W<< 
B>> play W G4
B<< = 
B<< 
B>> genmove b
B<< 37794-
B<< = H3
B<< 
W>> play B H3
W<< = 
W<< 
W>> genmove w
W<< 20721-
W<< = E1
W<< 
B>> play W E1
B<< = 
B<< 
B>> genmove b
B<< 37027-
B<< = J6
B<< 
W>> play B J6
W<< = 
W<< 
W>> genmove w
W<< 20130-
W<< = C1
W<< 
B>> play W C1
B<< = 
B<< 
B>> genmove b
B<< 36620-
B<< = G2
B<< 
W>> play B G2
W<< = 
W<< 
W>> genmove w
W<< 20837-
W<< = J5
W<< 
B>> play W J5
B<< = 
B<< 
B>> genmove b
B<< 36531-
B<< = F3
B<< 
W>> play B F3
W<< = 
W<< 
W>> genmove w
W<< 20472-
W<< = F9
W<< 
B>> play W F9
B<< = 
B<< 
B>> genmove b
B<< 35582-
B<< = G5
B<< 
W>> play B G5
W<< = 
W<< 
W>> genmove w
W<< 20365-
W<< = A3
W<< 
B>> play W A3
B<< = 
B<< 
B>> genmove b
B<< 35011-
B<< = F7
B<< 
W>> play B F7
W<< = 
W<< 
W>> genmove w
W<< 20482-
W<< = B2
W<< 
B>> play W B2
B<< = 
B<< 
B>> genmove b
B<< 35924-
B<< = C9
B<< 
W>> play B C9
W<< = 
W<< 
W>> genmove w
W<< 21064-
W<< = A5
W<< 
B>> play W A5
B<< = 
B<< 
B>> genmove b
B<< 34157-
B<< = B8
B<< 
W>> play B B8
W<< = 
W<< 
W>> genmove w
W<< 20591-
W<< = G6
W<< 
B>> play W G6
B<< = 
B<< 
B>> genmove b
B<< 33738-
B<< = H4
B<< 
W>> play B H4
W<< = 
W<< 
W>> genmove w
W<< 20770-
W<< = B7
W<< 
B>> play W B7
B<< = 
B<< 
B>> genmove b
B<< 34476-
B<< = G9
B<< 
W>> play B G9
W<< = 
W<< 
W>> genmove w
W<< 20898-
W<< = B4
W<< 
B>> play W B4
B<< = 
B<< 
B>> genmove b
B<< 32201-
B<< = C4
B<< 
W>> play B C4
W<< = 
W<< 
W>> genmove w
W<< 21862-
W<< = J7
W<< 
B>> play W J7
B<< = 
B<< 
B>> genmove b
B<< 33192-
B<< = E8
B<< 
W>> play B E8
W<< = 
W<< 
W>> genmove w
W<< 20852-
W<< = D2
W<< 
B>> play W D2
B<< = 
B<< 
B>> genmove b
B<< 31716-
B<< = E2
B<< 
W>> play B E2
W<< = 
W<< 
W>> genmove w
W<< 20760-
W<< = D3
W<< 
B>> play W D3
B<< = 
B<< 
B>> genmove b
B<< 31521-
B<< = F1
B<< 
W>> play B F1
W<< = 
W<< 
W>> genmove w
W<< 20883-
W<< = B9
W<< 
B>> play W B9
B<< = 
B<< 
B>> genmove b
B<< 30114-
B<< = B3
B<< 
W>> play B B3
W<< = 
W<< 
W>> genmove w
W<< 20706-
W<< = H8
W<< 
B>> play W H8
B<< = 
B<< 
B>> genmove b
B<< 30913-
B<< = A6
B<< 
W>> play B A6
W<< = 
W<< 
W>> genmove w
W<< 21540-
W<< = B6
W<< 
B>> play W B6
B<< = 
B<< 
B>> genmove b
B<< 30253-
B<< = H9
B<< 
W>> play B H9
W<< = 
W<< 
W>> genmove w
W<< 22466-
W<< = E9
W<< 
B>> play W E9
B<< = 
B<< 
B>> genmove b
B<< 29210-
B<< = A7
B<< 
W>> play B A7
W<< = 
W<< 
W>> genmove w
W<< 25069-
W<< = H7
W<< 
B>> play W H7
B<< = 
B<< 
B>> genmove b
B<< 29268-
B<< = H2
B<< 
W>> play B H2
W<< = 
W<< 
W>> genmove w
W<< 27824-
W<< = E3
W<< 
B>> play W E3
B<< = 
B<< 
B>> genmove b
B<< 76998-
B<< = C6
B<< 
W>> play B C6
W<< = 
W<< 
W>> genmove w
W<< 85357-
W<< = C2
W<< 
B>> play W C2
B<< = 
B<< 
B>> genmove b
B<< 130518-
B<< = G8
B<< 
W>> play B G8
W<< = 
W<< 
W>> genmove w
W<< 146228-
W<< = D1
W<< 
B>> play W D1
B<< = 
B<< 
B>> genmove b
B<< 167934-
B<< = G7
B<< 
W>> play B G7
W<< = 
W<< 
W>> genmove w
W<< 203569-
W<< = B5
W<< 
B>> play W B5
B<< = 
B<< 
B>> genmove b
B<< 236202-
B<< = F2
B<< 
W>> play B F2
W<< = 
W<< 
W>> genmove w
W<< 327090-
W<< = J8
W<< 
B>> play W J8
B<< = 
B<< 
B>> genmove b
B<< 442505-
B<< = J3
B<< 
W>> play B J3
W<< = 
W<< 
W>> genmove w
W<< 1710641-
W<< = resign
W<< 
============================================
Game 9
============================================
B>> boardsize 9
B<< = 
B<< 
B>> clear_board
B<< = 
B<< 
W>> boardsize 9
W<< = 
W<< 
W>> clear_board
W<< = 
W<< 
B>> genmove b
B<< 42351-
B<< = J6
B<< 
W>> play B J6
W<< = 
W<< 
W>> genmove w
W<< 21515-
W<< = E9
W<< 
B>> play W E9
B<< = 
B<< 
B>> genmove b
B<< 42482-
B<< = G9
B<< 
W>> play B G9
W<< = 
W<< 
W>> genmove w
W<< 21941-
W<< = J2
W<< 
B>> play W J2
B<< = 
B<< 
B>> genmove b
B<< 41494-
B<< = G6
B<< 
W>> play B G6
W<< = 
W<< 
W>> genmove w
W<< 21635-
W<< = D3
W<< 
B>> play W D3
B<< = 
B<< 
B>> genmove b
B<< 40563-
B<< = J1
B<< 
W>> play B J1
W<< = 
W<< 
W>> genmove w
W<< 21152-
W<< = B4
W<< 
B>> play W B4
B<< = 
B<< 
B>> genmove b
B<< 39963-
B<< = E7
B<< 
W>> play B E7
W<< = 
W<< 
W>> genmove w
W<< 21012-
W<< = A5
W<< 
B>> play W A5
B<< = 
B<< 
B>> genmove b
B<< 38098-
B<< = A9
B<< 
W>> play B A9
W<< = 
W<< 
W>> genmove w
W<< 20982-
W<< = G4
W<< 
B>> play W G4
B<< = 
B<< 
B>> genmove b
B<< 37850-
B<< = A3
B<< 
W>> play B A3
W<< = 
W<< 
W>> genmove w
W<< 20750-
W<< = C1
W<< 
B>> play W C1
B<< = 
B<< 
B>> genmove b
B<< 37231-
B<< = C9
B<< 
W>> play B C9
W<< = 
W<< 
W>> genmove w
W<< 20370-
W<< = C4
W<< 
B>> play W C4
B<< = 
B<< 
B>> genmove b
B<< 36085-
B<< = C5
B<< 
W>> play B C5
W<< = 
W<< 
W>> genmove w
W<< 20584-
W<< = F3
W<< 
B>> play W F3
B<< = 
B<< 
B>> genmove b
B<< 35376-
B<< = J4
B<< 
W>> play B J4
W<< = 
W<< 
W>> genmove w
W<< 19395-
W<< = E2
W<< 
B>> play W E2
B<< = 
B<< 
B>> genmove b
B<< 33789-
B<< = H5
B<< 
W>> play B H5
W<< = 
W<< 
W>> genmove w
W<< 18985-
W<< = G2
W<< 
B>> play W G2
B<< = 
B<< 
B>> genmove b
B<< 31436-
B<< = H7
B<< 
W>> play B H7
W<< = 
W<< 
W>> genmove w
W<< 17871-
W<< = H3
W<< 
B>> play W H3
B<< = 
B<< 
B>> genmove b
B<< 29369-
B<< = F2
B<< 
W>> play B F2
W<< = 
W<< 
W>> genmove w
W<< 18321-
W<< = J7
W<< 
B>> play W J7
B<< = 
B<< 
B>> genmove b
B<< 29368-
B<< = H8
B<< 
W>> play B H8
W<< = 
W<< 
W>> genmove w
W<< 18697-
W<< = E1
W<< 
B>> play W E1
B<< = 
B<< 
B>> genmove b
B<< 28928-
B<< = J9
B<< 
W>> play B J9
W<< = 
W<< 
W>> genmove w
W<< 16902-
W<< = D2
W<< 
B>> play W D2
B<< = 
B<< 
B>> genmove b
B<< 26096-
B<< = F8
B<< 
W>> play B F8
W<< = 
W<< 
W>> genmove w
W<< 16501-
W<< = G8
W<< 
B>> play W G8
B<< = 
B<< 
B>> genmove b
B<< 27279-
B<< = D8
B<< 
W>> play B D8
W<< = 
W<< 
W>> genmove w
W<< 16776-
W<< = A1
W<< 
B>> play W A1
B<< = 
B<< 
B>> genmove b
B<< 25345-
B<< = C7
B<< 
W>> play B C7
W<< = 
W<< 
W>> genmove w
W<< 15861-
W<< = C8
W<< 
B>> play W C8
B<< = 
B<< 
B>> genmove b
B<< 26214-
B<< = B1
B<< 
W>> play B B1
W<< = 
W<< 
W>> genmove w
W<< 17032-
W<< = C6
W<< 
B>> play W C6
B<< = 
B<< 
B>> genmove b
B<< 26958-
B<< = A6
B<< 
W>> play B A6
W<< = 
W<< 
W>> genmove w
W<< 17838-
W<< = G1
W<< 
B>> play W G1
B<< = 
B<< 
B>> genmove b
B<< 27193-
B<< = C3
B<< 
W>> play B C3
W<< = 
W<< 
W>> genmove w
W<< 18440-
W<< = B7
W<< 
B>> play W B7
B<< = 
B<< 
B>> genmove b
B<< 27529-
B<< = H1
B<< 
W>> play B H1
W<< = 
W<< 
W>> genmove w
W<< 18461-
W<< = E8
W<< 
B>> play W E8
B<< = 
B<< 
B>> genmove b
B<< 27087-
B<< = F7
B<< 
W>> play B F7
W<< = 
W<< 
W>> genmove w
W<< 18105-
W<< = F9
W<< 
B>> play W F9
B<< = 
B<< 
B>> genmove b
B<< 26865-
B<< = G5
B<< 
W>> play B G5
W<< = 
W<< 
W>> genmove w
W<< 19564-
W<< = A4
W<< 
B>> play W A4
B<< = 
B<< 
B>> genmove b
B<< 26489-
B<< = J3
B<< 
W>> play B J3
W<< = 
W<< 
W>> genmove w
W<< 19032-
W<< = H4
W<< 
B>> play W H4
B<< = 
B<< 
B>> genmove b
B<< 26529-
B<< = C2
B<< 
W>> play B C2
W<< = 
W<< 
W>> genmove w
W<< 19640-
W<< = B8
W<< 
B>> play W B8
B<< = 
B<< 
B>> genmove b
B<< 25748-
B<< = A7
B<< 
W>> play B A7
W<< = 
W<< 
W>> genmove w
W<< 21369-
W<< = D1
W<< 
B>> play W D1
B<< = 
B<< 
B>> genmove b
B<< 25505-
B<< = A8
B<< 
W>> play B A8
W<< = 
W<< 
W>> genmove w
W<< 24786-
W<< = G3
W<< 
B>> play W G3
B<< = 
B<< 
B>> genmove b
B<< 52524-
B<< = B5
B<< 
W>> play B B5
W<< = 
W<< 
W>> genmove w
W<< 136153-
W<< = B9
W<< 
B>> play W B9
B<< = 
B<< 
B>> genmove b
B<< 154515-
B<< = H6
B<< 
W>> play B H6
W<< = 
W<< 
W>> genmove w
W<< 165763-
W<< = E3
W<< 
B>> play W E3
B<< = 
B<< 
B>> genmove b
B<< 251120-
B<< = J5
B<< 
W>> play B J5
W<< = 
W<< 
W>> genmove w
W<< 289578-
W<< = B3
W<< 
B>> play W B3
B<< = 
B<< 
B>> genmove b
B<< 422193-
B<< = H9
B<< 
W>> play B H9
W<< = 
W<< 
W>> genmove w
W<< 1475914-
W<< = resign
W<< 
B>> quit
W>> quit
